[2023-10-27 17:58:49.612] [pxr_streamer] [info] ***********  Log Begin **********
[2023-10-27 17:58:49.612] [pxr_streamer] [info] process id= 23380
[2023-10-27 17:58:49.612] [pxr_streamer] [error] rpc_terminal.cpp:37 operator (): connect failed, error= 由于目标计算机积极拒绝，无法连接。, this = 0xfd7fd420
[2023-10-27 17:58:49.614] [pxr_streamer] [error] rpc_terminal.h:50 Call: invalid rpc_client_, msg = Hello, this = 0xfd7fd420
[2023-10-27 17:58:49.614] [pxr_streamer] [error] rpc_terminal.h:50 Call: invalid rpc_client_, msg = QueryRemoteTerminals, this = 0xfd7fd420
[2023-10-27 17:58:52.659] [pxr_streamer] [error] rpc_terminal.cpp:37 operator (): connect failed, error= 由于目标计算机积极拒绝，无法连接。, this = 0xfd7fd420
[2023-10-27 17:58:55.705] [pxr_streamer] [error] rpc_terminal.cpp:37 operator (): connect failed, error= 由于目标计算机积极拒绝，无法连接。, this = 0xfd7fd420
[2023-10-27 17:58:58.724] [pxr_streamer] [error] rpc_terminal.cpp:37 operator (): connect failed, error= 由于目标计算机积极拒绝，无法连接。, this = 0xfd7fd420
[2023-10-27 17:59:01.741] [pxr_streamer] [error] rpc_terminal.cpp:37 operator (): connect failed, error= 由于目标计算机积极拒绝，无法连接。, this = 0xfd7fd420
[2023-10-27 17:59:04.757] [pxr_streamer] [error] rpc_terminal.cpp:37 operator (): connect failed, error= 由于目标计算机积极拒绝，无法连接。, this = 0xfd7fd420
[2023-10-27 17:59:07.792] [pxr_streamer] [error] rpc_terminal.cpp:37 operator (): connect failed, error= 由于目标计算机积极拒绝，无法连接。, this = 0xfd7fd420
[2023-10-27 17:59:10.829] [pxr_streamer] [error] rpc_terminal.cpp:37 operator (): connect failed, error= 由于目标计算机积极拒绝，无法连接。, this = 0xfd7fd420
[2023-10-27 17:59:13.851] [pxr_streamer] [error] rpc_terminal.cpp:37 operator (): connect failed, error= 由于目标计算机积极拒绝，无法连接。, this = 0xfd7fd420
[2023-10-27 17:59:16.875] [pxr_streamer] [error] rpc_terminal.cpp:37 operator (): connect failed, error= 由于目标计算机积极拒绝，无法连接。, this = 0xfd7fd420
[2023-10-27 17:59:19.912] [pxr_streamer] [error] rpc_terminal.cpp:37 operator (): connect failed, error= 由于目标计算机积极拒绝，无法连接。, this = 0xfd7fd420
[2023-10-27 17:59:22.946] [pxr_streamer] [error] rpc_terminal.cpp:37 operator (): connect failed, error= 由于目标计算机积极拒绝，无法连接。, this = 0xfd7fd420
[2023-10-27 17:59:25.988] [pxr_streamer] [error] rpc_terminal.cpp:37 operator (): connect failed, error= 由于目标计算机积极拒绝，无法连接。, this = 0xfd7fd420
[2023-10-27 17:59:29.017] [pxr_streamer] [error] rpc_terminal.cpp:37 operator (): connect failed, error= 由于目标计算机积极拒绝，无法连接。, this = 0xfd7fd420
[2023-10-27 17:59:32.043] [pxr_streamer] [error] rpc_terminal.cpp:37 operator (): connect failed, error= 由于目标计算机积极拒绝，无法连接。, this = 0xfd7fd420
[2023-10-27 17:59:35.087] [pxr_streamer] [error] rpc_terminal.cpp:37 operator (): connect failed, error= 由于目标计算机积极拒绝，无法连接。, this = 0xfd7fd420
[2023-10-27 17:59:38.112] [pxr_streamer] [error] rpc_terminal.cpp:37 operator (): connect failed, error= 由于目标计算机积极拒绝，无法连接。, this = 0xfd7fd420
[2023-10-27 17:59:41.161] [pxr_streamer] [error] rpc_terminal.cpp:37 operator (): connect failed, error= 由于目标计算机积极拒绝，无法连接。, this = 0xfd7fd420
[2023-10-27 17:59:44.197] [pxr_streamer] [error] rpc_terminal.cpp:37 operator (): connect failed, error= 由于目标计算机积极拒绝，无法连接。, this = 0xfd7fd420
[2023-10-27 17:59:47.236] [pxr_streamer] [error] rpc_terminal.cpp:37 operator (): connect failed, error= 由于目标计算机积极拒绝，无法连接。, this = 0xfd7fd420
[2023-10-27 17:59:50.263] [pxr_streamer] [error] rpc_terminal.cpp:37 operator (): connect failed, error= 由于目标计算机积极拒绝，无法连接。, this = 0xfd7fd420
[2023-10-27 17:59:53.293] [pxr_streamer] [error] rpc_terminal.cpp:37 operator (): connect failed, error= 由于目标计算机积极拒绝，无法连接。, this = 0xfd7fd420
[2023-10-27 17:59:56.315] [pxr_streamer] [error] rpc_terminal.cpp:37 operator (): connect failed, error= 由于目标计算机积极拒绝，无法连接。, this = 0xfd7fd420
[2023-10-27 17:59:59.356] [pxr_streamer] [error] rpc_terminal.cpp:37 operator (): connect failed, error= 由于目标计算机积极拒绝，无法连接。, this = 0xfd7fd420
[2023-10-27 18:00:02.384] [pxr_streamer] [error] rpc_terminal.cpp:37 operator (): connect failed, error= 由于目标计算机积极拒绝，无法连接。, this = 0xfd7fd420
[2023-10-27 18:00:05.407] [pxr_streamer] [error] rpc_terminal.cpp:37 operator (): connect failed, error= 由于目标计算机积极拒绝，无法连接。, this = 0xfd7fd420
[2023-10-27 18:00:08.449] [pxr_streamer] [error] rpc_terminal.cpp:37 operator (): connect failed, error= 由于目标计算机积极拒绝，无法连接。, this = 0xfd7fd420
[2023-10-27 18:00:11.492] [pxr_streamer] [error] rpc_terminal.cpp:37 operator (): connect failed, error= 由于目标计算机积极拒绝，无法连接。, this = 0xfd7fd420
[2023-10-27 18:00:14.533] [pxr_streamer] [error] rpc_terminal.cpp:37 operator (): connect failed, error= 由于目标计算机积极拒绝，无法连接。, this = 0xfd7fd420
[2023-10-27 18:00:17.581] [pxr_streamer] [error] rpc_terminal.cpp:37 operator (): connect failed, error= 由于目标计算机积极拒绝，无法连接。, this = 0xfd7fd420
[2023-10-27 18:00:20.628] [pxr_streamer] [error] rpc_terminal.cpp:37 operator (): connect failed, error= 由于目标计算机积极拒绝，无法连接。, this = 0xfd7fd420
[2023-10-27 18:00:23.654] [pxr_streamer] [error] rpc_terminal.cpp:37 operator (): connect failed, error= 由于目标计算机积极拒绝，无法连接。, this = 0xfd7fd420
[2023-10-27 18:00:26.677] [pxr_streamer] [error] rpc_terminal.cpp:37 operator (): connect failed, error= 由于目标计算机积极拒绝，无法连接。, this = 0xfd7fd420
[2023-10-27 18:00:29.722] [pxr_streamer] [error] rpc_terminal.cpp:37 operator (): connect failed, error= 由于目标计算机积极拒绝，无法连接。, this = 0xfd7fd420
[2023-10-27 18:00:32.746] [pxr_streamer] [error] rpc_terminal.cpp:37 operator (): connect failed, error= 由于目标计算机积极拒绝，无法连接。, this = 0xfd7fd420
[2023-10-27 18:00:35.779] [pxr_streamer] [error] rpc_terminal.cpp:37 operator (): connect failed, error= 由于目标计算机积极拒绝，无法连接。, this = 0xfd7fd420
[2023-10-27 18:00:38.801] [pxr_streamer] [error] rpc_terminal.cpp:37 operator (): connect failed, error= 由于目标计算机积极拒绝，无法连接。, this = 0xfd7fd420
[2023-10-27 18:00:41.829] [pxr_streamer] [error] rpc_terminal.cpp:37 operator (): connect failed, error= 由于目标计算机积极拒绝，无法连接。, this = 0xfd7fd420
[2023-10-27 18:00:44.866] [pxr_streamer] [error] rpc_terminal.cpp:37 operator (): connect failed, error= 由于目标计算机积极拒绝，无法连接。, this = 0xfd7fd420
[2023-10-27 18:00:47.907] [pxr_streamer] [error] rpc_terminal.cpp:37 operator (): connect failed, error= 由于目标计算机积极拒绝，无法连接。, this = 0xfd7fd420
[2023-10-27 18:00:50.932] [pxr_streamer] [error] rpc_terminal.cpp:37 operator (): connect failed, error= 由于目标计算机积极拒绝，无法连接。, this = 0xfd7fd420
[2023-10-27 18:00:53.951] [pxr_streamer] [error] rpc_terminal.cpp:37 operator (): connect failed, error= 由于目标计算机积极拒绝，无法连接。, this = 0xfd7fd420
[2023-10-27 18:00:56.983] [pxr_streamer] [error] rpc_terminal.cpp:37 operator (): connect failed, error= 由于目标计算机积极拒绝，无法连接。, this = 0xfd7fd420
[2023-10-27 18:01:00.018] [pxr_streamer] [error] rpc_terminal.cpp:37 operator (): connect failed, error= 由于目标计算机积极拒绝，无法连接。, this = 0xfd7fd420
[2023-10-27 18:01:03.044] [pxr_streamer] [error] rpc_terminal.cpp:37 operator (): connect failed, error= 由于目标计算机积极拒绝，无法连接。, this = 0xfd7fd420
[2023-10-27 18:01:06.060] [pxr_streamer] [error] rpc_terminal.cpp:37 operator (): connect failed, error= 由于目标计算机积极拒绝，无法连接。, this = 0xfd7fd420
[2023-10-27 18:01:09.083] [pxr_streamer] [error] rpc_terminal.cpp:37 operator (): connect failed, error= 由于目标计算机积极拒绝，无法连接。, this = 0xfd7fd420
[2023-10-27 18:01:12.115] [pxr_streamer] [error] rpc_terminal.cpp:37 operator (): connect failed, error= 由于目标计算机积极拒绝，无法连接。, this = 0xfd7fd420
[2023-10-27 18:01:15.144] [pxr_streamer] [error] rpc_terminal.cpp:37 operator (): connect failed, error= 由于目标计算机积极拒绝，无法连接。, this = 0xfd7fd420
[2023-10-27 18:01:18.162] [pxr_streamer] [error] rpc_terminal.cpp:37 operator (): connect failed, error= 由于目标计算机积极拒绝，无法连接。, this = 0xfd7fd420
[2023-10-27 18:01:21.200] [pxr_streamer] [error] rpc_terminal.cpp:37 operator (): connect failed, error= 由于目标计算机积极拒绝，无法连接。, this = 0xfd7fd420
[2023-10-27 18:01:24.216] [pxr_streamer] [error] rpc_terminal.cpp:37 operator (): connect failed, error= 由于目标计算机积极拒绝，无法连接。, this = 0xfd7fd420
[2023-10-27 18:01:27.235] [pxr_streamer] [error] rpc_terminal.cpp:37 operator (): connect failed, error= 由于目标计算机积极拒绝，无法连接。, this = 0xfd7fd420
[2023-10-27 18:01:30.258] [pxr_streamer] [error] rpc_terminal.cpp:37 operator (): connect failed, error= 由于目标计算机积极拒绝，无法连接。, this = 0xfd7fd420
[2023-10-27 18:01:33.288] [pxr_streamer] [error] rpc_terminal.cpp:37 operator (): connect failed, error= 由于目标计算机积极拒绝，无法连接。, this = 0xfd7fd420
[2023-10-27 18:01:36.299] [pxr_streamer] [error] rpc_terminal.cpp:37 operator (): connect failed, error= 由于目标计算机积极拒绝，无法连接。, this = 0xfd7fd420
[2023-10-27 18:01:39.328] [pxr_streamer] [error] rpc_terminal.cpp:37 operator (): connect failed, error= 由于目标计算机积极拒绝，无法连接。, this = 0xfd7fd420
[2023-10-27 18:01:42.346] [pxr_streamer] [error] rpc_terminal.cpp:37 operator (): connect failed, error= 由于目标计算机积极拒绝，无法连接。, this = 0xfd7fd420
[2023-10-27 18:01:45.385] [pxr_streamer] [error] rpc_terminal.cpp:37 operator (): connect failed, error= 由于目标计算机积极拒绝，无法连接。, this = 0xfd7fd420
[2023-10-27 18:01:48.404] [pxr_streamer] [error] rpc_terminal.cpp:37 operator (): connect failed, error= 由于目标计算机积极拒绝，无法连接。, this = 0xfd7fd420
[2023-10-27 18:01:51.427] [pxr_streamer] [error] rpc_terminal.cpp:37 operator (): connect failed, error= 由于目标计算机积极拒绝，无法连接。, this = 0xfd7fd420
[2023-10-27 18:01:54.456] [pxr_streamer] [error] rpc_terminal.cpp:37 operator (): connect failed, error= 由于目标计算机积极拒绝，无法连接。, this = 0xfd7fd420
[2023-10-27 18:01:57.485] [pxr_streamer] [error] rpc_terminal.cpp:37 operator (): connect failed, error= 由于目标计算机积极拒绝，无法连接。, this = 0xfd7fd420
[2023-10-27 18:02:00.506] [pxr_streamer] [error] rpc_terminal.cpp:37 operator (): connect failed, error= 由于目标计算机积极拒绝，无法连接。, this = 0xfd7fd420
[2023-10-27 18:02:03.545] [pxr_streamer] [error] rpc_terminal.cpp:37 operator (): connect failed, error= 由于目标计算机积极拒绝，无法连接。, this = 0xfd7fd420
[2023-10-27 18:02:06.572] [pxr_streamer] [error] rpc_terminal.cpp:37 operator (): connect failed, error= 由于目标计算机积极拒绝，无法连接。, this = 0xfd7fd420
[2023-10-27 18:02:09.594] [pxr_streamer] [error] rpc_terminal.cpp:37 operator (): connect failed, error= 由于目标计算机积极拒绝，无法连接。, this = 0xfd7fd420
[2023-10-27 18:02:12.643] [pxr_streamer] [error] rpc_terminal.cpp:37 operator (): connect failed, error= 由于目标计算机积极拒绝，无法连接。, this = 0xfd7fd420
[2023-10-27 18:02:15.656] [pxr_streamer] [error] rpc_terminal.cpp:37 operator (): connect failed, error= 由于目标计算机积极拒绝，无法连接。, this = 0xfd7fd420
[2023-10-27 18:02:18.690] [pxr_streamer] [error] rpc_terminal.cpp:37 operator (): connect failed, error= 由于目标计算机积极拒绝，无法连接。, this = 0xfd7fd420
[2023-10-27 18:02:21.723] [pxr_streamer] [error] rpc_terminal.cpp:37 operator (): connect failed, error= 由于目标计算机积极拒绝，无法连接。, this = 0xfd7fd420
[2023-10-27 18:02:24.760] [pxr_streamer] [error] rpc_terminal.cpp:37 operator (): connect failed, error= 由于目标计算机积极拒绝，无法连接。, this = 0xfd7fd420
[2023-10-27 18:02:27.787] [pxr_streamer] [error] rpc_terminal.cpp:37 operator (): connect failed, error= 由于目标计算机积极拒绝，无法连接。, this = 0xfd7fd420
[2023-10-27 18:02:30.809] [pxr_streamer] [error] rpc_terminal.cpp:37 operator (): connect failed, error= 由于目标计算机积极拒绝，无法连接。, this = 0xfd7fd420
[2023-10-27 18:02:33.839] [pxr_streamer] [error] rpc_terminal.cpp:37 operator (): connect failed, error= 由于目标计算机积极拒绝，无法连接。, this = 0xfd7fd420
[2023-10-27 18:02:36.874] [pxr_streamer] [error] rpc_terminal.cpp:37 operator (): connect failed, error= 由于目标计算机积极拒绝，无法连接。, this = 0xfd7fd420
[2023-10-27 18:02:39.895] [pxr_streamer] [error] rpc_terminal.cpp:37 operator (): connect failed, error= 由于目标计算机积极拒绝，无法连接。, this = 0xfd7fd420
[2023-10-27 18:02:42.922] [pxr_streamer] [error] rpc_terminal.cpp:37 operator (): connect failed, error= 由于目标计算机积极拒绝，无法连接。, this = 0xfd7fd420
[2023-10-27 18:02:45.950] [pxr_streamer] [error] rpc_terminal.cpp:37 operator (): connect failed, error= 由于目标计算机积极拒绝，无法连接。, this = 0xfd7fd420
[2023-10-27 18:02:48.972] [pxr_streamer] [error] rpc_terminal.cpp:37 operator (): connect failed, error= 由于目标计算机积极拒绝，无法连接。, this = 0xfd7fd420
[2023-10-27 18:02:51.987] [pxr_streamer] [error] rpc_terminal.cpp:37 operator (): connect failed, error= 由于目标计算机积极拒绝，无法连接。, this = 0xfd7fd420
[2023-10-27 18:02:55.028] [pxr_streamer] [error] rpc_terminal.cpp:37 operator (): connect failed, error= 由于目标计算机积极拒绝，无法连接。, this = 0xfd7fd420
[2023-10-27 18:02:58.044] [pxr_streamer] [error] rpc_terminal.cpp:37 operator (): connect failed, error= 由于目标计算机积极拒绝，无法连接。, this = 0xfd7fd420
[2023-10-27 18:03:01.074] [pxr_streamer] [error] rpc_terminal.cpp:37 operator (): connect failed, error= 由于目标计算机积极拒绝，无法连接。, this = 0xfd7fd420
[2023-10-27 18:03:04.086] [pxr_streamer] [error] rpc_terminal.cpp:37 operator (): connect failed, error= 由于目标计算机积极拒绝，无法连接。, this = 0xfd7fd420
[2023-10-27 18:03:07.123] [pxr_streamer] [error] rpc_terminal.cpp:37 operator (): connect failed, error= 由于目标计算机积极拒绝，无法连接。, this = 0xfd7fd420
[2023-10-27 18:03:10.136] [pxr_streamer] [error] rpc_terminal.cpp:37 operator (): connect failed, error= 由于目标计算机积极拒绝，无法连接。, this = 0xfd7fd420
[2023-10-27 18:03:13.154] [pxr_streamer] [error] rpc_terminal.cpp:37 operator (): connect failed, error= 由于目标计算机积极拒绝，无法连接。, this = 0xfd7fd420
[2023-10-27 18:03:16.176] [pxr_streamer] [error] rpc_terminal.cpp:37 operator (): connect failed, error= 由于目标计算机积极拒绝，无法连接。, this = 0xfd7fd420
[2023-10-27 18:03:19.193] [pxr_streamer] [error] rpc_terminal.cpp:37 operator (): connect failed, error= 由于目标计算机积极拒绝，无法连接。, this = 0xfd7fd420
[2023-10-27 18:03:22.220] [pxr_streamer] [error] rpc_terminal.cpp:37 operator (): connect failed, error= 由于目标计算机积极拒绝，无法连接。, this = 0xfd7fd420
[2023-10-27 18:03:25.237] [pxr_streamer] [error] rpc_terminal.cpp:37 operator (): connect failed, error= 由于目标计算机积极拒绝，无法连接。, this = 0xfd7fd420
[2023-10-27 18:03:28.267] [pxr_streamer] [error] rpc_terminal.cpp:37 operator (): connect failed, error= 由于目标计算机积极拒绝，无法连接。, this = 0xfd7fd420
[2023-10-27 18:03:31.303] [pxr_streamer] [error] rpc_terminal.cpp:37 operator (): connect failed, error= 由于目标计算机积极拒绝，无法连接。, this = 0xfd7fd420
[2023-10-27 18:03:34.335] [pxr_streamer] [error] rpc_terminal.cpp:37 operator (): connect failed, error= 由于目标计算机积极拒绝，无法连接。, this = 0xfd7fd420
[2023-10-27 18:03:37.358] [pxr_streamer] [error] rpc_terminal.cpp:37 operator (): connect failed, error= 由于目标计算机积极拒绝，无法连接。, this = 0xfd7fd420
[2023-10-27 18:03:40.397] [pxr_streamer] [error] rpc_terminal.cpp:37 operator (): connect failed, error= 由于目标计算机积极拒绝，无法连接。, this = 0xfd7fd420
[2023-10-27 18:03:43.447] [pxr_streamer] [error] rpc_terminal.cpp:37 operator (): connect failed, error= 由于目标计算机积极拒绝，无法连接。, this = 0xfd7fd420
[2023-10-27 18:03:46.465] [pxr_streamer] [error] rpc_terminal.cpp:37 operator (): connect failed, error= 由于目标计算机积极拒绝，无法连接。, this = 0xfd7fd420
[2023-10-27 18:03:49.502] [pxr_streamer] [error] rpc_terminal.cpp:37 operator (): connect failed, error= 由于目标计算机积极拒绝，无法连接。, this = 0xfd7fd420
[2023-10-27 18:03:52.526] [pxr_streamer] [error] rpc_terminal.cpp:37 operator (): connect failed, error= 由于目标计算机积极拒绝，无法连接。, this = 0xfd7fd420
[2023-10-27 18:03:55.550] [pxr_streamer] [error] rpc_terminal.cpp:37 operator (): connect failed, error= 由于目标计算机积极拒绝，无法连接。, this = 0xfd7fd420
[2023-10-27 18:03:58.587] [pxr_streamer] [error] rpc_terminal.cpp:37 operator (): connect failed, error= 由于目标计算机积极拒绝，无法连接。, this = 0xfd7fd420
[2023-10-27 18:04:01.625] [pxr_streamer] [error] rpc_terminal.cpp:37 operator (): connect failed, error= 由于目标计算机积极拒绝，无法连接。, this = 0xfd7fd420
[2023-10-27 18:04:04.656] [pxr_streamer] [error] rpc_terminal.cpp:37 operator (): connect failed, error= 由于目标计算机积极拒绝，无法连接。, this = 0xfd7fd420
[2023-10-27 18:04:07.687] [pxr_streamer] [error] rpc_terminal.cpp:37 operator (): connect failed, error= 由于目标计算机积极拒绝，无法连接。, this = 0xfd7fd420
[2023-10-27 18:04:10.707] [pxr_streamer] [error] rpc_terminal.cpp:37 operator (): connect failed, error= 由于目标计算机积极拒绝，无法连接。, this = 0xfd7fd420
[2023-10-27 18:04:13.740] [pxr_streamer] [error] rpc_terminal.cpp:37 operator (): connect failed, error= 由于目标计算机积极拒绝，无法连接。, this = 0xfd7fd420
[2023-10-27 18:04:16.767] [pxr_streamer] [error] rpc_terminal.cpp:37 operator (): connect failed, error= 由于目标计算机积极拒绝，无法连接。, this = 0xfd7fd420
[2023-10-27 18:04:19.799] [pxr_streamer] [error] rpc_terminal.cpp:37 operator (): connect failed, error= 由于目标计算机积极拒绝，无法连接。, this = 0xfd7fd420
[2023-10-27 18:04:22.828] [pxr_streamer] [error] rpc_terminal.cpp:37 operator (): connect failed, error= 由于目标计算机积极拒绝，无法连接。, this = 0xfd7fd420
[2023-10-27 18:04:25.850] [pxr_streamer] [error] rpc_terminal.cpp:37 operator (): connect failed, error= 由于目标计算机积极拒绝，无法连接。, this = 0xfd7fd420
[2023-10-27 18:04:28.878] [pxr_streamer] [error] rpc_terminal.cpp:37 operator (): connect failed, error= 由于目标计算机积极拒绝，无法连接。, this = 0xfd7fd420
[2023-10-27 18:04:31.909] [pxr_streamer] [error] rpc_terminal.cpp:37 operator (): connect failed, error= 由于目标计算机积极拒绝，无法连接。, this = 0xfd7fd420
[2023-10-27 18:04:34.940] [pxr_streamer] [error] rpc_terminal.cpp:37 operator (): connect failed, error= 由于目标计算机积极拒绝，无法连接。, this = 0xfd7fd420
[2023-10-27 18:04:37.972] [pxr_streamer] [error] rpc_terminal.cpp:37 operator (): connect failed, error= 由于目标计算机积极拒绝，无法连接。, this = 0xfd7fd420
[2023-10-27 18:04:40.995] [pxr_streamer] [error] rpc_terminal.cpp:37 operator (): connect failed, error= 由于目标计算机积极拒绝，无法连接。, this = 0xfd7fd420
[2023-10-27 18:04:44.019] [pxr_streamer] [error] rpc_terminal.cpp:37 operator (): connect failed, error= 由于目标计算机积极拒绝，无法连接。, this = 0xfd7fd420
[2023-10-27 18:04:47.046] [pxr_streamer] [error] rpc_terminal.cpp:37 operator (): connect failed, error= 由于目标计算机积极拒绝，无法连接。, this = 0xfd7fd420
[2023-10-27 18:04:50.072] [pxr_streamer] [error] rpc_terminal.cpp:37 operator (): connect failed, error= 由于目标计算机积极拒绝，无法连接。, this = 0xfd7fd420
[2023-10-27 18:04:53.093] [pxr_streamer] [error] rpc_terminal.cpp:37 operator (): connect failed, error= 由于目标计算机积极拒绝，无法连接。, this = 0xfd7fd420
[2023-10-27 18:04:56.130] [pxr_streamer] [error] rpc_terminal.cpp:37 operator (): connect failed, error= 由于目标计算机积极拒绝，无法连接。, this = 0xfd7fd420
[2023-10-27 18:04:59.153] [pxr_streamer] [error] rpc_terminal.cpp:37 operator (): connect failed, error= 由于目标计算机积极拒绝，无法连接。, this = 0xfd7fd420
[2023-10-27 18:05:02.182] [pxr_streamer] [error] rpc_terminal.cpp:37 operator (): connect failed, error= 由于目标计算机积极拒绝，无法连接。, this = 0xfd7fd420
[2023-10-27 18:05:05.219] [pxr_streamer] [error] rpc_terminal.cpp:37 operator (): connect failed, error= 由于目标计算机积极拒绝，无法连接。, this = 0xfd7fd420
[2023-10-27 18:05:08.243] [pxr_streamer] [error] rpc_terminal.cpp:37 operator (): connect failed, error= 由于目标计算机积极拒绝，无法连接。, this = 0xfd7fd420
[2023-10-27 18:05:11.267] [pxr_streamer] [error] rpc_terminal.cpp:37 operator (): connect failed, error= 由于目标计算机积极拒绝，无法连接。, this = 0xfd7fd420
[2023-10-27 18:05:14.298] [pxr_streamer] [error] rpc_terminal.cpp:37 operator (): connect failed, error= 由于目标计算机积极拒绝，无法连接。, this = 0xfd7fd420
[2023-10-27 18:05:17.317] [pxr_streamer] [error] rpc_terminal.cpp:37 operator (): connect failed, error= 由于目标计算机积极拒绝，无法连接。, this = 0xfd7fd420
[2023-10-27 18:05:20.340] [pxr_streamer] [error] rpc_terminal.cpp:37 operator (): connect failed, error= 由于目标计算机积极拒绝，无法连接。, this = 0xfd7fd420
[2023-10-27 18:05:23.374] [pxr_streamer] [error] rpc_terminal.cpp:37 operator (): connect failed, error= 由于目标计算机积极拒绝，无法连接。, this = 0xfd7fd420
[2023-10-27 18:05:26.392] [pxr_streamer] [error] rpc_terminal.cpp:37 operator (): connect failed, error= 由于目标计算机积极拒绝，无法连接。, this = 0xfd7fd420
[2023-10-27 18:05:29.414] [pxr_streamer] [error] rpc_terminal.cpp:37 operator (): connect failed, error= 由于目标计算机积极拒绝，无法连接。, this = 0xfd7fd420
[2023-10-27 18:05:32.441] [pxr_streamer] [error] rpc_terminal.cpp:37 operator (): connect failed, error= 由于目标计算机积极拒绝，无法连接。, this = 0xfd7fd420
[2023-10-27 18:05:35.473] [pxr_streamer] [error] rpc_terminal.cpp:37 operator (): connect failed, error= 由于目标计算机积极拒绝，无法连接。, this = 0xfd7fd420
[2023-10-27 18:05:38.513] [pxr_streamer] [error] rpc_terminal.cpp:37 operator (): connect failed, error= 由于目标计算机积极拒绝，无法连接。, this = 0xfd7fd420
[2023-10-27 18:05:41.529] [pxr_streamer] [error] rpc_terminal.cpp:37 operator (): connect failed, error= 由于目标计算机积极拒绝，无法连接。, this = 0xfd7fd420
[2023-10-27 18:05:44.557] [pxr_streamer] [error] rpc_terminal.cpp:37 operator (): connect failed, error= 由于目标计算机积极拒绝，无法连接。, this = 0xfd7fd420
[2023-10-27 18:05:47.572] [pxr_streamer] [error] rpc_terminal.cpp:37 operator (): connect failed, error= 由于目标计算机积极拒绝，无法连接。, this = 0xfd7fd420
[2023-10-27 18:05:50.598] [pxr_streamer] [error] rpc_terminal.cpp:37 operator (): connect failed, error= 由于目标计算机积极拒绝，无法连接。, this = 0xfd7fd420
[2023-10-27 18:05:53.641] [pxr_streamer] [error] rpc_terminal.cpp:37 operator (): connect failed, error= 由于目标计算机积极拒绝，无法连接。, this = 0xfd7fd420
[2023-10-27 18:05:56.655] [pxr_streamer] [error] rpc_terminal.cpp:37 operator (): connect failed, error= 由于目标计算机积极拒绝，无法连接。, this = 0xfd7fd420
[2023-10-27 18:05:59.688] [pxr_streamer] [error] rpc_terminal.cpp:37 operator (): connect failed, error= 由于目标计算机积极拒绝，无法连接。, this = 0xfd7fd420
[2023-10-27 18:06:02.713] [pxr_streamer] [error] rpc_terminal.cpp:37 operator (): connect failed, error= 由于目标计算机积极拒绝，无法连接。, this = 0xfd7fd420
[2023-10-27 18:06:05.747] [pxr_streamer] [error] rpc_terminal.cpp:37 operator (): connect failed, error= 由于目标计算机积极拒绝，无法连接。, this = 0xfd7fd420
[2023-10-27 18:06:08.783] [pxr_streamer] [error] rpc_terminal.cpp:37 operator (): connect failed, error= 由于目标计算机积极拒绝，无法连接。, this = 0xfd7fd420
[2023-10-27 18:06:11.806] [pxr_streamer] [error] rpc_terminal.cpp:37 operator (): connect failed, error= 由于目标计算机积极拒绝，无法连接。, this = 0xfd7fd420
[2023-10-27 18:06:14.835] [pxr_streamer] [error] rpc_terminal.cpp:37 operator (): connect failed, error= 由于目标计算机积极拒绝，无法连接。, this = 0xfd7fd420
[2023-10-27 18:06:17.870] [pxr_streamer] [error] rpc_terminal.cpp:37 operator (): connect failed, error= 由于目标计算机积极拒绝，无法连接。, this = 0xfd7fd420
[2023-10-27 18:06:20.890] [pxr_streamer] [error] rpc_terminal.cpp:37 operator (): connect failed, error= 由于目标计算机积极拒绝，无法连接。, this = 0xfd7fd420
[2023-10-27 18:06:23.903] [pxr_streamer] [error] rpc_terminal.cpp:37 operator (): connect failed, error= 由于目标计算机积极拒绝，无法连接。, this = 0xfd7fd420
[2023-10-27 18:06:26.930] [pxr_streamer] [error] rpc_terminal.cpp:37 operator (): connect failed, error= 由于目标计算机积极拒绝，无法连接。, this = 0xfd7fd420
[2023-10-27 18:06:29.951] [pxr_streamer] [error] rpc_terminal.cpp:37 operator (): connect failed, error= 由于目标计算机积极拒绝，无法连接。, this = 0xfd7fd420
[2023-10-27 18:06:32.977] [pxr_streamer] [error] rpc_terminal.cpp:37 operator (): connect failed, error= 由于目标计算机积极拒绝，无法连接。, this = 0xfd7fd420
[2023-10-27 18:06:36.003] [pxr_streamer] [error] rpc_terminal.cpp:37 operator (): connect failed, error= 由于目标计算机积极拒绝，无法连接。, this = 0xfd7fd420
[2023-10-27 18:06:39.043] [pxr_streamer] [error] rpc_terminal.cpp:37 operator (): connect failed, error= 由于目标计算机积极拒绝，无法连接。, this = 0xfd7fd420
[2023-10-27 18:06:42.074] [pxr_streamer] [error] rpc_terminal.cpp:37 operator (): connect failed, error= 由于目标计算机积极拒绝，无法连接。, this = 0xfd7fd420
[2023-10-27 18:06:45.101] [pxr_streamer] [error] rpc_terminal.cpp:37 operator (): connect failed, error= 由于目标计算机积极拒绝，无法连接。, this = 0xfd7fd420
[2023-10-27 18:06:48.120] [pxr_streamer] [error] rpc_terminal.cpp:37 operator (): connect failed, error= 由于目标计算机积极拒绝，无法连接。, this = 0xfd7fd420
[2023-10-27 18:06:51.144] [pxr_streamer] [error] rpc_terminal.cpp:37 operator (): connect failed, error= 由于目标计算机积极拒绝，无法连接。, this = 0xfd7fd420
[2023-10-27 18:06:54.165] [pxr_streamer] [error] rpc_terminal.cpp:37 operator (): connect failed, error= 由于目标计算机积极拒绝，无法连接。, this = 0xfd7fd420
[2023-10-27 18:06:57.203] [pxr_streamer] [error] rpc_terminal.cpp:37 operator (): connect failed, error= 由于目标计算机积极拒绝，无法连接。, this = 0xfd7fd420
[2023-10-27 18:07:00.229] [pxr_streamer] [error] rpc_terminal.cpp:37 operator (): connect failed, error= 由于目标计算机积极拒绝，无法连接。, this = 0xfd7fd420
[2023-10-27 18:07:03.262] [pxr_streamer] [error] rpc_terminal.cpp:37 operator (): connect failed, error= 由于目标计算机积极拒绝，无法连接。, this = 0xfd7fd420
[2023-10-27 18:07:06.285] [pxr_streamer] [error] rpc_terminal.cpp:37 operator (): connect failed, error= 由于目标计算机积极拒绝，无法连接。, this = 0xfd7fd420
[2023-10-27 18:07:09.310] [pxr_streamer] [error] rpc_terminal.cpp:37 operator (): connect failed, error= 由于目标计算机积极拒绝，无法连接。, this = 0xfd7fd420
[2023-10-27 18:07:12.339] [pxr_streamer] [error] rpc_terminal.cpp:37 operator (): connect failed, error= 由于目标计算机积极拒绝，无法连接。, this = 0xfd7fd420
[2023-10-27 18:07:15.358] [pxr_streamer] [error] rpc_terminal.cpp:37 operator (): connect failed, error= 由于目标计算机积极拒绝，无法连接。, this = 0xfd7fd420
[2023-10-27 18:07:18.375] [pxr_streamer] [error] rpc_terminal.cpp:37 operator (): connect failed, error= 由于目标计算机积极拒绝，无法连接。, this = 0xfd7fd420
[2023-10-27 18:07:21.401] [pxr_streamer] [error] rpc_terminal.cpp:37 operator (): connect failed, error= 由于目标计算机积极拒绝，无法连接。, this = 0xfd7fd420
[2023-10-27 18:07:24.425] [pxr_streamer] [error] rpc_terminal.cpp:37 operator (): connect failed, error= 由于目标计算机积极拒绝，无法连接。, this = 0xfd7fd420
[2023-10-27 18:07:27.464] [pxr_streamer] [error] rpc_terminal.cpp:37 operator (): connect failed, error= 由于目标计算机积极拒绝，无法连接。, this = 0xfd7fd420
[2023-10-27 18:07:30.489] [pxr_streamer] [error] rpc_terminal.cpp:37 operator (): connect failed, error= 由于目标计算机积极拒绝，无法连接。, this = 0xfd7fd420
[2023-10-27 18:07:33.510] [pxr_streamer] [error] rpc_terminal.cpp:37 operator (): connect failed, error= 由于目标计算机积极拒绝，无法连接。, this = 0xfd7fd420
[2023-10-27 18:07:36.539] [pxr_streamer] [error] rpc_terminal.cpp:37 operator (): connect failed, error= 由于目标计算机积极拒绝，无法连接。, this = 0xfd7fd420
[2023-10-27 18:07:39.564] [pxr_streamer] [error] rpc_terminal.cpp:37 operator (): connect failed, error= 由于目标计算机积极拒绝，无法连接。, this = 0xfd7fd420
[2023-10-27 18:07:42.598] [pxr_streamer] [error] rpc_terminal.cpp:37 operator (): connect failed, error= 由于目标计算机积极拒绝，无法连接。, this = 0xfd7fd420
[2023-10-27 18:07:45.635] [pxr_streamer] [error] rpc_terminal.cpp:37 operator (): connect failed, error= 由于目标计算机积极拒绝，无法连接。, this = 0xfd7fd420
[2023-10-27 18:07:48.654] [pxr_streamer] [error] rpc_terminal.cpp:37 operator (): connect failed, error= 由于目标计算机积极拒绝，无法连接。, this = 0xfd7fd420
[2023-10-27 18:07:51.690] [pxr_streamer] [error] rpc_terminal.cpp:37 operator (): connect failed, error= 由于目标计算机积极拒绝，无法连接。, this = 0xfd7fd420
[2023-10-27 18:07:54.721] [pxr_streamer] [error] rpc_terminal.cpp:37 operator (): connect failed, error= 由于目标计算机积极拒绝，无法连接。, this = 0xfd7fd420
[2023-10-27 18:07:57.746] [pxr_streamer] [error] rpc_terminal.cpp:37 operator (): connect failed, error= 由于目标计算机积极拒绝，无法连接。, this = 0xfd7fd420
[2023-10-27 18:08:00.778] [pxr_streamer] [error] rpc_terminal.cpp:37 operator (): connect failed, error= 由于目标计算机积极拒绝，无法连接。, this = 0xfd7fd420
[2023-10-27 18:08:03.798] [pxr_streamer] [error] rpc_terminal.cpp:37 operator (): connect failed, error= 由于目标计算机积极拒绝，无法连接。, this = 0xfd7fd420
[2023-10-27 18:08:06.823] [pxr_streamer] [error] rpc_terminal.cpp:37 operator (): connect failed, error= 由于目标计算机积极拒绝，无法连接。, this = 0xfd7fd420
[2023-10-27 18:08:09.851] [pxr_streamer] [error] rpc_terminal.cpp:37 operator (): connect failed, error= 由于目标计算机积极拒绝，无法连接。, this = 0xfd7fd420
[2023-10-27 18:08:12.874] [pxr_streamer] [error] rpc_terminal.cpp:37 operator (): connect failed, error= 由于目标计算机积极拒绝，无法连接。, this = 0xfd7fd420
[2023-10-27 18:08:15.906] [pxr_streamer] [error] rpc_terminal.cpp:37 operator (): connect failed, error= 由于目标计算机积极拒绝，无法连接。, this = 0xfd7fd420
[2023-10-27 18:08:18.939] [pxr_streamer] [error] rpc_terminal.cpp:37 operator (): connect failed, error= 由于目标计算机积极拒绝，无法连接。, this = 0xfd7fd420
[2023-10-27 18:08:21.957] [pxr_streamer] [error] rpc_terminal.cpp:37 operator (): connect failed, error= 由于目标计算机积极拒绝，无法连接。, this = 0xfd7fd420
[2023-10-27 18:08:25.001] [pxr_streamer] [error] rpc_terminal.cpp:37 operator (): connect failed, error= 由于目标计算机积极拒绝，无法连接。, this = 0xfd7fd420
[2023-10-27 18:08:28.027] [pxr_streamer] [error] rpc_terminal.cpp:37 operator (): connect failed, error= 由于目标计算机积极拒绝，无法连接。, this = 0xfd7fd420
[2023-10-27 18:08:31.072] [pxr_streamer] [error] rpc_terminal.cpp:37 operator (): connect failed, error= 由于目标计算机积极拒绝，无法连接。, this = 0xfd7fd420
[2023-10-27 18:08:34.101] [pxr_streamer] [error] rpc_terminal.cpp:37 operator (): connect failed, error= 由于目标计算机积极拒绝，无法连接。, this = 0xfd7fd420
[2023-10-27 18:08:37.134] [pxr_streamer] [error] rpc_terminal.cpp:37 operator (): connect failed, error= 由于目标计算机积极拒绝，无法连接。, this = 0xfd7fd420
[2023-10-27 18:08:40.164] [pxr_streamer] [error] rpc_terminal.cpp:37 operator (): connect failed, error= 由于目标计算机积极拒绝，无法连接。, this = 0xfd7fd420
[2023-10-27 18:08:43.189] [pxr_streamer] [error] rpc_terminal.cpp:37 operator (): connect failed, error= 由于目标计算机积极拒绝，无法连接。, this = 0xfd7fd420
[2023-10-27 18:08:46.229] [pxr_streamer] [error] rpc_terminal.cpp:37 operator (): connect failed, error= 由于目标计算机积极拒绝，无法连接。, this = 0xfd7fd420
[2023-10-27 18:08:49.262] [pxr_streamer] [error] rpc_terminal.cpp:37 operator (): connect failed, error= 由于目标计算机积极拒绝，无法连接。, this = 0xfd7fd420
[2023-10-27 18:08:52.283] [pxr_streamer] [error] rpc_terminal.cpp:37 operator (): connect failed, error= 由于目标计算机积极拒绝，无法连接。, this = 0xfd7fd420
[2023-10-27 18:08:55.316] [pxr_streamer] [error] rpc_terminal.cpp:37 operator (): connect failed, error= 由于目标计算机积极拒绝，无法连接。, this = 0xfd7fd420
[2023-10-27 18:08:58.345] [pxr_streamer] [error] rpc_terminal.cpp:37 operator (): connect failed, error= 由于目标计算机积极拒绝，无法连接。, this = 0xfd7fd420
[2023-10-27 18:09:01.378] [pxr_streamer] [error] rpc_terminal.cpp:37 operator (): connect failed, error= 由于目标计算机积极拒绝，无法连接。, this = 0xfd7fd420
[2023-10-27 18:09:04.401] [pxr_streamer] [error] rpc_terminal.cpp:37 operator (): connect failed, error= 由于目标计算机积极拒绝，无法连接。, this = 0xfd7fd420
[2023-10-27 18:09:07.414] [pxr_streamer] [error] rpc_terminal.cpp:37 operator (): connect failed, error= 由于目标计算机积极拒绝，无法连接。, this = 0xfd7fd420
[2023-10-27 18:09:10.439] [pxr_streamer] [error] rpc_terminal.cpp:37 operator (): connect failed, error= 由于目标计算机积极拒绝，无法连接。, this = 0xfd7fd420
[2023-10-27 18:09:13.463] [pxr_streamer] [error] rpc_terminal.cpp:37 operator (): connect failed, error= 由于目标计算机积极拒绝，无法连接。, this = 0xfd7fd420
[2023-10-27 18:09:16.483] [pxr_streamer] [error] rpc_terminal.cpp:37 operator (): connect failed, error= 由于目标计算机积极拒绝，无法连接。, this = 0xfd7fd420
[2023-10-27 18:09:19.524] [pxr_streamer] [error] rpc_terminal.cpp:37 operator (): connect failed, error= 由于目标计算机积极拒绝，无法连接。, this = 0xfd7fd420
[2023-10-27 18:09:22.550] [pxr_streamer] [error] rpc_terminal.cpp:37 operator (): connect failed, error= 由于目标计算机积极拒绝，无法连接。, this = 0xfd7fd420
[2023-10-27 18:09:25.582] [pxr_streamer] [error] rpc_terminal.cpp:37 operator (): connect failed, error= 由于目标计算机积极拒绝，无法连接。, this = 0xfd7fd420
[2023-10-27 18:09:28.614] [pxr_streamer] [error] rpc_terminal.cpp:37 operator (): connect failed, error= 由于目标计算机积极拒绝，无法连接。, this = 0xfd7fd420
[2023-10-27 18:09:31.647] [pxr_streamer] [error] rpc_terminal.cpp:37 operator (): connect failed, error= 由于目标计算机积极拒绝，无法连接。, this = 0xfd7fd420
[2023-10-27 18:09:34.660] [pxr_streamer] [error] rpc_terminal.cpp:37 operator (): connect failed, error= 由于目标计算机积极拒绝，无法连接。, this = 0xfd7fd420
[2023-10-27 18:09:37.689] [pxr_streamer] [error] rpc_terminal.cpp:37 operator (): connect failed, error= 由于目标计算机积极拒绝，无法连接。, this = 0xfd7fd420
[2023-10-27 18:09:40.716] [pxr_streamer] [error] rpc_terminal.cpp:37 operator (): connect failed, error= 由于目标计算机积极拒绝，无法连接。, this = 0xfd7fd420
[2023-10-27 18:09:43.748] [pxr_streamer] [error] rpc_terminal.cpp:37 operator (): connect failed, error= 由于目标计算机积极拒绝，无法连接。, this = 0xfd7fd420
[2023-10-27 18:09:46.759] [pxr_streamer] [error] rpc_terminal.cpp:37 operator (): connect failed, error= 由于目标计算机积极拒绝，无法连接。, this = 0xfd7fd420
[2023-10-27 18:09:49.790] [pxr_streamer] [error] rpc_terminal.cpp:37 operator (): connect failed, error= 由于目标计算机积极拒绝，无法连接。, this = 0xfd7fd420
[2023-10-27 18:09:52.819] [pxr_streamer] [error] rpc_terminal.cpp:37 operator (): connect failed, error= 由于目标计算机积极拒绝，无法连接。, this = 0xfd7fd420
[2023-10-27 18:09:55.852] [pxr_streamer] [error] rpc_terminal.cpp:37 operator (): connect failed, error= 由于目标计算机积极拒绝，无法连接。, this = 0xfd7fd420
[2023-10-27 18:09:58.882] [pxr_streamer] [error] rpc_terminal.cpp:37 operator (): connect failed, error= 由于目标计算机积极拒绝，无法连接。, this = 0xfd7fd420
[2023-10-27 18:10:01.905] [pxr_streamer] [error] rpc_terminal.cpp:37 operator (): connect failed, error= 由于目标计算机积极拒绝，无法连接。, this = 0xfd7fd420
[2023-10-27 18:10:04.927] [pxr_streamer] [error] rpc_terminal.cpp:37 operator (): connect failed, error= 由于目标计算机积极拒绝，无法连接。, this = 0xfd7fd420
[2023-10-27 18:10:07.940] [pxr_streamer] [error] rpc_terminal.cpp:37 operator (): connect failed, error= 由于目标计算机积极拒绝，无法连接。, this = 0xfd7fd420
[2023-10-27 18:10:10.957] [pxr_streamer] [error] rpc_terminal.cpp:37 operator (): connect failed, error= 由于目标计算机积极拒绝，无法连接。, this = 0xfd7fd420
[2023-10-27 18:10:13.999] [pxr_streamer] [error] rpc_terminal.cpp:37 operator (): connect failed, error= 由于目标计算机积极拒绝，无法连接。, this = 0xfd7fd420
[2023-10-27 18:10:17.026] [pxr_streamer] [error] rpc_terminal.cpp:37 operator (): connect failed, error= 由于目标计算机积极拒绝，无法连接。, this = 0xfd7fd420
[2023-10-27 18:10:20.047] [pxr_streamer] [error] rpc_terminal.cpp:37 operator (): connect failed, error= 由于目标计算机积极拒绝，无法连接。, this = 0xfd7fd420
[2023-10-27 18:10:23.079] [pxr_streamer] [error] rpc_terminal.cpp:37 operator (): connect failed, error= 由于目标计算机积极拒绝，无法连接。, this = 0xfd7fd420
[2023-10-27 18:10:26.103] [pxr_streamer] [error] rpc_terminal.cpp:37 operator (): connect failed, error= 由于目标计算机积极拒绝，无法连接。, this = 0xfd7fd420
[2023-10-27 18:10:29.129] [pxr_streamer] [error] rpc_terminal.cpp:37 operator (): connect failed, error= 由于目标计算机积极拒绝，无法连接。, this = 0xfd7fd420
[2023-10-27 18:10:32.152] [pxr_streamer] [error] rpc_terminal.cpp:37 operator (): connect failed, error= 由于目标计算机积极拒绝，无法连接。, this = 0xfd7fd420
[2023-10-27 18:10:35.187] [pxr_streamer] [error] rpc_terminal.cpp:37 operator (): connect failed, error= 由于目标计算机积极拒绝，无法连接。, this = 0xfd7fd420
[2023-10-27 18:10:38.215] [pxr_streamer] [error] rpc_terminal.cpp:37 operator (): connect failed, error= 由于目标计算机积极拒绝，无法连接。, this = 0xfd7fd420
[2023-10-27 18:10:41.237] [pxr_streamer] [error] rpc_terminal.cpp:37 operator (): connect failed, error= 由于目标计算机积极拒绝，无法连接。, this = 0xfd7fd420
[2023-10-27 18:10:44.252] [pxr_streamer] [error] rpc_terminal.cpp:37 operator (): connect failed, error= 由于目标计算机积极拒绝，无法连接。, this = 0xfd7fd420
[2023-10-27 18:10:47.267] [pxr_streamer] [error] rpc_terminal.cpp:37 operator (): connect failed, error= 由于目标计算机积极拒绝，无法连接。, this = 0xfd7fd420
[2023-10-27 18:10:50.299] [pxr_streamer] [error] rpc_terminal.cpp:37 operator (): connect failed, error= 由于目标计算机积极拒绝，无法连接。, this = 0xfd7fd420
[2023-10-27 18:10:53.336] [pxr_streamer] [error] rpc_terminal.cpp:37 operator (): connect failed, error= 由于目标计算机积极拒绝，无法连接。, this = 0xfd7fd420
[2023-10-27 18:10:56.368] [pxr_streamer] [error] rpc_terminal.cpp:37 operator (): connect failed, error= 由于目标计算机积极拒绝，无法连接。, this = 0xfd7fd420
[2023-10-27 18:10:59.395] [pxr_streamer] [error] rpc_terminal.cpp:37 operator (): connect failed, error= 由于目标计算机积极拒绝，无法连接。, this = 0xfd7fd420
[2023-10-27 18:11:02.427] [pxr_streamer] [error] rpc_terminal.cpp:37 operator (): connect failed, error= 由于目标计算机积极拒绝，无法连接。, this = 0xfd7fd420
[2023-10-27 18:11:05.449] [pxr_streamer] [error] rpc_terminal.cpp:37 operator (): connect failed, error= 由于目标计算机积极拒绝，无法连接。, this = 0xfd7fd420
[2023-10-27 18:11:08.476] [pxr_streamer] [error] rpc_terminal.cpp:37 operator (): connect failed, error= 由于目标计算机积极拒绝，无法连接。, this = 0xfd7fd420
[2023-10-27 18:11:11.502] [pxr_streamer] [error] rpc_terminal.cpp:37 operator (): connect failed, error= 由于目标计算机积极拒绝，无法连接。, this = 0xfd7fd420
[2023-10-27 18:11:14.538] [pxr_streamer] [error] rpc_terminal.cpp:37 operator (): connect failed, error= 由于目标计算机积极拒绝，无法连接。, this = 0xfd7fd420
[2023-10-27 18:11:17.562] [pxr_streamer] [error] rpc_terminal.cpp:37 operator (): connect failed, error= 由于目标计算机积极拒绝，无法连接。, this = 0xfd7fd420
[2023-10-27 18:11:20.579] [pxr_streamer] [error] rpc_terminal.cpp:37 operator (): connect failed, error= 由于目标计算机积极拒绝，无法连接。, this = 0xfd7fd420
[2023-10-27 18:11:23.606] [pxr_streamer] [error] rpc_terminal.cpp:37 operator (): connect failed, error= 由于目标计算机积极拒绝，无法连接。, this = 0xfd7fd420
[2023-10-27 18:11:26.635] [pxr_streamer] [error] rpc_terminal.cpp:37 operator (): connect failed, error= 由于目标计算机积极拒绝，无法连接。, this = 0xfd7fd420
[2023-10-27 18:11:29.666] [pxr_streamer] [error] rpc_terminal.cpp:37 operator (): connect failed, error= 由于目标计算机积极拒绝，无法连接。, this = 0xfd7fd420
[2023-10-27 18:11:32.693] [pxr_streamer] [error] rpc_terminal.cpp:37 operator (): connect failed, error= 由于目标计算机积极拒绝，无法连接。, this = 0xfd7fd420
[2023-10-27 18:11:35.729] [pxr_streamer] [error] rpc_terminal.cpp:37 operator (): connect failed, error= 由于目标计算机积极拒绝，无法连接。, this = 0xfd7fd420
[2023-10-27 18:11:38.765] [pxr_streamer] [error] rpc_terminal.cpp:37 operator (): connect failed, error= 由于目标计算机积极拒绝，无法连接。, this = 0xfd7fd420
[2023-10-27 18:11:41.795] [pxr_streamer] [error] rpc_terminal.cpp:37 operator (): connect failed, error= 由于目标计算机积极拒绝，无法连接。, this = 0xfd7fd420
[2023-10-27 18:11:44.824] [pxr_streamer] [error] rpc_terminal.cpp:37 operator (): connect failed, error= 由于目标计算机积极拒绝，无法连接。, this = 0xfd7fd420
[2023-10-27 18:11:47.848] [pxr_streamer] [error] rpc_terminal.cpp:37 operator (): connect failed, error= 由于目标计算机积极拒绝，无法连接。, this = 0xfd7fd420
[2023-10-27 18:11:50.866] [pxr_streamer] [error] rpc_terminal.cpp:37 operator (): connect failed, error= 由于目标计算机积极拒绝，无法连接。, this = 0xfd7fd420
[2023-10-27 18:11:53.891] [pxr_streamer] [error] rpc_terminal.cpp:37 operator (): connect failed, error= 由于目标计算机积极拒绝，无法连接。, this = 0xfd7fd420
[2023-10-27 18:11:56.924] [pxr_streamer] [error] rpc_terminal.cpp:37 operator (): connect failed, error= 由于目标计算机积极拒绝，无法连接。, this = 0xfd7fd420
[2023-10-27 18:11:59.946] [pxr_streamer] [error] rpc_terminal.cpp:37 operator (): connect failed, error= 由于目标计算机积极拒绝，无法连接。, this = 0xfd7fd420
[2023-10-27 18:12:02.980] [pxr_streamer] [error] rpc_terminal.cpp:37 operator (): connect failed, error= 由于目标计算机积极拒绝，无法连接。, this = 0xfd7fd420
[2023-10-27 18:12:05.999] [pxr_streamer] [error] rpc_terminal.cpp:37 operator (): connect failed, error= 由于目标计算机积极拒绝，无法连接。, this = 0xfd7fd420
[2023-10-27 18:12:09.031] [pxr_streamer] [error] rpc_terminal.cpp:37 operator (): connect failed, error= 由于目标计算机积极拒绝，无法连接。, this = 0xfd7fd420
[2023-10-27 18:12:12.065] [pxr_streamer] [error] rpc_terminal.cpp:37 operator (): connect failed, error= 由于目标计算机积极拒绝，无法连接。, this = 0xfd7fd420
[2023-10-27 18:12:15.088] [pxr_streamer] [error] rpc_terminal.cpp:37 operator (): connect failed, error= 由于目标计算机积极拒绝，无法连接。, this = 0xfd7fd420
[2023-10-27 18:12:18.122] [pxr_streamer] [error] rpc_terminal.cpp:37 operator (): connect failed, error= 由于目标计算机积极拒绝，无法连接。, this = 0xfd7fd420
[2023-10-27 18:12:21.143] [pxr_streamer] [error] rpc_terminal.cpp:37 operator (): connect failed, error= 由于目标计算机积极拒绝，无法连接。, this = 0xfd7fd420
[2023-10-27 18:12:24.177] [pxr_streamer] [error] rpc_terminal.cpp:37 operator (): connect failed, error= 由于目标计算机积极拒绝，无法连接。, this = 0xfd7fd420
[2023-10-27 18:12:27.212] [pxr_streamer] [error] rpc_terminal.cpp:37 operator (): connect failed, error= 由于目标计算机积极拒绝，无法连接。, this = 0xfd7fd420
[2023-10-27 18:12:30.231] [pxr_streamer] [error] rpc_terminal.cpp:37 operator (): connect failed, error= 由于目标计算机积极拒绝，无法连接。, this = 0xfd7fd420
[2023-10-27 18:12:33.267] [pxr_streamer] [error] rpc_terminal.cpp:37 operator (): connect failed, error= 由于目标计算机积极拒绝，无法连接。, this = 0xfd7fd420
[2023-10-27 18:12:36.279] [pxr_streamer] [error] rpc_terminal.cpp:37 operator (): connect failed, error= 由于目标计算机积极拒绝，无法连接。, this = 0xfd7fd420
[2023-10-27 18:12:39.313] [pxr_streamer] [error] rpc_terminal.cpp:37 operator (): connect failed, error= 由于目标计算机积极拒绝，无法连接。, this = 0xfd7fd420
[2023-10-27 18:12:42.337] [pxr_streamer] [error] rpc_terminal.cpp:37 operator (): connect failed, error= 由于目标计算机积极拒绝，无法连接。, this = 0xfd7fd420
[2023-10-27 18:12:45.361] [pxr_streamer] [error] rpc_terminal.cpp:37 operator (): connect failed, error= 由于目标计算机积极拒绝，无法连接。, this = 0xfd7fd420
[2023-10-27 18:12:48.393] [pxr_streamer] [error] rpc_terminal.cpp:37 operator (): connect failed, error= 由于目标计算机积极拒绝，无法连接。, this = 0xfd7fd420
[2023-10-27 18:12:51.413] [pxr_streamer] [error] rpc_terminal.cpp:37 operator (): connect failed, error= 由于目标计算机积极拒绝，无法连接。, this = 0xfd7fd420
[2023-10-27 18:12:54.444] [pxr_streamer] [error] rpc_terminal.cpp:37 operator (): connect failed, error= 由于目标计算机积极拒绝，无法连接。, this = 0xfd7fd420
[2023-10-27 18:12:57.469] [pxr_streamer] [error] rpc_terminal.cpp:37 operator (): connect failed, error= 由于目标计算机积极拒绝，无法连接。, this = 0xfd7fd420
[2023-10-27 18:13:00.492] [pxr_streamer] [error] rpc_terminal.cpp:37 operator (): connect failed, error= 由于目标计算机积极拒绝，无法连接。, this = 0xfd7fd420
[2023-10-27 18:13:03.514] [pxr_streamer] [error] rpc_terminal.cpp:37 operator (): connect failed, error= 由于目标计算机积极拒绝，无法连接。, this = 0xfd7fd420
[2023-10-27 18:13:06.547] [pxr_streamer] [error] rpc_terminal.cpp:37 operator (): connect failed, error= 由于目标计算机积极拒绝，无法连接。, this = 0xfd7fd420
[2023-10-27 18:13:09.574] [pxr_streamer] [error] rpc_terminal.cpp:37 operator (): connect failed, error= 由于目标计算机积极拒绝，无法连接。, this = 0xfd7fd420
[2023-10-27 18:13:12.602] [pxr_streamer] [error] rpc_terminal.cpp:37 operator (): connect failed, error= 由于目标计算机积极拒绝，无法连接。, this = 0xfd7fd420
[2023-10-27 18:13:15.644] [pxr_streamer] [error] rpc_terminal.cpp:37 operator (): connect failed, error= 由于目标计算机积极拒绝，无法连接。, this = 0xfd7fd420
[2023-10-27 18:13:18.674] [pxr_streamer] [error] rpc_terminal.cpp:37 operator (): connect failed, error= 由于目标计算机积极拒绝，无法连接。, this = 0xfd7fd420
[2023-10-27 18:13:21.704] [pxr_streamer] [error] rpc_terminal.cpp:37 operator (): connect failed, error= 由于目标计算机积极拒绝，无法连接。, this = 0xfd7fd420
[2023-10-27 18:13:24.726] [pxr_streamer] [error] rpc_terminal.cpp:37 operator (): connect failed, error= 由于目标计算机积极拒绝，无法连接。, this = 0xfd7fd420
[2023-10-27 18:13:27.753] [pxr_streamer] [error] rpc_terminal.cpp:37 operator (): connect failed, error= 由于目标计算机积极拒绝，无法连接。, this = 0xfd7fd420
[2023-10-27 18:13:30.771] [pxr_streamer] [error] rpc_terminal.cpp:37 operator (): connect failed, error= 由于目标计算机积极拒绝，无法连接。, this = 0xfd7fd420
[2023-10-27 18:13:33.801] [pxr_streamer] [error] rpc_terminal.cpp:37 operator (): connect failed, error= 由于目标计算机积极拒绝，无法连接。, this = 0xfd7fd420
[2023-10-27 18:13:36.825] [pxr_streamer] [error] rpc_terminal.cpp:37 operator (): connect failed, error= 由于目标计算机积极拒绝，无法连接。, this = 0xfd7fd420
[2023-10-27 18:13:39.851] [pxr_streamer] [error] rpc_terminal.cpp:37 operator (): connect failed, error= 由于目标计算机积极拒绝，无法连接。, this = 0xfd7fd420
[2023-10-27 18:13:42.878] [pxr_streamer] [error] rpc_terminal.cpp:37 operator (): connect failed, error= 由于目标计算机积极拒绝，无法连接。, this = 0xfd7fd420
[2023-10-27 18:13:45.903] [pxr_streamer] [error] rpc_terminal.cpp:37 operator (): connect failed, error= 由于目标计算机积极拒绝，无法连接。, this = 0xfd7fd420
[2023-10-27 18:13:48.934] [pxr_streamer] [error] rpc_terminal.cpp:37 operator (): connect failed, error= 由于目标计算机积极拒绝，无法连接。, this = 0xfd7fd420
[2023-10-27 18:13:51.961] [pxr_streamer] [error] rpc_terminal.cpp:37 operator (): connect failed, error= 由于目标计算机积极拒绝，无法连接。, this = 0xfd7fd420
[2023-10-27 18:13:54.986] [pxr_streamer] [error] rpc_terminal.cpp:37 operator (): connect failed, error= 由于目标计算机积极拒绝，无法连接。, this = 0xfd7fd420
[2023-10-27 18:13:58.020] [pxr_streamer] [error] rpc_terminal.cpp:37 operator (): connect failed, error= 由于目标计算机积极拒绝，无法连接。, this = 0xfd7fd420
[2023-10-27 18:14:01.051] [pxr_streamer] [error] rpc_terminal.cpp:37 operator (): connect failed, error= 由于目标计算机积极拒绝，无法连接。, this = 0xfd7fd420
[2023-10-27 18:14:04.073] [pxr_streamer] [error] rpc_terminal.cpp:37 operator (): connect failed, error= 由于目标计算机积极拒绝，无法连接。, this = 0xfd7fd420
[2023-10-27 18:14:07.104] [pxr_streamer] [error] rpc_terminal.cpp:37 operator (): connect failed, error= 由于目标计算机积极拒绝，无法连接。, this = 0xfd7fd420
[2023-10-27 18:14:10.128] [pxr_streamer] [error] rpc_terminal.cpp:37 operator (): connect failed, error= 由于目标计算机积极拒绝，无法连接。, this = 0xfd7fd420
[2023-10-27 18:14:13.155] [pxr_streamer] [error] rpc_terminal.cpp:37 operator (): connect failed, error= 由于目标计算机积极拒绝，无法连接。, this = 0xfd7fd420
[2023-10-27 18:14:16.180] [pxr_streamer] [error] rpc_terminal.cpp:37 operator (): connect failed, error= 由于目标计算机积极拒绝，无法连接。, this = 0xfd7fd420
[2023-10-27 18:14:19.211] [pxr_streamer] [error] rpc_terminal.cpp:37 operator (): connect failed, error= 由于目标计算机积极拒绝，无法连接。, this = 0xfd7fd420
[2023-10-27 18:14:22.232] [pxr_streamer] [error] rpc_terminal.cpp:37 operator (): connect failed, error= 由于目标计算机积极拒绝，无法连接。, this = 0xfd7fd420
[2023-10-27 18:14:25.270] [pxr_streamer] [error] rpc_terminal.cpp:37 operator (): connect failed, error= 由于目标计算机积极拒绝，无法连接。, this = 0xfd7fd420
[2023-10-27 18:14:28.292] [pxr_streamer] [error] rpc_terminal.cpp:37 operator (): connect failed, error= 由于目标计算机积极拒绝，无法连接。, this = 0xfd7fd420
[2023-10-27 18:14:31.327] [pxr_streamer] [error] rpc_terminal.cpp:37 operator (): connect failed, error= 由于目标计算机积极拒绝，无法连接。, this = 0xfd7fd420
[2023-10-27 18:14:34.349] [pxr_streamer] [error] rpc_terminal.cpp:37 operator (): connect failed, error= 由于目标计算机积极拒绝，无法连接。, this = 0xfd7fd420
[2023-10-27 18:14:37.381] [pxr_streamer] [error] rpc_terminal.cpp:37 operator (): connect failed, error= 由于目标计算机积极拒绝，无法连接。, this = 0xfd7fd420
[2023-10-27 18:14:40.413] [pxr_streamer] [error] rpc_terminal.cpp:37 operator (): connect failed, error= 由于目标计算机积极拒绝，无法连接。, this = 0xfd7fd420
[2023-10-27 18:14:43.433] [pxr_streamer] [error] rpc_terminal.cpp:37 operator (): connect failed, error= 由于目标计算机积极拒绝，无法连接。, this = 0xfd7fd420
[2023-10-27 18:14:46.467] [pxr_streamer] [error] rpc_terminal.cpp:37 operator (): connect failed, error= 由于目标计算机积极拒绝，无法连接。, this = 0xfd7fd420
[2023-10-27 18:14:49.493] [pxr_streamer] [error] rpc_terminal.cpp:37 operator (): connect failed, error= 由于目标计算机积极拒绝，无法连接。, this = 0xfd7fd420
[2023-10-27 18:14:52.527] [pxr_streamer] [error] rpc_terminal.cpp:37 operator (): connect failed, error= 由于目标计算机积极拒绝，无法连接。, this = 0xfd7fd420
[2023-10-27 18:14:55.542] [pxr_streamer] [error] rpc_terminal.cpp:37 operator (): connect failed, error= 由于目标计算机积极拒绝，无法连接。, this = 0xfd7fd420
[2023-10-27 18:14:58.564] [pxr_streamer] [error] rpc_terminal.cpp:37 operator (): connect failed, error= 由于目标计算机积极拒绝，无法连接。, this = 0xfd7fd420
[2023-10-27 18:15:01.593] [pxr_streamer] [error] rpc_terminal.cpp:37 operator (): connect failed, error= 由于目标计算机积极拒绝，无法连接。, this = 0xfd7fd420
[2023-10-27 18:15:04.633] [pxr_streamer] [error] rpc_terminal.cpp:37 operator (): connect failed, error= 由于目标计算机积极拒绝，无法连接。, this = 0xfd7fd420
[2023-10-27 18:15:07.653] [pxr_streamer] [error] rpc_terminal.cpp:37 operator (): connect failed, error= 由于目标计算机积极拒绝，无法连接。, this = 0xfd7fd420
[2023-10-27 18:15:10.677] [pxr_streamer] [error] rpc_terminal.cpp:37 operator (): connect failed, error= 由于目标计算机积极拒绝，无法连接。, this = 0xfd7fd420
[2023-10-27 18:15:13.699] [pxr_streamer] [error] rpc_terminal.cpp:37 operator (): connect failed, error= 由于目标计算机积极拒绝，无法连接。, this = 0xfd7fd420
[2023-10-27 18:15:16.723] [pxr_streamer] [error] rpc_terminal.cpp:37 operator (): connect failed, error= 由于目标计算机积极拒绝，无法连接。, this = 0xfd7fd420
[2023-10-27 18:15:19.754] [pxr_streamer] [error] rpc_terminal.cpp:37 operator (): connect failed, error= 由于目标计算机积极拒绝，无法连接。, this = 0xfd7fd420
[2023-10-27 18:15:22.791] [pxr_streamer] [error] rpc_terminal.cpp:37 operator (): connect failed, error= 由于目标计算机积极拒绝，无法连接。, this = 0xfd7fd420
[2023-10-27 18:15:25.828] [pxr_streamer] [error] rpc_terminal.cpp:37 operator (): connect failed, error= 由于目标计算机积极拒绝，无法连接。, this = 0xfd7fd420
[2023-10-27 18:15:28.854] [pxr_streamer] [error] rpc_terminal.cpp:37 operator (): connect failed, error= 由于目标计算机积极拒绝，无法连接。, this = 0xfd7fd420
[2023-10-27 18:15:31.886] [pxr_streamer] [error] rpc_terminal.cpp:37 operator (): connect failed, error= 由于目标计算机积极拒绝，无法连接。, this = 0xfd7fd420
[2023-10-27 18:15:34.904] [pxr_streamer] [error] rpc_terminal.cpp:37 operator (): connect failed, error= 由于目标计算机积极拒绝，无法连接。, this = 0xfd7fd420
[2023-10-27 18:15:37.929] [pxr_streamer] [error] rpc_terminal.cpp:37 operator (): connect failed, error= 由于目标计算机积极拒绝，无法连接。, this = 0xfd7fd420
[2023-10-27 18:15:40.970] [pxr_streamer] [error] rpc_terminal.cpp:37 operator (): connect failed, error= 由于目标计算机积极拒绝，无法连接。, this = 0xfd7fd420
[2023-10-27 18:15:44.002] [pxr_streamer] [error] rpc_terminal.cpp:37 operator (): connect failed, error= 由于目标计算机积极拒绝，无法连接。, this = 0xfd7fd420
[2023-10-27 18:15:47.028] [pxr_streamer] [error] rpc_terminal.cpp:37 operator (): connect failed, error= 由于目标计算机积极拒绝，无法连接。, this = 0xfd7fd420
[2023-10-27 18:15:50.051] [pxr_streamer] [error] rpc_terminal.cpp:37 operator (): connect failed, error= 由于目标计算机积极拒绝，无法连接。, this = 0xfd7fd420
[2023-10-27 18:15:53.083] [pxr_streamer] [error] rpc_terminal.cpp:37 operator (): connect failed, error= 由于目标计算机积极拒绝，无法连接。, this = 0xfd7fd420
[2023-10-27 18:15:56.123] [pxr_streamer] [error] rpc_terminal.cpp:37 operator (): connect failed, error= 由于目标计算机积极拒绝，无法连接。, this = 0xfd7fd420
[2023-10-27 18:15:59.149] [pxr_streamer] [error] rpc_terminal.cpp:37 operator (): connect failed, error= 由于目标计算机积极拒绝，无法连接。, this = 0xfd7fd420
[2023-10-27 18:16:02.179] [pxr_streamer] [error] rpc_terminal.cpp:37 operator (): connect failed, error= 由于目标计算机积极拒绝，无法连接。, this = 0xfd7fd420
[2023-10-27 18:16:05.209] [pxr_streamer] [error] rpc_terminal.cpp:37 operator (): connect failed, error= 由于目标计算机积极拒绝，无法连接。, this = 0xfd7fd420
[2023-10-27 18:16:08.242] [pxr_streamer] [error] rpc_terminal.cpp:37 operator (): connect failed, error= 由于目标计算机积极拒绝，无法连接。, this = 0xfd7fd420
[2023-10-27 18:16:11.268] [pxr_streamer] [error] rpc_terminal.cpp:37 operator (): connect failed, error= 由于目标计算机积极拒绝，无法连接。, this = 0xfd7fd420
[2023-10-27 18:16:14.295] [pxr_streamer] [error] rpc_terminal.cpp:37 operator (): connect failed, error= 由于目标计算机积极拒绝，无法连接。, this = 0xfd7fd420
[2023-10-27 18:16:17.308] [pxr_streamer] [error] rpc_terminal.cpp:37 operator (): connect failed, error= 由于目标计算机积极拒绝，无法连接。, this = 0xfd7fd420
[2023-10-27 18:16:20.335] [pxr_streamer] [error] rpc_terminal.cpp:37 operator (): connect failed, error= 由于目标计算机积极拒绝，无法连接。, this = 0xfd7fd420
[2023-10-27 18:16:23.362] [pxr_streamer] [error] rpc_terminal.cpp:37 operator (): connect failed, error= 由于目标计算机积极拒绝，无法连接。, this = 0xfd7fd420
[2023-10-27 18:16:26.393] [pxr_streamer] [error] rpc_terminal.cpp:37 operator (): connect failed, error= 由于目标计算机积极拒绝，无法连接。, this = 0xfd7fd420
[2023-10-27 18:16:29.414] [pxr_streamer] [error] rpc_terminal.cpp:37 operator (): connect failed, error= 由于目标计算机积极拒绝，无法连接。, this = 0xfd7fd420
[2023-10-27 18:16:32.439] [pxr_streamer] [error] rpc_terminal.cpp:37 operator (): connect failed, error= 由于目标计算机积极拒绝，无法连接。, this = 0xfd7fd420
[2023-10-27 18:16:35.467] [pxr_streamer] [error] rpc_terminal.cpp:37 operator (): connect failed, error= 由于目标计算机积极拒绝，无法连接。, this = 0xfd7fd420
[2023-10-27 18:16:38.490] [pxr_streamer] [error] rpc_terminal.cpp:37 operator (): connect failed, error= 由于目标计算机积极拒绝，无法连接。, this = 0xfd7fd420
[2023-10-27 18:16:41.510] [pxr_streamer] [error] rpc_terminal.cpp:37 operator (): connect failed, error= 由于目标计算机积极拒绝，无法连接。, this = 0xfd7fd420
[2023-10-27 18:16:44.545] [pxr_streamer] [error] rpc_terminal.cpp:37 operator (): connect failed, error= 由于目标计算机积极拒绝，无法连接。, this = 0xfd7fd420
[2023-10-27 18:16:47.567] [pxr_streamer] [error] rpc_terminal.cpp:37 operator (): connect failed, error= 由于目标计算机积极拒绝，无法连接。, this = 0xfd7fd420
[2023-10-27 18:16:50.598] [pxr_streamer] [error] rpc_terminal.cpp:37 operator (): connect failed, error= 由于目标计算机积极拒绝，无法连接。, this = 0xfd7fd420
[2023-10-27 18:16:53.632] [pxr_streamer] [error] rpc_terminal.cpp:37 operator (): connect failed, error= 由于目标计算机积极拒绝，无法连接。, this = 0xfd7fd420
[2023-10-27 18:16:56.658] [pxr_streamer] [error] rpc_terminal.cpp:37 operator (): connect failed, error= 由于目标计算机积极拒绝，无法连接。, this = 0xfd7fd420
[2023-10-27 18:16:59.683] [pxr_streamer] [error] rpc_terminal.cpp:37 operator (): connect failed, error= 由于目标计算机积极拒绝，无法连接。, this = 0xfd7fd420
[2023-10-27 18:17:02.711] [pxr_streamer] [error] rpc_terminal.cpp:37 operator (): connect failed, error= 由于目标计算机积极拒绝，无法连接。, this = 0xfd7fd420
[2023-10-27 18:17:05.740] [pxr_streamer] [error] rpc_terminal.cpp:37 operator (): connect failed, error= 由于目标计算机积极拒绝，无法连接。, this = 0xfd7fd420
[2023-10-27 18:17:08.763] [pxr_streamer] [error] rpc_terminal.cpp:37 operator (): connect failed, error= 由于目标计算机积极拒绝，无法连接。, this = 0xfd7fd420
[2023-10-27 18:17:11.787] [pxr_streamer] [error] rpc_terminal.cpp:37 operator (): connect failed, error= 由于目标计算机积极拒绝，无法连接。, this = 0xfd7fd420
[2023-10-27 18:17:14.801] [pxr_streamer] [error] rpc_terminal.cpp:37 operator (): connect failed, error= 由于目标计算机积极拒绝，无法连接。, this = 0xfd7fd420
[2023-10-27 18:17:17.832] [pxr_streamer] [error] rpc_terminal.cpp:37 operator (): connect failed, error= 由于目标计算机积极拒绝，无法连接。, this = 0xfd7fd420
[2023-10-27 18:17:20.851] [pxr_streamer] [error] rpc_terminal.cpp:37 operator (): connect failed, error= 由于目标计算机积极拒绝，无法连接。, this = 0xfd7fd420
[2023-10-27 18:17:23.882] [pxr_streamer] [error] rpc_terminal.cpp:37 operator (): connect failed, error= 由于目标计算机积极拒绝，无法连接。, this = 0xfd7fd420
[2023-10-27 18:17:26.913] [pxr_streamer] [error] rpc_terminal.cpp:37 operator (): connect failed, error= 由于目标计算机积极拒绝，无法连接。, this = 0xfd7fd420
[2023-10-27 18:17:29.955] [pxr_streamer] [error] rpc_terminal.cpp:37 operator (): connect failed, error= 由于目标计算机积极拒绝，无法连接。, this = 0xfd7fd420
[2023-10-27 18:17:32.980] [pxr_streamer] [error] rpc_terminal.cpp:37 operator (): connect failed, error= 由于目标计算机积极拒绝，无法连接。, this = 0xfd7fd420
[2023-10-27 18:17:36.018] [pxr_streamer] [error] rpc_terminal.cpp:37 operator (): connect failed, error= 由于目标计算机积极拒绝，无法连接。, this = 0xfd7fd420
[2023-10-27 18:17:39.044] [pxr_streamer] [error] rpc_terminal.cpp:37 operator (): connect failed, error= 由于目标计算机积极拒绝，无法连接。, this = 0xfd7fd420
[2023-10-27 18:17:42.086] [pxr_streamer] [error] rpc_terminal.cpp:37 operator (): connect failed, error= 由于目标计算机积极拒绝，无法连接。, this = 0xfd7fd420
[2023-10-27 18:17:45.108] [pxr_streamer] [error] rpc_terminal.cpp:37 operator (): connect failed, error= 由于目标计算机积极拒绝，无法连接。, this = 0xfd7fd420
[2023-10-27 18:17:48.136] [pxr_streamer] [error] rpc_terminal.cpp:37 operator (): connect failed, error= 由于目标计算机积极拒绝，无法连接。, this = 0xfd7fd420
[2023-10-27 18:17:51.155] [pxr_streamer] [error] rpc_terminal.cpp:37 operator (): connect failed, error= 由于目标计算机积极拒绝，无法连接。, this = 0xfd7fd420
[2023-10-27 18:17:54.183] [pxr_streamer] [error] rpc_terminal.cpp:37 operator (): connect failed, error= 由于目标计算机积极拒绝，无法连接。, this = 0xfd7fd420
[2023-10-27 18:17:57.210] [pxr_streamer] [error] rpc_terminal.cpp:37 operator (): connect failed, error= 由于目标计算机积极拒绝，无法连接。, this = 0xfd7fd420
[2023-10-27 18:18:00.241] [pxr_streamer] [error] rpc_terminal.cpp:37 operator (): connect failed, error= 由于目标计算机积极拒绝，无法连接。, this = 0xfd7fd420
[2023-10-27 18:18:03.268] [pxr_streamer] [error] rpc_terminal.cpp:37 operator (): connect failed, error= 由于目标计算机积极拒绝，无法连接。, this = 0xfd7fd420
[2023-10-27 18:18:06.303] [pxr_streamer] [error] rpc_terminal.cpp:37 operator (): connect failed, error= 由于目标计算机积极拒绝，无法连接。, this = 0xfd7fd420
[2023-10-27 18:18:09.338] [pxr_streamer] [error] rpc_terminal.cpp:37 operator (): connect failed, error= 由于目标计算机积极拒绝，无法连接。, this = 0xfd7fd420
[2023-10-27 18:18:12.367] [pxr_streamer] [error] rpc_terminal.cpp:37 operator (): connect failed, error= 由于目标计算机积极拒绝，无法连接。, this = 0xfd7fd420
[2023-10-27 18:18:15.393] [pxr_streamer] [error] rpc_terminal.cpp:37 operator (): connect failed, error= 由于目标计算机积极拒绝，无法连接。, this = 0xfd7fd420
[2023-10-27 18:18:18.410] [pxr_streamer] [error] rpc_terminal.cpp:37 operator (): connect failed, error= 由于目标计算机积极拒绝，无法连接。, this = 0xfd7fd420
[2023-10-27 18:18:21.439] [pxr_streamer] [error] rpc_terminal.cpp:37 operator (): connect failed, error= 由于目标计算机积极拒绝，无法连接。, this = 0xfd7fd420
[2023-10-27 18:18:24.470] [pxr_streamer] [error] rpc_terminal.cpp:37 operator (): connect failed, error= 由于目标计算机积极拒绝，无法连接。, this = 0xfd7fd420
[2023-10-27 18:18:27.490] [pxr_streamer] [error] rpc_terminal.cpp:37 operator (): connect failed, error= 由于目标计算机积极拒绝，无法连接。, this = 0xfd7fd420
[2023-10-27 18:18:30.529] [pxr_streamer] [error] rpc_terminal.cpp:37 operator (): connect failed, error= 由于目标计算机积极拒绝，无法连接。, this = 0xfd7fd420
[2023-10-27 18:18:33.554] [pxr_streamer] [error] rpc_terminal.cpp:37 operator (): connect failed, error= 由于目标计算机积极拒绝，无法连接。, this = 0xfd7fd420
[2023-10-27 18:18:36.575] [pxr_streamer] [error] rpc_terminal.cpp:37 operator (): connect failed, error= 由于目标计算机积极拒绝，无法连接。, this = 0xfd7fd420
[2023-10-27 18:18:39.605] [pxr_streamer] [error] rpc_terminal.cpp:37 operator (): connect failed, error= 由于目标计算机积极拒绝，无法连接。, this = 0xfd7fd420
[2023-10-27 18:18:42.650] [pxr_streamer] [error] rpc_terminal.cpp:37 operator (): connect failed, error= 由于目标计算机积极拒绝，无法连接。, this = 0xfd7fd420
[2023-10-27 18:18:45.669] [pxr_streamer] [error] rpc_terminal.cpp:37 operator (): connect failed, error= 由于目标计算机积极拒绝，无法连接。, this = 0xfd7fd420
[2023-10-27 19:03:50.326] [pxr_streamer] [error] rpc_terminal.cpp:37 operator (): connect failed, error= 由于目标计算机积极拒绝，无法连接。, this = 0xfd7fd420
[2023-10-27 19:03:53.355] [pxr_streamer] [error] rpc_terminal.cpp:37 operator (): connect failed, error= 由于目标计算机积极拒绝，无法连接。, this = 0xfd7fd420
[2023-10-27 19:03:56.386] [pxr_streamer] [error] rpc_terminal.cpp:37 operator (): connect failed, error= 由于目标计算机积极拒绝，无法连接。, this = 0xfd7fd420
[2023-10-27 19:03:59.417] [pxr_streamer] [error] rpc_terminal.cpp:37 operator (): connect failed, error= 由于目标计算机积极拒绝，无法连接。, this = 0xfd7fd420
[2023-10-27 19:04:02.443] [pxr_streamer] [error] rpc_terminal.cpp:37 operator (): connect failed, error= 由于目标计算机积极拒绝，无法连接。, this = 0xfd7fd420
[2023-10-27 19:04:05.466] [pxr_streamer] [error] rpc_terminal.cpp:37 operator (): connect failed, error= 由于目标计算机积极拒绝，无法连接。, this = 0xfd7fd420
[2023-10-27 19:04:08.499] [pxr_streamer] [error] rpc_terminal.cpp:37 operator (): connect failed, error= 由于目标计算机积极拒绝，无法连接。, this = 0xfd7fd420
[2023-10-27 19:04:11.534] [pxr_streamer] [error] rpc_terminal.cpp:37 operator (): connect failed, error= 由于目标计算机积极拒绝，无法连接。, this = 0xfd7fd420
[2023-10-27 19:04:14.570] [pxr_streamer] [error] rpc_terminal.cpp:37 operator (): connect failed, error= 由于目标计算机积极拒绝，无法连接。, this = 0xfd7fd420
[2023-10-27 19:04:17.605] [pxr_streamer] [error] rpc_terminal.cpp:37 operator (): connect failed, error= 由于目标计算机积极拒绝，无法连接。, this = 0xfd7fd420
[2023-10-27 19:04:20.635] [pxr_streamer] [error] rpc_terminal.cpp:37 operator (): connect failed, error= 由于目标计算机积极拒绝，无法连接。, this = 0xfd7fd420
[2023-10-27 19:04:23.666] [pxr_streamer] [error] rpc_terminal.cpp:37 operator (): connect failed, error= 由于目标计算机积极拒绝，无法连接。, this = 0xfd7fd420
[2023-10-27 19:04:26.710] [pxr_streamer] [error] rpc_terminal.cpp:37 operator (): connect failed, error= 由于目标计算机积极拒绝，无法连接。, this = 0xfd7fd420
[2023-10-27 19:04:29.733] [pxr_streamer] [error] rpc_terminal.cpp:37 operator (): connect failed, error= 由于目标计算机积极拒绝，无法连接。, this = 0xfd7fd420
[2023-10-27 19:04:32.758] [pxr_streamer] [error] rpc_terminal.cpp:37 operator (): connect failed, error= 由于目标计算机积极拒绝，无法连接。, this = 0xfd7fd420
[2023-10-27 19:04:35.781] [pxr_streamer] [error] rpc_terminal.cpp:37 operator (): connect failed, error= 由于目标计算机积极拒绝，无法连接。, this = 0xfd7fd420
[2023-10-27 19:04:38.813] [pxr_streamer] [error] rpc_terminal.cpp:37 operator (): connect failed, error= 由于目标计算机积极拒绝，无法连接。, this = 0xfd7fd420
[2023-10-27 19:04:41.847] [pxr_streamer] [error] rpc_terminal.cpp:37 operator (): connect failed, error= 由于目标计算机积极拒绝，无法连接。, this = 0xfd7fd420
[2023-10-27 19:04:44.883] [pxr_streamer] [error] rpc_terminal.cpp:37 operator (): connect failed, error= 由于目标计算机积极拒绝，无法连接。, this = 0xfd7fd420
[2023-10-27 19:04:47.920] [pxr_streamer] [error] rpc_terminal.cpp:37 operator (): connect failed, error= 由于目标计算机积极拒绝，无法连接。, this = 0xfd7fd420
[2023-10-27 19:04:50.971] [pxr_streamer] [error] rpc_terminal.cpp:37 operator (): connect failed, error= 由于目标计算机积极拒绝，无法连接。, this = 0xfd7fd420
[2023-10-27 19:04:54.002] [pxr_streamer] [error] rpc_terminal.cpp:37 operator (): connect failed, error= 由于目标计算机积极拒绝，无法连接。, this = 0xfd7fd420
[2023-10-27 19:04:57.028] [pxr_streamer] [error] rpc_terminal.cpp:37 operator (): connect failed, error= 由于目标计算机积极拒绝，无法连接。, this = 0xfd7fd420
[2023-10-27 19:05:00.064] [pxr_streamer] [error] rpc_terminal.cpp:37 operator (): connect failed, error= 由于目标计算机积极拒绝，无法连接。, this = 0xfd7fd420
[2023-10-27 19:05:03.098] [pxr_streamer] [error] rpc_terminal.cpp:37 operator (): connect failed, error= 由于目标计算机积极拒绝，无法连接。, this = 0xfd7fd420
[2023-10-27 19:05:06.122] [pxr_streamer] [error] rpc_terminal.cpp:37 operator (): connect failed, error= 由于目标计算机积极拒绝，无法连接。, this = 0xfd7fd420
[2023-10-27 19:05:09.143] [pxr_streamer] [error] rpc_terminal.cpp:37 operator (): connect failed, error= 由于目标计算机积极拒绝，无法连接。, this = 0xfd7fd420
[2023-10-27 19:05:12.164] [pxr_streamer] [error] rpc_terminal.cpp:37 operator (): connect failed, error= 由于目标计算机积极拒绝，无法连接。, this = 0xfd7fd420
[2023-10-27 19:05:15.181] [pxr_streamer] [error] rpc_terminal.cpp:37 operator (): connect failed, error= 由于目标计算机积极拒绝，无法连接。, this = 0xfd7fd420
[2023-10-27 19:05:18.214] [pxr_streamer] [error] rpc_terminal.cpp:37 operator (): connect failed, error= 由于目标计算机积极拒绝，无法连接。, this = 0xfd7fd420
[2023-10-27 19:05:21.250] [pxr_streamer] [error] rpc_terminal.cpp:37 operator (): connect failed, error= 由于目标计算机积极拒绝，无法连接。, this = 0xfd7fd420
[2023-10-27 19:05:24.278] [pxr_streamer] [error] rpc_terminal.cpp:37 operator (): connect failed, error= 由于目标计算机积极拒绝，无法连接。, this = 0xfd7fd420
[2023-10-27 19:05:27.304] [pxr_streamer] [error] rpc_terminal.cpp:37 operator (): connect failed, error= 由于目标计算机积极拒绝，无法连接。, this = 0xfd7fd420
[2023-10-27 19:05:30.333] [pxr_streamer] [error] rpc_terminal.cpp:37 operator (): connect failed, error= 由于目标计算机积极拒绝，无法连接。, this = 0xfd7fd420
[2023-10-27 19:05:33.343] [pxr_streamer] [error] rpc_terminal.cpp:37 operator (): connect failed, error= 由于目标计算机积极拒绝，无法连接。, this = 0xfd7fd420
[2023-10-27 19:05:36.367] [pxr_streamer] [error] rpc_terminal.cpp:37 operator (): connect failed, error= 由于目标计算机积极拒绝，无法连接。, this = 0xfd7fd420
[2023-10-27 19:05:39.391] [pxr_streamer] [error] rpc_terminal.cpp:37 operator (): connect failed, error= 由于目标计算机积极拒绝，无法连接。, this = 0xfd7fd420
[2023-10-27 19:05:42.414] [pxr_streamer] [error] rpc_terminal.cpp:37 operator (): connect failed, error= 由于目标计算机积极拒绝，无法连接。, this = 0xfd7fd420
[2023-10-27 19:05:45.431] [pxr_streamer] [error] rpc_terminal.cpp:37 operator (): connect failed, error= 由于目标计算机积极拒绝，无法连接。, this = 0xfd7fd420
[2023-10-27 19:05:48.451] [pxr_streamer] [error] rpc_terminal.cpp:37 operator (): connect failed, error= 由于目标计算机积极拒绝，无法连接。, this = 0xfd7fd420
[2023-10-27 19:05:51.473] [pxr_streamer] [error] rpc_terminal.cpp:37 operator (): connect failed, error= 由于目标计算机积极拒绝，无法连接。, this = 0xfd7fd420
[2023-10-27 19:05:54.502] [pxr_streamer] [error] rpc_terminal.cpp:37 operator (): connect failed, error= 由于目标计算机积极拒绝，无法连接。, this = 0xfd7fd420
[2023-10-27 19:05:57.534] [pxr_streamer] [error] rpc_terminal.cpp:37 operator (): connect failed, error= 由于目标计算机积极拒绝，无法连接。, this = 0xfd7fd420
[2023-10-27 19:06:00.569] [pxr_streamer] [error] rpc_terminal.cpp:37 operator (): connect failed, error= 由于目标计算机积极拒绝，无法连接。, this = 0xfd7fd420
[2023-10-27 19:06:03.585] [pxr_streamer] [error] rpc_terminal.cpp:37 operator (): connect failed, error= 由于目标计算机积极拒绝，无法连接。, this = 0xfd7fd420
[2023-10-27 19:06:06.615] [pxr_streamer] [error] rpc_terminal.cpp:37 operator (): connect failed, error= 由于目标计算机积极拒绝，无法连接。, this = 0xfd7fd420
[2023-10-27 19:06:09.648] [pxr_streamer] [error] rpc_terminal.cpp:37 operator (): connect failed, error= 由于目标计算机积极拒绝，无法连接。, this = 0xfd7fd420
[2023-10-27 19:06:12.675] [pxr_streamer] [error] rpc_terminal.cpp:37 operator (): connect failed, error= 由于目标计算机积极拒绝，无法连接。, this = 0xfd7fd420
[2023-10-27 19:06:15.685] [pxr_streamer] [error] rpc_terminal.cpp:37 operator (): connect failed, error= 由于目标计算机积极拒绝，无法连接。, this = 0xfd7fd420
[2023-10-27 19:06:18.703] [pxr_streamer] [error] rpc_terminal.cpp:37 operator (): connect failed, error= 由于目标计算机积极拒绝，无法连接。, this = 0xfd7fd420
[2023-10-27 19:06:21.724] [pxr_streamer] [error] rpc_terminal.cpp:37 operator (): connect failed, error= 由于目标计算机积极拒绝，无法连接。, this = 0xfd7fd420
[2023-10-27 19:06:24.741] [pxr_streamer] [error] rpc_terminal.cpp:37 operator (): connect failed, error= 由于目标计算机积极拒绝，无法连接。, this = 0xfd7fd420
[2023-10-27 19:06:27.759] [pxr_streamer] [error] rpc_terminal.cpp:37 operator (): connect failed, error= 由于目标计算机积极拒绝，无法连接。, this = 0xfd7fd420
[2023-10-27 19:06:30.776] [pxr_streamer] [error] rpc_terminal.cpp:37 operator (): connect failed, error= 由于目标计算机积极拒绝，无法连接。, this = 0xfd7fd420
[2023-10-27 19:06:33.799] [pxr_streamer] [error] rpc_terminal.cpp:37 operator (): connect failed, error= 由于目标计算机积极拒绝，无法连接。, this = 0xfd7fd420
[2023-10-27 19:06:36.839] [pxr_streamer] [error] rpc_terminal.cpp:37 operator (): connect failed, error= 由于目标计算机积极拒绝，无法连接。, this = 0xfd7fd420
[2023-10-27 19:06:39.871] [pxr_streamer] [error] rpc_terminal.cpp:37 operator (): connect failed, error= 由于目标计算机积极拒绝，无法连接。, this = 0xfd7fd420
[2023-10-27 19:06:42.888] [pxr_streamer] [error] rpc_terminal.cpp:37 operator (): connect failed, error= 由于目标计算机积极拒绝，无法连接。, this = 0xfd7fd420
[2023-10-27 19:06:45.908] [pxr_streamer] [error] rpc_terminal.cpp:37 operator (): connect failed, error= 由于目标计算机积极拒绝，无法连接。, this = 0xfd7fd420
[2023-10-27 19:06:48.914] [pxr_streamer] [error] rpc_terminal.cpp:37 operator (): connect failed, error= 由于目标计算机积极拒绝，无法连接。, this = 0xfd7fd420
[2023-10-27 19:06:51.934] [pxr_streamer] [error] rpc_terminal.cpp:37 operator (): connect failed, error= 由于目标计算机积极拒绝，无法连接。, this = 0xfd7fd420
[2023-10-27 19:06:54.975] [pxr_streamer] [error] rpc_terminal.cpp:37 operator (): connect failed, error= 由于目标计算机积极拒绝，无法连接。, this = 0xfd7fd420
[2023-10-27 19:06:58.004] [pxr_streamer] [error] rpc_terminal.cpp:37 operator (): connect failed, error= 由于目标计算机积极拒绝，无法连接。, this = 0xfd7fd420
[2023-10-27 19:07:01.028] [pxr_streamer] [error] rpc_terminal.cpp:37 operator (): connect failed, error= 由于目标计算机积极拒绝，无法连接。, this = 0xfd7fd420
[2023-10-27 19:07:04.038] [pxr_streamer] [error] rpc_terminal.cpp:37 operator (): connect failed, error= 由于目标计算机积极拒绝，无法连接。, this = 0xfd7fd420
[2023-10-27 19:07:07.066] [pxr_streamer] [error] rpc_terminal.cpp:37 operator (): connect failed, error= 由于目标计算机积极拒绝，无法连接。, this = 0xfd7fd420
[2023-10-27 19:07:10.072] [pxr_streamer] [error] rpc_terminal.cpp:37 operator (): connect failed, error= 由于目标计算机积极拒绝，无法连接。, this = 0xfd7fd420
[2023-10-27 19:07:13.093] [pxr_streamer] [error] rpc_terminal.cpp:37 operator (): connect failed, error= 由于目标计算机积极拒绝，无法连接。, this = 0xfd7fd420
[2023-10-27 19:07:16.122] [pxr_streamer] [error] rpc_terminal.cpp:37 operator (): connect failed, error= 由于目标计算机积极拒绝，无法连接。, this = 0xfd7fd420
[2023-10-27 19:07:19.148] [pxr_streamer] [error] rpc_terminal.cpp:37 operator (): connect failed, error= 由于目标计算机积极拒绝，无法连接。, this = 0xfd7fd420
[2023-10-27 19:07:22.163] [pxr_streamer] [error] rpc_terminal.cpp:37 operator (): connect failed, error= 由于目标计算机积极拒绝，无法连接。, this = 0xfd7fd420
[2023-10-27 19:07:25.203] [pxr_streamer] [error] rpc_terminal.cpp:37 operator (): connect failed, error= 由于目标计算机积极拒绝，无法连接。, this = 0xfd7fd420
[2023-10-27 19:07:28.217] [pxr_streamer] [error] rpc_terminal.cpp:37 operator (): connect failed, error= 由于目标计算机积极拒绝，无法连接。, this = 0xfd7fd420
[2023-10-27 19:07:31.253] [pxr_streamer] [error] rpc_terminal.cpp:37 operator (): connect failed, error= 由于目标计算机积极拒绝，无法连接。, this = 0xfd7fd420
[2023-10-27 19:07:34.284] [pxr_streamer] [error] rpc_terminal.cpp:37 operator (): connect failed, error= 由于目标计算机积极拒绝，无法连接。, this = 0xfd7fd420
[2023-10-27 19:07:37.304] [pxr_streamer] [error] rpc_terminal.cpp:37 operator (): connect failed, error= 由于目标计算机积极拒绝，无法连接。, this = 0xfd7fd420
[2023-10-27 19:07:40.329] [pxr_streamer] [error] rpc_terminal.cpp:37 operator (): connect failed, error= 由于目标计算机积极拒绝，无法连接。, this = 0xfd7fd420
[2023-10-27 19:07:43.363] [pxr_streamer] [error] rpc_terminal.cpp:37 operator (): connect failed, error= 由于目标计算机积极拒绝，无法连接。, this = 0xfd7fd420
[2023-10-27 19:07:46.403] [pxr_streamer] [error] rpc_terminal.cpp:37 operator (): connect failed, error= 由于目标计算机积极拒绝，无法连接。, this = 0xfd7fd420
[2023-10-27 19:07:49.428] [pxr_streamer] [error] rpc_terminal.cpp:37 operator (): connect failed, error= 由于目标计算机积极拒绝，无法连接。, this = 0xfd7fd420
[2023-10-27 19:07:52.444] [pxr_streamer] [error] rpc_terminal.cpp:37 operator (): connect failed, error= 由于目标计算机积极拒绝，无法连接。, this = 0xfd7fd420
[2023-10-27 19:07:55.472] [pxr_streamer] [error] rpc_terminal.cpp:37 operator (): connect failed, error= 由于目标计算机积极拒绝，无法连接。, this = 0xfd7fd420
[2023-10-27 19:07:58.511] [pxr_streamer] [error] rpc_terminal.cpp:37 operator (): connect failed, error= 由于目标计算机积极拒绝，无法连接。, this = 0xfd7fd420
[2023-10-27 19:08:01.542] [pxr_streamer] [error] rpc_terminal.cpp:37 operator (): connect failed, error= 由于目标计算机积极拒绝，无法连接。, this = 0xfd7fd420
[2023-10-27 19:08:04.557] [pxr_streamer] [error] rpc_terminal.cpp:37 operator (): connect failed, error= 由于目标计算机积极拒绝，无法连接。, this = 0xfd7fd420
[2023-10-27 19:08:07.580] [pxr_streamer] [error] rpc_terminal.cpp:37 operator (): connect failed, error= 由于目标计算机积极拒绝，无法连接。, this = 0xfd7fd420
[2023-10-27 19:08:10.595] [pxr_streamer] [error] rpc_terminal.cpp:37 operator (): connect failed, error= 由于目标计算机积极拒绝，无法连接。, this = 0xfd7fd420
[2023-10-27 19:08:13.622] [pxr_streamer] [error] rpc_terminal.cpp:37 operator (): connect failed, error= 由于目标计算机积极拒绝，无法连接。, this = 0xfd7fd420
[2023-10-27 19:08:16.644] [pxr_streamer] [error] rpc_terminal.cpp:37 operator (): connect failed, error= 由于目标计算机积极拒绝，无法连接。, this = 0xfd7fd420
[2023-10-27 19:08:19.659] [pxr_streamer] [error] rpc_terminal.cpp:37 operator (): connect failed, error= 由于目标计算机积极拒绝，无法连接。, this = 0xfd7fd420
[2023-10-27 19:08:22.689] [pxr_streamer] [error] rpc_terminal.cpp:37 operator (): connect failed, error= 由于目标计算机积极拒绝，无法连接。, this = 0xfd7fd420
[2023-10-27 19:08:25.712] [pxr_streamer] [error] rpc_terminal.cpp:37 operator (): connect failed, error= 由于目标计算机积极拒绝，无法连接。, this = 0xfd7fd420
[2023-10-27 19:08:28.725] [pxr_streamer] [error] rpc_terminal.cpp:37 operator (): connect failed, error= 由于目标计算机积极拒绝，无法连接。, this = 0xfd7fd420
[2023-10-27 19:08:31.736] [pxr_streamer] [error] rpc_terminal.cpp:37 operator (): connect failed, error= 由于目标计算机积极拒绝，无法连接。, this = 0xfd7fd420
[2023-10-27 19:08:34.762] [pxr_streamer] [error] rpc_terminal.cpp:37 operator (): connect failed, error= 由于目标计算机积极拒绝，无法连接。, this = 0xfd7fd420
[2023-10-27 19:08:37.786] [pxr_streamer] [error] rpc_terminal.cpp:37 operator (): connect failed, error= 由于目标计算机积极拒绝，无法连接。, this = 0xfd7fd420
[2023-10-27 19:08:40.814] [pxr_streamer] [error] rpc_terminal.cpp:37 operator (): connect failed, error= 由于目标计算机积极拒绝，无法连接。, this = 0xfd7fd420
[2023-10-27 19:08:43.822] [pxr_streamer] [error] rpc_terminal.cpp:37 operator (): connect failed, error= 由于目标计算机积极拒绝，无法连接。, this = 0xfd7fd420
[2023-10-27 19:08:46.859] [pxr_streamer] [error] rpc_terminal.cpp:37 operator (): connect failed, error= 由于目标计算机积极拒绝，无法连接。, this = 0xfd7fd420
[2023-10-27 19:08:49.887] [pxr_streamer] [error] rpc_terminal.cpp:37 operator (): connect failed, error= 由于目标计算机积极拒绝，无法连接。, this = 0xfd7fd420
[2023-10-27 19:08:52.923] [pxr_streamer] [error] rpc_terminal.cpp:37 operator (): connect failed, error= 由于目标计算机积极拒绝，无法连接。, this = 0xfd7fd420
[2023-10-27 19:08:55.944] [pxr_streamer] [error] rpc_terminal.cpp:37 operator (): connect failed, error= 由于目标计算机积极拒绝，无法连接。, this = 0xfd7fd420
[2023-10-27 19:08:58.963] [pxr_streamer] [error] rpc_terminal.cpp:37 operator (): connect failed, error= 由于目标计算机积极拒绝，无法连接。, this = 0xfd7fd420
[2023-10-27 19:09:01.978] [pxr_streamer] [error] rpc_terminal.cpp:37 operator (): connect failed, error= 由于目标计算机积极拒绝，无法连接。, this = 0xfd7fd420
[2023-10-27 19:09:05.034] [pxr_streamer] [error] rpc_terminal.cpp:37 operator (): connect failed, error= 由于目标计算机积极拒绝，无法连接。, this = 0xfd7fd420
[2023-10-27 19:09:08.068] [pxr_streamer] [error] rpc_terminal.cpp:37 operator (): connect failed, error= 由于目标计算机积极拒绝，无法连接。, this = 0xfd7fd420
[2023-10-27 19:09:11.095] [pxr_streamer] [error] rpc_terminal.cpp:37 operator (): connect failed, error= 由于目标计算机积极拒绝，无法连接。, this = 0xfd7fd420
[2023-10-27 19:09:14.122] [pxr_streamer] [error] rpc_terminal.cpp:37 operator (): connect failed, error= 由于目标计算机积极拒绝，无法连接。, this = 0xfd7fd420
[2023-10-27 19:09:17.155] [pxr_streamer] [error] rpc_terminal.cpp:37 operator (): connect failed, error= 由于目标计算机积极拒绝，无法连接。, this = 0xfd7fd420
[2023-10-27 19:09:20.190] [pxr_streamer] [error] rpc_terminal.cpp:37 operator (): connect failed, error= 由于目标计算机积极拒绝，无法连接。, this = 0xfd7fd420
[2023-10-27 19:09:23.220] [pxr_streamer] [error] rpc_terminal.cpp:37 operator (): connect failed, error= 由于目标计算机积极拒绝，无法连接。, this = 0xfd7fd420
[2023-10-27 19:09:26.243] [pxr_streamer] [error] rpc_terminal.cpp:37 operator (): connect failed, error= 由于目标计算机积极拒绝，无法连接。, this = 0xfd7fd420
[2023-10-27 19:09:29.271] [pxr_streamer] [error] rpc_terminal.cpp:37 operator (): connect failed, error= 由于目标计算机积极拒绝，无法连接。, this = 0xfd7fd420
[2023-10-27 19:09:32.317] [pxr_streamer] [error] rpc_terminal.cpp:37 operator (): connect failed, error= 由于目标计算机积极拒绝，无法连接。, this = 0xfd7fd420
[2023-10-27 19:09:35.356] [pxr_streamer] [error] rpc_terminal.cpp:37 operator (): connect failed, error= 由于目标计算机积极拒绝，无法连接。, this = 0xfd7fd420
[2023-10-27 19:09:38.370] [pxr_streamer] [error] rpc_terminal.cpp:37 operator (): connect failed, error= 由于目标计算机积极拒绝，无法连接。, this = 0xfd7fd420
[2023-10-27 19:09:41.384] [pxr_streamer] [error] rpc_terminal.cpp:37 operator (): connect failed, error= 由于目标计算机积极拒绝，无法连接。, this = 0xfd7fd420
[2023-10-27 19:09:44.401] [pxr_streamer] [error] rpc_terminal.cpp:37 operator (): connect failed, error= 由于目标计算机积极拒绝，无法连接。, this = 0xfd7fd420
[2023-10-27 19:09:47.422] [pxr_streamer] [error] rpc_terminal.cpp:37 operator (): connect failed, error= 由于目标计算机积极拒绝，无法连接。, this = 0xfd7fd420
[2023-10-27 19:09:50.443] [pxr_streamer] [error] rpc_terminal.cpp:37 operator (): connect failed, error= 由于目标计算机积极拒绝，无法连接。, this = 0xfd7fd420
[2023-10-27 19:09:53.480] [pxr_streamer] [error] rpc_terminal.cpp:37 operator (): connect failed, error= 由于目标计算机积极拒绝，无法连接。, this = 0xfd7fd420
[2023-10-27 19:09:56.500] [pxr_streamer] [error] rpc_terminal.cpp:37 operator (): connect failed, error= 由于目标计算机积极拒绝，无法连接。, this = 0xfd7fd420
[2023-10-27 19:09:59.509] [pxr_streamer] [error] rpc_terminal.cpp:37 operator (): connect failed, error= 由于目标计算机积极拒绝，无法连接。, this = 0xfd7fd420
[2023-10-27 19:10:02.522] [pxr_streamer] [error] rpc_terminal.cpp:37 operator (): connect failed, error= 由于目标计算机积极拒绝，无法连接。, this = 0xfd7fd420
[2023-10-27 19:10:05.550] [pxr_streamer] [error] rpc_terminal.cpp:37 operator (): connect failed, error= 由于目标计算机积极拒绝，无法连接。, this = 0xfd7fd420
[2023-10-27 19:10:08.597] [pxr_streamer] [error] rpc_terminal.cpp:37 operator (): connect failed, error= 由于目标计算机积极拒绝，无法连接。, this = 0xfd7fd420
[2023-10-27 19:10:11.633] [pxr_streamer] [error] rpc_terminal.cpp:37 operator (): connect failed, error= 由于目标计算机积极拒绝，无法连接。, this = 0xfd7fd420
[2023-10-27 19:10:14.669] [pxr_streamer] [error] rpc_terminal.cpp:37 operator (): connect failed, error= 由于目标计算机积极拒绝，无法连接。, this = 0xfd7fd420
[2023-10-27 19:10:17.697] [pxr_streamer] [error] rpc_terminal.cpp:37 operator (): connect failed, error= 由于目标计算机积极拒绝，无法连接。, this = 0xfd7fd420
[2023-10-27 19:10:20.728] [pxr_streamer] [error] rpc_terminal.cpp:37 operator (): connect failed, error= 由于目标计算机积极拒绝，无法连接。, this = 0xfd7fd420
[2023-10-27 19:10:23.770] [pxr_streamer] [error] rpc_terminal.cpp:37 operator (): connect failed, error= 由于目标计算机积极拒绝，无法连接。, this = 0xfd7fd420
[2023-10-27 19:10:26.798] [pxr_streamer] [error] rpc_terminal.cpp:37 operator (): connect failed, error= 由于目标计算机积极拒绝，无法连接。, this = 0xfd7fd420
[2023-10-27 19:10:29.807] [pxr_streamer] [error] rpc_terminal.cpp:37 operator (): connect failed, error= 由于目标计算机积极拒绝，无法连接。, this = 0xfd7fd420
[2023-10-27 19:10:32.839] [pxr_streamer] [error] rpc_terminal.cpp:37 operator (): connect failed, error= 由于目标计算机积极拒绝，无法连接。, this = 0xfd7fd420
[2023-10-27 19:10:35.858] [pxr_streamer] [error] rpc_terminal.cpp:37 operator (): connect failed, error= 由于目标计算机积极拒绝，无法连接。, this = 0xfd7fd420
[2023-10-27 19:10:38.879] [pxr_streamer] [error] rpc_terminal.cpp:37 operator (): connect failed, error= 由于目标计算机积极拒绝，无法连接。, this = 0xfd7fd420
[2023-10-27 19:10:41.885] [pxr_streamer] [error] rpc_terminal.cpp:37 operator (): connect failed, error= 由于目标计算机积极拒绝，无法连接。, this = 0xfd7fd420
[2023-10-27 19:10:44.917] [pxr_streamer] [error] rpc_terminal.cpp:37 operator (): connect failed, error= 由于目标计算机积极拒绝，无法连接。, this = 0xfd7fd420
[2023-10-27 19:10:47.954] [pxr_streamer] [error] rpc_terminal.cpp:37 operator (): connect failed, error= 由于目标计算机积极拒绝，无法连接。, this = 0xfd7fd420
[2023-10-27 19:10:50.979] [pxr_streamer] [error] rpc_terminal.cpp:37 operator (): connect failed, error= 由于目标计算机积极拒绝，无法连接。, this = 0xfd7fd420
[2023-10-27 19:10:54.013] [pxr_streamer] [error] rpc_terminal.cpp:37 operator (): connect failed, error= 由于目标计算机积极拒绝，无法连接。, this = 0xfd7fd420
[2023-10-27 19:10:57.054] [pxr_streamer] [error] rpc_terminal.cpp:37 operator (): connect failed, error= 由于目标计算机积极拒绝，无法连接。, this = 0xfd7fd420
[2023-10-27 19:11:00.089] [pxr_streamer] [error] rpc_terminal.cpp:37 operator (): connect failed, error= 由于目标计算机积极拒绝，无法连接。, this = 0xfd7fd420
[2023-10-27 19:11:03.116] [pxr_streamer] [error] rpc_terminal.cpp:37 operator (): connect failed, error= 由于目标计算机积极拒绝，无法连接。, this = 0xfd7fd420
[2023-10-27 19:11:06.138] [pxr_streamer] [error] rpc_terminal.cpp:37 operator (): connect failed, error= 由于目标计算机积极拒绝，无法连接。, this = 0xfd7fd420
[2023-10-27 19:11:09.159] [pxr_streamer] [error] rpc_terminal.cpp:37 operator (): connect failed, error= 由于目标计算机积极拒绝，无法连接。, this = 0xfd7fd420
[2023-10-27 19:11:12.174] [pxr_streamer] [error] rpc_terminal.cpp:37 operator (): connect failed, error= 由于目标计算机积极拒绝，无法连接。, this = 0xfd7fd420
[2023-10-27 19:11:15.194] [pxr_streamer] [error] rpc_terminal.cpp:37 operator (): connect failed, error= 由于目标计算机积极拒绝，无法连接。, this = 0xfd7fd420
[2023-10-27 19:11:18.226] [pxr_streamer] [error] rpc_terminal.cpp:37 operator (): connect failed, error= 由于目标计算机积极拒绝，无法连接。, this = 0xfd7fd420
[2023-10-27 19:11:21.275] [pxr_streamer] [error] rpc_terminal.cpp:37 operator (): connect failed, error= 由于目标计算机积极拒绝，无法连接。, this = 0xfd7fd420
[2023-10-27 19:11:24.295] [pxr_streamer] [error] rpc_terminal.cpp:37 operator (): connect failed, error= 由于目标计算机积极拒绝，无法连接。, this = 0xfd7fd420
[2023-10-27 19:11:27.319] [pxr_streamer] [error] rpc_terminal.cpp:37 operator (): connect failed, error= 由于目标计算机积极拒绝，无法连接。, this = 0xfd7fd420
[2023-10-27 19:11:30.362] [pxr_streamer] [error] rpc_terminal.cpp:37 operator (): connect failed, error= 由于目标计算机积极拒绝，无法连接。, this = 0xfd7fd420
[2023-10-27 19:11:33.389] [pxr_streamer] [error] rpc_terminal.cpp:37 operator (): connect failed, error= 由于目标计算机积极拒绝，无法连接。, this = 0xfd7fd420
[2023-10-27 19:11:36.416] [pxr_streamer] [error] rpc_terminal.cpp:37 operator (): connect failed, error= 由于目标计算机积极拒绝，无法连接。, this = 0xfd7fd420
[2023-10-27 19:11:39.441] [pxr_streamer] [error] rpc_terminal.cpp:37 operator (): connect failed, error= 由于目标计算机积极拒绝，无法连接。, this = 0xfd7fd420
[2023-10-27 19:11:42.472] [pxr_streamer] [error] rpc_terminal.cpp:37 operator (): connect failed, error= 由于目标计算机积极拒绝，无法连接。, this = 0xfd7fd420
[2023-10-27 19:11:45.507] [pxr_streamer] [error] rpc_terminal.cpp:37 operator (): connect failed, error= 由于目标计算机积极拒绝，无法连接。, this = 0xfd7fd420
[2023-10-27 19:11:48.536] [pxr_streamer] [error] rpc_terminal.cpp:37 operator (): connect failed, error= 由于目标计算机积极拒绝，无法连接。, this = 0xfd7fd420
[2023-10-27 19:11:51.573] [pxr_streamer] [error] rpc_terminal.cpp:37 operator (): connect failed, error= 由于目标计算机积极拒绝，无法连接。, this = 0xfd7fd420
[2023-10-27 19:11:54.591] [pxr_streamer] [error] rpc_terminal.cpp:37 operator (): connect failed, error= 由于目标计算机积极拒绝，无法连接。, this = 0xfd7fd420
[2023-10-27 19:11:57.608] [pxr_streamer] [error] rpc_terminal.cpp:37 operator (): connect failed, error= 由于目标计算机积极拒绝，无法连接。, this = 0xfd7fd420
[2023-10-27 19:12:00.648] [pxr_streamer] [error] rpc_terminal.cpp:37 operator (): connect failed, error= 由于目标计算机积极拒绝，无法连接。, this = 0xfd7fd420
[2023-10-27 19:12:03.675] [pxr_streamer] [error] rpc_terminal.cpp:37 operator (): connect failed, error= 由于目标计算机积极拒绝，无法连接。, this = 0xfd7fd420
[2023-10-27 19:12:06.694] [pxr_streamer] [error] rpc_terminal.cpp:37 operator (): connect failed, error= 由于目标计算机积极拒绝，无法连接。, this = 0xfd7fd420
[2023-10-27 19:12:09.715] [pxr_streamer] [error] rpc_terminal.cpp:37 operator (): connect failed, error= 由于目标计算机积极拒绝，无法连接。, this = 0xfd7fd420
[2023-10-27 19:12:12.738] [pxr_streamer] [error] rpc_terminal.cpp:37 operator (): connect failed, error= 由于目标计算机积极拒绝，无法连接。, this = 0xfd7fd420
[2023-10-27 19:12:15.771] [pxr_streamer] [error] rpc_terminal.cpp:37 operator (): connect failed, error= 由于目标计算机积极拒绝，无法连接。, this = 0xfd7fd420
[2023-10-27 19:12:18.800] [pxr_streamer] [error] rpc_terminal.cpp:37 operator (): connect failed, error= 由于目标计算机积极拒绝，无法连接。, this = 0xfd7fd420
[2023-10-27 19:12:21.844] [pxr_streamer] [error] rpc_terminal.cpp:37 operator (): connect failed, error= 由于目标计算机积极拒绝，无法连接。, this = 0xfd7fd420
[2023-10-27 19:12:24.863] [pxr_streamer] [error] rpc_terminal.cpp:37 operator (): connect failed, error= 由于目标计算机积极拒绝，无法连接。, this = 0xfd7fd420
[2023-10-27 19:12:27.908] [pxr_streamer] [error] rpc_terminal.cpp:37 operator (): connect failed, error= 由于目标计算机积极拒绝，无法连接。, this = 0xfd7fd420
[2023-10-27 19:12:30.937] [pxr_streamer] [error] rpc_terminal.cpp:37 operator (): connect failed, error= 由于目标计算机积极拒绝，无法连接。, this = 0xfd7fd420
[2023-10-27 19:12:33.955] [pxr_streamer] [error] rpc_terminal.cpp:37 operator (): connect failed, error= 由于目标计算机积极拒绝，无法连接。, this = 0xfd7fd420
[2023-10-27 19:12:36.983] [pxr_streamer] [error] rpc_terminal.cpp:37 operator (): connect failed, error= 由于目标计算机积极拒绝，无法连接。, this = 0xfd7fd420
[2023-10-27 19:12:39.988] [pxr_streamer] [error] rpc_terminal.cpp:37 operator (): connect failed, error= 由于目标计算机积极拒绝，无法连接。, this = 0xfd7fd420
[2023-10-27 19:12:43.022] [pxr_streamer] [error] rpc_terminal.cpp:37 operator (): connect failed, error= 由于目标计算机积极拒绝，无法连接。, this = 0xfd7fd420
[2023-10-27 19:12:46.054] [pxr_streamer] [error] rpc_terminal.cpp:37 operator (): connect failed, error= 由于目标计算机积极拒绝，无法连接。, this = 0xfd7fd420
[2023-10-27 19:12:49.069] [pxr_streamer] [error] rpc_terminal.cpp:37 operator (): connect failed, error= 由于目标计算机积极拒绝，无法连接。, this = 0xfd7fd420
[2023-10-27 19:12:52.104] [pxr_streamer] [error] rpc_terminal.cpp:37 operator (): connect failed, error= 由于目标计算机积极拒绝，无法连接。, this = 0xfd7fd420
[2023-10-27 19:12:55.129] [pxr_streamer] [error] rpc_terminal.cpp:37 operator (): connect failed, error= 由于目标计算机积极拒绝，无法连接。, this = 0xfd7fd420
[2023-10-27 19:12:58.161] [pxr_streamer] [error] rpc_terminal.cpp:37 operator (): connect failed, error= 由于目标计算机积极拒绝，无法连接。, this = 0xfd7fd420
[2023-10-27 19:13:01.184] [pxr_streamer] [error] rpc_terminal.cpp:37 operator (): connect failed, error= 由于目标计算机积极拒绝，无法连接。, this = 0xfd7fd420
[2023-10-27 19:13:04.212] [pxr_streamer] [error] rpc_terminal.cpp:37 operator (): connect failed, error= 由于目标计算机积极拒绝，无法连接。, this = 0xfd7fd420
[2023-10-27 19:13:07.230] [pxr_streamer] [error] rpc_terminal.cpp:37 operator (): connect failed, error= 由于目标计算机积极拒绝，无法连接。, this = 0xfd7fd420
[2023-10-27 19:13:10.259] [pxr_streamer] [error] rpc_terminal.cpp:37 operator (): connect failed, error= 由于目标计算机积极拒绝，无法连接。, this = 0xfd7fd420
[2023-10-27 19:13:13.281] [pxr_streamer] [error] rpc_terminal.cpp:37 operator (): connect failed, error= 由于目标计算机积极拒绝，无法连接。, this = 0xfd7fd420
[2023-10-27 19:13:16.324] [pxr_streamer] [error] rpc_terminal.cpp:37 operator (): connect failed, error= 由于目标计算机积极拒绝，无法连接。, this = 0xfd7fd420
[2023-10-27 19:13:19.347] [pxr_streamer] [error] rpc_terminal.cpp:37 operator (): connect failed, error= 由于目标计算机积极拒绝，无法连接。, this = 0xfd7fd420
[2023-10-27 19:13:22.376] [pxr_streamer] [error] rpc_terminal.cpp:37 operator (): connect failed, error= 由于目标计算机积极拒绝，无法连接。, this = 0xfd7fd420
[2023-10-27 19:13:25.396] [pxr_streamer] [error] rpc_terminal.cpp:37 operator (): connect failed, error= 由于目标计算机积极拒绝，无法连接。, this = 0xfd7fd420
[2023-10-27 19:13:28.411] [pxr_streamer] [error] rpc_terminal.cpp:37 operator (): connect failed, error= 由于目标计算机积极拒绝，无法连接。, this = 0xfd7fd420
[2023-10-27 19:13:31.450] [pxr_streamer] [error] rpc_terminal.cpp:37 operator (): connect failed, error= 由于目标计算机积极拒绝，无法连接。, this = 0xfd7fd420
[2023-10-27 19:13:34.475] [pxr_streamer] [error] rpc_terminal.cpp:37 operator (): connect failed, error= 由于目标计算机积极拒绝，无法连接。, this = 0xfd7fd420
[2023-10-27 19:13:37.508] [pxr_streamer] [error] rpc_terminal.cpp:37 operator (): connect failed, error= 由于目标计算机积极拒绝，无法连接。, this = 0xfd7fd420
[2023-10-27 19:13:40.542] [pxr_streamer] [error] rpc_terminal.cpp:37 operator (): connect failed, error= 由于目标计算机积极拒绝，无法连接。, this = 0xfd7fd420
[2023-10-27 19:13:43.559] [pxr_streamer] [error] rpc_terminal.cpp:37 operator (): connect failed, error= 由于目标计算机积极拒绝，无法连接。, this = 0xfd7fd420
[2023-10-27 19:13:46.592] [pxr_streamer] [error] rpc_terminal.cpp:37 operator (): connect failed, error= 由于目标计算机积极拒绝，无法连接。, this = 0xfd7fd420
[2023-10-27 19:13:49.653] [pxr_streamer] [error] rpc_terminal.cpp:37 operator (): connect failed, error= 由于目标计算机积极拒绝，无法连接。, this = 0xfd7fd420
[2023-10-27 19:13:52.691] [pxr_streamer] [error] rpc_terminal.cpp:37 operator (): connect failed, error= 由于目标计算机积极拒绝，无法连接。, this = 0xfd7fd420
[2023-10-27 19:13:55.714] [pxr_streamer] [error] rpc_terminal.cpp:37 operator (): connect failed, error= 由于目标计算机积极拒绝，无法连接。, this = 0xfd7fd420
[2023-10-27 19:13:58.741] [pxr_streamer] [error] rpc_terminal.cpp:37 operator (): connect failed, error= 由于目标计算机积极拒绝，无法连接。, this = 0xfd7fd420
[2023-10-27 19:14:01.776] [pxr_streamer] [error] rpc_terminal.cpp:37 operator (): connect failed, error= 由于目标计算机积极拒绝，无法连接。, this = 0xfd7fd420
[2023-10-27 19:14:04.826] [pxr_streamer] [error] rpc_terminal.cpp:37 operator (): connect failed, error= 由于目标计算机积极拒绝，无法连接。, this = 0xfd7fd420
[2023-10-27 19:14:07.873] [pxr_streamer] [error] rpc_terminal.cpp:37 operator (): connect failed, error= 由于目标计算机积极拒绝，无法连接。, this = 0xfd7fd420
[2023-10-27 19:14:10.896] [pxr_streamer] [error] rpc_terminal.cpp:37 operator (): connect failed, error= 由于目标计算机积极拒绝，无法连接。, this = 0xfd7fd420
[2023-10-27 19:14:13.915] [pxr_streamer] [error] rpc_terminal.cpp:37 operator (): connect failed, error= 由于目标计算机积极拒绝，无法连接。, this = 0xfd7fd420
[2023-10-27 19:14:16.937] [pxr_streamer] [error] rpc_terminal.cpp:37 operator (): connect failed, error= 由于目标计算机积极拒绝，无法连接。, this = 0xfd7fd420
[2023-10-27 19:14:19.962] [pxr_streamer] [error] rpc_terminal.cpp:37 operator (): connect failed, error= 由于目标计算机积极拒绝，无法连接。, this = 0xfd7fd420
[2023-10-27 19:14:22.987] [pxr_streamer] [error] rpc_terminal.cpp:37 operator (): connect failed, error= 由于目标计算机积极拒绝，无法连接。, this = 0xfd7fd420
[2023-10-27 19:14:25.999] [pxr_streamer] [error] rpc_terminal.cpp:37 operator (): connect failed, error= 由于目标计算机积极拒绝，无法连接。, this = 0xfd7fd420
[2023-10-27 19:14:29.017] [pxr_streamer] [error] rpc_terminal.cpp:37 operator (): connect failed, error= 由于目标计算机积极拒绝，无法连接。, this = 0xfd7fd420
[2023-10-27 19:14:32.072] [pxr_streamer] [error] rpc_terminal.cpp:37 operator (): connect failed, error= 由于目标计算机积极拒绝，无法连接。, this = 0xfd7fd420
[2023-10-27 19:14:35.097] [pxr_streamer] [error] rpc_terminal.cpp:37 operator (): connect failed, error= 由于目标计算机积极拒绝，无法连接。, this = 0xfd7fd420
[2023-10-27 19:14:38.103] [pxr_streamer] [error] rpc_terminal.cpp:37 operator (): connect failed, error= 由于目标计算机积极拒绝，无法连接。, this = 0xfd7fd420
[2023-10-27 19:14:41.130] [pxr_streamer] [error] rpc_terminal.cpp:37 operator (): connect failed, error= 由于目标计算机积极拒绝，无法连接。, this = 0xfd7fd420
[2023-10-27 19:14:44.150] [pxr_streamer] [error] rpc_terminal.cpp:37 operator (): connect failed, error= 由于目标计算机积极拒绝，无法连接。, this = 0xfd7fd420
[2023-10-27 19:14:47.169] [pxr_streamer] [error] rpc_terminal.cpp:37 operator (): connect failed, error= 由于目标计算机积极拒绝，无法连接。, this = 0xfd7fd420
[2023-10-27 19:14:50.209] [pxr_streamer] [error] rpc_terminal.cpp:37 operator (): connect failed, error= 由于目标计算机积极拒绝，无法连接。, this = 0xfd7fd420
[2023-10-27 19:14:53.236] [pxr_streamer] [error] rpc_terminal.cpp:37 operator (): connect failed, error= 由于目标计算机积极拒绝，无法连接。, this = 0xfd7fd420
[2023-10-27 19:14:56.272] [pxr_streamer] [error] rpc_terminal.cpp:37 operator (): connect failed, error= 由于目标计算机积极拒绝，无法连接。, this = 0xfd7fd420
[2023-10-27 19:14:59.315] [pxr_streamer] [error] rpc_terminal.cpp:37 operator (): connect failed, error= 由于目标计算机积极拒绝，无法连接。, this = 0xfd7fd420
[2023-10-27 19:15:02.336] [pxr_streamer] [error] rpc_terminal.cpp:37 operator (): connect failed, error= 由于目标计算机积极拒绝，无法连接。, this = 0xfd7fd420
[2023-10-27 19:15:05.353] [pxr_streamer] [error] rpc_terminal.cpp:37 operator (): connect failed, error= 由于目标计算机积极拒绝，无法连接。, this = 0xfd7fd420
[2023-10-27 19:15:08.376] [pxr_streamer] [error] rpc_terminal.cpp:37 operator (): connect failed, error= 由于目标计算机积极拒绝，无法连接。, this = 0xfd7fd420
[2023-10-27 19:15:11.395] [pxr_streamer] [error] rpc_terminal.cpp:37 operator (): connect failed, error= 由于目标计算机积极拒绝，无法连接。, this = 0xfd7fd420
[2023-10-27 19:15:14.415] [pxr_streamer] [error] rpc_terminal.cpp:37 operator (): connect failed, error= 由于目标计算机积极拒绝，无法连接。, this = 0xfd7fd420
[2023-10-27 19:15:17.449] [pxr_streamer] [error] rpc_terminal.cpp:37 operator (): connect failed, error= 由于目标计算机积极拒绝，无法连接。, this = 0xfd7fd420
[2023-10-27 19:15:20.472] [pxr_streamer] [error] rpc_terminal.cpp:37 operator (): connect failed, error= 由于目标计算机积极拒绝，无法连接。, this = 0xfd7fd420
[2023-10-27 19:15:23.490] [pxr_streamer] [error] rpc_terminal.cpp:37 operator (): connect failed, error= 由于目标计算机积极拒绝，无法连接。, this = 0xfd7fd420
[2023-10-27 19:15:26.514] [pxr_streamer] [error] rpc_terminal.cpp:37 operator (): connect failed, error= 由于目标计算机积极拒绝，无法连接。, this = 0xfd7fd420
[2023-10-27 19:15:29.527] [pxr_streamer] [error] rpc_terminal.cpp:37 operator (): connect failed, error= 由于目标计算机积极拒绝，无法连接。, this = 0xfd7fd420
[2023-10-27 19:15:32.554] [pxr_streamer] [error] rpc_terminal.cpp:37 operator (): connect failed, error= 由于目标计算机积极拒绝，无法连接。, this = 0xfd7fd420
[2023-10-27 19:15:35.607] [pxr_streamer] [error] rpc_terminal.cpp:37 operator (): connect failed, error= 由于目标计算机积极拒绝，无法连接。, this = 0xfd7fd420
[2023-10-27 19:15:38.626] [pxr_streamer] [error] rpc_terminal.cpp:37 operator (): connect failed, error= 由于目标计算机积极拒绝，无法连接。, this = 0xfd7fd420
[2023-10-27 19:15:41.663] [pxr_streamer] [error] rpc_terminal.cpp:37 operator (): connect failed, error= 由于目标计算机积极拒绝，无法连接。, this = 0xfd7fd420
[2023-10-27 19:15:44.707] [pxr_streamer] [error] rpc_terminal.cpp:37 operator (): connect failed, error= 由于目标计算机积极拒绝，无法连接。, this = 0xfd7fd420
[2023-10-27 19:15:47.753] [pxr_streamer] [error] rpc_terminal.cpp:37 operator (): connect failed, error= 由于目标计算机积极拒绝，无法连接。, this = 0xfd7fd420
