[2023-11-06 19:10:12.545] [pxr_streamer] [info] ***********  Log Begin **********
[2023-11-06 19:10:12.545] [pxr_streamer] [info] process id= 11496
[2023-11-06 19:10:12.545] [pxr_streamer] [error] rpc_terminal.cpp:37 operator (): connect failed, error= 由于目标计算机积极拒绝，无法连接。, this = 0xbb91c110
[2023-11-06 19:10:12.547] [pxr_streamer] [error] rpc_terminal.h:50 Call: invalid rpc_client_, msg = Hello, this = 0xbb91c110
[2023-11-06 19:10:12.548] [pxr_streamer] [error] rpc_terminal.h:50 Call: invalid rpc_client_, msg = QueryRemoteTerminals, this = 0xbb91c110
[2023-11-06 19:10:15.596] [pxr_streamer] [error] rpc_terminal.cpp:37 operator (): connect failed, error= 由于目标计算机积极拒绝，无法连接。, this = 0xbb91c110
[2023-11-06 19:10:18.642] [pxr_streamer] [error] rpc_terminal.cpp:37 operator (): connect failed, error= 由于目标计算机积极拒绝，无法连接。, this = 0xbb91c110
[2023-11-06 19:10:21.689] [pxr_streamer] [error] rpc_terminal.cpp:37 operator (): connect failed, error= 由于目标计算机积极拒绝，无法连接。, this = 0xbb91c110
[2023-11-06 19:10:24.714] [pxr_streamer] [error] rpc_terminal.cpp:37 operator (): connect failed, error= 由于目标计算机积极拒绝，无法连接。, this = 0xbb91c110
[2023-11-06 19:10:27.759] [pxr_streamer] [error] rpc_terminal.cpp:37 operator (): connect failed, error= 由于目标计算机积极拒绝，无法连接。, this = 0xbb91c110
[2023-11-06 19:10:30.806] [pxr_streamer] [error] rpc_terminal.cpp:37 operator (): connect failed, error= 由于目标计算机积极拒绝，无法连接。, this = 0xbb91c110
[2023-11-06 19:10:33.830] [pxr_streamer] [error] rpc_terminal.cpp:37 operator (): connect failed, error= 由于目标计算机积极拒绝，无法连接。, this = 0xbb91c110
[2023-11-06 19:10:36.884] [pxr_streamer] [error] rpc_terminal.cpp:37 operator (): connect failed, error= 由于目标计算机积极拒绝，无法连接。, this = 0xbb91c110
[2023-11-06 19:10:39.952] [pxr_streamer] [error] rpc_terminal.cpp:37 operator (): connect failed, error= 由于目标计算机积极拒绝，无法连接。, this = 0xbb91c110
[2023-11-06 19:10:43.020] [pxr_streamer] [error] rpc_terminal.cpp:37 operator (): connect failed, error= 由于目标计算机积极拒绝，无法连接。, this = 0xbb91c110
[2023-11-06 19:10:46.071] [pxr_streamer] [error] rpc_terminal.cpp:37 operator (): connect failed, error= 由于目标计算机积极拒绝，无法连接。, this = 0xbb91c110
[2023-11-06 19:10:49.101] [pxr_streamer] [error] rpc_terminal.cpp:37 operator (): connect failed, error= 由于目标计算机积极拒绝，无法连接。, this = 0xbb91c110
[2023-11-06 19:10:52.138] [pxr_streamer] [error] rpc_terminal.cpp:37 operator (): connect failed, error= 由于目标计算机积极拒绝，无法连接。, this = 0xbb91c110
[2023-11-06 19:10:55.183] [pxr_streamer] [error] rpc_terminal.cpp:37 operator (): connect failed, error= 由于目标计算机积极拒绝，无法连接。, this = 0xbb91c110
[2023-11-06 19:10:58.235] [pxr_streamer] [error] rpc_terminal.cpp:37 operator (): connect failed, error= 由于目标计算机积极拒绝，无法连接。, this = 0xbb91c110
[2023-11-06 19:11:01.289] [pxr_streamer] [error] rpc_terminal.cpp:37 operator (): connect failed, error= 由于目标计算机积极拒绝，无法连接。, this = 0xbb91c110
[2023-11-06 19:11:04.349] [pxr_streamer] [error] rpc_terminal.cpp:37 operator (): connect failed, error= 由于目标计算机积极拒绝，无法连接。, this = 0xbb91c110
[2023-11-06 19:11:07.417] [pxr_streamer] [error] rpc_terminal.cpp:37 operator (): connect failed, error= 由于目标计算机积极拒绝，无法连接。, this = 0xbb91c110
[2023-11-06 19:11:10.485] [pxr_streamer] [error] rpc_terminal.cpp:37 operator (): connect failed, error= 由于目标计算机积极拒绝，无法连接。, this = 0xbb91c110
[2023-11-06 19:11:13.537] [pxr_streamer] [error] rpc_terminal.cpp:37 operator (): connect failed, error= 由于目标计算机积极拒绝，无法连接。, this = 0xbb91c110
[2023-11-06 19:11:16.578] [pxr_streamer] [error] rpc_terminal.cpp:37 operator (): connect failed, error= 由于目标计算机积极拒绝，无法连接。, this = 0xbb91c110
[2023-11-06 19:11:19.618] [pxr_streamer] [error] rpc_terminal.cpp:37 operator (): connect failed, error= 由于目标计算机积极拒绝，无法连接。, this = 0xbb91c110
[2023-11-06 19:11:22.678] [pxr_streamer] [error] rpc_terminal.cpp:37 operator (): connect failed, error= 由于目标计算机积极拒绝，无法连接。, this = 0xbb91c110
[2023-11-06 19:11:25.721] [pxr_streamer] [error] rpc_terminal.cpp:37 operator (): connect failed, error= 由于目标计算机积极拒绝，无法连接。, this = 0xbb91c110
[2023-11-06 19:11:28.746] [pxr_streamer] [error] rpc_terminal.cpp:37 operator (): connect failed, error= 由于目标计算机积极拒绝，无法连接。, this = 0xbb91c110
[2023-11-06 19:11:31.772] [pxr_streamer] [error] rpc_terminal.cpp:37 operator (): connect failed, error= 由于目标计算机积极拒绝，无法连接。, this = 0xbb91c110
[2023-11-06 19:11:34.799] [pxr_streamer] [error] rpc_terminal.cpp:37 operator (): connect failed, error= 由于目标计算机积极拒绝，无法连接。, this = 0xbb91c110
[2023-11-06 19:11:37.856] [pxr_streamer] [error] rpc_terminal.cpp:37 operator (): connect failed, error= 由于目标计算机积极拒绝，无法连接。, this = 0xbb91c110
[2023-11-06 19:11:40.011] [pxr_streamer] [error] rpc_terminal.cpp:37 operator (): connect failed, error= 由于目标计算机积极拒绝，无法连接。, this = 0x703b6cb0
[2023-11-06 19:11:40.011] [pxr_streamer] [error] rpc_terminal.h:50 Call: invalid rpc_client_, msg = Hello, this = 0x703b6cb0
[2023-11-06 19:11:40.011] [pxr_streamer] [error] rpc_terminal.h:50 Call: invalid rpc_client_, msg = QueryRemoteTerminals, this = 0x703b6cb0
[2023-11-06 19:11:40.888] [pxr_streamer] [error] rpc_terminal.cpp:37 operator (): connect failed, error= 由于目标计算机积极拒绝，无法连接。, this = 0xbb91c110
[2023-11-06 19:11:43.053] [pxr_streamer] [error] rpc_terminal.cpp:37 operator (): connect failed, error= 由于目标计算机积极拒绝，无法连接。, this = 0x703b6cb0
[2023-11-06 19:11:43.921] [pxr_streamer] [error] rpc_terminal.cpp:37 operator (): connect failed, error= 由于目标计算机积极拒绝，无法连接。, this = 0xbb91c110
[2023-11-06 19:11:46.090] [pxr_streamer] [error] rpc_terminal.cpp:37 operator (): connect failed, error= 由于目标计算机积极拒绝，无法连接。, this = 0x703b6cb0
[2023-11-06 19:11:46.954] [pxr_streamer] [error] rpc_terminal.cpp:37 operator (): connect failed, error= 由于目标计算机积极拒绝，无法连接。, this = 0xbb91c110
[2023-11-06 19:11:49.141] [pxr_streamer] [error] rpc_terminal.cpp:37 operator (): connect failed, error= 由于目标计算机积极拒绝，无法连接。, this = 0x703b6cb0
[2023-11-06 19:11:49.982] [pxr_streamer] [error] rpc_terminal.cpp:37 operator (): connect failed, error= 由于目标计算机积极拒绝，无法连接。, this = 0xbb91c110
[2023-11-06 19:11:52.183] [pxr_streamer] [error] rpc_terminal.cpp:37 operator (): connect failed, error= 由于目标计算机积极拒绝，无法连接。, this = 0x703b6cb0
[2023-11-06 19:11:53.038] [pxr_streamer] [error] rpc_terminal.cpp:37 operator (): connect failed, error= 由于目标计算机积极拒绝，无法连接。, this = 0xbb91c110
[2023-11-06 19:11:55.220] [pxr_streamer] [error] rpc_terminal.cpp:37 operator (): connect failed, error= 由于目标计算机积极拒绝，无法连接。, this = 0x703b6cb0
[2023-11-06 19:11:56.079] [pxr_streamer] [error] rpc_terminal.cpp:37 operator (): connect failed, error= 由于目标计算机积极拒绝，无法连接。, this = 0xbb91c110
