[2023-11-02 11:26:25.152] [pxr_streamer] [info] ***********  Log Begin **********
[2023-11-02 11:26:25.153] [pxr_streamer] [info] process id= 18724
[2023-11-02 11:26:25.153] [pxr_streamer] [error] rpc_terminal.cpp:37 operator (): connect failed, error= No connection could be made because the target machine actively refused it., this = 0x4b565170
[2023-11-02 11:26:25.158] [pxr_streamer] [error] rpc_terminal.h:50 Call: invalid rpc_client_, msg = Hello, this = 0x4b565170
[2023-11-02 11:26:25.159] [pxr_streamer] [error] rpc_terminal.h:50 Call: invalid rpc_client_, msg = QueryRemoteTerminals, this = 0x4b565170
[2023-11-02 11:26:28.189] [pxr_streamer] [error] rpc_terminal.cpp:37 operator (): connect failed, error= No connection could be made because the target machine actively refused it., this = 0x4b565170
[2023-11-02 11:26:31.232] [pxr_streamer] [error] rpc_terminal.cpp:37 operator (): connect failed, error= No connection could be made because the target machine actively refused it., this = 0x4b565170
[2023-11-02 11:26:34.286] [pxr_streamer] [error] rpc_terminal.cpp:37 operator (): connect failed, error= No connection could be made because the target machine actively refused it., this = 0x4b565170
[2023-11-02 11:26:37.340] [pxr_streamer] [error] rpc_terminal.cpp:37 operator (): connect failed, error= No connection could be made because the target machine actively refused it., this = 0x4b565170
[2023-11-02 11:26:40.397] [pxr_streamer] [error] rpc_terminal.cpp:37 operator (): connect failed, error= No connection could be made because the target machine actively refused it., this = 0x4b565170
[2023-11-02 11:26:43.465] [pxr_streamer] [error] rpc_terminal.cpp:37 operator (): connect failed, error= No connection could be made because the target machine actively refused it., this = 0x4b565170
[2023-11-02 11:26:46.530] [pxr_streamer] [error] rpc_terminal.cpp:37 operator (): connect failed, error= No connection could be made because the target machine actively refused it., this = 0x4b565170
[2023-11-02 11:26:49.592] [pxr_streamer] [error] rpc_terminal.cpp:37 operator (): connect failed, error= No connection could be made because the target machine actively refused it., this = 0x4b565170
[2023-11-02 11:26:52.632] [pxr_streamer] [error] rpc_terminal.cpp:37 operator (): connect failed, error= No connection could be made because the target machine actively refused it., this = 0x4b565170
[2023-11-02 11:26:55.695] [pxr_streamer] [error] rpc_terminal.cpp:37 operator (): connect failed, error= No connection could be made because the target machine actively refused it., this = 0x4b565170
[2023-11-02 11:26:58.757] [pxr_streamer] [error] rpc_terminal.cpp:37 operator (): connect failed, error= No connection could be made because the target machine actively refused it., this = 0x4b565170
[2023-11-02 11:27:01.818] [pxr_streamer] [error] rpc_terminal.cpp:37 operator (): connect failed, error= No connection could be made because the target machine actively refused it., this = 0x4b565170
[2023-11-02 11:27:04.856] [pxr_streamer] [error] rpc_terminal.cpp:37 operator (): connect failed, error= No connection could be made because the target machine actively refused it., this = 0x4b565170
[2023-11-02 11:27:07.895] [pxr_streamer] [error] rpc_terminal.cpp:37 operator (): connect failed, error= No connection could be made because the target machine actively refused it., this = 0x4b565170
[2023-11-02 11:27:10.944] [pxr_streamer] [error] rpc_terminal.cpp:37 operator (): connect failed, error= No connection could be made because the target machine actively refused it., this = 0x4b565170
[2023-11-02 11:27:14.010] [pxr_streamer] [error] rpc_terminal.cpp:37 operator (): connect failed, error= No connection could be made because the target machine actively refused it., this = 0x4b565170
[2023-11-02 11:27:17.063] [pxr_streamer] [error] rpc_terminal.cpp:37 operator (): connect failed, error= No connection could be made because the target machine actively refused it., this = 0x4b565170
[2023-11-02 11:27:20.120] [pxr_streamer] [error] rpc_terminal.cpp:37 operator (): connect failed, error= No connection could be made because the target machine actively refused it., this = 0x4b565170
[2023-11-02 11:27:23.157] [pxr_streamer] [error] rpc_terminal.cpp:37 operator (): connect failed, error= No connection could be made because the target machine actively refused it., this = 0x4b565170
[2023-11-02 11:27:26.227] [pxr_streamer] [error] rpc_terminal.cpp:37 operator (): connect failed, error= No connection could be made because the target machine actively refused it., this = 0x4b565170
[2023-11-02 11:27:29.287] [pxr_streamer] [error] rpc_terminal.cpp:37 operator (): connect failed, error= No connection could be made because the target machine actively refused it., this = 0x4b565170
[2023-11-02 11:27:32.354] [pxr_streamer] [error] rpc_terminal.cpp:37 operator (): connect failed, error= No connection could be made because the target machine actively refused it., this = 0x4b565170
[2023-11-02 11:27:35.416] [pxr_streamer] [error] rpc_terminal.cpp:37 operator (): connect failed, error= No connection could be made because the target machine actively refused it., this = 0x4b565170
[2023-11-02 11:27:38.478] [pxr_streamer] [error] rpc_terminal.cpp:37 operator (): connect failed, error= No connection could be made because the target machine actively refused it., this = 0x4b565170
[2023-11-02 11:27:41.527] [pxr_streamer] [error] rpc_terminal.cpp:37 operator (): connect failed, error= No connection could be made because the target machine actively refused it., this = 0x4b565170
[2023-11-02 11:27:44.572] [pxr_streamer] [error] rpc_terminal.cpp:37 operator (): connect failed, error= No connection could be made because the target machine actively refused it., this = 0x4b565170
[2023-11-02 11:27:47.605] [pxr_streamer] [error] rpc_terminal.cpp:37 operator (): connect failed, error= No connection could be made because the target machine actively refused it., this = 0x4b565170
[2023-11-02 11:27:50.622] [pxr_streamer] [error] rpc_terminal.cpp:37 operator (): connect failed, error= No connection could be made because the target machine actively refused it., this = 0x4b565170
[2023-11-02 11:27:53.657] [pxr_streamer] [error] rpc_terminal.cpp:37 operator (): connect failed, error= No connection could be made because the target machine actively refused it., this = 0x4b565170
[2023-11-02 11:27:56.688] [pxr_streamer] [error] rpc_terminal.cpp:37 operator (): connect failed, error= No connection could be made because the target machine actively refused it., this = 0x4b565170
[2023-11-02 11:27:59.733] [pxr_streamer] [error] rpc_terminal.cpp:37 operator (): connect failed, error= No connection could be made because the target machine actively refused it., this = 0x4b565170
[2023-11-02 11:28:02.765] [pxr_streamer] [error] rpc_terminal.cpp:37 operator (): connect failed, error= No connection could be made because the target machine actively refused it., this = 0x4b565170
[2023-11-02 11:28:05.772] [pxr_streamer] [error] rpc_terminal.cpp:37 operator (): connect failed, error= No connection could be made because the target machine actively refused it., this = 0x4b565170
[2023-11-02 11:28:08.808] [pxr_streamer] [error] rpc_terminal.cpp:37 operator (): connect failed, error= No connection could be made because the target machine actively refused it., this = 0x4b565170
[2023-11-02 11:28:11.836] [pxr_streamer] [error] rpc_terminal.cpp:37 operator (): connect failed, error= No connection could be made because the target machine actively refused it., this = 0x4b565170
[2023-11-02 11:28:14.886] [pxr_streamer] [error] rpc_terminal.cpp:37 operator (): connect failed, error= No connection could be made because the target machine actively refused it., this = 0x4b565170
[2023-11-02 11:28:17.929] [pxr_streamer] [error] rpc_terminal.cpp:37 operator (): connect failed, error= No connection could be made because the target machine actively refused it., this = 0x4b565170
[2023-11-02 11:28:20.976] [pxr_streamer] [error] rpc_terminal.cpp:37 operator (): connect failed, error= No connection could be made because the target machine actively refused it., this = 0x4b565170
[2023-11-02 11:28:24.000] [pxr_streamer] [error] rpc_terminal.cpp:37 operator (): connect failed, error= No connection could be made because the target machine actively refused it., this = 0x4b565170
[2023-11-02 11:28:27.022] [pxr_streamer] [error] rpc_terminal.cpp:37 operator (): connect failed, error= No connection could be made because the target machine actively refused it., this = 0x4b565170
[2023-11-02 11:28:30.062] [pxr_streamer] [error] rpc_terminal.cpp:37 operator (): connect failed, error= No connection could be made because the target machine actively refused it., this = 0x4b565170
[2023-11-02 11:28:33.100] [pxr_streamer] [error] rpc_terminal.cpp:37 operator (): connect failed, error= No connection could be made because the target machine actively refused it., this = 0x4b565170
[2023-11-02 11:28:36.134] [pxr_streamer] [error] rpc_terminal.cpp:37 operator (): connect failed, error= No connection could be made because the target machine actively refused it., this = 0x4b565170
[2023-11-02 11:28:39.183] [pxr_streamer] [error] rpc_terminal.cpp:37 operator (): connect failed, error= No connection could be made because the target machine actively refused it., this = 0x4b565170
[2023-11-02 11:28:42.204] [pxr_streamer] [error] rpc_terminal.cpp:37 operator (): connect failed, error= No connection could be made because the target machine actively refused it., this = 0x4b565170
[2023-11-02 11:28:45.232] [pxr_streamer] [error] rpc_terminal.cpp:37 operator (): connect failed, error= No connection could be made because the target machine actively refused it., this = 0x4b565170
[2023-11-02 11:28:48.275] [pxr_streamer] [error] rpc_terminal.cpp:37 operator (): connect failed, error= No connection could be made because the target machine actively refused it., this = 0x4b565170
[2023-11-02 11:28:51.310] [pxr_streamer] [error] rpc_terminal.cpp:37 operator (): connect failed, error= No connection could be made because the target machine actively refused it., this = 0x4b565170
[2023-11-02 11:28:54.326] [pxr_streamer] [error] rpc_terminal.cpp:37 operator (): connect failed, error= No connection could be made because the target machine actively refused it., this = 0x4b565170
[2023-11-02 11:28:57.354] [pxr_streamer] [error] rpc_terminal.cpp:37 operator (): connect failed, error= No connection could be made because the target machine actively refused it., this = 0x4b565170
[2023-11-02 11:29:00.367] [pxr_streamer] [error] rpc_terminal.cpp:37 operator (): connect failed, error= No connection could be made because the target machine actively refused it., this = 0x4b565170
[2023-11-02 11:29:03.428] [pxr_streamer] [error] rpc_terminal.cpp:37 operator (): connect failed, error= No connection could be made because the target machine actively refused it., this = 0x4b565170
[2023-11-02 11:29:06.455] [pxr_streamer] [error] rpc_terminal.cpp:37 operator (): connect failed, error= No connection could be made because the target machine actively refused it., this = 0x4b565170
[2023-11-02 11:29:09.477] [pxr_streamer] [error] rpc_terminal.cpp:37 operator (): connect failed, error= No connection could be made because the target machine actively refused it., this = 0x4b565170
[2023-11-02 11:29:12.536] [pxr_streamer] [error] rpc_terminal.cpp:37 operator (): connect failed, error= No connection could be made because the target machine actively refused it., this = 0x4b565170
[2023-11-02 11:29:15.594] [pxr_streamer] [error] rpc_terminal.cpp:37 operator (): connect failed, error= No connection could be made because the target machine actively refused it., this = 0x4b565170
[2023-11-02 11:29:18.630] [pxr_streamer] [error] rpc_terminal.cpp:37 operator (): connect failed, error= No connection could be made because the target machine actively refused it., this = 0x4b565170
[2023-11-02 11:29:21.666] [pxr_streamer] [error] rpc_terminal.cpp:37 operator (): connect failed, error= No connection could be made because the target machine actively refused it., this = 0x4b565170
[2023-11-02 11:29:24.698] [pxr_streamer] [error] rpc_terminal.cpp:37 operator (): connect failed, error= No connection could be made because the target machine actively refused it., this = 0x4b565170
[2023-11-02 11:29:27.739] [pxr_streamer] [error] rpc_terminal.cpp:37 operator (): connect failed, error= No connection could be made because the target machine actively refused it., this = 0x4b565170
[2023-11-02 11:29:30.760] [pxr_streamer] [error] rpc_terminal.cpp:37 operator (): connect failed, error= No connection could be made because the target machine actively refused it., this = 0x4b565170
[2023-11-02 11:29:33.812] [pxr_streamer] [error] rpc_terminal.cpp:37 operator (): connect failed, error= No connection could be made because the target machine actively refused it., this = 0x4b565170
[2023-11-02 11:29:36.831] [pxr_streamer] [error] rpc_terminal.cpp:37 operator (): connect failed, error= No connection could be made because the target machine actively refused it., this = 0x4b565170
[2023-11-02 11:29:39.889] [pxr_streamer] [error] rpc_terminal.cpp:37 operator (): connect failed, error= No connection could be made because the target machine actively refused it., this = 0x4b565170
[2023-11-02 11:29:42.919] [pxr_streamer] [error] rpc_terminal.cpp:37 operator (): connect failed, error= No connection could be made because the target machine actively refused it., this = 0x4b565170
[2023-11-02 11:29:45.947] [pxr_streamer] [error] rpc_terminal.cpp:37 operator (): connect failed, error= No connection could be made because the target machine actively refused it., this = 0x4b565170
[2023-11-02 11:29:48.998] [pxr_streamer] [error] rpc_terminal.cpp:37 operator (): connect failed, error= No connection could be made because the target machine actively refused it., this = 0x4b565170
[2023-11-02 11:29:52.069] [pxr_streamer] [error] rpc_terminal.cpp:37 operator (): connect failed, error= No connection could be made because the target machine actively refused it., this = 0x4b565170
[2023-11-02 11:29:55.091] [pxr_streamer] [error] rpc_terminal.cpp:37 operator (): connect failed, error= No connection could be made because the target machine actively refused it., this = 0x4b565170
[2023-11-02 11:29:58.135] [pxr_streamer] [error] rpc_terminal.cpp:37 operator (): connect failed, error= No connection could be made because the target machine actively refused it., this = 0x4b565170
[2023-11-02 11:30:01.188] [pxr_streamer] [error] rpc_terminal.cpp:37 operator (): connect failed, error= No connection could be made because the target machine actively refused it., this = 0x4b565170
[2023-11-02 11:30:04.233] [pxr_streamer] [error] rpc_terminal.cpp:37 operator (): connect failed, error= No connection could be made because the target machine actively refused it., this = 0x4b565170
[2023-11-02 11:30:07.243] [pxr_streamer] [error] rpc_terminal.cpp:37 operator (): connect failed, error= No connection could be made because the target machine actively refused it., this = 0x4b565170
[2023-11-02 11:30:10.280] [pxr_streamer] [error] rpc_terminal.cpp:37 operator (): connect failed, error= No connection could be made because the target machine actively refused it., this = 0x4b565170
[2023-11-02 11:30:13.298] [pxr_streamer] [error] rpc_terminal.cpp:37 operator (): connect failed, error= No connection could be made because the target machine actively refused it., this = 0x4b565170
[2023-11-02 11:30:16.341] [pxr_streamer] [error] rpc_terminal.cpp:37 operator (): connect failed, error= No connection could be made because the target machine actively refused it., this = 0x4b565170
[2023-11-02 11:30:19.375] [pxr_streamer] [error] rpc_terminal.cpp:37 operator (): connect failed, error= No connection could be made because the target machine actively refused it., this = 0x4b565170
[2023-11-02 11:30:22.406] [pxr_streamer] [error] rpc_terminal.cpp:37 operator (): connect failed, error= No connection could be made because the target machine actively refused it., this = 0x4b565170
[2023-11-02 11:30:25.452] [pxr_streamer] [error] rpc_terminal.cpp:37 operator (): connect failed, error= No connection could be made because the target machine actively refused it., this = 0x4b565170
[2023-11-02 11:30:28.507] [pxr_streamer] [error] rpc_terminal.cpp:37 operator (): connect failed, error= No connection could be made because the target machine actively refused it., this = 0x4b565170
[2023-11-02 11:30:31.553] [pxr_streamer] [error] rpc_terminal.cpp:37 operator (): connect failed, error= No connection could be made because the target machine actively refused it., this = 0x4b565170
[2023-11-02 11:30:34.580] [pxr_streamer] [error] rpc_terminal.cpp:37 operator (): connect failed, error= No connection could be made because the target machine actively refused it., this = 0x4b565170
[2023-11-02 11:30:37.623] [pxr_streamer] [error] rpc_terminal.cpp:37 operator (): connect failed, error= No connection could be made because the target machine actively refused it., this = 0x4b565170
[2023-11-02 11:30:40.691] [pxr_streamer] [error] rpc_terminal.cpp:37 operator (): connect failed, error= No connection could be made because the target machine actively refused it., this = 0x4b565170
[2023-11-02 11:30:43.755] [pxr_streamer] [error] rpc_terminal.cpp:37 operator (): connect failed, error= No connection could be made because the target machine actively refused it., this = 0x4b565170
[2023-11-02 11:30:46.806] [pxr_streamer] [error] rpc_terminal.cpp:37 operator (): connect failed, error= No connection could be made because the target machine actively refused it., this = 0x4b565170
[2023-11-02 11:30:49.870] [pxr_streamer] [error] rpc_terminal.cpp:37 operator (): connect failed, error= No connection could be made because the target machine actively refused it., this = 0x4b565170
[2023-11-02 11:30:52.894] [pxr_streamer] [error] rpc_terminal.cpp:37 operator (): connect failed, error= No connection could be made because the target machine actively refused it., this = 0x4b565170
[2023-11-02 11:30:55.958] [pxr_streamer] [error] rpc_terminal.cpp:37 operator (): connect failed, error= No connection could be made because the target machine actively refused it., this = 0x4b565170
[2023-11-02 11:30:59.001] [pxr_streamer] [error] rpc_terminal.cpp:37 operator (): connect failed, error= No connection could be made because the target machine actively refused it., this = 0x4b565170
[2023-11-02 11:31:02.057] [pxr_streamer] [error] rpc_terminal.cpp:37 operator (): connect failed, error= No connection could be made because the target machine actively refused it., this = 0x4b565170
[2023-11-02 11:31:05.100] [pxr_streamer] [error] rpc_terminal.cpp:37 operator (): connect failed, error= No connection could be made because the target machine actively refused it., this = 0x4b565170
[2023-11-02 11:31:08.154] [pxr_streamer] [error] rpc_terminal.cpp:37 operator (): connect failed, error= No connection could be made because the target machine actively refused it., this = 0x4b565170
[2023-11-02 11:31:11.198] [pxr_streamer] [error] rpc_terminal.cpp:37 operator (): connect failed, error= No connection could be made because the target machine actively refused it., this = 0x4b565170
[2023-11-02 11:31:14.266] [pxr_streamer] [error] rpc_terminal.cpp:37 operator (): connect failed, error= No connection could be made because the target machine actively refused it., this = 0x4b565170
[2023-11-02 11:31:17.322] [pxr_streamer] [error] rpc_terminal.cpp:37 operator (): connect failed, error= No connection could be made because the target machine actively refused it., this = 0x4b565170
[2023-11-02 11:31:20.381] [pxr_streamer] [error] rpc_terminal.cpp:37 operator (): connect failed, error= No connection could be made because the target machine actively refused it., this = 0x4b565170
[2023-11-02 11:31:23.449] [pxr_streamer] [error] rpc_terminal.cpp:37 operator (): connect failed, error= No connection could be made because the target machine actively refused it., this = 0x4b565170
[2023-11-02 11:31:26.510] [pxr_streamer] [error] rpc_terminal.cpp:37 operator (): connect failed, error= No connection could be made because the target machine actively refused it., this = 0x4b565170
[2023-11-02 11:31:29.566] [pxr_streamer] [error] rpc_terminal.cpp:37 operator (): connect failed, error= No connection could be made because the target machine actively refused it., this = 0x4b565170
[2023-11-02 11:31:32.606] [pxr_streamer] [error] rpc_terminal.cpp:37 operator (): connect failed, error= No connection could be made because the target machine actively refused it., this = 0x4b565170
[2023-11-02 11:31:35.663] [pxr_streamer] [error] rpc_terminal.cpp:37 operator (): connect failed, error= No connection could be made because the target machine actively refused it., this = 0x4b565170
[2023-11-02 11:31:38.716] [pxr_streamer] [error] rpc_terminal.cpp:37 operator (): connect failed, error= No connection could be made because the target machine actively refused it., this = 0x4b565170
[2023-11-02 11:31:41.771] [pxr_streamer] [error] rpc_terminal.cpp:37 operator (): connect failed, error= No connection could be made because the target machine actively refused it., this = 0x4b565170
[2023-11-02 11:31:44.851] [pxr_streamer] [error] rpc_terminal.cpp:37 operator (): connect failed, error= No connection could be made because the target machine actively refused it., this = 0x4b565170
[2023-11-02 11:31:47.898] [pxr_streamer] [error] rpc_terminal.cpp:37 operator (): connect failed, error= No connection could be made because the target machine actively refused it., this = 0x4b565170
[2023-11-02 11:31:50.933] [pxr_streamer] [error] rpc_terminal.cpp:37 operator (): connect failed, error= No connection could be made because the target machine actively refused it., this = 0x4b565170
[2023-11-02 11:31:53.986] [pxr_streamer] [error] rpc_terminal.cpp:37 operator (): connect failed, error= No connection could be made because the target machine actively refused it., this = 0x4b565170
[2023-11-02 11:31:57.057] [pxr_streamer] [error] rpc_terminal.cpp:37 operator (): connect failed, error= No connection could be made because the target machine actively refused it., this = 0x4b565170
[2023-11-02 11:32:00.098] [pxr_streamer] [error] rpc_terminal.cpp:37 operator (): connect failed, error= No connection could be made because the target machine actively refused it., this = 0x4b565170
[2023-11-02 11:32:03.145] [pxr_streamer] [error] rpc_terminal.cpp:37 operator (): connect failed, error= No connection could be made because the target machine actively refused it., this = 0x4b565170
[2023-11-02 11:33:24.740] [pxr_streamer] [error] rpc_terminal.cpp:37 operator (): connect failed, error= No connection could be made because the target machine actively refused it., this = 0x33fe8740
[2023-11-02 11:33:24.747] [pxr_streamer] [error] rpc_terminal.h:50 Call: invalid rpc_client_, msg = Hello, this = 0x33fe8740
[2023-11-02 11:33:24.747] [pxr_streamer] [error] rpc_terminal.h:50 Call: invalid rpc_client_, msg = QueryRemoteTerminals, this = 0x33fe8740
[2023-11-02 11:33:27.760] [pxr_streamer] [error] rpc_terminal.cpp:37 operator (): connect failed, error= No connection could be made because the target machine actively refused it., this = 0x33fe8740
[2023-11-02 11:33:30.814] [pxr_streamer] [error] rpc_terminal.cpp:37 operator (): connect failed, error= No connection could be made because the target machine actively refused it., this = 0x33fe8740
[2023-11-02 11:33:33.850] [pxr_streamer] [error] rpc_terminal.cpp:37 operator (): connect failed, error= No connection could be made because the target machine actively refused it., this = 0x33fe8740
[2023-11-02 11:33:36.906] [pxr_streamer] [error] rpc_terminal.cpp:37 operator (): connect failed, error= No connection could be made because the target machine actively refused it., this = 0x33fe8740
[2023-11-02 11:33:39.937] [pxr_streamer] [error] rpc_terminal.cpp:37 operator (): connect failed, error= No connection could be made because the target machine actively refused it., this = 0x33fe8740
[2023-11-02 11:33:42.974] [pxr_streamer] [error] rpc_terminal.cpp:37 operator (): connect failed, error= No connection could be made because the target machine actively refused it., this = 0x33fe8740
[2023-11-02 11:33:46.022] [pxr_streamer] [error] rpc_terminal.cpp:37 operator (): connect failed, error= No connection could be made because the target machine actively refused it., this = 0x33fe8740
[2023-11-02 11:33:49.059] [pxr_streamer] [error] rpc_terminal.cpp:37 operator (): connect failed, error= No connection could be made because the target machine actively refused it., this = 0x33fe8740
[2023-11-02 11:33:52.102] [pxr_streamer] [error] rpc_terminal.cpp:37 operator (): connect failed, error= No connection could be made because the target machine actively refused it., this = 0x33fe8740
[2023-11-02 11:33:55.142] [pxr_streamer] [error] rpc_terminal.cpp:37 operator (): connect failed, error= No connection could be made because the target machine actively refused it., this = 0x33fe8740
[2023-11-02 11:33:58.190] [pxr_streamer] [error] rpc_terminal.cpp:37 operator (): connect failed, error= No connection could be made because the target machine actively refused it., this = 0x33fe8740
[2023-11-02 11:34:01.208] [pxr_streamer] [error] rpc_terminal.cpp:37 operator (): connect failed, error= No connection could be made because the target machine actively refused it., this = 0x33fe8740
[2023-11-02 11:34:04.270] [pxr_streamer] [error] rpc_terminal.cpp:37 operator (): connect failed, error= No connection could be made because the target machine actively refused it., this = 0x33fe8740
[2023-11-02 11:34:07.327] [pxr_streamer] [error] rpc_terminal.cpp:37 operator (): connect failed, error= No connection could be made because the target machine actively refused it., this = 0x33fe8740
[2023-11-02 11:34:10.350] [pxr_streamer] [error] rpc_terminal.cpp:37 operator (): connect failed, error= No connection could be made because the target machine actively refused it., this = 0x33fe8740
[2023-11-02 11:34:13.381] [pxr_streamer] [error] rpc_terminal.cpp:37 operator (): connect failed, error= No connection could be made because the target machine actively refused it., this = 0x33fe8740
[2023-11-02 11:34:16.400] [pxr_streamer] [error] rpc_terminal.cpp:37 operator (): connect failed, error= No connection could be made because the target machine actively refused it., this = 0x33fe8740
[2023-11-02 11:34:19.428] [pxr_streamer] [error] rpc_terminal.cpp:37 operator (): connect failed, error= No connection could be made because the target machine actively refused it., this = 0x33fe8740
[2023-11-02 11:34:22.457] [pxr_streamer] [error] rpc_terminal.cpp:37 operator (): connect failed, error= No connection could be made because the target machine actively refused it., this = 0x33fe8740
[2023-11-02 11:34:25.481] [pxr_streamer] [error] rpc_terminal.cpp:37 operator (): connect failed, error= No connection could be made because the target machine actively refused it., this = 0x33fe8740
[2023-11-02 11:34:28.495] [pxr_streamer] [error] rpc_terminal.cpp:37 operator (): connect failed, error= No connection could be made because the target machine actively refused it., this = 0x33fe8740
[2023-11-02 11:34:31.544] [pxr_streamer] [error] rpc_terminal.cpp:37 operator (): connect failed, error= No connection could be made because the target machine actively refused it., this = 0x33fe8740
[2023-11-02 11:34:34.575] [pxr_streamer] [error] rpc_terminal.cpp:37 operator (): connect failed, error= No connection could be made because the target machine actively refused it., this = 0x33fe8740
[2023-11-02 11:34:37.617] [pxr_streamer] [error] rpc_terminal.cpp:37 operator (): connect failed, error= No connection could be made because the target machine actively refused it., this = 0x33fe8740
[2023-11-02 11:34:40.651] [pxr_streamer] [error] rpc_terminal.cpp:37 operator (): connect failed, error= No connection could be made because the target machine actively refused it., this = 0x33fe8740
[2023-11-02 11:34:43.670] [pxr_streamer] [error] rpc_terminal.cpp:37 operator (): connect failed, error= No connection could be made because the target machine actively refused it., this = 0x33fe8740
[2023-11-02 11:34:46.706] [pxr_streamer] [error] rpc_terminal.cpp:37 operator (): connect failed, error= No connection could be made because the target machine actively refused it., this = 0x33fe8740
[2023-11-02 11:34:49.753] [pxr_streamer] [error] rpc_terminal.cpp:37 operator (): connect failed, error= No connection could be made because the target machine actively refused it., this = 0x33fe8740
[2023-11-02 11:34:52.797] [pxr_streamer] [error] rpc_terminal.cpp:37 operator (): connect failed, error= No connection could be made because the target machine actively refused it., this = 0x33fe8740
[2023-11-02 11:34:55.847] [pxr_streamer] [error] rpc_terminal.cpp:37 operator (): connect failed, error= No connection could be made because the target machine actively refused it., this = 0x33fe8740
[2023-11-02 11:34:58.900] [pxr_streamer] [error] rpc_terminal.cpp:37 operator (): connect failed, error= No connection could be made because the target machine actively refused it., this = 0x33fe8740
[2023-11-02 11:35:01.940] [pxr_streamer] [error] rpc_terminal.cpp:37 operator (): connect failed, error= No connection could be made because the target machine actively refused it., this = 0x33fe8740
[2023-11-02 11:35:04.994] [pxr_streamer] [error] rpc_terminal.cpp:37 operator (): connect failed, error= No connection could be made because the target machine actively refused it., this = 0x33fe8740
[2023-11-02 11:35:08.051] [pxr_streamer] [error] rpc_terminal.cpp:37 operator (): connect failed, error= No connection could be made because the target machine actively refused it., this = 0x33fe8740
[2023-11-02 11:35:11.102] [pxr_streamer] [error] rpc_terminal.cpp:37 operator (): connect failed, error= No connection could be made because the target machine actively refused it., this = 0x33fe8740
[2023-11-02 11:35:14.164] [pxr_streamer] [error] rpc_terminal.cpp:37 operator (): connect failed, error= No connection could be made because the target machine actively refused it., this = 0x33fe8740
[2023-11-02 11:35:17.193] [pxr_streamer] [error] rpc_terminal.cpp:37 operator (): connect failed, error= No connection could be made because the target machine actively refused it., this = 0x33fe8740
[2023-11-02 11:35:20.262] [pxr_streamer] [error] rpc_terminal.cpp:37 operator (): connect failed, error= No connection could be made because the target machine actively refused it., this = 0x33fe8740
[2023-11-02 11:35:23.297] [pxr_streamer] [error] rpc_terminal.cpp:37 operator (): connect failed, error= No connection could be made because the target machine actively refused it., this = 0x33fe8740
[2023-11-02 11:35:26.337] [pxr_streamer] [error] rpc_terminal.cpp:37 operator (): connect failed, error= No connection could be made because the target machine actively refused it., this = 0x33fe8740
[2023-11-02 11:35:29.397] [pxr_streamer] [error] rpc_terminal.cpp:37 operator (): connect failed, error= No connection could be made because the target machine actively refused it., this = 0x33fe8740
[2023-11-02 11:35:32.431] [pxr_streamer] [error] rpc_terminal.cpp:37 operator (): connect failed, error= No connection could be made because the target machine actively refused it., this = 0x33fe8740
[2023-11-02 11:35:35.474] [pxr_streamer] [error] rpc_terminal.cpp:37 operator (): connect failed, error= No connection could be made because the target machine actively refused it., this = 0x33fe8740
[2023-11-02 11:35:38.531] [pxr_streamer] [error] rpc_terminal.cpp:37 operator (): connect failed, error= No connection could be made because the target machine actively refused it., this = 0x33fe8740
[2023-11-02 11:35:41.586] [pxr_streamer] [error] rpc_terminal.cpp:37 operator (): connect failed, error= No connection could be made because the target machine actively refused it., this = 0x33fe8740
[2023-11-02 11:35:44.624] [pxr_streamer] [error] rpc_terminal.cpp:37 operator (): connect failed, error= No connection could be made because the target machine actively refused it., this = 0x33fe8740
[2023-11-02 11:35:47.645] [pxr_streamer] [error] rpc_terminal.cpp:37 operator (): connect failed, error= No connection could be made because the target machine actively refused it., this = 0x33fe8740
[2023-11-02 11:35:50.680] [pxr_streamer] [error] rpc_terminal.cpp:37 operator (): connect failed, error= No connection could be made because the target machine actively refused it., this = 0x33fe8740
[2023-11-02 11:35:53.722] [pxr_streamer] [error] rpc_terminal.cpp:37 operator (): connect failed, error= No connection could be made because the target machine actively refused it., this = 0x33fe8740
[2023-11-02 11:35:56.778] [pxr_streamer] [error] rpc_terminal.cpp:37 operator (): connect failed, error= No connection could be made because the target machine actively refused it., this = 0x33fe8740
[2023-11-02 11:35:59.799] [pxr_streamer] [error] rpc_terminal.cpp:37 operator (): connect failed, error= No connection could be made because the target machine actively refused it., this = 0x33fe8740
[2023-11-02 11:36:02.845] [pxr_streamer] [error] rpc_terminal.cpp:37 operator (): connect failed, error= No connection could be made because the target machine actively refused it., this = 0x33fe8740
[2023-11-02 11:36:05.895] [pxr_streamer] [error] rpc_terminal.cpp:37 operator (): connect failed, error= No connection could be made because the target machine actively refused it., this = 0x33fe8740
[2023-11-02 11:36:08.911] [pxr_streamer] [error] rpc_terminal.cpp:37 operator (): connect failed, error= No connection could be made because the target machine actively refused it., this = 0x33fe8740
[2023-11-02 11:36:11.955] [pxr_streamer] [error] rpc_terminal.cpp:37 operator (): connect failed, error= No connection could be made because the target machine actively refused it., this = 0x33fe8740
[2023-11-02 11:36:14.987] [pxr_streamer] [error] rpc_terminal.cpp:37 operator (): connect failed, error= No connection could be made because the target machine actively refused it., this = 0x33fe8740
[2023-11-02 11:36:18.042] [pxr_streamer] [error] rpc_terminal.cpp:37 operator (): connect failed, error= No connection could be made because the target machine actively refused it., this = 0x33fe8740
[2023-11-02 11:36:21.085] [pxr_streamer] [error] rpc_terminal.cpp:37 operator (): connect failed, error= No connection could be made because the target machine actively refused it., this = 0x33fe8740
[2023-11-02 11:36:24.141] [pxr_streamer] [error] rpc_terminal.cpp:37 operator (): connect failed, error= No connection could be made because the target machine actively refused it., this = 0x33fe8740
[2023-11-02 11:36:27.194] [pxr_streamer] [error] rpc_terminal.cpp:37 operator (): connect failed, error= No connection could be made because the target machine actively refused it., this = 0x33fe8740
[2023-11-02 11:36:30.247] [pxr_streamer] [error] rpc_terminal.cpp:37 operator (): connect failed, error= No connection could be made because the target machine actively refused it., this = 0x33fe8740
[2023-11-02 11:36:33.314] [pxr_streamer] [error] rpc_terminal.cpp:37 operator (): connect failed, error= No connection could be made because the target machine actively refused it., this = 0x33fe8740
[2023-11-02 11:36:36.370] [pxr_streamer] [error] rpc_terminal.cpp:37 operator (): connect failed, error= No connection could be made because the target machine actively refused it., this = 0x33fe8740
[2023-11-02 11:36:39.440] [pxr_streamer] [error] rpc_terminal.cpp:37 operator (): connect failed, error= No connection could be made because the target machine actively refused it., this = 0x33fe8740
[2023-11-02 11:36:42.490] [pxr_streamer] [error] rpc_terminal.cpp:37 operator (): connect failed, error= No connection could be made because the target machine actively refused it., this = 0x33fe8740
[2023-11-02 11:36:45.509] [pxr_streamer] [error] rpc_terminal.cpp:37 operator (): connect failed, error= No connection could be made because the target machine actively refused it., this = 0x33fe8740
[2023-11-02 11:36:48.569] [pxr_streamer] [error] rpc_terminal.cpp:37 operator (): connect failed, error= No connection could be made because the target machine actively refused it., this = 0x33fe8740
[2023-11-02 11:36:51.634] [pxr_streamer] [error] rpc_terminal.cpp:37 operator (): connect failed, error= No connection could be made because the target machine actively refused it., this = 0x33fe8740
[2023-11-02 11:36:54.700] [pxr_streamer] [error] rpc_terminal.cpp:37 operator (): connect failed, error= No connection could be made because the target machine actively refused it., this = 0x33fe8740
[2023-11-02 11:36:57.765] [pxr_streamer] [error] rpc_terminal.cpp:37 operator (): connect failed, error= No connection could be made because the target machine actively refused it., this = 0x33fe8740
[2023-11-02 11:37:00.816] [pxr_streamer] [error] rpc_terminal.cpp:37 operator (): connect failed, error= No connection could be made because the target machine actively refused it., this = 0x33fe8740
[2023-11-02 11:37:03.877] [pxr_streamer] [error] rpc_terminal.cpp:37 operator (): connect failed, error= No connection could be made because the target machine actively refused it., this = 0x33fe8740
[2023-11-02 11:37:06.908] [pxr_streamer] [error] rpc_terminal.cpp:37 operator (): connect failed, error= No connection could be made because the target machine actively refused it., this = 0x33fe8740
[2023-11-02 11:37:09.956] [pxr_streamer] [error] rpc_terminal.cpp:37 operator (): connect failed, error= No connection could be made because the target machine actively refused it., this = 0x33fe8740
[2023-11-02 11:37:13.027] [pxr_streamer] [error] rpc_terminal.cpp:37 operator (): connect failed, error= No connection could be made because the target machine actively refused it., this = 0x33fe8740
[2023-11-02 11:37:16.072] [pxr_streamer] [error] rpc_terminal.cpp:37 operator (): connect failed, error= No connection could be made because the target machine actively refused it., this = 0x33fe8740
[2023-11-02 11:37:19.143] [pxr_streamer] [error] rpc_terminal.cpp:37 operator (): connect failed, error= No connection could be made because the target machine actively refused it., this = 0x33fe8740
[2023-11-02 11:37:22.195] [pxr_streamer] [error] rpc_terminal.cpp:37 operator (): connect failed, error= No connection could be made because the target machine actively refused it., this = 0x33fe8740
[2023-11-02 11:37:25.242] [pxr_streamer] [error] rpc_terminal.cpp:37 operator (): connect failed, error= No connection could be made because the target machine actively refused it., this = 0x33fe8740
[2023-11-02 11:37:28.282] [pxr_streamer] [error] rpc_terminal.cpp:37 operator (): connect failed, error= No connection could be made because the target machine actively refused it., this = 0x33fe8740
[2023-11-02 11:37:31.319] [pxr_streamer] [error] rpc_terminal.cpp:37 operator (): connect failed, error= No connection could be made because the target machine actively refused it., this = 0x33fe8740
[2023-11-02 11:37:34.371] [pxr_streamer] [error] rpc_terminal.cpp:37 operator (): connect failed, error= No connection could be made because the target machine actively refused it., this = 0x33fe8740
[2023-11-02 11:37:37.420] [pxr_streamer] [error] rpc_terminal.cpp:37 operator (): connect failed, error= No connection could be made because the target machine actively refused it., this = 0x33fe8740
[2023-11-02 11:37:40.461] [pxr_streamer] [error] rpc_terminal.cpp:37 operator (): connect failed, error= No connection could be made because the target machine actively refused it., this = 0x33fe8740
[2023-11-02 11:37:43.518] [pxr_streamer] [error] rpc_terminal.cpp:37 operator (): connect failed, error= No connection could be made because the target machine actively refused it., this = 0x33fe8740
[2023-11-02 11:37:46.555] [pxr_streamer] [error] rpc_terminal.cpp:37 operator (): connect failed, error= No connection could be made because the target machine actively refused it., this = 0x33fe8740
[2023-11-02 11:37:49.615] [pxr_streamer] [error] rpc_terminal.cpp:37 operator (): connect failed, error= No connection could be made because the target machine actively refused it., this = 0x33fe8740
[2023-11-02 11:37:52.651] [pxr_streamer] [error] rpc_terminal.cpp:37 operator (): connect failed, error= No connection could be made because the target machine actively refused it., this = 0x33fe8740
[2023-11-02 11:37:55.709] [pxr_streamer] [error] rpc_terminal.cpp:37 operator (): connect failed, error= No connection could be made because the target machine actively refused it., this = 0x33fe8740
[2023-11-02 11:37:58.762] [pxr_streamer] [error] rpc_terminal.cpp:37 operator (): connect failed, error= No connection could be made because the target machine actively refused it., this = 0x33fe8740
[2023-11-02 11:38:01.795] [pxr_streamer] [error] rpc_terminal.cpp:37 operator (): connect failed, error= No connection could be made because the target machine actively refused it., this = 0x33fe8740
[2023-11-02 11:38:04.836] [pxr_streamer] [error] rpc_terminal.cpp:37 operator (): connect failed, error= No connection could be made because the target machine actively refused it., this = 0x33fe8740
[2023-11-02 11:38:07.875] [pxr_streamer] [error] rpc_terminal.cpp:37 operator (): connect failed, error= No connection could be made because the target machine actively refused it., this = 0x33fe8740
[2023-11-02 11:38:10.945] [pxr_streamer] [error] rpc_terminal.cpp:37 operator (): connect failed, error= No connection could be made because the target machine actively refused it., this = 0x33fe8740
[2023-11-02 11:38:14.003] [pxr_streamer] [error] rpc_terminal.cpp:37 operator (): connect failed, error= No connection could be made because the target machine actively refused it., this = 0x33fe8740
[2023-11-02 11:38:17.066] [pxr_streamer] [error] rpc_terminal.cpp:37 operator (): connect failed, error= No connection could be made because the target machine actively refused it., this = 0x33fe8740
[2023-11-02 11:38:20.117] [pxr_streamer] [error] rpc_terminal.cpp:37 operator (): connect failed, error= No connection could be made because the target machine actively refused it., this = 0x33fe8740
[2023-11-02 11:38:23.141] [pxr_streamer] [error] rpc_terminal.cpp:37 operator (): connect failed, error= No connection could be made because the target machine actively refused it., this = 0x33fe8740
[2023-11-02 11:38:26.202] [pxr_streamer] [error] rpc_terminal.cpp:37 operator (): connect failed, error= No connection could be made because the target machine actively refused it., this = 0x33fe8740
[2023-11-02 11:38:29.268] [pxr_streamer] [error] rpc_terminal.cpp:37 operator (): connect failed, error= No connection could be made because the target machine actively refused it., this = 0x33fe8740
[2023-11-02 11:38:32.330] [pxr_streamer] [error] rpc_terminal.cpp:37 operator (): connect failed, error= No connection could be made because the target machine actively refused it., this = 0x33fe8740
[2023-11-02 11:38:35.378] [pxr_streamer] [error] rpc_terminal.cpp:37 operator (): connect failed, error= No connection could be made because the target machine actively refused it., this = 0x33fe8740
[2023-11-02 11:38:38.421] [pxr_streamer] [error] rpc_terminal.cpp:37 operator (): connect failed, error= No connection could be made because the target machine actively refused it., this = 0x33fe8740
[2023-11-02 11:38:41.451] [pxr_streamer] [error] rpc_terminal.cpp:37 operator (): connect failed, error= No connection could be made because the target machine actively refused it., this = 0x33fe8740
[2023-11-02 11:38:44.492] [pxr_streamer] [error] rpc_terminal.cpp:37 operator (): connect failed, error= No connection could be made because the target machine actively refused it., this = 0x33fe8740
[2023-11-02 11:38:47.524] [pxr_streamer] [error] rpc_terminal.cpp:37 operator (): connect failed, error= No connection could be made because the target machine actively refused it., this = 0x33fe8740
[2023-11-02 11:38:50.553] [pxr_streamer] [error] rpc_terminal.cpp:37 operator (): connect failed, error= No connection could be made because the target machine actively refused it., this = 0x33fe8740
[2023-11-02 11:38:53.624] [pxr_streamer] [error] rpc_terminal.cpp:37 operator (): connect failed, error= No connection could be made because the target machine actively refused it., this = 0x33fe8740
[2023-11-02 11:38:56.668] [pxr_streamer] [error] rpc_terminal.cpp:37 operator (): connect failed, error= No connection could be made because the target machine actively refused it., this = 0x33fe8740
[2023-11-02 11:38:59.724] [pxr_streamer] [error] rpc_terminal.cpp:37 operator (): connect failed, error= No connection could be made because the target machine actively refused it., this = 0x33fe8740
[2023-11-02 11:39:02.766] [pxr_streamer] [error] rpc_terminal.cpp:37 operator (): connect failed, error= No connection could be made because the target machine actively refused it., this = 0x33fe8740
[2023-11-02 11:39:05.799] [pxr_streamer] [error] rpc_terminal.cpp:37 operator (): connect failed, error= No connection could be made because the target machine actively refused it., this = 0x33fe8740
[2023-11-02 11:39:08.848] [pxr_streamer] [error] rpc_terminal.cpp:37 operator (): connect failed, error= No connection could be made because the target machine actively refused it., this = 0x33fe8740
[2023-11-02 11:39:11.899] [pxr_streamer] [error] rpc_terminal.cpp:37 operator (): connect failed, error= No connection could be made because the target machine actively refused it., this = 0x33fe8740
[2023-11-02 11:39:14.946] [pxr_streamer] [error] rpc_terminal.cpp:37 operator (): connect failed, error= No connection could be made because the target machine actively refused it., this = 0x33fe8740
[2023-11-02 11:39:17.979] [pxr_streamer] [error] rpc_terminal.cpp:37 operator (): connect failed, error= No connection could be made because the target machine actively refused it., this = 0x33fe8740
[2023-11-02 11:39:21.026] [pxr_streamer] [error] rpc_terminal.cpp:37 operator (): connect failed, error= No connection could be made because the target machine actively refused it., this = 0x33fe8740
[2023-11-02 11:39:24.093] [pxr_streamer] [error] rpc_terminal.cpp:37 operator (): connect failed, error= No connection could be made because the target machine actively refused it., this = 0x33fe8740
[2023-11-02 11:39:27.146] [pxr_streamer] [error] rpc_terminal.cpp:37 operator (): connect failed, error= No connection could be made because the target machine actively refused it., this = 0x33fe8740
[2023-11-02 11:39:30.205] [pxr_streamer] [error] rpc_terminal.cpp:37 operator (): connect failed, error= No connection could be made because the target machine actively refused it., this = 0x33fe8740
[2023-11-02 11:39:33.247] [pxr_streamer] [error] rpc_terminal.cpp:37 operator (): connect failed, error= No connection could be made because the target machine actively refused it., this = 0x33fe8740
[2023-11-02 11:39:36.317] [pxr_streamer] [error] rpc_terminal.cpp:37 operator (): connect failed, error= No connection could be made because the target machine actively refused it., this = 0x33fe8740
[2023-11-02 11:39:39.367] [pxr_streamer] [error] rpc_terminal.cpp:37 operator (): connect failed, error= No connection could be made because the target machine actively refused it., this = 0x33fe8740
[2023-11-02 11:39:42.436] [pxr_streamer] [error] rpc_terminal.cpp:37 operator (): connect failed, error= No connection could be made because the target machine actively refused it., this = 0x33fe8740
[2023-11-02 11:39:45.507] [pxr_streamer] [error] rpc_terminal.cpp:37 operator (): connect failed, error= No connection could be made because the target machine actively refused it., this = 0x33fe8740
[2023-11-02 11:39:48.581] [pxr_streamer] [error] rpc_terminal.cpp:37 operator (): connect failed, error= No connection could be made because the target machine actively refused it., this = 0x33fe8740
[2023-11-02 11:39:51.646] [pxr_streamer] [error] rpc_terminal.cpp:37 operator (): connect failed, error= No connection could be made because the target machine actively refused it., this = 0x33fe8740
[2023-11-02 11:39:54.698] [pxr_streamer] [error] rpc_terminal.cpp:37 operator (): connect failed, error= No connection could be made because the target machine actively refused it., this = 0x33fe8740
[2023-11-02 11:39:57.746] [pxr_streamer] [error] rpc_terminal.cpp:37 operator (): connect failed, error= No connection could be made because the target machine actively refused it., this = 0x33fe8740
[2023-11-02 11:40:00.781] [pxr_streamer] [error] rpc_terminal.cpp:37 operator (): connect failed, error= No connection could be made because the target machine actively refused it., this = 0x33fe8740
[2023-11-02 11:40:03.809] [pxr_streamer] [error] rpc_terminal.cpp:37 operator (): connect failed, error= No connection could be made because the target machine actively refused it., this = 0x33fe8740
[2023-11-02 11:40:06.838] [pxr_streamer] [error] rpc_terminal.cpp:37 operator (): connect failed, error= No connection could be made because the target machine actively refused it., this = 0x33fe8740
[2023-11-02 11:40:09.881] [pxr_streamer] [error] rpc_terminal.cpp:37 operator (): connect failed, error= No connection could be made because the target machine actively refused it., this = 0x33fe8740
[2023-11-02 11:40:12.918] [pxr_streamer] [error] rpc_terminal.cpp:37 operator (): connect failed, error= No connection could be made because the target machine actively refused it., this = 0x33fe8740
[2023-11-02 11:40:15.959] [pxr_streamer] [error] rpc_terminal.cpp:37 operator (): connect failed, error= No connection could be made because the target machine actively refused it., this = 0x33fe8740
[2023-11-02 11:40:19.007] [pxr_streamer] [error] rpc_terminal.cpp:37 operator (): connect failed, error= No connection could be made because the target machine actively refused it., this = 0x33fe8740
[2023-11-02 11:40:22.045] [pxr_streamer] [error] rpc_terminal.cpp:37 operator (): connect failed, error= No connection could be made because the target machine actively refused it., this = 0x33fe8740
[2023-11-02 11:40:25.107] [pxr_streamer] [error] rpc_terminal.cpp:37 operator (): connect failed, error= No connection could be made because the target machine actively refused it., this = 0x33fe8740
[2023-11-02 11:40:28.165] [pxr_streamer] [error] rpc_terminal.cpp:37 operator (): connect failed, error= No connection could be made because the target machine actively refused it., this = 0x33fe8740
[2023-11-02 11:40:31.208] [pxr_streamer] [error] rpc_terminal.cpp:37 operator (): connect failed, error= No connection could be made because the target machine actively refused it., this = 0x33fe8740
[2023-11-02 11:40:34.267] [pxr_streamer] [error] rpc_terminal.cpp:37 operator (): connect failed, error= No connection could be made because the target machine actively refused it., this = 0x33fe8740
[2023-11-02 11:40:37.303] [pxr_streamer] [error] rpc_terminal.cpp:37 operator (): connect failed, error= No connection could be made because the target machine actively refused it., this = 0x33fe8740
[2023-11-02 11:40:40.348] [pxr_streamer] [error] rpc_terminal.cpp:37 operator (): connect failed, error= No connection could be made because the target machine actively refused it., this = 0x33fe8740
[2023-11-02 11:40:43.403] [pxr_streamer] [error] rpc_terminal.cpp:37 operator (): connect failed, error= No connection could be made because the target machine actively refused it., this = 0x33fe8740
[2023-11-02 11:40:46.460] [pxr_streamer] [error] rpc_terminal.cpp:37 operator (): connect failed, error= No connection could be made because the target machine actively refused it., this = 0x33fe8740
[2023-11-02 11:40:49.502] [pxr_streamer] [error] rpc_terminal.cpp:37 operator (): connect failed, error= No connection could be made because the target machine actively refused it., this = 0x33fe8740
[2023-11-02 11:40:52.561] [pxr_streamer] [error] rpc_terminal.cpp:37 operator (): connect failed, error= No connection could be made because the target machine actively refused it., this = 0x33fe8740
[2023-11-02 11:40:55.611] [pxr_streamer] [error] rpc_terminal.cpp:37 operator (): connect failed, error= No connection could be made because the target machine actively refused it., this = 0x33fe8740
[2023-11-02 11:40:58.651] [pxr_streamer] [error] rpc_terminal.cpp:37 operator (): connect failed, error= No connection could be made because the target machine actively refused it., this = 0x33fe8740
[2023-11-02 11:41:01.673] [pxr_streamer] [error] rpc_terminal.cpp:37 operator (): connect failed, error= No connection could be made because the target machine actively refused it., this = 0x33fe8740
[2023-11-02 11:41:04.716] [pxr_streamer] [error] rpc_terminal.cpp:37 operator (): connect failed, error= No connection could be made because the target machine actively refused it., this = 0x33fe8740
[2023-11-02 11:41:07.754] [pxr_streamer] [error] rpc_terminal.cpp:37 operator (): connect failed, error= No connection could be made because the target machine actively refused it., this = 0x33fe8740
[2023-11-02 11:41:10.775] [pxr_streamer] [error] rpc_terminal.cpp:37 operator (): connect failed, error= No connection could be made because the target machine actively refused it., this = 0x33fe8740
[2023-11-02 11:41:13.816] [pxr_streamer] [error] rpc_terminal.cpp:37 operator (): connect failed, error= No connection could be made because the target machine actively refused it., this = 0x33fe8740
[2023-11-02 11:41:16.852] [pxr_streamer] [error] rpc_terminal.cpp:37 operator (): connect failed, error= No connection could be made because the target machine actively refused it., this = 0x33fe8740
[2023-11-02 11:41:19.875] [pxr_streamer] [error] rpc_terminal.cpp:37 operator (): connect failed, error= No connection could be made because the target machine actively refused it., this = 0x33fe8740
[2023-11-02 11:41:22.928] [pxr_streamer] [error] rpc_terminal.cpp:37 operator (): connect failed, error= No connection could be made because the target machine actively refused it., this = 0x33fe8740
[2023-11-02 11:41:25.969] [pxr_streamer] [error] rpc_terminal.cpp:37 operator (): connect failed, error= No connection could be made because the target machine actively refused it., this = 0x33fe8740
[2023-11-02 11:41:29.011] [pxr_streamer] [error] rpc_terminal.cpp:37 operator (): connect failed, error= No connection could be made because the target machine actively refused it., this = 0x33fe8740
[2023-11-02 11:41:32.060] [pxr_streamer] [error] rpc_terminal.cpp:37 operator (): connect failed, error= No connection could be made because the target machine actively refused it., this = 0x33fe8740
[2023-11-02 11:41:35.105] [pxr_streamer] [error] rpc_terminal.cpp:37 operator (): connect failed, error= No connection could be made because the target machine actively refused it., this = 0x33fe8740
[2023-11-02 11:41:38.160] [pxr_streamer] [error] rpc_terminal.cpp:37 operator (): connect failed, error= No connection could be made because the target machine actively refused it., this = 0x33fe8740
[2023-11-02 11:41:41.195] [pxr_streamer] [error] rpc_terminal.cpp:37 operator (): connect failed, error= No connection could be made because the target machine actively refused it., this = 0x33fe8740
[2023-11-02 11:41:44.239] [pxr_streamer] [error] rpc_terminal.cpp:37 operator (): connect failed, error= No connection could be made because the target machine actively refused it., this = 0x33fe8740
[2023-11-02 11:41:47.294] [pxr_streamer] [error] rpc_terminal.cpp:37 operator (): connect failed, error= No connection could be made because the target machine actively refused it., this = 0x33fe8740
[2023-11-02 11:41:50.348] [pxr_streamer] [error] rpc_terminal.cpp:37 operator (): connect failed, error= No connection could be made because the target machine actively refused it., this = 0x33fe8740
[2023-11-02 11:41:53.406] [pxr_streamer] [error] rpc_terminal.cpp:37 operator (): connect failed, error= No connection could be made because the target machine actively refused it., this = 0x33fe8740
[2023-11-02 11:41:56.461] [pxr_streamer] [error] rpc_terminal.cpp:37 operator (): connect failed, error= No connection could be made because the target machine actively refused it., this = 0x33fe8740
[2023-11-02 11:41:59.505] [pxr_streamer] [error] rpc_terminal.cpp:37 operator (): connect failed, error= No connection could be made because the target machine actively refused it., this = 0x33fe8740
[2023-11-02 11:42:02.576] [pxr_streamer] [error] rpc_terminal.cpp:37 operator (): connect failed, error= No connection could be made because the target machine actively refused it., this = 0x33fe8740
[2023-11-02 11:42:05.613] [pxr_streamer] [error] rpc_terminal.cpp:37 operator (): connect failed, error= No connection could be made because the target machine actively refused it., this = 0x33fe8740
[2023-11-02 11:42:08.663] [pxr_streamer] [error] rpc_terminal.cpp:37 operator (): connect failed, error= No connection could be made because the target machine actively refused it., this = 0x33fe8740
[2023-11-02 11:42:11.724] [pxr_streamer] [error] rpc_terminal.cpp:37 operator (): connect failed, error= No connection could be made because the target machine actively refused it., this = 0x33fe8740
[2023-11-02 11:42:14.776] [pxr_streamer] [error] rpc_terminal.cpp:37 operator (): connect failed, error= No connection could be made because the target machine actively refused it., this = 0x33fe8740
[2023-11-02 11:42:17.814] [pxr_streamer] [error] rpc_terminal.cpp:37 operator (): connect failed, error= No connection could be made because the target machine actively refused it., this = 0x33fe8740
[2023-11-02 11:42:20.875] [pxr_streamer] [error] rpc_terminal.cpp:37 operator (): connect failed, error= No connection could be made because the target machine actively refused it., this = 0x33fe8740
[2023-11-02 11:42:23.913] [pxr_streamer] [error] rpc_terminal.cpp:37 operator (): connect failed, error= No connection could be made because the target machine actively refused it., this = 0x33fe8740
[2023-11-02 11:42:26.955] [pxr_streamer] [error] rpc_terminal.cpp:37 operator (): connect failed, error= No connection could be made because the target machine actively refused it., this = 0x33fe8740
[2023-11-02 11:42:29.993] [pxr_streamer] [error] rpc_terminal.cpp:37 operator (): connect failed, error= No connection could be made because the target machine actively refused it., this = 0x33fe8740
[2023-11-02 11:42:33.051] [pxr_streamer] [error] rpc_terminal.cpp:37 operator (): connect failed, error= No connection could be made because the target machine actively refused it., this = 0x33fe8740
[2023-11-02 11:42:36.090] [pxr_streamer] [error] rpc_terminal.cpp:37 operator (): connect failed, error= No connection could be made because the target machine actively refused it., this = 0x33fe8740
[2023-11-02 11:42:39.136] [pxr_streamer] [error] rpc_terminal.cpp:37 operator (): connect failed, error= No connection could be made because the target machine actively refused it., this = 0x33fe8740
[2023-11-02 11:42:42.180] [pxr_streamer] [error] rpc_terminal.cpp:37 operator (): connect failed, error= No connection could be made because the target machine actively refused it., this = 0x33fe8740
[2023-11-02 11:42:45.212] [pxr_streamer] [error] rpc_terminal.cpp:37 operator (): connect failed, error= No connection could be made because the target machine actively refused it., this = 0x33fe8740
[2023-11-02 11:42:48.243] [pxr_streamer] [error] rpc_terminal.cpp:37 operator (): connect failed, error= No connection could be made because the target machine actively refused it., this = 0x33fe8740
[2023-11-02 11:42:51.280] [pxr_streamer] [error] rpc_terminal.cpp:37 operator (): connect failed, error= No connection could be made because the target machine actively refused it., this = 0x33fe8740
[2023-11-02 11:42:54.314] [pxr_streamer] [error] rpc_terminal.cpp:37 operator (): connect failed, error= No connection could be made because the target machine actively refused it., this = 0x33fe8740
[2023-11-02 11:42:57.349] [pxr_streamer] [error] rpc_terminal.cpp:37 operator (): connect failed, error= No connection could be made because the target machine actively refused it., this = 0x33fe8740
[2023-11-02 11:43:00.397] [pxr_streamer] [error] rpc_terminal.cpp:37 operator (): connect failed, error= No connection could be made because the target machine actively refused it., this = 0x33fe8740
[2023-11-02 11:43:03.457] [pxr_streamer] [error] rpc_terminal.cpp:37 operator (): connect failed, error= No connection could be made because the target machine actively refused it., this = 0x33fe8740
[2023-11-02 11:43:06.513] [pxr_streamer] [error] rpc_terminal.cpp:37 operator (): connect failed, error= No connection could be made because the target machine actively refused it., this = 0x33fe8740
[2023-11-02 11:43:09.555] [pxr_streamer] [error] rpc_terminal.cpp:37 operator (): connect failed, error= No connection could be made because the target machine actively refused it., this = 0x33fe8740
[2023-11-02 11:43:12.611] [pxr_streamer] [error] rpc_terminal.cpp:37 operator (): connect failed, error= No connection could be made because the target machine actively refused it., this = 0x33fe8740
[2023-11-02 11:43:15.628] [pxr_streamer] [error] rpc_terminal.cpp:37 operator (): connect failed, error= No connection could be made because the target machine actively refused it., this = 0x33fe8740
[2023-11-02 11:43:18.662] [pxr_streamer] [error] rpc_terminal.cpp:37 operator (): connect failed, error= No connection could be made because the target machine actively refused it., this = 0x33fe8740
[2023-11-02 11:43:21.718] [pxr_streamer] [error] rpc_terminal.cpp:37 operator (): connect failed, error= No connection could be made because the target machine actively refused it., this = 0x33fe8740
[2023-11-02 11:43:24.748] [pxr_streamer] [error] rpc_terminal.cpp:37 operator (): connect failed, error= No connection could be made because the target machine actively refused it., this = 0x33fe8740
[2023-11-02 11:43:27.798] [pxr_streamer] [error] rpc_terminal.cpp:37 operator (): connect failed, error= No connection could be made because the target machine actively refused it., this = 0x33fe8740
[2023-11-02 11:43:30.866] [pxr_streamer] [error] rpc_terminal.cpp:37 operator (): connect failed, error= No connection could be made because the target machine actively refused it., this = 0x33fe8740
[2023-11-02 11:43:33.937] [pxr_streamer] [error] rpc_terminal.cpp:37 operator (): connect failed, error= No connection could be made because the target machine actively refused it., this = 0x33fe8740
[2023-11-02 11:43:36.955] [pxr_streamer] [error] rpc_terminal.cpp:37 operator (): connect failed, error= No connection could be made because the target machine actively refused it., this = 0x33fe8740
[2023-11-02 11:43:39.993] [pxr_streamer] [error] rpc_terminal.cpp:37 operator (): connect failed, error= No connection could be made because the target machine actively refused it., this = 0x33fe8740
[2023-11-02 11:43:43.027] [pxr_streamer] [error] rpc_terminal.cpp:37 operator (): connect failed, error= No connection could be made because the target machine actively refused it., this = 0x33fe8740
[2023-11-02 11:43:46.082] [pxr_streamer] [error] rpc_terminal.cpp:37 operator (): connect failed, error= No connection could be made because the target machine actively refused it., this = 0x33fe8740
[2023-11-02 11:43:49.153] [pxr_streamer] [error] rpc_terminal.cpp:37 operator (): connect failed, error= No connection could be made because the target machine actively refused it., this = 0x33fe8740
[2023-11-02 11:43:52.197] [pxr_streamer] [error] rpc_terminal.cpp:37 operator (): connect failed, error= No connection could be made because the target machine actively refused it., this = 0x33fe8740
[2023-11-02 11:43:55.234] [pxr_streamer] [error] rpc_terminal.cpp:37 operator (): connect failed, error= No connection could be made because the target machine actively refused it., this = 0x33fe8740
[2023-11-02 11:43:58.267] [pxr_streamer] [error] rpc_terminal.cpp:37 operator (): connect failed, error= No connection could be made because the target machine actively refused it., this = 0x33fe8740
[2023-11-02 11:44:01.317] [pxr_streamer] [error] rpc_terminal.cpp:37 operator (): connect failed, error= No connection could be made because the target machine actively refused it., this = 0x33fe8740
[2023-11-02 11:44:04.368] [pxr_streamer] [error] rpc_terminal.cpp:37 operator (): connect failed, error= No connection could be made because the target machine actively refused it., this = 0x33fe8740
[2023-11-02 11:44:07.413] [pxr_streamer] [error] rpc_terminal.cpp:37 operator (): connect failed, error= No connection could be made because the target machine actively refused it., this = 0x33fe8740
[2023-11-02 11:44:10.479] [pxr_streamer] [error] rpc_terminal.cpp:37 operator (): connect failed, error= No connection could be made because the target machine actively refused it., this = 0x33fe8740
[2023-11-02 11:44:13.521] [pxr_streamer] [error] rpc_terminal.cpp:37 operator (): connect failed, error= No connection could be made because the target machine actively refused it., this = 0x33fe8740
[2023-11-02 11:44:16.548] [pxr_streamer] [error] rpc_terminal.cpp:37 operator (): connect failed, error= No connection could be made because the target machine actively refused it., this = 0x33fe8740
[2023-11-02 11:44:19.601] [pxr_streamer] [error] rpc_terminal.cpp:37 operator (): connect failed, error= No connection could be made because the target machine actively refused it., this = 0x33fe8740
[2023-11-02 11:44:22.618] [pxr_streamer] [error] rpc_terminal.cpp:37 operator (): connect failed, error= No connection could be made because the target machine actively refused it., this = 0x33fe8740
[2023-11-02 11:44:25.660] [pxr_streamer] [error] rpc_terminal.cpp:37 operator (): connect failed, error= No connection could be made because the target machine actively refused it., this = 0x33fe8740
[2023-11-02 11:44:28.713] [pxr_streamer] [error] rpc_terminal.cpp:37 operator (): connect failed, error= No connection could be made because the target machine actively refused it., this = 0x33fe8740
[2023-11-02 11:44:31.766] [pxr_streamer] [error] rpc_terminal.cpp:37 operator (): connect failed, error= No connection could be made because the target machine actively refused it., this = 0x33fe8740
[2023-11-02 11:44:34.800] [pxr_streamer] [error] rpc_terminal.cpp:37 operator (): connect failed, error= No connection could be made because the target machine actively refused it., this = 0x33fe8740
[2023-11-02 11:44:37.832] [pxr_streamer] [error] rpc_terminal.cpp:37 operator (): connect failed, error= No connection could be made because the target machine actively refused it., this = 0x33fe8740
[2023-11-02 11:44:40.881] [pxr_streamer] [error] rpc_terminal.cpp:37 operator (): connect failed, error= No connection could be made because the target machine actively refused it., this = 0x33fe8740
[2023-11-02 11:44:43.924] [pxr_streamer] [error] rpc_terminal.cpp:37 operator (): connect failed, error= No connection could be made because the target machine actively refused it., this = 0x33fe8740
[2023-11-02 11:44:46.975] [pxr_streamer] [error] rpc_terminal.cpp:37 operator (): connect failed, error= No connection could be made because the target machine actively refused it., this = 0x33fe8740
[2023-11-02 11:44:50.019] [pxr_streamer] [error] rpc_terminal.cpp:37 operator (): connect failed, error= No connection could be made because the target machine actively refused it., this = 0x33fe8740
[2023-11-02 11:44:53.076] [pxr_streamer] [error] rpc_terminal.cpp:37 operator (): connect failed, error= No connection could be made because the target machine actively refused it., this = 0x33fe8740
[2023-11-02 11:44:56.126] [pxr_streamer] [error] rpc_terminal.cpp:37 operator (): connect failed, error= No connection could be made because the target machine actively refused it., this = 0x33fe8740
[2023-11-02 11:44:59.146] [pxr_streamer] [error] rpc_terminal.cpp:37 operator (): connect failed, error= No connection could be made because the target machine actively refused it., this = 0x33fe8740
[2023-11-02 11:45:02.194] [pxr_streamer] [error] rpc_terminal.cpp:37 operator (): connect failed, error= No connection could be made because the target machine actively refused it., this = 0x33fe8740
[2023-11-02 11:45:05.247] [pxr_streamer] [error] rpc_terminal.cpp:37 operator (): connect failed, error= No connection could be made because the target machine actively refused it., this = 0x33fe8740
[2023-11-02 11:45:08.314] [pxr_streamer] [error] rpc_terminal.cpp:37 operator (): connect failed, error= No connection could be made because the target machine actively refused it., this = 0x33fe8740
[2023-11-02 11:45:11.382] [pxr_streamer] [error] rpc_terminal.cpp:37 operator (): connect failed, error= No connection could be made because the target machine actively refused it., this = 0x33fe8740
[2023-11-02 11:45:14.448] [pxr_streamer] [error] rpc_terminal.cpp:37 operator (): connect failed, error= No connection could be made because the target machine actively refused it., this = 0x33fe8740
[2023-11-02 11:45:17.512] [pxr_streamer] [error] rpc_terminal.cpp:37 operator (): connect failed, error= No connection could be made because the target machine actively refused it., this = 0x33fe8740
[2023-11-02 11:45:20.552] [pxr_streamer] [error] rpc_terminal.cpp:37 operator (): connect failed, error= No connection could be made because the target machine actively refused it., this = 0x33fe8740
[2023-11-02 11:45:23.625] [pxr_streamer] [error] rpc_terminal.cpp:37 operator (): connect failed, error= No connection could be made because the target machine actively refused it., this = 0x33fe8740
[2023-11-02 11:45:26.674] [pxr_streamer] [error] rpc_terminal.cpp:37 operator (): connect failed, error= No connection could be made because the target machine actively refused it., this = 0x33fe8740
[2023-11-02 11:45:29.739] [pxr_streamer] [error] rpc_terminal.cpp:37 operator (): connect failed, error= No connection could be made because the target machine actively refused it., this = 0x33fe8740
[2023-11-02 11:45:32.791] [pxr_streamer] [error] rpc_terminal.cpp:37 operator (): connect failed, error= No connection could be made because the target machine actively refused it., this = 0x33fe8740
[2023-11-02 11:45:35.859] [pxr_streamer] [error] rpc_terminal.cpp:37 operator (): connect failed, error= No connection could be made because the target machine actively refused it., this = 0x33fe8740
[2023-11-02 11:45:38.911] [pxr_streamer] [error] rpc_terminal.cpp:37 operator (): connect failed, error= No connection could be made because the target machine actively refused it., this = 0x33fe8740
[2023-11-02 11:45:41.965] [pxr_streamer] [error] rpc_terminal.cpp:37 operator (): connect failed, error= No connection could be made because the target machine actively refused it., this = 0x33fe8740
[2023-11-02 11:45:45.005] [pxr_streamer] [error] rpc_terminal.cpp:37 operator (): connect failed, error= No connection could be made because the target machine actively refused it., this = 0x33fe8740
[2023-11-02 11:45:48.073] [pxr_streamer] [error] rpc_terminal.cpp:37 operator (): connect failed, error= No connection could be made because the target machine actively refused it., this = 0x33fe8740
[2023-11-02 11:45:51.125] [pxr_streamer] [error] rpc_terminal.cpp:37 operator (): connect failed, error= No connection could be made because the target machine actively refused it., this = 0x33fe8740
[2023-11-02 11:45:54.176] [pxr_streamer] [error] rpc_terminal.cpp:37 operator (): connect failed, error= No connection could be made because the target machine actively refused it., this = 0x33fe8740
[2023-11-02 11:45:57.228] [pxr_streamer] [error] rpc_terminal.cpp:37 operator (): connect failed, error= No connection could be made because the target machine actively refused it., this = 0x33fe8740
[2023-11-02 11:46:00.283] [pxr_streamer] [error] rpc_terminal.cpp:37 operator (): connect failed, error= No connection could be made because the target machine actively refused it., this = 0x33fe8740
[2023-11-02 11:46:03.301] [pxr_streamer] [error] rpc_terminal.cpp:37 operator (): connect failed, error= No connection could be made because the target machine actively refused it., this = 0x33fe8740
[2023-11-02 11:46:06.354] [pxr_streamer] [error] rpc_terminal.cpp:37 operator (): connect failed, error= No connection could be made because the target machine actively refused it., this = 0x33fe8740
[2023-11-02 11:46:09.406] [pxr_streamer] [error] rpc_terminal.cpp:37 operator (): connect failed, error= No connection could be made because the target machine actively refused it., this = 0x33fe8740
[2023-11-02 11:46:12.473] [pxr_streamer] [error] rpc_terminal.cpp:37 operator (): connect failed, error= No connection could be made because the target machine actively refused it., this = 0x33fe8740
[2023-11-02 11:46:15.520] [pxr_streamer] [error] rpc_terminal.cpp:37 operator (): connect failed, error= No connection could be made because the target machine actively refused it., this = 0x33fe8740
[2023-11-02 11:46:18.578] [pxr_streamer] [error] rpc_terminal.cpp:37 operator (): connect failed, error= No connection could be made because the target machine actively refused it., this = 0x33fe8740
[2023-11-02 11:46:21.630] [pxr_streamer] [error] rpc_terminal.cpp:37 operator (): connect failed, error= No connection could be made because the target machine actively refused it., this = 0x33fe8740
[2023-11-02 11:46:24.694] [pxr_streamer] [error] rpc_terminal.cpp:37 operator (): connect failed, error= No connection could be made because the target machine actively refused it., this = 0x33fe8740
[2023-11-02 11:46:27.736] [pxr_streamer] [error] rpc_terminal.cpp:37 operator (): connect failed, error= No connection could be made because the target machine actively refused it., this = 0x33fe8740
[2023-11-02 11:46:30.788] [pxr_streamer] [error] rpc_terminal.cpp:37 operator (): connect failed, error= No connection could be made because the target machine actively refused it., this = 0x33fe8740
[2023-11-02 11:46:33.844] [pxr_streamer] [error] rpc_terminal.cpp:37 operator (): connect failed, error= No connection could be made because the target machine actively refused it., this = 0x33fe8740
[2023-11-02 11:46:36.901] [pxr_streamer] [error] rpc_terminal.cpp:37 operator (): connect failed, error= No connection could be made because the target machine actively refused it., this = 0x33fe8740
[2023-11-02 11:46:39.965] [pxr_streamer] [error] rpc_terminal.cpp:37 operator (): connect failed, error= No connection could be made because the target machine actively refused it., this = 0x33fe8740
[2023-11-02 11:46:43.004] [pxr_streamer] [error] rpc_terminal.cpp:37 operator (): connect failed, error= No connection could be made because the target machine actively refused it., this = 0x33fe8740
[2023-11-02 11:46:46.069] [pxr_streamer] [error] rpc_terminal.cpp:37 operator (): connect failed, error= No connection could be made because the target machine actively refused it., this = 0x33fe8740
[2023-11-02 11:46:49.135] [pxr_streamer] [error] rpc_terminal.cpp:37 operator (): connect failed, error= No connection could be made because the target machine actively refused it., this = 0x33fe8740
[2023-11-02 11:46:52.177] [pxr_streamer] [error] rpc_terminal.cpp:37 operator (): connect failed, error= No connection could be made because the target machine actively refused it., this = 0x33fe8740
[2023-11-02 11:46:55.225] [pxr_streamer] [error] rpc_terminal.cpp:37 operator (): connect failed, error= No connection could be made because the target machine actively refused it., this = 0x33fe8740
[2023-11-02 11:46:58.265] [pxr_streamer] [error] rpc_terminal.cpp:37 operator (): connect failed, error= No connection could be made because the target machine actively refused it., this = 0x33fe8740
[2023-11-02 11:47:01.318] [pxr_streamer] [error] rpc_terminal.cpp:37 operator (): connect failed, error= No connection could be made because the target machine actively refused it., this = 0x33fe8740
[2023-11-02 11:47:04.349] [pxr_streamer] [error] rpc_terminal.cpp:37 operator (): connect failed, error= No connection could be made because the target machine actively refused it., this = 0x33fe8740
[2023-11-02 11:47:07.395] [pxr_streamer] [error] rpc_terminal.cpp:37 operator (): connect failed, error= No connection could be made because the target machine actively refused it., this = 0x33fe8740
[2023-11-02 11:47:10.425] [pxr_streamer] [error] rpc_terminal.cpp:37 operator (): connect failed, error= No connection could be made because the target machine actively refused it., this = 0x33fe8740
[2023-11-02 11:47:13.438] [pxr_streamer] [error] rpc_terminal.cpp:37 operator (): connect failed, error= No connection could be made because the target machine actively refused it., this = 0x33fe8740
[2023-11-02 11:47:13.519] [pxr_streamer] [error] rpc_terminal.cpp:37 operator (): connect failed, error= No connection could be made because the target machine actively refused it., this = 0x9998e80
[2023-11-02 11:47:13.520] [pxr_streamer] [error] rpc_terminal.h:50 Call: invalid rpc_client_, msg = Hello, this = 0x9998e80
[2023-11-02 11:47:13.520] [pxr_streamer] [error] rpc_terminal.h:50 Call: invalid rpc_client_, msg = QueryRemoteTerminals, this = 0x9998e80
[2023-11-02 11:47:16.472] [pxr_streamer] [error] rpc_terminal.cpp:37 operator (): connect failed, error= No connection could be made because the target machine actively refused it., this = 0x33fe8740
[2023-11-02 11:47:16.556] [pxr_streamer] [error] rpc_terminal.cpp:37 operator (): connect failed, error= No connection could be made because the target machine actively refused it., this = 0x9998e80
[2023-11-02 11:47:19.524] [pxr_streamer] [error] rpc_terminal.cpp:37 operator (): connect failed, error= No connection could be made because the target machine actively refused it., this = 0x33fe8740
[2023-11-02 11:47:19.600] [pxr_streamer] [error] rpc_terminal.cpp:37 operator (): connect failed, error= No connection could be made because the target machine actively refused it., this = 0x9998e80
[2023-11-02 11:47:22.575] [pxr_streamer] [error] rpc_terminal.cpp:37 operator (): connect failed, error= No connection could be made because the target machine actively refused it., this = 0x33fe8740
[2023-11-02 11:47:22.651] [pxr_streamer] [error] rpc_terminal.cpp:37 operator (): connect failed, error= No connection could be made because the target machine actively refused it., this = 0x9998e80
[2023-11-02 11:47:25.619] [pxr_streamer] [error] rpc_terminal.cpp:37 operator (): connect failed, error= No connection could be made because the target machine actively refused it., this = 0x33fe8740
[2023-11-02 11:47:25.700] [pxr_streamer] [error] rpc_terminal.cpp:37 operator (): connect failed, error= No connection could be made because the target machine actively refused it., this = 0x9998e80
[2023-11-02 11:47:28.665] [pxr_streamer] [error] rpc_terminal.cpp:37 operator (): connect failed, error= No connection could be made because the target machine actively refused it., this = 0x33fe8740
[2023-11-02 11:47:28.743] [pxr_streamer] [error] rpc_terminal.cpp:37 operator (): connect failed, error= No connection could be made because the target machine actively refused it., this = 0x9998e80
[2023-11-02 11:47:31.699] [pxr_streamer] [error] rpc_terminal.cpp:37 operator (): connect failed, error= No connection could be made because the target machine actively refused it., this = 0x33fe8740
[2023-11-02 11:47:31.761] [pxr_streamer] [error] rpc_terminal.cpp:37 operator (): connect failed, error= No connection could be made because the target machine actively refused it., this = 0x9998e80
[2023-11-02 11:47:34.728] [pxr_streamer] [error] rpc_terminal.cpp:37 operator (): connect failed, error= No connection could be made because the target machine actively refused it., this = 0x33fe8740
[2023-11-02 11:47:34.807] [pxr_streamer] [error] rpc_terminal.cpp:37 operator (): connect failed, error= No connection could be made because the target machine actively refused it., this = 0x9998e80
[2023-11-02 11:47:37.753] [pxr_streamer] [error] rpc_terminal.cpp:37 operator (): connect failed, error= No connection could be made because the target machine actively refused it., this = 0x33fe8740
[2023-11-02 11:47:37.815] [pxr_streamer] [error] rpc_terminal.cpp:37 operator (): connect failed, error= No connection could be made because the target machine actively refused it., this = 0x9998e80
[2023-11-02 11:47:40.804] [pxr_streamer] [error] rpc_terminal.cpp:37 operator (): connect failed, error= No connection could be made because the target machine actively refused it., this = 0x33fe8740
[2023-11-02 11:47:40.866] [pxr_streamer] [error] rpc_terminal.cpp:37 operator (): connect failed, error= No connection could be made because the target machine actively refused it., this = 0x9998e80
[2023-11-02 11:47:43.814] [pxr_streamer] [error] rpc_terminal.cpp:37 operator (): connect failed, error= No connection could be made because the target machine actively refused it., this = 0x33fe8740
[2023-11-02 11:47:43.876] [pxr_streamer] [error] rpc_terminal.cpp:37 operator (): connect failed, error= No connection could be made because the target machine actively refused it., this = 0x9998e80
[2023-11-02 11:47:46.853] [pxr_streamer] [error] rpc_terminal.cpp:37 operator (): connect failed, error= No connection could be made because the target machine actively refused it., this = 0x33fe8740
[2023-11-02 11:47:46.931] [pxr_streamer] [error] rpc_terminal.cpp:37 operator (): connect failed, error= No connection could be made because the target machine actively refused it., this = 0x9998e80
[2023-11-02 11:47:49.883] [pxr_streamer] [error] rpc_terminal.cpp:37 operator (): connect failed, error= No connection could be made because the target machine actively refused it., this = 0x33fe8740
[2023-11-02 11:47:49.963] [pxr_streamer] [error] rpc_terminal.cpp:37 operator (): connect failed, error= No connection could be made because the target machine actively refused it., this = 0x9998e80
[2023-11-02 11:47:52.907] [pxr_streamer] [error] rpc_terminal.cpp:37 operator (): connect failed, error= No connection could be made because the target machine actively refused it., this = 0x33fe8740
[2023-11-02 11:47:52.983] [pxr_streamer] [error] rpc_terminal.cpp:37 operator (): connect failed, error= No connection could be made because the target machine actively refused it., this = 0x9998e80
[2023-11-02 11:47:55.955] [pxr_streamer] [error] rpc_terminal.cpp:37 operator (): connect failed, error= No connection could be made because the target machine actively refused it., this = 0x33fe8740
[2023-11-02 11:47:56.034] [pxr_streamer] [error] rpc_terminal.cpp:37 operator (): connect failed, error= No connection could be made because the target machine actively refused it., this = 0x9998e80
[2023-11-02 11:47:58.990] [pxr_streamer] [error] rpc_terminal.cpp:37 operator (): connect failed, error= No connection could be made because the target machine actively refused it., this = 0x33fe8740
[2023-11-02 11:47:59.053] [pxr_streamer] [error] rpc_terminal.cpp:37 operator (): connect failed, error= No connection could be made because the target machine actively refused it., this = 0x9998e80
[2023-11-02 11:48:02.031] [pxr_streamer] [error] rpc_terminal.cpp:37 operator (): connect failed, error= No connection could be made because the target machine actively refused it., this = 0x33fe8740
[2023-11-02 11:48:02.093] [pxr_streamer] [error] rpc_terminal.cpp:37 operator (): connect failed, error= No connection could be made because the target machine actively refused it., this = 0x9998e80
[2023-11-02 11:48:05.069] [pxr_streamer] [error] rpc_terminal.cpp:37 operator (): connect failed, error= No connection could be made because the target machine actively refused it., this = 0x33fe8740
[2023-11-02 11:48:05.132] [pxr_streamer] [error] rpc_terminal.cpp:37 operator (): connect failed, error= No connection could be made because the target machine actively refused it., this = 0x9998e80
[2023-11-02 11:48:08.100] [pxr_streamer] [error] rpc_terminal.cpp:37 operator (): connect failed, error= No connection could be made because the target machine actively refused it., this = 0x33fe8740
[2023-11-02 11:48:08.177] [pxr_streamer] [error] rpc_terminal.cpp:37 operator (): connect failed, error= No connection could be made because the target machine actively refused it., this = 0x9998e80
[2023-11-02 11:48:11.139] [pxr_streamer] [error] rpc_terminal.cpp:37 operator (): connect failed, error= No connection could be made because the target machine actively refused it., this = 0x33fe8740
[2023-11-02 11:48:11.219] [pxr_streamer] [error] rpc_terminal.cpp:37 operator (): connect failed, error= No connection could be made because the target machine actively refused it., this = 0x9998e80
[2023-11-02 11:48:14.177] [pxr_streamer] [error] rpc_terminal.cpp:37 operator (): connect failed, error= No connection could be made because the target machine actively refused it., this = 0x33fe8740
[2023-11-02 11:48:14.255] [pxr_streamer] [error] rpc_terminal.cpp:37 operator (): connect failed, error= No connection could be made because the target machine actively refused it., this = 0x9998e80
[2023-11-02 11:48:17.224] [pxr_streamer] [error] rpc_terminal.cpp:37 operator (): connect failed, error= No connection could be made because the target machine actively refused it., this = 0x33fe8740
[2023-11-02 11:48:17.303] [pxr_streamer] [error] rpc_terminal.cpp:37 operator (): connect failed, error= No connection could be made because the target machine actively refused it., this = 0x9998e80
[2023-11-02 11:48:20.252] [pxr_streamer] [error] rpc_terminal.cpp:37 operator (): connect failed, error= No connection could be made because the target machine actively refused it., this = 0x33fe8740
[2023-11-02 11:48:20.330] [pxr_streamer] [error] rpc_terminal.cpp:37 operator (): connect failed, error= No connection could be made because the target machine actively refused it., this = 0x9998e80
[2023-11-02 11:48:23.281] [pxr_streamer] [error] rpc_terminal.cpp:37 operator (): connect failed, error= No connection could be made because the target machine actively refused it., this = 0x33fe8740
[2023-11-02 11:48:23.360] [pxr_streamer] [error] rpc_terminal.cpp:37 operator (): connect failed, error= No connection could be made because the target machine actively refused it., this = 0x9998e80
[2023-11-02 11:48:26.321] [pxr_streamer] [error] rpc_terminal.cpp:37 operator (): connect failed, error= No connection could be made because the target machine actively refused it., this = 0x33fe8740
[2023-11-02 11:48:26.415] [pxr_streamer] [error] rpc_terminal.cpp:37 operator (): connect failed, error= No connection could be made because the target machine actively refused it., this = 0x9998e80
[2023-11-02 11:48:29.352] [pxr_streamer] [error] rpc_terminal.cpp:37 operator (): connect failed, error= No connection could be made because the target machine actively refused it., this = 0x33fe8740
[2023-11-02 11:48:29.476] [pxr_streamer] [error] rpc_terminal.cpp:37 operator (): connect failed, error= No connection could be made because the target machine actively refused it., this = 0x9998e80
[2023-11-02 11:48:32.398] [pxr_streamer] [error] rpc_terminal.cpp:37 operator (): connect failed, error= No connection could be made because the target machine actively refused it., this = 0x33fe8740
[2023-11-02 11:48:32.493] [pxr_streamer] [error] rpc_terminal.cpp:37 operator (): connect failed, error= No connection could be made because the target machine actively refused it., this = 0x9998e80
[2023-11-02 11:48:35.430] [pxr_streamer] [error] rpc_terminal.cpp:37 operator (): connect failed, error= No connection could be made because the target machine actively refused it., this = 0x33fe8740
[2023-11-02 11:48:35.539] [pxr_streamer] [error] rpc_terminal.cpp:37 operator (): connect failed, error= No connection could be made because the target machine actively refused it., this = 0x9998e80
[2023-11-02 11:48:38.460] [pxr_streamer] [error] rpc_terminal.cpp:37 operator (): connect failed, error= No connection could be made because the target machine actively refused it., this = 0x33fe8740
[2023-11-02 11:48:38.585] [pxr_streamer] [error] rpc_terminal.cpp:37 operator (): connect failed, error= No connection could be made because the target machine actively refused it., this = 0x9998e80
[2023-11-02 11:48:41.508] [pxr_streamer] [error] rpc_terminal.cpp:37 operator (): connect failed, error= No connection could be made because the target machine actively refused it., this = 0x33fe8740
[2023-11-02 11:48:41.634] [pxr_streamer] [error] rpc_terminal.cpp:37 operator (): connect failed, error= No connection could be made because the target machine actively refused it., this = 0x9998e80
[2023-11-02 11:48:44.545] [pxr_streamer] [error] rpc_terminal.cpp:37 operator (): connect failed, error= No connection could be made because the target machine actively refused it., this = 0x33fe8740
[2023-11-02 11:48:44.670] [pxr_streamer] [error] rpc_terminal.cpp:37 operator (): connect failed, error= No connection could be made because the target machine actively refused it., this = 0x9998e80
[2023-11-02 11:48:47.598] [pxr_streamer] [error] rpc_terminal.cpp:37 operator (): connect failed, error= No connection could be made because the target machine actively refused it., this = 0x33fe8740
[2023-11-02 11:48:47.723] [pxr_streamer] [error] rpc_terminal.cpp:37 operator (): connect failed, error= No connection could be made because the target machine actively refused it., this = 0x9998e80
[2023-11-02 11:48:50.652] [pxr_streamer] [error] rpc_terminal.cpp:37 operator (): connect failed, error= No connection could be made because the target machine actively refused it., this = 0x33fe8740
[2023-11-02 11:48:50.760] [pxr_streamer] [error] rpc_terminal.cpp:37 operator (): connect failed, error= No connection could be made because the target machine actively refused it., this = 0x9998e80
[2023-11-02 11:48:53.691] [pxr_streamer] [error] rpc_terminal.cpp:37 operator (): connect failed, error= No connection could be made because the target machine actively refused it., this = 0x33fe8740
[2023-11-02 11:48:53.800] [pxr_streamer] [error] rpc_terminal.cpp:37 operator (): connect failed, error= No connection could be made because the target machine actively refused it., this = 0x9998e80
[2023-11-02 11:48:56.757] [pxr_streamer] [error] rpc_terminal.cpp:37 operator (): connect failed, error= No connection could be made because the target machine actively refused it., this = 0x33fe8740
[2023-11-02 11:48:56.851] [pxr_streamer] [error] rpc_terminal.cpp:37 operator (): connect failed, error= No connection could be made because the target machine actively refused it., this = 0x9998e80
[2023-11-02 11:48:59.801] [pxr_streamer] [error] rpc_terminal.cpp:37 operator (): connect failed, error= No connection could be made because the target machine actively refused it., this = 0x33fe8740
[2023-11-02 11:48:59.879] [pxr_streamer] [error] rpc_terminal.cpp:37 operator (): connect failed, error= No connection could be made because the target machine actively refused it., this = 0x9998e80
[2023-11-02 11:49:02.837] [pxr_streamer] [error] rpc_terminal.cpp:37 operator (): connect failed, error= No connection could be made because the target machine actively refused it., this = 0x33fe8740
[2023-11-02 11:49:02.900] [pxr_streamer] [error] rpc_terminal.cpp:37 operator (): connect failed, error= No connection could be made because the target machine actively refused it., this = 0x9998e80
[2023-11-02 11:49:05.870] [pxr_streamer] [error] rpc_terminal.cpp:37 operator (): connect failed, error= No connection could be made because the target machine actively refused it., this = 0x33fe8740
[2023-11-02 11:49:05.934] [pxr_streamer] [error] rpc_terminal.cpp:37 operator (): connect failed, error= No connection could be made because the target machine actively refused it., this = 0x9998e80
[2023-11-02 11:49:08.891] [pxr_streamer] [error] rpc_terminal.cpp:37 operator (): connect failed, error= No connection could be made because the target machine actively refused it., this = 0x33fe8740
[2023-11-02 11:49:08.952] [pxr_streamer] [error] rpc_terminal.cpp:37 operator (): connect failed, error= No connection could be made because the target machine actively refused it., this = 0x9998e80
[2023-11-02 11:49:11.913] [pxr_streamer] [error] rpc_terminal.cpp:37 operator (): connect failed, error= No connection could be made because the target machine actively refused it., this = 0x33fe8740
[2023-11-02 11:49:11.976] [pxr_streamer] [error] rpc_terminal.cpp:37 operator (): connect failed, error= No connection could be made because the target machine actively refused it., this = 0x9998e80
[2023-11-02 11:49:14.968] [pxr_streamer] [error] rpc_terminal.cpp:37 operator (): connect failed, error= No connection could be made because the target machine actively refused it., this = 0x33fe8740
[2023-11-02 11:49:15.029] [pxr_streamer] [error] rpc_terminal.cpp:37 operator (): connect failed, error= No connection could be made because the target machine actively refused it., this = 0x9998e80
[2023-11-02 11:49:17.995] [pxr_streamer] [error] rpc_terminal.cpp:37 operator (): connect failed, error= No connection could be made because the target machine actively refused it., this = 0x33fe8740
[2023-11-02 11:49:18.073] [pxr_streamer] [error] rpc_terminal.cpp:37 operator (): connect failed, error= No connection could be made because the target machine actively refused it., this = 0x9998e80
[2023-11-02 11:49:21.048] [pxr_streamer] [error] rpc_terminal.cpp:37 operator (): connect failed, error= No connection could be made because the target machine actively refused it., this = 0x33fe8740
[2023-11-02 11:49:21.126] [pxr_streamer] [error] rpc_terminal.cpp:37 operator (): connect failed, error= No connection could be made because the target machine actively refused it., this = 0x9998e80
[2023-11-02 11:49:24.091] [pxr_streamer] [error] rpc_terminal.cpp:37 operator (): connect failed, error= No connection could be made because the target machine actively refused it., this = 0x33fe8740
[2023-11-02 11:49:24.185] [pxr_streamer] [error] rpc_terminal.cpp:37 operator (): connect failed, error= No connection could be made because the target machine actively refused it., this = 0x9998e80
[2023-11-02 11:49:27.134] [pxr_streamer] [error] rpc_terminal.cpp:37 operator (): connect failed, error= No connection could be made because the target machine actively refused it., this = 0x33fe8740
[2023-11-02 11:49:27.228] [pxr_streamer] [error] rpc_terminal.cpp:37 operator (): connect failed, error= No connection could be made because the target machine actively refused it., this = 0x9998e80
[2023-11-02 11:49:30.177] [pxr_streamer] [error] rpc_terminal.cpp:37 operator (): connect failed, error= No connection could be made because the target machine actively refused it., this = 0x33fe8740
[2023-11-02 11:49:30.271] [pxr_streamer] [error] rpc_terminal.cpp:37 operator (): connect failed, error= No connection could be made because the target machine actively refused it., this = 0x9998e80
