[2023-09-22 01:32:18.658] [pxr_streamer] [info] ***********  Log Begin **********
[2023-09-22 01:32:18.658] [pxr_streamer] [info] process id= 17764
[2023-09-22 01:32:18.658] [pxr_streamer] [error] rpc_terminal.cpp:37 operator (): connect failed, error= 由于目标计算机积极拒绝，无法连接。, this = 0xd098d4f0
[2023-09-22 01:32:18.659] [pxr_streamer] [error] rpc_terminal.h:50 Call: invalid rpc_client_, msg = Hello, this = 0xd098d4f0
[2023-09-22 01:32:18.659] [pxr_streamer] [error] rpc_terminal.h:50 Call: invalid rpc_client_, msg = QueryRemoteTerminals, this = 0xd098d4f0
[2023-09-22 01:32:21.689] [pxr_streamer] [error] rpc_terminal.cpp:37 operator (): connect failed, error= 由于目标计算机积极拒绝，无法连接。, this = 0xd098d4f0
[2023-09-22 01:32:24.717] [pxr_streamer] [error] rpc_terminal.cpp:37 operator (): connect failed, error= 由于目标计算机积极拒绝，无法连接。, this = 0xd098d4f0
[2023-09-22 01:32:27.755] [pxr_streamer] [error] rpc_terminal.cpp:37 operator (): connect failed, error= 由于目标计算机积极拒绝，无法连接。, this = 0xd098d4f0
[2023-09-22 01:32:30.795] [pxr_streamer] [error] rpc_terminal.cpp:37 operator (): connect failed, error= 由于目标计算机积极拒绝，无法连接。, this = 0xd098d4f0
[2023-09-22 01:32:33.809] [pxr_streamer] [error] rpc_terminal.cpp:37 operator (): connect failed, error= 由于目标计算机积极拒绝，无法连接。, this = 0xd098d4f0
[2023-09-22 01:32:36.841] [pxr_streamer] [error] rpc_terminal.cpp:37 operator (): connect failed, error= 由于目标计算机积极拒绝，无法连接。, this = 0xd098d4f0
[2023-09-22 01:32:39.858] [pxr_streamer] [error] rpc_terminal.cpp:37 operator (): connect failed, error= 由于目标计算机积极拒绝，无法连接。, this = 0xd098d4f0
[2023-09-22 01:32:42.902] [pxr_streamer] [error] rpc_terminal.cpp:37 operator (): connect failed, error= 由于目标计算机积极拒绝，无法连接。, this = 0xd098d4f0
[2023-09-22 01:32:45.939] [pxr_streamer] [error] rpc_terminal.cpp:37 operator (): connect failed, error= 由于目标计算机积极拒绝，无法连接。, this = 0xd098d4f0
[2023-09-22 01:32:48.953] [pxr_streamer] [error] rpc_terminal.cpp:37 operator (): connect failed, error= 由于目标计算机积极拒绝，无法连接。, this = 0xd098d4f0
[2023-09-22 01:32:52.004] [pxr_streamer] [error] rpc_terminal.cpp:37 operator (): connect failed, error= 由于目标计算机积极拒绝，无法连接。, this = 0xd098d4f0
[2023-09-22 01:32:55.037] [pxr_streamer] [error] rpc_terminal.cpp:37 operator (): connect failed, error= 由于目标计算机积极拒绝，无法连接。, this = 0xd098d4f0
[2023-09-22 01:32:58.069] [pxr_streamer] [error] rpc_terminal.cpp:37 operator (): connect failed, error= 由于目标计算机积极拒绝，无法连接。, this = 0xd098d4f0
[2023-09-22 01:33:01.099] [pxr_streamer] [error] rpc_terminal.cpp:37 operator (): connect failed, error= 由于目标计算机积极拒绝，无法连接。, this = 0xd098d4f0
[2023-09-22 01:33:04.115] [pxr_streamer] [error] rpc_terminal.cpp:37 operator (): connect failed, error= 由于目标计算机积极拒绝，无法连接。, this = 0xd098d4f0
[2023-09-22 01:33:07.130] [pxr_streamer] [error] rpc_terminal.cpp:37 operator (): connect failed, error= 由于目标计算机积极拒绝，无法连接。, this = 0xd098d4f0
[2023-09-22 01:33:10.150] [pxr_streamer] [error] rpc_terminal.cpp:37 operator (): connect failed, error= 由于目标计算机积极拒绝，无法连接。, this = 0xd098d4f0
[2023-09-22 01:33:13.183] [pxr_streamer] [error] rpc_terminal.cpp:37 operator (): connect failed, error= 由于目标计算机积极拒绝，无法连接。, this = 0xd098d4f0
[2023-09-22 01:33:16.226] [pxr_streamer] [error] rpc_terminal.cpp:37 operator (): connect failed, error= 由于目标计算机积极拒绝，无法连接。, this = 0xd098d4f0
[2023-09-22 01:33:19.242] [pxr_streamer] [error] rpc_terminal.cpp:37 operator (): connect failed, error= 由于目标计算机积极拒绝，无法连接。, this = 0xd098d4f0
[2023-09-22 01:33:22.262] [pxr_streamer] [error] rpc_terminal.cpp:37 operator (): connect failed, error= 由于目标计算机积极拒绝，无法连接。, this = 0xd098d4f0
[2023-09-22 01:33:25.283] [pxr_streamer] [error] rpc_terminal.cpp:37 operator (): connect failed, error= 由于目标计算机积极拒绝，无法连接。, this = 0xd098d4f0
[2023-09-22 01:33:28.315] [pxr_streamer] [error] rpc_terminal.cpp:37 operator (): connect failed, error= 由于目标计算机积极拒绝，无法连接。, this = 0xd098d4f0
[2023-09-22 01:33:31.333] [pxr_streamer] [error] rpc_terminal.cpp:37 operator (): connect failed, error= 由于目标计算机积极拒绝，无法连接。, this = 0xd098d4f0
[2023-09-22 01:33:34.362] [pxr_streamer] [error] rpc_terminal.cpp:37 operator (): connect failed, error= 由于目标计算机积极拒绝，无法连接。, this = 0xd098d4f0
[2023-09-22 01:33:37.377] [pxr_streamer] [error] rpc_terminal.cpp:37 operator (): connect failed, error= 由于目标计算机积极拒绝，无法连接。, this = 0xd098d4f0
[2023-09-22 01:33:40.393] [pxr_streamer] [error] rpc_terminal.cpp:37 operator (): connect failed, error= 由于目标计算机积极拒绝，无法连接。, this = 0xd098d4f0
[2023-09-22 01:33:43.419] [pxr_streamer] [error] rpc_terminal.cpp:37 operator (): connect failed, error= 由于目标计算机积极拒绝，无法连接。, this = 0xd098d4f0
[2023-09-22 01:33:46.444] [pxr_streamer] [error] rpc_terminal.cpp:37 operator (): connect failed, error= 由于目标计算机积极拒绝，无法连接。, this = 0xd098d4f0
[2023-09-22 01:33:49.480] [pxr_streamer] [error] rpc_terminal.cpp:37 operator (): connect failed, error= 由于目标计算机积极拒绝，无法连接。, this = 0xd098d4f0
[2023-09-22 01:33:52.503] [pxr_streamer] [error] rpc_terminal.cpp:37 operator (): connect failed, error= 由于目标计算机积极拒绝，无法连接。, this = 0xd098d4f0
[2023-09-22 01:33:55.533] [pxr_streamer] [error] rpc_terminal.cpp:37 operator (): connect failed, error= 由于目标计算机积极拒绝，无法连接。, this = 0xd098d4f0
[2023-09-22 01:33:58.558] [pxr_streamer] [error] rpc_terminal.cpp:37 operator (): connect failed, error= 由于目标计算机积极拒绝，无法连接。, this = 0xd098d4f0
[2023-09-22 01:34:01.596] [pxr_streamer] [error] rpc_terminal.cpp:37 operator (): connect failed, error= 由于目标计算机积极拒绝，无法连接。, this = 0xd098d4f0
[2023-09-22 01:34:04.623] [pxr_streamer] [error] rpc_terminal.cpp:37 operator (): connect failed, error= 由于目标计算机积极拒绝，无法连接。, this = 0xd098d4f0
[2023-09-22 01:34:07.657] [pxr_streamer] [error] rpc_terminal.cpp:37 operator (): connect failed, error= 由于目标计算机积极拒绝，无法连接。, this = 0xd098d4f0
[2023-09-22 01:34:10.676] [pxr_streamer] [error] rpc_terminal.cpp:37 operator (): connect failed, error= 由于目标计算机积极拒绝，无法连接。, this = 0xd098d4f0
[2023-09-22 01:34:13.701] [pxr_streamer] [error] rpc_terminal.cpp:37 operator (): connect failed, error= 由于目标计算机积极拒绝，无法连接。, this = 0xd098d4f0
[2023-09-22 01:34:16.729] [pxr_streamer] [error] rpc_terminal.cpp:37 operator (): connect failed, error= 由于目标计算机积极拒绝，无法连接。, this = 0xd098d4f0
[2023-09-22 01:34:19.765] [pxr_streamer] [error] rpc_terminal.cpp:37 operator (): connect failed, error= 由于目标计算机积极拒绝，无法连接。, this = 0xd098d4f0
[2023-09-22 01:34:22.778] [pxr_streamer] [error] rpc_terminal.cpp:37 operator (): connect failed, error= 由于目标计算机积极拒绝，无法连接。, this = 0xd098d4f0
[2023-09-22 01:34:25.795] [pxr_streamer] [error] rpc_terminal.cpp:37 operator (): connect failed, error= 由于目标计算机积极拒绝，无法连接。, this = 0xd098d4f0
[2023-09-22 01:34:28.814] [pxr_streamer] [error] rpc_terminal.cpp:37 operator (): connect failed, error= 由于目标计算机积极拒绝，无法连接。, this = 0xd098d4f0
[2023-09-22 01:34:31.853] [pxr_streamer] [error] rpc_terminal.cpp:37 operator (): connect failed, error= 由于目标计算机积极拒绝，无法连接。, this = 0xd098d4f0
[2023-09-22 01:34:34.887] [pxr_streamer] [error] rpc_terminal.cpp:37 operator (): connect failed, error= 由于目标计算机积极拒绝，无法连接。, this = 0xd098d4f0
[2023-09-22 01:34:37.915] [pxr_streamer] [error] rpc_terminal.cpp:37 operator (): connect failed, error= 由于目标计算机积极拒绝，无法连接。, this = 0xd098d4f0
[2023-09-22 01:34:40.946] [pxr_streamer] [error] rpc_terminal.cpp:37 operator (): connect failed, error= 由于目标计算机积极拒绝，无法连接。, this = 0xd098d4f0
[2023-09-22 01:34:43.965] [pxr_streamer] [error] rpc_terminal.cpp:37 operator (): connect failed, error= 由于目标计算机积极拒绝，无法连接。, this = 0xd098d4f0
[2023-09-22 01:34:46.989] [pxr_streamer] [error] rpc_terminal.cpp:37 operator (): connect failed, error= 由于目标计算机积极拒绝，无法连接。, this = 0xd098d4f0
[2023-09-22 01:34:50.018] [pxr_streamer] [error] rpc_terminal.cpp:37 operator (): connect failed, error= 由于目标计算机积极拒绝，无法连接。, this = 0xd098d4f0
[2023-09-22 01:34:53.066] [pxr_streamer] [error] rpc_terminal.cpp:37 operator (): connect failed, error= 由于目标计算机积极拒绝，无法连接。, this = 0xd098d4f0
[2023-09-22 01:34:56.078] [pxr_streamer] [error] rpc_terminal.cpp:37 operator (): connect failed, error= 由于目标计算机积极拒绝，无法连接。, this = 0xd098d4f0
[2023-09-22 01:34:59.136] [pxr_streamer] [error] rpc_terminal.cpp:37 operator (): connect failed, error= 由于目标计算机积极拒绝，无法连接。, this = 0xd098d4f0
[2023-09-22 01:35:02.190] [pxr_streamer] [error] rpc_terminal.cpp:37 operator (): connect failed, error= 由于目标计算机积极拒绝，无法连接。, this = 0xd098d4f0
[2023-09-22 01:35:05.206] [pxr_streamer] [error] rpc_terminal.cpp:37 operator (): connect failed, error= 由于目标计算机积极拒绝，无法连接。, this = 0xd098d4f0
[2023-09-22 01:35:08.224] [pxr_streamer] [error] rpc_terminal.cpp:37 operator (): connect failed, error= 由于目标计算机积极拒绝，无法连接。, this = 0xd098d4f0
[2023-09-22 01:35:11.234] [pxr_streamer] [error] rpc_terminal.cpp:37 operator (): connect failed, error= 由于目标计算机积极拒绝，无法连接。, this = 0xd098d4f0
[2023-09-22 01:35:14.253] [pxr_streamer] [error] rpc_terminal.cpp:37 operator (): connect failed, error= 由于目标计算机积极拒绝，无法连接。, this = 0xd098d4f0
[2023-09-22 01:35:17.289] [pxr_streamer] [error] rpc_terminal.cpp:37 operator (): connect failed, error= 由于目标计算机积极拒绝，无法连接。, this = 0xd098d4f0
[2023-09-22 01:35:20.300] [pxr_streamer] [error] rpc_terminal.cpp:37 operator (): connect failed, error= 由于目标计算机积极拒绝，无法连接。, this = 0xd098d4f0
[2023-09-22 01:35:23.331] [pxr_streamer] [error] rpc_terminal.cpp:37 operator (): connect failed, error= 由于目标计算机积极拒绝，无法连接。, this = 0xd098d4f0
[2023-09-22 01:35:26.370] [pxr_streamer] [error] rpc_terminal.cpp:37 operator (): connect failed, error= 由于目标计算机积极拒绝，无法连接。, this = 0xd098d4f0
[2023-09-22 01:35:29.386] [pxr_streamer] [error] rpc_terminal.cpp:37 operator (): connect failed, error= 由于目标计算机积极拒绝，无法连接。, this = 0xd098d4f0
[2023-09-22 01:35:32.408] [pxr_streamer] [error] rpc_terminal.cpp:37 operator (): connect failed, error= 由于目标计算机积极拒绝，无法连接。, this = 0xd098d4f0
[2023-09-22 01:35:35.417] [pxr_streamer] [error] rpc_terminal.cpp:37 operator (): connect failed, error= 由于目标计算机积极拒绝，无法连接。, this = 0xd098d4f0
[2023-09-22 01:35:38.426] [pxr_streamer] [error] rpc_terminal.cpp:37 operator (): connect failed, error= 由于目标计算机积极拒绝，无法连接。, this = 0xd098d4f0
[2023-09-22 01:35:41.460] [pxr_streamer] [error] rpc_terminal.cpp:37 operator (): connect failed, error= 由于目标计算机积极拒绝，无法连接。, this = 0xd098d4f0
[2023-09-22 01:35:44.474] [pxr_streamer] [error] rpc_terminal.cpp:37 operator (): connect failed, error= 由于目标计算机积极拒绝，无法连接。, this = 0xd098d4f0
[2023-09-22 01:35:47.499] [pxr_streamer] [error] rpc_terminal.cpp:37 operator (): connect failed, error= 由于目标计算机积极拒绝，无法连接。, this = 0xd098d4f0
[2023-09-22 01:35:50.523] [pxr_streamer] [error] rpc_terminal.cpp:37 operator (): connect failed, error= 由于目标计算机积极拒绝，无法连接。, this = 0xd098d4f0
[2023-09-22 01:35:53.548] [pxr_streamer] [error] rpc_terminal.cpp:37 operator (): connect failed, error= 由于目标计算机积极拒绝，无法连接。, this = 0xd098d4f0
[2023-09-22 01:35:56.561] [pxr_streamer] [error] rpc_terminal.cpp:37 operator (): connect failed, error= 由于目标计算机积极拒绝，无法连接。, this = 0xd098d4f0
[2023-09-22 01:35:59.596] [pxr_streamer] [error] rpc_terminal.cpp:37 operator (): connect failed, error= 由于目标计算机积极拒绝，无法连接。, this = 0xd098d4f0
[2023-09-22 01:36:02.622] [pxr_streamer] [error] rpc_terminal.cpp:37 operator (): connect failed, error= 由于目标计算机积极拒绝，无法连接。, this = 0xd098d4f0
[2023-09-22 01:36:05.645] [pxr_streamer] [error] rpc_terminal.cpp:37 operator (): connect failed, error= 由于目标计算机积极拒绝，无法连接。, this = 0xd098d4f0
[2023-09-22 01:36:08.677] [pxr_streamer] [error] rpc_terminal.cpp:37 operator (): connect failed, error= 由于目标计算机积极拒绝，无法连接。, this = 0xd098d4f0
[2023-09-22 01:36:11.713] [pxr_streamer] [error] rpc_terminal.cpp:37 operator (): connect failed, error= 由于目标计算机积极拒绝，无法连接。, this = 0xd098d4f0
[2023-09-22 01:36:14.751] [pxr_streamer] [error] rpc_terminal.cpp:37 operator (): connect failed, error= 由于目标计算机积极拒绝，无法连接。, this = 0xd098d4f0
[2023-09-22 01:36:17.796] [pxr_streamer] [error] rpc_terminal.cpp:37 operator (): connect failed, error= 由于目标计算机积极拒绝，无法连接。, this = 0xd098d4f0
[2023-09-22 01:36:20.829] [pxr_streamer] [error] rpc_terminal.cpp:37 operator (): connect failed, error= 由于目标计算机积极拒绝，无法连接。, this = 0xd098d4f0
[2023-09-22 01:36:23.873] [pxr_streamer] [error] rpc_terminal.cpp:37 operator (): connect failed, error= 由于目标计算机积极拒绝，无法连接。, this = 0xd098d4f0
[2023-09-22 01:36:26.909] [pxr_streamer] [error] rpc_terminal.cpp:37 operator (): connect failed, error= 由于目标计算机积极拒绝，无法连接。, this = 0xd098d4f0
[2023-09-22 01:36:29.949] [pxr_streamer] [error] rpc_terminal.cpp:37 operator (): connect failed, error= 由于目标计算机积极拒绝，无法连接。, this = 0xd098d4f0
[2023-09-22 01:36:32.976] [pxr_streamer] [error] rpc_terminal.cpp:37 operator (): connect failed, error= 由于目标计算机积极拒绝，无法连接。, this = 0xd098d4f0
[2023-09-22 01:36:36.003] [pxr_streamer] [error] rpc_terminal.cpp:37 operator (): connect failed, error= 由于目标计算机积极拒绝，无法连接。, this = 0xd098d4f0
[2023-09-22 01:36:39.036] [pxr_streamer] [error] rpc_terminal.cpp:37 operator (): connect failed, error= 由于目标计算机积极拒绝，无法连接。, this = 0xd098d4f0
[2023-09-22 01:36:42.072] [pxr_streamer] [error] rpc_terminal.cpp:37 operator (): connect failed, error= 由于目标计算机积极拒绝，无法连接。, this = 0xd098d4f0
[2023-09-22 01:36:45.108] [pxr_streamer] [error] rpc_terminal.cpp:37 operator (): connect failed, error= 由于目标计算机积极拒绝，无法连接。, this = 0xd098d4f0
[2023-09-22 01:36:48.159] [pxr_streamer] [error] rpc_terminal.cpp:37 operator (): connect failed, error= 由于目标计算机积极拒绝，无法连接。, this = 0xd098d4f0
[2023-09-22 01:36:51.211] [pxr_streamer] [error] rpc_terminal.cpp:37 operator (): connect failed, error= 由于目标计算机积极拒绝，无法连接。, this = 0xd098d4f0
[2023-09-22 01:36:54.233] [pxr_streamer] [error] rpc_terminal.cpp:37 operator (): connect failed, error= 由于目标计算机积极拒绝，无法连接。, this = 0xd098d4f0
[2023-09-22 01:36:57.272] [pxr_streamer] [error] rpc_terminal.cpp:37 operator (): connect failed, error= 由于目标计算机积极拒绝，无法连接。, this = 0xd098d4f0
[2023-09-22 01:37:00.304] [pxr_streamer] [error] rpc_terminal.cpp:37 operator (): connect failed, error= 由于目标计算机积极拒绝，无法连接。, this = 0xd098d4f0
[2023-09-22 01:37:03.329] [pxr_streamer] [error] rpc_terminal.cpp:37 operator (): connect failed, error= 由于目标计算机积极拒绝，无法连接。, this = 0xd098d4f0
[2023-09-22 01:37:06.372] [pxr_streamer] [error] rpc_terminal.cpp:37 operator (): connect failed, error= 由于目标计算机积极拒绝，无法连接。, this = 0xd098d4f0
[2023-09-22 01:37:09.389] [pxr_streamer] [error] rpc_terminal.cpp:37 operator (): connect failed, error= 由于目标计算机积极拒绝，无法连接。, this = 0xd098d4f0
[2023-09-22 01:37:12.430] [pxr_streamer] [error] rpc_terminal.cpp:37 operator (): connect failed, error= 由于目标计算机积极拒绝，无法连接。, this = 0xd098d4f0
[2023-09-22 01:37:15.470] [pxr_streamer] [error] rpc_terminal.cpp:37 operator (): connect failed, error= 由于目标计算机积极拒绝，无法连接。, this = 0xd098d4f0
[2023-09-22 01:37:18.510] [pxr_streamer] [error] rpc_terminal.cpp:37 operator (): connect failed, error= 由于目标计算机积极拒绝，无法连接。, this = 0xd098d4f0
[2023-09-22 01:37:21.563] [pxr_streamer] [error] rpc_terminal.cpp:37 operator (): connect failed, error= 由于目标计算机积极拒绝，无法连接。, this = 0xd098d4f0
[2023-09-22 01:37:24.590] [pxr_streamer] [error] rpc_terminal.cpp:37 operator (): connect failed, error= 由于目标计算机积极拒绝，无法连接。, this = 0xd098d4f0
[2023-09-22 01:37:27.642] [pxr_streamer] [error] rpc_terminal.cpp:37 operator (): connect failed, error= 由于目标计算机积极拒绝，无法连接。, this = 0xd098d4f0
[2023-09-22 01:37:30.678] [pxr_streamer] [error] rpc_terminal.cpp:37 operator (): connect failed, error= 由于目标计算机积极拒绝，无法连接。, this = 0xd098d4f0
[2023-09-22 01:37:33.716] [pxr_streamer] [error] rpc_terminal.cpp:37 operator (): connect failed, error= 由于目标计算机积极拒绝，无法连接。, this = 0xd098d4f0
[2023-09-22 01:37:36.739] [pxr_streamer] [error] rpc_terminal.cpp:37 operator (): connect failed, error= 由于目标计算机积极拒绝，无法连接。, this = 0xd098d4f0
[2023-09-22 01:37:39.767] [pxr_streamer] [error] rpc_terminal.cpp:37 operator (): connect failed, error= 由于目标计算机积极拒绝，无法连接。, this = 0xd098d4f0
[2023-09-22 01:37:42.786] [pxr_streamer] [error] rpc_terminal.cpp:37 operator (): connect failed, error= 由于目标计算机积极拒绝，无法连接。, this = 0xd098d4f0
[2023-09-22 01:37:45.810] [pxr_streamer] [error] rpc_terminal.cpp:37 operator (): connect failed, error= 由于目标计算机积极拒绝，无法连接。, this = 0xd098d4f0
[2023-09-22 01:37:48.832] [pxr_streamer] [error] rpc_terminal.cpp:37 operator (): connect failed, error= 由于目标计算机积极拒绝，无法连接。, this = 0xd098d4f0
[2023-09-22 01:37:51.867] [pxr_streamer] [error] rpc_terminal.cpp:37 operator (): connect failed, error= 由于目标计算机积极拒绝，无法连接。, this = 0xd098d4f0
[2023-09-22 01:37:54.889] [pxr_streamer] [error] rpc_terminal.cpp:37 operator (): connect failed, error= 由于目标计算机积极拒绝，无法连接。, this = 0xd098d4f0
[2023-09-22 01:37:57.915] [pxr_streamer] [error] rpc_terminal.cpp:37 operator (): connect failed, error= 由于目标计算机积极拒绝，无法连接。, this = 0xd098d4f0
[2023-09-22 01:38:00.957] [pxr_streamer] [error] rpc_terminal.cpp:37 operator (): connect failed, error= 由于目标计算机积极拒绝，无法连接。, this = 0xd098d4f0
[2023-09-22 01:38:03.989] [pxr_streamer] [error] rpc_terminal.cpp:37 operator (): connect failed, error= 由于目标计算机积极拒绝，无法连接。, this = 0xd098d4f0
[2023-09-22 01:38:07.049] [pxr_streamer] [error] rpc_terminal.cpp:37 operator (): connect failed, error= 由于目标计算机积极拒绝，无法连接。, this = 0xd098d4f0
[2023-09-22 01:38:10.090] [pxr_streamer] [error] rpc_terminal.cpp:37 operator (): connect failed, error= 由于目标计算机积极拒绝，无法连接。, this = 0xd098d4f0
[2023-09-22 01:38:13.135] [pxr_streamer] [error] rpc_terminal.cpp:37 operator (): connect failed, error= 由于目标计算机积极拒绝，无法连接。, this = 0xd098d4f0
[2023-09-22 01:38:16.174] [pxr_streamer] [error] rpc_terminal.cpp:37 operator (): connect failed, error= 由于目标计算机积极拒绝，无法连接。, this = 0xd098d4f0
[2023-09-22 01:38:19.206] [pxr_streamer] [error] rpc_terminal.cpp:37 operator (): connect failed, error= 由于目标计算机积极拒绝，无法连接。, this = 0xd098d4f0
[2023-09-22 01:38:22.218] [pxr_streamer] [error] rpc_terminal.cpp:37 operator (): connect failed, error= 由于目标计算机积极拒绝，无法连接。, this = 0xd098d4f0
[2023-09-22 01:38:25.253] [pxr_streamer] [error] rpc_terminal.cpp:37 operator (): connect failed, error= 由于目标计算机积极拒绝，无法连接。, this = 0xd098d4f0
[2023-09-22 01:38:28.283] [pxr_streamer] [error] rpc_terminal.cpp:37 operator (): connect failed, error= 由于目标计算机积极拒绝，无法连接。, this = 0xd098d4f0
[2023-09-22 01:38:31.294] [pxr_streamer] [error] rpc_terminal.cpp:37 operator (): connect failed, error= 由于目标计算机积极拒绝，无法连接。, this = 0xd098d4f0
[2023-09-22 01:38:34.332] [pxr_streamer] [error] rpc_terminal.cpp:37 operator (): connect failed, error= 由于目标计算机积极拒绝，无法连接。, this = 0xd098d4f0
[2023-09-22 01:38:37.360] [pxr_streamer] [error] rpc_terminal.cpp:37 operator (): connect failed, error= 由于目标计算机积极拒绝，无法连接。, this = 0xd098d4f0
[2023-09-22 01:38:40.383] [pxr_streamer] [error] rpc_terminal.cpp:37 operator (): connect failed, error= 由于目标计算机积极拒绝，无法连接。, this = 0xd098d4f0
[2023-09-22 01:38:43.402] [pxr_streamer] [error] rpc_terminal.cpp:37 operator (): connect failed, error= 由于目标计算机积极拒绝，无法连接。, this = 0xd098d4f0
[2023-09-22 01:38:46.441] [pxr_streamer] [error] rpc_terminal.cpp:37 operator (): connect failed, error= 由于目标计算机积极拒绝，无法连接。, this = 0xd098d4f0
[2023-09-22 01:38:49.475] [pxr_streamer] [error] rpc_terminal.cpp:37 operator (): connect failed, error= 由于目标计算机积极拒绝，无法连接。, this = 0xd098d4f0
[2023-09-22 01:38:52.490] [pxr_streamer] [error] rpc_terminal.cpp:37 operator (): connect failed, error= 由于目标计算机积极拒绝，无法连接。, this = 0xd098d4f0
[2023-09-22 01:38:55.509] [pxr_streamer] [error] rpc_terminal.cpp:37 operator (): connect failed, error= 由于目标计算机积极拒绝，无法连接。, this = 0xd098d4f0
[2023-09-22 01:38:58.531] [pxr_streamer] [error] rpc_terminal.cpp:37 operator (): connect failed, error= 由于目标计算机积极拒绝，无法连接。, this = 0xd098d4f0
[2023-09-22 01:39:01.574] [pxr_streamer] [error] rpc_terminal.cpp:37 operator (): connect failed, error= 由于目标计算机积极拒绝，无法连接。, this = 0xd098d4f0
[2023-09-22 01:39:04.613] [pxr_streamer] [error] rpc_terminal.cpp:37 operator (): connect failed, error= 由于目标计算机积极拒绝，无法连接。, this = 0xd098d4f0
[2023-09-22 01:39:07.637] [pxr_streamer] [error] rpc_terminal.cpp:37 operator (): connect failed, error= 由于目标计算机积极拒绝，无法连接。, this = 0xd098d4f0
[2023-09-22 01:39:10.665] [pxr_streamer] [error] rpc_terminal.cpp:37 operator (): connect failed, error= 由于目标计算机积极拒绝，无法连接。, this = 0xd098d4f0
[2023-09-22 01:39:13.692] [pxr_streamer] [error] rpc_terminal.cpp:37 operator (): connect failed, error= 由于目标计算机积极拒绝，无法连接。, this = 0xd098d4f0
[2023-09-22 01:39:16.717] [pxr_streamer] [error] rpc_terminal.cpp:37 operator (): connect failed, error= 由于目标计算机积极拒绝，无法连接。, this = 0xd098d4f0
[2023-09-22 01:39:19.747] [pxr_streamer] [error] rpc_terminal.cpp:37 operator (): connect failed, error= 由于目标计算机积极拒绝，无法连接。, this = 0xd098d4f0
[2023-09-22 01:39:22.779] [pxr_streamer] [error] rpc_terminal.cpp:37 operator (): connect failed, error= 由于目标计算机积极拒绝，无法连接。, this = 0xd098d4f0
[2023-09-22 01:39:25.815] [pxr_streamer] [error] rpc_terminal.cpp:37 operator (): connect failed, error= 由于目标计算机积极拒绝，无法连接。, this = 0xd098d4f0
[2023-09-22 01:39:28.840] [pxr_streamer] [error] rpc_terminal.cpp:37 operator (): connect failed, error= 由于目标计算机积极拒绝，无法连接。, this = 0xd098d4f0
[2023-09-22 01:39:31.872] [pxr_streamer] [error] rpc_terminal.cpp:37 operator (): connect failed, error= 由于目标计算机积极拒绝，无法连接。, this = 0xd098d4f0
[2023-09-22 01:39:34.918] [pxr_streamer] [error] rpc_terminal.cpp:37 operator (): connect failed, error= 由于目标计算机积极拒绝，无法连接。, this = 0xd098d4f0
[2023-09-22 01:39:37.947] [pxr_streamer] [error] rpc_terminal.cpp:37 operator (): connect failed, error= 由于目标计算机积极拒绝，无法连接。, this = 0xd098d4f0
[2023-09-22 01:39:40.975] [pxr_streamer] [error] rpc_terminal.cpp:37 operator (): connect failed, error= 由于目标计算机积极拒绝，无法连接。, this = 0xd098d4f0
[2023-09-22 01:39:43.998] [pxr_streamer] [error] rpc_terminal.cpp:37 operator (): connect failed, error= 由于目标计算机积极拒绝，无法连接。, this = 0xd098d4f0
[2023-09-22 01:39:47.036] [pxr_streamer] [error] rpc_terminal.cpp:37 operator (): connect failed, error= 由于目标计算机积极拒绝，无法连接。, this = 0xd098d4f0
[2023-09-22 01:39:50.073] [pxr_streamer] [error] rpc_terminal.cpp:37 operator (): connect failed, error= 由于目标计算机积极拒绝，无法连接。, this = 0xd098d4f0
[2023-09-22 01:39:53.095] [pxr_streamer] [error] rpc_terminal.cpp:37 operator (): connect failed, error= 由于目标计算机积极拒绝，无法连接。, this = 0xd098d4f0
[2023-09-22 01:39:56.120] [pxr_streamer] [error] rpc_terminal.cpp:37 operator (): connect failed, error= 由于目标计算机积极拒绝，无法连接。, this = 0xd098d4f0
[2023-09-22 01:39:59.150] [pxr_streamer] [error] rpc_terminal.cpp:37 operator (): connect failed, error= 由于目标计算机积极拒绝，无法连接。, this = 0xd098d4f0
[2023-09-22 01:40:02.185] [pxr_streamer] [error] rpc_terminal.cpp:37 operator (): connect failed, error= 由于目标计算机积极拒绝，无法连接。, this = 0xd098d4f0
[2023-09-22 01:40:05.210] [pxr_streamer] [error] rpc_terminal.cpp:37 operator (): connect failed, error= 由于目标计算机积极拒绝，无法连接。, this = 0xd098d4f0
[2023-09-22 01:40:08.241] [pxr_streamer] [error] rpc_terminal.cpp:37 operator (): connect failed, error= 由于目标计算机积极拒绝，无法连接。, this = 0xd098d4f0
[2023-09-22 01:40:11.261] [pxr_streamer] [error] rpc_terminal.cpp:37 operator (): connect failed, error= 由于目标计算机积极拒绝，无法连接。, this = 0xd098d4f0
[2023-09-22 01:40:14.294] [pxr_streamer] [error] rpc_terminal.cpp:37 operator (): connect failed, error= 由于目标计算机积极拒绝，无法连接。, this = 0xd098d4f0
[2023-09-22 01:40:17.341] [pxr_streamer] [error] rpc_terminal.cpp:37 operator (): connect failed, error= 由于目标计算机积极拒绝，无法连接。, this = 0xd098d4f0
[2023-09-22 01:40:20.356] [pxr_streamer] [error] rpc_terminal.cpp:37 operator (): connect failed, error= 由于目标计算机积极拒绝，无法连接。, this = 0xd098d4f0
[2023-09-22 01:40:23.373] [pxr_streamer] [error] rpc_terminal.cpp:37 operator (): connect failed, error= 由于目标计算机积极拒绝，无法连接。, this = 0xd098d4f0
[2023-09-22 01:40:26.404] [pxr_streamer] [error] rpc_terminal.cpp:37 operator (): connect failed, error= 由于目标计算机积极拒绝，无法连接。, this = 0xd098d4f0
[2023-09-22 01:40:29.424] [pxr_streamer] [error] rpc_terminal.cpp:37 operator (): connect failed, error= 由于目标计算机积极拒绝，无法连接。, this = 0xd098d4f0
[2023-09-22 01:40:32.457] [pxr_streamer] [error] rpc_terminal.cpp:37 operator (): connect failed, error= 由于目标计算机积极拒绝，无法连接。, this = 0xd098d4f0
[2023-09-22 01:40:35.484] [pxr_streamer] [error] rpc_terminal.cpp:37 operator (): connect failed, error= 由于目标计算机积极拒绝，无法连接。, this = 0xd098d4f0
[2023-09-22 01:40:38.507] [pxr_streamer] [error] rpc_terminal.cpp:37 operator (): connect failed, error= 由于目标计算机积极拒绝，无法连接。, this = 0xd098d4f0
[2023-09-22 01:40:41.532] [pxr_streamer] [error] rpc_terminal.cpp:37 operator (): connect failed, error= 由于目标计算机积极拒绝，无法连接。, this = 0xd098d4f0
[2023-09-22 01:40:44.567] [pxr_streamer] [error] rpc_terminal.cpp:37 operator (): connect failed, error= 由于目标计算机积极拒绝，无法连接。, this = 0xd098d4f0
[2023-09-22 01:40:47.589] [pxr_streamer] [error] rpc_terminal.cpp:37 operator (): connect failed, error= 由于目标计算机积极拒绝，无法连接。, this = 0xd098d4f0
[2023-09-22 01:40:50.634] [pxr_streamer] [error] rpc_terminal.cpp:37 operator (): connect failed, error= 由于目标计算机积极拒绝，无法连接。, this = 0xd098d4f0
[2023-09-22 01:40:53.661] [pxr_streamer] [error] rpc_terminal.cpp:37 operator (): connect failed, error= 由于目标计算机积极拒绝，无法连接。, this = 0xd098d4f0
[2023-09-22 01:40:56.682] [pxr_streamer] [error] rpc_terminal.cpp:37 operator (): connect failed, error= 由于目标计算机积极拒绝，无法连接。, this = 0xd098d4f0
[2023-09-22 01:40:59.712] [pxr_streamer] [error] rpc_terminal.cpp:37 operator (): connect failed, error= 由于目标计算机积极拒绝，无法连接。, this = 0xd098d4f0
[2023-09-22 01:41:02.745] [pxr_streamer] [error] rpc_terminal.cpp:37 operator (): connect failed, error= 由于目标计算机积极拒绝，无法连接。, this = 0xd098d4f0
[2023-09-22 01:41:05.779] [pxr_streamer] [error] rpc_terminal.cpp:37 operator (): connect failed, error= 由于目标计算机积极拒绝，无法连接。, this = 0xd098d4f0
[2023-09-22 01:41:08.825] [pxr_streamer] [error] rpc_terminal.cpp:37 operator (): connect failed, error= 由于目标计算机积极拒绝，无法连接。, this = 0xd098d4f0
[2023-09-22 01:41:11.862] [pxr_streamer] [error] rpc_terminal.cpp:37 operator (): connect failed, error= 由于目标计算机积极拒绝，无法连接。, this = 0xd098d4f0
[2023-09-22 01:41:14.901] [pxr_streamer] [error] rpc_terminal.cpp:37 operator (): connect failed, error= 由于目标计算机积极拒绝，无法连接。, this = 0xd098d4f0
[2023-09-22 01:41:17.924] [pxr_streamer] [error] rpc_terminal.cpp:37 operator (): connect failed, error= 由于目标计算机积极拒绝，无法连接。, this = 0xd098d4f0
[2023-09-22 01:41:20.949] [pxr_streamer] [error] rpc_terminal.cpp:37 operator (): connect failed, error= 由于目标计算机积极拒绝，无法连接。, this = 0xd098d4f0
[2023-09-22 01:41:23.972] [pxr_streamer] [error] rpc_terminal.cpp:37 operator (): connect failed, error= 由于目标计算机积极拒绝，无法连接。, this = 0xd098d4f0
[2023-09-22 01:41:26.996] [pxr_streamer] [error] rpc_terminal.cpp:37 operator (): connect failed, error= 由于目标计算机积极拒绝，无法连接。, this = 0xd098d4f0
[2023-09-22 01:41:30.053] [pxr_streamer] [error] rpc_terminal.cpp:37 operator (): connect failed, error= 由于目标计算机积极拒绝，无法连接。, this = 0xd098d4f0
[2023-09-22 01:41:33.089] [pxr_streamer] [error] rpc_terminal.cpp:37 operator (): connect failed, error= 由于目标计算机积极拒绝，无法连接。, this = 0xd098d4f0
[2023-09-22 01:41:36.122] [pxr_streamer] [error] rpc_terminal.cpp:37 operator (): connect failed, error= 由于目标计算机积极拒绝，无法连接。, this = 0xd098d4f0
[2023-09-22 01:41:39.146] [pxr_streamer] [error] rpc_terminal.cpp:37 operator (): connect failed, error= 由于目标计算机积极拒绝，无法连接。, this = 0xd098d4f0
[2023-09-22 01:41:42.175] [pxr_streamer] [error] rpc_terminal.cpp:37 operator (): connect failed, error= 由于目标计算机积极拒绝，无法连接。, this = 0xd098d4f0
[2023-09-22 01:41:45.206] [pxr_streamer] [error] rpc_terminal.cpp:37 operator (): connect failed, error= 由于目标计算机积极拒绝，无法连接。, this = 0xd098d4f0
[2023-09-22 01:41:48.229] [pxr_streamer] [error] rpc_terminal.cpp:37 operator (): connect failed, error= 由于目标计算机积极拒绝，无法连接。, this = 0xd098d4f0
[2023-09-22 01:41:51.272] [pxr_streamer] [error] rpc_terminal.cpp:37 operator (): connect failed, error= 由于目标计算机积极拒绝，无法连接。, this = 0xd098d4f0
[2023-09-22 01:41:54.306] [pxr_streamer] [error] rpc_terminal.cpp:37 operator (): connect failed, error= 由于目标计算机积极拒绝，无法连接。, this = 0xd098d4f0
[2023-09-22 01:41:57.341] [pxr_streamer] [error] rpc_terminal.cpp:37 operator (): connect failed, error= 由于目标计算机积极拒绝，无法连接。, this = 0xd098d4f0
[2023-09-22 01:42:00.367] [pxr_streamer] [error] rpc_terminal.cpp:37 operator (): connect failed, error= 由于目标计算机积极拒绝，无法连接。, this = 0xd098d4f0
[2023-09-22 01:42:03.406] [pxr_streamer] [error] rpc_terminal.cpp:37 operator (): connect failed, error= 由于目标计算机积极拒绝，无法连接。, this = 0xd098d4f0
[2023-09-22 01:42:06.430] [pxr_streamer] [error] rpc_terminal.cpp:37 operator (): connect failed, error= 由于目标计算机积极拒绝，无法连接。, this = 0xd098d4f0
[2023-09-22 01:42:09.463] [pxr_streamer] [error] rpc_terminal.cpp:37 operator (): connect failed, error= 由于目标计算机积极拒绝，无法连接。, this = 0xd098d4f0
[2023-09-22 01:42:12.483] [pxr_streamer] [error] rpc_terminal.cpp:37 operator (): connect failed, error= 由于目标计算机积极拒绝，无法连接。, this = 0xd098d4f0
[2023-09-22 01:42:15.513] [pxr_streamer] [error] rpc_terminal.cpp:37 operator (): connect failed, error= 由于目标计算机积极拒绝，无法连接。, this = 0xd098d4f0
[2023-09-22 01:42:18.548] [pxr_streamer] [error] rpc_terminal.cpp:37 operator (): connect failed, error= 由于目标计算机积极拒绝，无法连接。, this = 0xd098d4f0
[2023-09-22 01:42:21.568] [pxr_streamer] [error] rpc_terminal.cpp:37 operator (): connect failed, error= 由于目标计算机积极拒绝，无法连接。, this = 0xd098d4f0
[2023-09-22 01:42:24.592] [pxr_streamer] [error] rpc_terminal.cpp:37 operator (): connect failed, error= 由于目标计算机积极拒绝，无法连接。, this = 0xd098d4f0
[2023-09-22 01:42:27.612] [pxr_streamer] [error] rpc_terminal.cpp:37 operator (): connect failed, error= 由于目标计算机积极拒绝，无法连接。, this = 0xd098d4f0
[2023-09-22 01:42:30.646] [pxr_streamer] [error] rpc_terminal.cpp:37 operator (): connect failed, error= 由于目标计算机积极拒绝，无法连接。, this = 0xd098d4f0
[2023-09-22 01:42:33.661] [pxr_streamer] [error] rpc_terminal.cpp:37 operator (): connect failed, error= 由于目标计算机积极拒绝，无法连接。, this = 0xd098d4f0
[2023-09-22 01:42:36.696] [pxr_streamer] [error] rpc_terminal.cpp:37 operator (): connect failed, error= 由于目标计算机积极拒绝，无法连接。, this = 0xd098d4f0
[2023-09-22 01:42:39.722] [pxr_streamer] [error] rpc_terminal.cpp:37 operator (): connect failed, error= 由于目标计算机积极拒绝，无法连接。, this = 0xd098d4f0
[2023-09-22 01:42:42.758] [pxr_streamer] [error] rpc_terminal.cpp:37 operator (): connect failed, error= 由于目标计算机积极拒绝，无法连接。, this = 0xd098d4f0
[2023-09-22 01:42:45.796] [pxr_streamer] [error] rpc_terminal.cpp:37 operator (): connect failed, error= 由于目标计算机积极拒绝，无法连接。, this = 0xd098d4f0
[2023-09-22 01:42:48.821] [pxr_streamer] [error] rpc_terminal.cpp:37 operator (): connect failed, error= 由于目标计算机积极拒绝，无法连接。, this = 0xd098d4f0
[2023-09-22 01:42:51.840] [pxr_streamer] [error] rpc_terminal.cpp:37 operator (): connect failed, error= 由于目标计算机积极拒绝，无法连接。, this = 0xd098d4f0
[2023-09-22 01:42:54.879] [pxr_streamer] [error] rpc_terminal.cpp:37 operator (): connect failed, error= 由于目标计算机积极拒绝，无法连接。, this = 0xd098d4f0
[2023-09-22 01:42:57.901] [pxr_streamer] [error] rpc_terminal.cpp:37 operator (): connect failed, error= 由于目标计算机积极拒绝，无法连接。, this = 0xd098d4f0
[2023-09-22 01:43:00.942] [pxr_streamer] [error] rpc_terminal.cpp:37 operator (): connect failed, error= 由于目标计算机积极拒绝，无法连接。, this = 0xd098d4f0
[2023-09-22 01:43:03.979] [pxr_streamer] [error] rpc_terminal.cpp:37 operator (): connect failed, error= 由于目标计算机积极拒绝，无法连接。, this = 0xd098d4f0
[2023-09-22 01:43:07.005] [pxr_streamer] [error] rpc_terminal.cpp:37 operator (): connect failed, error= 由于目标计算机积极拒绝，无法连接。, this = 0xd098d4f0
[2023-09-22 01:43:10.033] [pxr_streamer] [error] rpc_terminal.cpp:37 operator (): connect failed, error= 由于目标计算机积极拒绝，无法连接。, this = 0xd098d4f0
[2023-09-22 01:43:13.072] [pxr_streamer] [error] rpc_terminal.cpp:37 operator (): connect failed, error= 由于目标计算机积极拒绝，无法连接。, this = 0xd098d4f0
[2023-09-22 01:43:16.103] [pxr_streamer] [error] rpc_terminal.cpp:37 operator (): connect failed, error= 由于目标计算机积极拒绝，无法连接。, this = 0xd098d4f0
[2023-09-22 01:43:19.151] [pxr_streamer] [error] rpc_terminal.cpp:37 operator (): connect failed, error= 由于目标计算机积极拒绝，无法连接。, this = 0xd098d4f0
[2023-09-22 01:43:22.186] [pxr_streamer] [error] rpc_terminal.cpp:37 operator (): connect failed, error= 由于目标计算机积极拒绝，无法连接。, this = 0xd098d4f0
[2023-09-22 01:43:25.231] [pxr_streamer] [error] rpc_terminal.cpp:37 operator (): connect failed, error= 由于目标计算机积极拒绝，无法连接。, this = 0xd098d4f0
[2023-09-22 01:43:28.269] [pxr_streamer] [error] rpc_terminal.cpp:37 operator (): connect failed, error= 由于目标计算机积极拒绝，无法连接。, this = 0xd098d4f0
[2023-09-22 01:43:31.298] [pxr_streamer] [error] rpc_terminal.cpp:37 operator (): connect failed, error= 由于目标计算机积极拒绝，无法连接。, this = 0xd098d4f0
[2023-09-22 01:43:34.322] [pxr_streamer] [error] rpc_terminal.cpp:37 operator (): connect failed, error= 由于目标计算机积极拒绝，无法连接。, this = 0xd098d4f0
[2023-09-22 01:43:37.359] [pxr_streamer] [error] rpc_terminal.cpp:37 operator (): connect failed, error= 由于目标计算机积极拒绝，无法连接。, this = 0xd098d4f0
[2023-09-22 01:43:40.408] [pxr_streamer] [error] rpc_terminal.cpp:37 operator (): connect failed, error= 由于目标计算机积极拒绝，无法连接。, this = 0xd098d4f0
[2023-09-22 01:43:43.455] [pxr_streamer] [error] rpc_terminal.cpp:37 operator (): connect failed, error= 由于目标计算机积极拒绝，无法连接。, this = 0xd098d4f0
[2023-09-22 01:43:46.497] [pxr_streamer] [error] rpc_terminal.cpp:37 operator (): connect failed, error= 由于目标计算机积极拒绝，无法连接。, this = 0xd098d4f0
[2023-09-22 01:43:49.538] [pxr_streamer] [error] rpc_terminal.cpp:37 operator (): connect failed, error= 由于目标计算机积极拒绝，无法连接。, this = 0xd098d4f0
[2023-09-22 01:43:52.576] [pxr_streamer] [error] rpc_terminal.cpp:37 operator (): connect failed, error= 由于目标计算机积极拒绝，无法连接。, this = 0xd098d4f0
[2023-09-22 01:43:55.613] [pxr_streamer] [error] rpc_terminal.cpp:37 operator (): connect failed, error= 由于目标计算机积极拒绝，无法连接。, this = 0xd098d4f0
[2023-09-22 01:43:58.635] [pxr_streamer] [error] rpc_terminal.cpp:37 operator (): connect failed, error= 由于目标计算机积极拒绝，无法连接。, this = 0xd098d4f0
[2023-09-22 01:44:01.664] [pxr_streamer] [error] rpc_terminal.cpp:37 operator (): connect failed, error= 由于目标计算机积极拒绝，无法连接。, this = 0xd098d4f0
[2023-09-22 01:44:04.701] [pxr_streamer] [error] rpc_terminal.cpp:37 operator (): connect failed, error= 由于目标计算机积极拒绝，无法连接。, this = 0xd098d4f0
[2023-09-22 01:44:07.724] [pxr_streamer] [error] rpc_terminal.cpp:37 operator (): connect failed, error= 由于目标计算机积极拒绝，无法连接。, this = 0xd098d4f0
[2023-09-22 01:44:10.748] [pxr_streamer] [error] rpc_terminal.cpp:37 operator (): connect failed, error= 由于目标计算机积极拒绝，无法连接。, this = 0xd098d4f0
[2023-09-22 01:44:13.770] [pxr_streamer] [error] rpc_terminal.cpp:37 operator (): connect failed, error= 由于目标计算机积极拒绝，无法连接。, this = 0xd098d4f0
[2023-09-22 01:44:16.799] [pxr_streamer] [error] rpc_terminal.cpp:37 operator (): connect failed, error= 由于目标计算机积极拒绝，无法连接。, this = 0xd098d4f0
[2023-09-22 01:44:19.830] [pxr_streamer] [error] rpc_terminal.cpp:37 operator (): connect failed, error= 由于目标计算机积极拒绝，无法连接。, this = 0xd098d4f0
[2023-09-22 01:44:22.868] [pxr_streamer] [error] rpc_terminal.cpp:37 operator (): connect failed, error= 由于目标计算机积极拒绝，无法连接。, this = 0xd098d4f0
[2023-09-22 01:44:25.909] [pxr_streamer] [error] rpc_terminal.cpp:37 operator (): connect failed, error= 由于目标计算机积极拒绝，无法连接。, this = 0xd098d4f0
