[2023-11-06 15:47:38.808] [pxr_streamer] [info] ***********  Log Begin **********
[2023-11-06 15:47:38.808] [pxr_streamer] [info] process id= 19224
[2023-11-06 15:47:38.808] [pxr_streamer] [error] rpc_terminal.cpp:37 operator (): connect failed, error= 由于目标计算机积极拒绝，无法连接。, this = 0xff99cce0
[2023-11-06 15:47:38.810] [pxr_streamer] [error] rpc_terminal.h:50 Call: invalid rpc_client_, msg = Hello, this = 0xff99cce0
[2023-11-06 15:47:38.810] [pxr_streamer] [error] rpc_terminal.h:50 Call: invalid rpc_client_, msg = QueryRemoteTerminals, this = 0xff99cce0
[2023-11-06 15:47:41.866] [pxr_streamer] [error] rpc_terminal.cpp:37 operator (): connect failed, error= 由于目标计算机积极拒绝，无法连接。, this = 0xff99cce0
[2023-11-06 15:47:44.902] [pxr_streamer] [error] rpc_terminal.cpp:37 operator (): connect failed, error= 由于目标计算机积极拒绝，无法连接。, this = 0xff99cce0
[2023-11-06 15:47:47.950] [pxr_streamer] [error] rpc_terminal.cpp:37 operator (): connect failed, error= 由于目标计算机积极拒绝，无法连接。, this = 0xff99cce0
[2023-11-06 15:47:50.999] [pxr_streamer] [error] rpc_terminal.cpp:37 operator (): connect failed, error= 由于目标计算机积极拒绝，无法连接。, this = 0xff99cce0
[2023-11-06 15:47:54.042] [pxr_streamer] [error] rpc_terminal.cpp:37 operator (): connect failed, error= 由于目标计算机积极拒绝，无法连接。, this = 0xff99cce0
[2023-11-06 15:47:57.081] [pxr_streamer] [error] rpc_terminal.cpp:37 operator (): connect failed, error= 由于目标计算机积极拒绝，无法连接。, this = 0xff99cce0
[2023-11-06 15:48:00.127] [pxr_streamer] [error] rpc_terminal.cpp:37 operator (): connect failed, error= 由于目标计算机积极拒绝，无法连接。, this = 0xff99cce0
[2023-11-06 15:48:03.160] [pxr_streamer] [error] rpc_terminal.cpp:37 operator (): connect failed, error= 由于目标计算机积极拒绝，无法连接。, this = 0xff99cce0
[2023-11-06 15:48:06.211] [pxr_streamer] [error] rpc_terminal.cpp:37 operator (): connect failed, error= 由于目标计算机积极拒绝，无法连接。, this = 0xff99cce0
[2023-11-06 15:48:09.242] [pxr_streamer] [error] rpc_terminal.cpp:37 operator (): connect failed, error= 由于目标计算机积极拒绝，无法连接。, this = 0xff99cce0
[2023-11-06 15:48:12.285] [pxr_streamer] [error] rpc_terminal.cpp:37 operator (): connect failed, error= 由于目标计算机积极拒绝，无法连接。, this = 0xff99cce0
[2023-11-06 15:48:15.327] [pxr_streamer] [error] rpc_terminal.cpp:37 operator (): connect failed, error= 由于目标计算机积极拒绝，无法连接。, this = 0xff99cce0
[2023-11-06 15:48:18.371] [pxr_streamer] [error] rpc_terminal.cpp:37 operator (): connect failed, error= 由于目标计算机积极拒绝，无法连接。, this = 0xff99cce0
[2023-11-06 15:48:21.406] [pxr_streamer] [error] rpc_terminal.cpp:37 operator (): connect failed, error= 由于目标计算机积极拒绝，无法连接。, this = 0xff99cce0
[2023-11-06 15:48:24.468] [pxr_streamer] [error] rpc_terminal.cpp:37 operator (): connect failed, error= 由于目标计算机积极拒绝，无法连接。, this = 0xff99cce0
[2023-11-06 15:48:27.524] [pxr_streamer] [error] rpc_terminal.cpp:37 operator (): connect failed, error= 由于目标计算机积极拒绝，无法连接。, this = 0xff99cce0
[2023-11-06 15:48:30.580] [pxr_streamer] [error] rpc_terminal.cpp:37 operator (): connect failed, error= 由于目标计算机积极拒绝，无法连接。, this = 0xff99cce0
[2023-11-06 15:48:33.638] [pxr_streamer] [error] rpc_terminal.cpp:37 operator (): connect failed, error= 由于目标计算机积极拒绝，无法连接。, this = 0xff99cce0
[2023-11-06 15:48:36.708] [pxr_streamer] [error] rpc_terminal.cpp:37 operator (): connect failed, error= 由于目标计算机积极拒绝，无法连接。, this = 0xff99cce0
[2023-11-06 15:48:39.759] [pxr_streamer] [error] rpc_terminal.cpp:37 operator (): connect failed, error= 由于目标计算机积极拒绝，无法连接。, this = 0xff99cce0
[2023-11-06 15:48:42.814] [pxr_streamer] [error] rpc_terminal.cpp:37 operator (): connect failed, error= 由于目标计算机积极拒绝，无法连接。, this = 0xff99cce0
[2023-11-06 15:48:45.883] [pxr_streamer] [error] rpc_terminal.cpp:37 operator (): connect failed, error= 由于目标计算机积极拒绝，无法连接。, this = 0xff99cce0
[2023-11-06 15:48:48.936] [pxr_streamer] [error] rpc_terminal.cpp:37 operator (): connect failed, error= 由于目标计算机积极拒绝，无法连接。, this = 0xff99cce0
[2023-11-06 15:48:51.994] [pxr_streamer] [error] rpc_terminal.cpp:37 operator (): connect failed, error= 由于目标计算机积极拒绝，无法连接。, this = 0xff99cce0
[2023-11-06 15:48:55.034] [pxr_streamer] [error] rpc_terminal.cpp:37 operator (): connect failed, error= 由于目标计算机积极拒绝，无法连接。, this = 0xff99cce0
[2023-11-06 15:48:58.084] [pxr_streamer] [error] rpc_terminal.cpp:37 operator (): connect failed, error= 由于目标计算机积极拒绝，无法连接。, this = 0xff99cce0
[2023-11-06 15:49:01.130] [pxr_streamer] [error] rpc_terminal.cpp:37 operator (): connect failed, error= 由于目标计算机积极拒绝，无法连接。, this = 0xff99cce0
[2023-11-06 15:49:04.172] [pxr_streamer] [error] rpc_terminal.cpp:37 operator (): connect failed, error= 由于目标计算机积极拒绝，无法连接。, this = 0xff99cce0
[2023-11-06 15:49:07.203] [pxr_streamer] [error] rpc_terminal.cpp:37 operator (): connect failed, error= 由于目标计算机积极拒绝，无法连接。, this = 0xff99cce0
[2023-11-06 15:49:10.234] [pxr_streamer] [error] rpc_terminal.cpp:37 operator (): connect failed, error= 由于目标计算机积极拒绝，无法连接。, this = 0xff99cce0
[2023-11-06 15:49:13.269] [pxr_streamer] [error] rpc_terminal.cpp:37 operator (): connect failed, error= 由于目标计算机积极拒绝，无法连接。, this = 0xff99cce0
[2023-11-06 15:49:16.325] [pxr_streamer] [error] rpc_terminal.cpp:37 operator (): connect failed, error= 由于目标计算机积极拒绝，无法连接。, this = 0xff99cce0
[2023-11-06 15:49:19.363] [pxr_streamer] [error] rpc_terminal.cpp:37 operator (): connect failed, error= 由于目标计算机积极拒绝，无法连接。, this = 0xff99cce0
[2023-11-06 15:49:22.406] [pxr_streamer] [error] rpc_terminal.cpp:37 operator (): connect failed, error= 由于目标计算机积极拒绝，无法连接。, this = 0xff99cce0
[2023-11-06 15:49:25.458] [pxr_streamer] [error] rpc_terminal.cpp:37 operator (): connect failed, error= 由于目标计算机积极拒绝，无法连接。, this = 0xff99cce0
[2023-11-06 15:49:28.504] [pxr_streamer] [error] rpc_terminal.cpp:37 operator (): connect failed, error= 由于目标计算机积极拒绝，无法连接。, this = 0xff99cce0
[2023-11-06 15:49:31.557] [pxr_streamer] [error] rpc_terminal.cpp:37 operator (): connect failed, error= 由于目标计算机积极拒绝，无法连接。, this = 0xff99cce0
[2023-11-06 15:49:34.606] [pxr_streamer] [error] rpc_terminal.cpp:37 operator (): connect failed, error= 由于目标计算机积极拒绝，无法连接。, this = 0xff99cce0
[2023-11-06 15:49:37.652] [pxr_streamer] [error] rpc_terminal.cpp:37 operator (): connect failed, error= 由于目标计算机积极拒绝，无法连接。, this = 0xff99cce0
[2023-11-06 15:49:40.685] [pxr_streamer] [error] rpc_terminal.cpp:37 operator (): connect failed, error= 由于目标计算机积极拒绝，无法连接。, this = 0xff99cce0
[2023-11-06 15:49:43.734] [pxr_streamer] [error] rpc_terminal.cpp:37 operator (): connect failed, error= 由于目标计算机积极拒绝，无法连接。, this = 0xff99cce0
[2023-11-06 15:49:46.759] [pxr_streamer] [error] rpc_terminal.cpp:37 operator (): connect failed, error= 由于目标计算机积极拒绝，无法连接。, this = 0xff99cce0
[2023-11-06 15:49:49.812] [pxr_streamer] [error] rpc_terminal.cpp:37 operator (): connect failed, error= 由于目标计算机积极拒绝，无法连接。, this = 0xff99cce0
[2023-11-06 15:49:52.869] [pxr_streamer] [error] rpc_terminal.cpp:37 operator (): connect failed, error= 由于目标计算机积极拒绝，无法连接。, this = 0xff99cce0
[2023-11-06 15:49:55.903] [pxr_streamer] [error] rpc_terminal.cpp:37 operator (): connect failed, error= 由于目标计算机积极拒绝，无法连接。, this = 0xff99cce0
[2023-11-06 15:49:58.933] [pxr_streamer] [error] rpc_terminal.cpp:37 operator (): connect failed, error= 由于目标计算机积极拒绝，无法连接。, this = 0xff99cce0
[2023-11-06 15:50:01.978] [pxr_streamer] [error] rpc_terminal.cpp:37 operator (): connect failed, error= 由于目标计算机积极拒绝，无法连接。, this = 0xff99cce0
[2023-11-06 15:50:05.022] [pxr_streamer] [error] rpc_terminal.cpp:37 operator (): connect failed, error= 由于目标计算机积极拒绝，无法连接。, this = 0xff99cce0
[2023-11-06 15:50:08.073] [pxr_streamer] [error] rpc_terminal.cpp:37 operator (): connect failed, error= 由于目标计算机积极拒绝，无法连接。, this = 0xff99cce0
[2023-11-06 15:50:11.089] [pxr_streamer] [error] rpc_terminal.cpp:37 operator (): connect failed, error= 由于目标计算机积极拒绝，无法连接。, this = 0xff99cce0
[2023-11-06 15:50:14.126] [pxr_streamer] [error] rpc_terminal.cpp:37 operator (): connect failed, error= 由于目标计算机积极拒绝，无法连接。, this = 0xff99cce0
[2023-11-06 15:50:17.168] [pxr_streamer] [error] rpc_terminal.cpp:37 operator (): connect failed, error= 由于目标计算机积极拒绝，无法连接。, this = 0xff99cce0
[2023-11-06 15:50:20.216] [pxr_streamer] [error] rpc_terminal.cpp:37 operator (): connect failed, error= 由于目标计算机积极拒绝，无法连接。, this = 0xff99cce0
[2023-11-06 15:50:23.259] [pxr_streamer] [error] rpc_terminal.cpp:37 operator (): connect failed, error= 由于目标计算机积极拒绝，无法连接。, this = 0xff99cce0
[2023-11-06 15:50:26.291] [pxr_streamer] [error] rpc_terminal.cpp:37 operator (): connect failed, error= 由于目标计算机积极拒绝，无法连接。, this = 0xff99cce0
[2023-11-06 15:50:29.339] [pxr_streamer] [error] rpc_terminal.cpp:37 operator (): connect failed, error= 由于目标计算机积极拒绝，无法连接。, this = 0xff99cce0
[2023-11-06 15:50:32.369] [pxr_streamer] [error] rpc_terminal.cpp:37 operator (): connect failed, error= 由于目标计算机积极拒绝，无法连接。, this = 0xff99cce0
[2023-11-06 15:50:35.407] [pxr_streamer] [error] rpc_terminal.cpp:37 operator (): connect failed, error= 由于目标计算机积极拒绝，无法连接。, this = 0xff99cce0
[2023-11-06 15:50:38.450] [pxr_streamer] [error] rpc_terminal.cpp:37 operator (): connect failed, error= 由于目标计算机积极拒绝，无法连接。, this = 0xff99cce0
[2023-11-06 15:50:41.508] [pxr_streamer] [error] rpc_terminal.cpp:37 operator (): connect failed, error= 由于目标计算机积极拒绝，无法连接。, this = 0xff99cce0
[2023-11-06 15:50:44.538] [pxr_streamer] [error] rpc_terminal.cpp:37 operator (): connect failed, error= 由于目标计算机积极拒绝，无法连接。, this = 0xff99cce0
[2023-11-06 15:50:47.579] [pxr_streamer] [error] rpc_terminal.cpp:37 operator (): connect failed, error= 由于目标计算机积极拒绝，无法连接。, this = 0xff99cce0
[2023-11-06 15:50:50.627] [pxr_streamer] [error] rpc_terminal.cpp:37 operator (): connect failed, error= 由于目标计算机积极拒绝，无法连接。, this = 0xff99cce0
[2023-11-06 15:50:53.660] [pxr_streamer] [error] rpc_terminal.cpp:37 operator (): connect failed, error= 由于目标计算机积极拒绝，无法连接。, this = 0xff99cce0
[2023-11-06 15:50:56.704] [pxr_streamer] [error] rpc_terminal.cpp:37 operator (): connect failed, error= 由于目标计算机积极拒绝，无法连接。, this = 0xff99cce0
[2023-11-06 15:50:59.751] [pxr_streamer] [error] rpc_terminal.cpp:37 operator (): connect failed, error= 由于目标计算机积极拒绝，无法连接。, this = 0xff99cce0
[2023-11-06 15:51:02.768] [pxr_streamer] [error] rpc_terminal.cpp:37 operator (): connect failed, error= 由于目标计算机积极拒绝，无法连接。, this = 0xff99cce0
[2023-11-06 15:51:05.812] [pxr_streamer] [error] rpc_terminal.cpp:37 operator (): connect failed, error= 由于目标计算机积极拒绝，无法连接。, this = 0xff99cce0
[2023-11-06 15:51:08.831] [pxr_streamer] [error] rpc_terminal.cpp:37 operator (): connect failed, error= 由于目标计算机积极拒绝，无法连接。, this = 0xff99cce0
[2023-11-06 15:51:11.878] [pxr_streamer] [error] rpc_terminal.cpp:37 operator (): connect failed, error= 由于目标计算机积极拒绝，无法连接。, this = 0xff99cce0
[2023-11-06 15:51:14.905] [pxr_streamer] [error] rpc_terminal.cpp:37 operator (): connect failed, error= 由于目标计算机积极拒绝，无法连接。, this = 0xff99cce0
[2023-11-06 15:51:17.938] [pxr_streamer] [error] rpc_terminal.cpp:37 operator (): connect failed, error= 由于目标计算机积极拒绝，无法连接。, this = 0xff99cce0
[2023-11-06 15:51:20.972] [pxr_streamer] [error] rpc_terminal.cpp:37 operator (): connect failed, error= 由于目标计算机积极拒绝，无法连接。, this = 0xff99cce0
[2023-11-06 15:51:24.026] [pxr_streamer] [error] rpc_terminal.cpp:37 operator (): connect failed, error= 由于目标计算机积极拒绝，无法连接。, this = 0xff99cce0
[2023-11-06 15:51:27.056] [pxr_streamer] [error] rpc_terminal.cpp:37 operator (): connect failed, error= 由于目标计算机积极拒绝，无法连接。, this = 0xff99cce0
[2023-11-06 15:51:30.110] [pxr_streamer] [error] rpc_terminal.cpp:37 operator (): connect failed, error= 由于目标计算机积极拒绝，无法连接。, this = 0xff99cce0
[2023-11-06 15:51:33.140] [pxr_streamer] [error] rpc_terminal.cpp:37 operator (): connect failed, error= 由于目标计算机积极拒绝，无法连接。, this = 0xff99cce0
[2023-11-06 15:51:36.188] [pxr_streamer] [error] rpc_terminal.cpp:37 operator (): connect failed, error= 由于目标计算机积极拒绝，无法连接。, this = 0xff99cce0
[2023-11-06 15:51:39.222] [pxr_streamer] [error] rpc_terminal.cpp:37 operator (): connect failed, error= 由于目标计算机积极拒绝，无法连接。, this = 0xff99cce0
[2023-11-06 15:51:42.279] [pxr_streamer] [error] rpc_terminal.cpp:37 operator (): connect failed, error= 由于目标计算机积极拒绝，无法连接。, this = 0xff99cce0
[2023-11-06 15:51:45.309] [pxr_streamer] [error] rpc_terminal.cpp:37 operator (): connect failed, error= 由于目标计算机积极拒绝，无法连接。, this = 0xff99cce0
[2023-11-06 15:51:48.344] [pxr_streamer] [error] rpc_terminal.cpp:37 operator (): connect failed, error= 由于目标计算机积极拒绝，无法连接。, this = 0xff99cce0
[2023-11-06 15:51:51.384] [pxr_streamer] [error] rpc_terminal.cpp:37 operator (): connect failed, error= 由于目标计算机积极拒绝，无法连接。, this = 0xff99cce0
[2023-11-06 15:51:54.439] [pxr_streamer] [error] rpc_terminal.cpp:37 operator (): connect failed, error= 由于目标计算机积极拒绝，无法连接。, this = 0xff99cce0
[2023-11-06 15:51:57.487] [pxr_streamer] [error] rpc_terminal.cpp:37 operator (): connect failed, error= 由于目标计算机积极拒绝，无法连接。, this = 0xff99cce0
[2023-11-06 15:52:00.518] [pxr_streamer] [error] rpc_terminal.cpp:37 operator (): connect failed, error= 由于目标计算机积极拒绝，无法连接。, this = 0xff99cce0
[2023-11-06 15:52:03.555] [pxr_streamer] [error] rpc_terminal.cpp:37 operator (): connect failed, error= 由于目标计算机积极拒绝，无法连接。, this = 0xff99cce0
[2023-11-06 15:52:06.612] [pxr_streamer] [error] rpc_terminal.cpp:37 operator (): connect failed, error= 由于目标计算机积极拒绝，无法连接。, this = 0xff99cce0
[2023-11-06 15:52:09.642] [pxr_streamer] [error] rpc_terminal.cpp:37 operator (): connect failed, error= 由于目标计算机积极拒绝，无法连接。, this = 0xff99cce0
[2023-11-06 15:52:12.684] [pxr_streamer] [error] rpc_terminal.cpp:37 operator (): connect failed, error= 由于目标计算机积极拒绝，无法连接。, this = 0xff99cce0
[2023-11-06 15:52:15.732] [pxr_streamer] [error] rpc_terminal.cpp:37 operator (): connect failed, error= 由于目标计算机积极拒绝，无法连接。, this = 0xff99cce0
[2023-11-06 15:52:18.774] [pxr_streamer] [error] rpc_terminal.cpp:37 operator (): connect failed, error= 由于目标计算机积极拒绝，无法连接。, this = 0xff99cce0
[2023-11-06 15:52:21.817] [pxr_streamer] [error] rpc_terminal.cpp:37 operator (): connect failed, error= 由于目标计算机积极拒绝，无法连接。, this = 0xff99cce0
[2023-11-06 15:52:24.866] [pxr_streamer] [error] rpc_terminal.cpp:37 operator (): connect failed, error= 由于目标计算机积极拒绝，无法连接。, this = 0xff99cce0
[2023-11-06 15:52:27.893] [pxr_streamer] [error] rpc_terminal.cpp:37 operator (): connect failed, error= 由于目标计算机积极拒绝，无法连接。, this = 0xff99cce0
[2023-11-06 15:52:30.927] [pxr_streamer] [error] rpc_terminal.cpp:37 operator (): connect failed, error= 由于目标计算机积极拒绝，无法连接。, this = 0xff99cce0
[2023-11-06 15:52:33.966] [pxr_streamer] [error] rpc_terminal.cpp:37 operator (): connect failed, error= 由于目标计算机积极拒绝，无法连接。, this = 0xff99cce0
[2023-11-06 15:52:37.004] [pxr_streamer] [error] rpc_terminal.cpp:37 operator (): connect failed, error= 由于目标计算机积极拒绝，无法连接。, this = 0xff99cce0
[2023-11-06 15:52:40.047] [pxr_streamer] [error] rpc_terminal.cpp:37 operator (): connect failed, error= 由于目标计算机积极拒绝，无法连接。, this = 0xff99cce0
[2023-11-06 15:52:43.072] [pxr_streamer] [error] rpc_terminal.cpp:37 operator (): connect failed, error= 由于目标计算机积极拒绝，无法连接。, this = 0xff99cce0
[2023-11-06 15:52:46.123] [pxr_streamer] [error] rpc_terminal.cpp:37 operator (): connect failed, error= 由于目标计算机积极拒绝，无法连接。, this = 0xff99cce0
[2023-11-06 15:52:49.167] [pxr_streamer] [error] rpc_terminal.cpp:37 operator (): connect failed, error= 由于目标计算机积极拒绝，无法连接。, this = 0xff99cce0
[2023-11-06 15:52:52.222] [pxr_streamer] [error] rpc_terminal.cpp:37 operator (): connect failed, error= 由于目标计算机积极拒绝，无法连接。, this = 0xff99cce0
[2023-11-06 15:52:55.266] [pxr_streamer] [error] rpc_terminal.cpp:37 operator (): connect failed, error= 由于目标计算机积极拒绝，无法连接。, this = 0xff99cce0
[2023-11-06 15:52:58.287] [pxr_streamer] [error] rpc_terminal.cpp:37 operator (): connect failed, error= 由于目标计算机积极拒绝，无法连接。, this = 0xff99cce0
[2023-11-06 15:53:01.325] [pxr_streamer] [error] rpc_terminal.cpp:37 operator (): connect failed, error= 由于目标计算机积极拒绝，无法连接。, this = 0xff99cce0
[2023-11-06 15:53:04.356] [pxr_streamer] [error] rpc_terminal.cpp:37 operator (): connect failed, error= 由于目标计算机积极拒绝，无法连接。, this = 0xff99cce0
[2023-11-06 15:53:07.390] [pxr_streamer] [error] rpc_terminal.cpp:37 operator (): connect failed, error= 由于目标计算机积极拒绝，无法连接。, this = 0xff99cce0
[2023-11-06 15:53:10.441] [pxr_streamer] [error] rpc_terminal.cpp:37 operator (): connect failed, error= 由于目标计算机积极拒绝，无法连接。, this = 0xff99cce0
[2023-11-06 15:53:13.483] [pxr_streamer] [error] rpc_terminal.cpp:37 operator (): connect failed, error= 由于目标计算机积极拒绝，无法连接。, this = 0xff99cce0
[2023-11-06 15:53:16.525] [pxr_streamer] [error] rpc_terminal.cpp:37 operator (): connect failed, error= 由于目标计算机积极拒绝，无法连接。, this = 0xff99cce0
[2023-11-06 15:53:19.565] [pxr_streamer] [error] rpc_terminal.cpp:37 operator (): connect failed, error= 由于目标计算机积极拒绝，无法连接。, this = 0xff99cce0
[2023-11-06 15:53:22.615] [pxr_streamer] [error] rpc_terminal.cpp:37 operator (): connect failed, error= 由于目标计算机积极拒绝，无法连接。, this = 0xff99cce0
[2023-11-06 15:53:25.662] [pxr_streamer] [error] rpc_terminal.cpp:37 operator (): connect failed, error= 由于目标计算机积极拒绝，无法连接。, this = 0xff99cce0
[2023-11-06 15:53:28.692] [pxr_streamer] [error] rpc_terminal.cpp:37 operator (): connect failed, error= 由于目标计算机积极拒绝，无法连接。, this = 0xff99cce0
[2023-11-06 15:53:31.725] [pxr_streamer] [error] rpc_terminal.cpp:37 operator (): connect failed, error= 由于目标计算机积极拒绝，无法连接。, this = 0xff99cce0
[2023-11-06 15:53:34.780] [pxr_streamer] [error] rpc_terminal.cpp:37 operator (): connect failed, error= 由于目标计算机积极拒绝，无法连接。, this = 0xff99cce0
[2023-11-06 15:53:37.811] [pxr_streamer] [error] rpc_terminal.cpp:37 operator (): connect failed, error= 由于目标计算机积极拒绝，无法连接。, this = 0xff99cce0
[2023-11-06 15:53:40.859] [pxr_streamer] [error] rpc_terminal.cpp:37 operator (): connect failed, error= 由于目标计算机积极拒绝，无法连接。, this = 0xff99cce0
[2023-11-06 15:53:43.890] [pxr_streamer] [error] rpc_terminal.cpp:37 operator (): connect failed, error= 由于目标计算机积极拒绝，无法连接。, this = 0xff99cce0
[2023-11-06 15:53:46.931] [pxr_streamer] [error] rpc_terminal.cpp:37 operator (): connect failed, error= 由于目标计算机积极拒绝，无法连接。, this = 0xff99cce0
[2023-11-06 15:53:49.983] [pxr_streamer] [error] rpc_terminal.cpp:37 operator (): connect failed, error= 由于目标计算机积极拒绝，无法连接。, this = 0xff99cce0
[2023-11-06 15:53:53.024] [pxr_streamer] [error] rpc_terminal.cpp:37 operator (): connect failed, error= 由于目标计算机积极拒绝，无法连接。, this = 0xff99cce0
[2023-11-06 15:53:56.068] [pxr_streamer] [error] rpc_terminal.cpp:37 operator (): connect failed, error= 由于目标计算机积极拒绝，无法连接。, this = 0xff99cce0
[2023-11-06 15:53:59.104] [pxr_streamer] [error] rpc_terminal.cpp:37 operator (): connect failed, error= 由于目标计算机积极拒绝，无法连接。, this = 0xff99cce0
[2023-11-06 15:54:02.153] [pxr_streamer] [error] rpc_terminal.cpp:37 operator (): connect failed, error= 由于目标计算机积极拒绝，无法连接。, this = 0xff99cce0
[2023-11-06 15:54:05.194] [pxr_streamer] [error] rpc_terminal.cpp:37 operator (): connect failed, error= 由于目标计算机积极拒绝，无法连接。, this = 0xff99cce0
[2023-11-06 15:54:08.209] [pxr_streamer] [error] rpc_terminal.cpp:37 operator (): connect failed, error= 由于目标计算机积极拒绝，无法连接。, this = 0xff99cce0
[2023-11-06 15:54:11.250] [pxr_streamer] [error] rpc_terminal.cpp:37 operator (): connect failed, error= 由于目标计算机积极拒绝，无法连接。, this = 0xff99cce0
[2023-11-06 15:54:14.269] [pxr_streamer] [error] rpc_terminal.cpp:37 operator (): connect failed, error= 由于目标计算机积极拒绝，无法连接。, this = 0xff99cce0
[2023-11-06 15:54:17.308] [pxr_streamer] [error] rpc_terminal.cpp:37 operator (): connect failed, error= 由于目标计算机积极拒绝，无法连接。, this = 0xff99cce0
[2023-11-06 15:54:20.339] [pxr_streamer] [error] rpc_terminal.cpp:37 operator (): connect failed, error= 由于目标计算机积极拒绝，无法连接。, this = 0xff99cce0
[2023-11-06 15:54:23.371] [pxr_streamer] [error] rpc_terminal.cpp:37 operator (): connect failed, error= 由于目标计算机积极拒绝，无法连接。, this = 0xff99cce0
[2023-11-06 15:54:26.417] [pxr_streamer] [error] rpc_terminal.cpp:37 operator (): connect failed, error= 由于目标计算机积极拒绝，无法连接。, this = 0xff99cce0
[2023-11-06 15:54:29.447] [pxr_streamer] [error] rpc_terminal.cpp:37 operator (): connect failed, error= 由于目标计算机积极拒绝，无法连接。, this = 0xff99cce0
[2023-11-06 15:54:32.463] [pxr_streamer] [error] rpc_terminal.cpp:37 operator (): connect failed, error= 由于目标计算机积极拒绝，无法连接。, this = 0xff99cce0
[2023-11-06 15:54:35.484] [pxr_streamer] [error] rpc_terminal.cpp:37 operator (): connect failed, error= 由于目标计算机积极拒绝，无法连接。, this = 0xff99cce0
[2023-11-06 15:54:38.508] [pxr_streamer] [error] rpc_terminal.cpp:37 operator (): connect failed, error= 由于目标计算机积极拒绝，无法连接。, this = 0xff99cce0
[2023-11-06 15:54:41.538] [pxr_streamer] [error] rpc_terminal.cpp:37 operator (): connect failed, error= 由于目标计算机积极拒绝，无法连接。, this = 0xff99cce0
[2023-11-06 15:54:44.560] [pxr_streamer] [error] rpc_terminal.cpp:37 operator (): connect failed, error= 由于目标计算机积极拒绝，无法连接。, this = 0xff99cce0
[2023-11-06 15:54:47.582] [pxr_streamer] [error] rpc_terminal.cpp:37 operator (): connect failed, error= 由于目标计算机积极拒绝，无法连接。, this = 0xff99cce0
[2023-11-06 15:54:50.623] [pxr_streamer] [error] rpc_terminal.cpp:37 operator (): connect failed, error= 由于目标计算机积极拒绝，无法连接。, this = 0xff99cce0
[2023-11-06 15:54:53.654] [pxr_streamer] [error] rpc_terminal.cpp:37 operator (): connect failed, error= 由于目标计算机积极拒绝，无法连接。, this = 0xff99cce0
[2023-11-06 15:54:56.714] [pxr_streamer] [error] rpc_terminal.cpp:37 operator (): connect failed, error= 由于目标计算机积极拒绝，无法连接。, this = 0xff99cce0
[2023-11-06 15:54:59.762] [pxr_streamer] [error] rpc_terminal.cpp:37 operator (): connect failed, error= 由于目标计算机积极拒绝，无法连接。, this = 0xff99cce0
[2023-11-06 15:55:02.791] [pxr_streamer] [error] rpc_terminal.cpp:37 operator (): connect failed, error= 由于目标计算机积极拒绝，无法连接。, this = 0xff99cce0
[2023-11-06 15:55:05.814] [pxr_streamer] [error] rpc_terminal.cpp:37 operator (): connect failed, error= 由于目标计算机积极拒绝，无法连接。, this = 0xff99cce0
[2023-11-06 15:55:08.858] [pxr_streamer] [error] rpc_terminal.cpp:37 operator (): connect failed, error= 由于目标计算机积极拒绝，无法连接。, this = 0xff99cce0
[2023-11-06 15:55:11.885] [pxr_streamer] [error] rpc_terminal.cpp:37 operator (): connect failed, error= 由于目标计算机积极拒绝，无法连接。, this = 0xff99cce0
[2023-11-06 15:55:14.943] [pxr_streamer] [error] rpc_terminal.cpp:37 operator (): connect failed, error= 由于目标计算机积极拒绝，无法连接。, this = 0xff99cce0
[2023-11-06 15:55:17.995] [pxr_streamer] [error] rpc_terminal.cpp:37 operator (): connect failed, error= 由于目标计算机积极拒绝，无法连接。, this = 0xff99cce0
[2023-11-06 15:55:21.033] [pxr_streamer] [error] rpc_terminal.cpp:37 operator (): connect failed, error= 由于目标计算机积极拒绝，无法连接。, this = 0xff99cce0
[2023-11-06 15:55:24.082] [pxr_streamer] [error] rpc_terminal.cpp:37 operator (): connect failed, error= 由于目标计算机积极拒绝，无法连接。, this = 0xff99cce0
[2023-11-06 15:55:27.128] [pxr_streamer] [error] rpc_terminal.cpp:37 operator (): connect failed, error= 由于目标计算机积极拒绝，无法连接。, this = 0xff99cce0
[2023-11-06 15:55:30.178] [pxr_streamer] [error] rpc_terminal.cpp:37 operator (): connect failed, error= 由于目标计算机积极拒绝，无法连接。, this = 0xff99cce0
[2023-11-06 15:55:33.209] [pxr_streamer] [error] rpc_terminal.cpp:37 operator (): connect failed, error= 由于目标计算机积极拒绝，无法连接。, this = 0xff99cce0
[2023-11-06 15:55:36.236] [pxr_streamer] [error] rpc_terminal.cpp:37 operator (): connect failed, error= 由于目标计算机积极拒绝，无法连接。, this = 0xff99cce0
[2023-11-06 15:55:39.290] [pxr_streamer] [error] rpc_terminal.cpp:37 operator (): connect failed, error= 由于目标计算机积极拒绝，无法连接。, this = 0xff99cce0
[2023-11-06 15:55:42.325] [pxr_streamer] [error] rpc_terminal.cpp:37 operator (): connect failed, error= 由于目标计算机积极拒绝，无法连接。, this = 0xff99cce0
[2023-11-06 15:55:45.376] [pxr_streamer] [error] rpc_terminal.cpp:37 operator (): connect failed, error= 由于目标计算机积极拒绝，无法连接。, this = 0xff99cce0
[2023-11-06 15:55:48.413] [pxr_streamer] [error] rpc_terminal.cpp:37 operator (): connect failed, error= 由于目标计算机积极拒绝，无法连接。, this = 0xff99cce0
[2023-11-06 15:55:51.469] [pxr_streamer] [error] rpc_terminal.cpp:37 operator (): connect failed, error= 由于目标计算机积极拒绝，无法连接。, this = 0xff99cce0
[2023-11-06 15:55:54.517] [pxr_streamer] [error] rpc_terminal.cpp:37 operator (): connect failed, error= 由于目标计算机积极拒绝，无法连接。, this = 0xff99cce0
[2023-11-06 15:55:57.553] [pxr_streamer] [error] rpc_terminal.cpp:37 operator (): connect failed, error= 由于目标计算机积极拒绝，无法连接。, this = 0xff99cce0
[2023-11-06 15:56:00.590] [pxr_streamer] [error] rpc_terminal.cpp:37 operator (): connect failed, error= 由于目标计算机积极拒绝，无法连接。, this = 0xff99cce0
[2023-11-06 15:56:03.638] [pxr_streamer] [error] rpc_terminal.cpp:37 operator (): connect failed, error= 由于目标计算机积极拒绝，无法连接。, this = 0xff99cce0
[2023-11-06 15:56:06.684] [pxr_streamer] [error] rpc_terminal.cpp:37 operator (): connect failed, error= 由于目标计算机积极拒绝，无法连接。, this = 0xff99cce0
[2023-11-06 15:56:09.731] [pxr_streamer] [error] rpc_terminal.cpp:37 operator (): connect failed, error= 由于目标计算机积极拒绝，无法连接。, this = 0xff99cce0
[2023-11-06 15:56:12.764] [pxr_streamer] [error] rpc_terminal.cpp:37 operator (): connect failed, error= 由于目标计算机积极拒绝，无法连接。, this = 0xff99cce0
[2023-11-06 15:56:15.822] [pxr_streamer] [error] rpc_terminal.cpp:37 operator (): connect failed, error= 由于目标计算机积极拒绝，无法连接。, this = 0xff99cce0
[2023-11-06 15:56:18.867] [pxr_streamer] [error] rpc_terminal.cpp:37 operator (): connect failed, error= 由于目标计算机积极拒绝，无法连接。, this = 0xff99cce0
[2023-11-06 15:56:21.905] [pxr_streamer] [error] rpc_terminal.cpp:37 operator (): connect failed, error= 由于目标计算机积极拒绝，无法连接。, this = 0xff99cce0
[2023-11-06 15:56:24.961] [pxr_streamer] [error] rpc_terminal.cpp:37 operator (): connect failed, error= 由于目标计算机积极拒绝，无法连接。, this = 0xff99cce0
[2023-11-06 15:56:28.009] [pxr_streamer] [error] rpc_terminal.cpp:37 operator (): connect failed, error= 由于目标计算机积极拒绝，无法连接。, this = 0xff99cce0
[2023-11-06 15:56:31.049] [pxr_streamer] [error] rpc_terminal.cpp:37 operator (): connect failed, error= 由于目标计算机积极拒绝，无法连接。, this = 0xff99cce0
[2023-11-06 15:56:34.100] [pxr_streamer] [error] rpc_terminal.cpp:37 operator (): connect failed, error= 由于目标计算机积极拒绝，无法连接。, this = 0xff99cce0
[2023-11-06 15:56:37.149] [pxr_streamer] [error] rpc_terminal.cpp:37 operator (): connect failed, error= 由于目标计算机积极拒绝，无法连接。, this = 0xff99cce0
[2023-11-06 15:56:40.182] [pxr_streamer] [error] rpc_terminal.cpp:37 operator (): connect failed, error= 由于目标计算机积极拒绝，无法连接。, this = 0xff99cce0
[2023-11-06 15:56:43.230] [pxr_streamer] [error] rpc_terminal.cpp:37 operator (): connect failed, error= 由于目标计算机积极拒绝，无法连接。, this = 0xff99cce0
[2023-11-06 15:56:46.282] [pxr_streamer] [error] rpc_terminal.cpp:37 operator (): connect failed, error= 由于目标计算机积极拒绝，无法连接。, this = 0xff99cce0
[2023-11-06 15:56:49.332] [pxr_streamer] [error] rpc_terminal.cpp:37 operator (): connect failed, error= 由于目标计算机积极拒绝，无法连接。, this = 0xff99cce0
[2023-11-06 15:56:52.387] [pxr_streamer] [error] rpc_terminal.cpp:37 operator (): connect failed, error= 由于目标计算机积极拒绝，无法连接。, this = 0xff99cce0
[2023-11-06 15:56:55.432] [pxr_streamer] [error] rpc_terminal.cpp:37 operator (): connect failed, error= 由于目标计算机积极拒绝，无法连接。, this = 0xff99cce0
[2023-11-06 15:56:58.456] [pxr_streamer] [error] rpc_terminal.cpp:37 operator (): connect failed, error= 由于目标计算机积极拒绝，无法连接。, this = 0xff99cce0
[2023-11-06 15:57:01.481] [pxr_streamer] [error] rpc_terminal.cpp:37 operator (): connect failed, error= 由于目标计算机积极拒绝，无法连接。, this = 0xff99cce0
[2023-11-06 15:57:04.532] [pxr_streamer] [error] rpc_terminal.cpp:37 operator (): connect failed, error= 由于目标计算机积极拒绝，无法连接。, this = 0xff99cce0
[2023-11-06 15:57:07.577] [pxr_streamer] [error] rpc_terminal.cpp:37 operator (): connect failed, error= 由于目标计算机积极拒绝，无法连接。, this = 0xff99cce0
[2023-11-06 15:57:10.628] [pxr_streamer] [error] rpc_terminal.cpp:37 operator (): connect failed, error= 由于目标计算机积极拒绝，无法连接。, this = 0xff99cce0
[2023-11-06 15:57:13.657] [pxr_streamer] [error] rpc_terminal.cpp:37 operator (): connect failed, error= 由于目标计算机积极拒绝，无法连接。, this = 0xff99cce0
[2023-11-06 15:57:16.696] [pxr_streamer] [error] rpc_terminal.cpp:37 operator (): connect failed, error= 由于目标计算机积极拒绝，无法连接。, this = 0xff99cce0
[2023-11-06 15:57:19.747] [pxr_streamer] [error] rpc_terminal.cpp:37 operator (): connect failed, error= 由于目标计算机积极拒绝，无法连接。, this = 0xff99cce0
[2023-11-06 15:57:22.796] [pxr_streamer] [error] rpc_terminal.cpp:37 operator (): connect failed, error= 由于目标计算机积极拒绝，无法连接。, this = 0xff99cce0
[2023-11-06 15:57:25.844] [pxr_streamer] [error] rpc_terminal.cpp:37 operator (): connect failed, error= 由于目标计算机积极拒绝，无法连接。, this = 0xff99cce0
[2023-11-06 15:57:28.894] [pxr_streamer] [error] rpc_terminal.cpp:37 operator (): connect failed, error= 由于目标计算机积极拒绝，无法连接。, this = 0xff99cce0
[2023-11-06 15:57:31.958] [pxr_streamer] [error] rpc_terminal.cpp:37 operator (): connect failed, error= 由于目标计算机积极拒绝，无法连接。, this = 0xff99cce0
[2023-11-06 15:57:34.992] [pxr_streamer] [error] rpc_terminal.cpp:37 operator (): connect failed, error= 由于目标计算机积极拒绝，无法连接。, this = 0xff99cce0
[2023-11-06 15:57:38.018] [pxr_streamer] [error] rpc_terminal.cpp:37 operator (): connect failed, error= 由于目标计算机积极拒绝，无法连接。, this = 0xff99cce0
[2023-11-06 15:57:41.057] [pxr_streamer] [error] rpc_terminal.cpp:37 operator (): connect failed, error= 由于目标计算机积极拒绝，无法连接。, this = 0xff99cce0
[2023-11-06 15:57:44.085] [pxr_streamer] [error] rpc_terminal.cpp:37 operator (): connect failed, error= 由于目标计算机积极拒绝，无法连接。, this = 0xff99cce0
[2023-11-06 15:57:47.134] [pxr_streamer] [error] rpc_terminal.cpp:37 operator (): connect failed, error= 由于目标计算机积极拒绝，无法连接。, this = 0xff99cce0
[2023-11-06 15:57:50.172] [pxr_streamer] [error] rpc_terminal.cpp:37 operator (): connect failed, error= 由于目标计算机积极拒绝，无法连接。, this = 0xff99cce0
[2023-11-06 15:57:53.230] [pxr_streamer] [error] rpc_terminal.cpp:37 operator (): connect failed, error= 由于目标计算机积极拒绝，无法连接。, this = 0xff99cce0
[2023-11-06 15:57:56.285] [pxr_streamer] [error] rpc_terminal.cpp:37 operator (): connect failed, error= 由于目标计算机积极拒绝，无法连接。, this = 0xff99cce0
[2023-11-06 15:57:59.345] [pxr_streamer] [error] rpc_terminal.cpp:37 operator (): connect failed, error= 由于目标计算机积极拒绝，无法连接。, this = 0xff99cce0
[2023-11-06 15:58:02.403] [pxr_streamer] [error] rpc_terminal.cpp:37 operator (): connect failed, error= 由于目标计算机积极拒绝，无法连接。, this = 0xff99cce0
[2023-11-06 15:58:05.457] [pxr_streamer] [error] rpc_terminal.cpp:37 operator (): connect failed, error= 由于目标计算机积极拒绝，无法连接。, this = 0xff99cce0
[2023-11-06 15:58:08.497] [pxr_streamer] [error] rpc_terminal.cpp:37 operator (): connect failed, error= 由于目标计算机积极拒绝，无法连接。, this = 0xff99cce0
[2023-11-06 15:58:11.533] [pxr_streamer] [error] rpc_terminal.cpp:37 operator (): connect failed, error= 由于目标计算机积极拒绝，无法连接。, this = 0xff99cce0
[2023-11-06 15:58:14.578] [pxr_streamer] [error] rpc_terminal.cpp:37 operator (): connect failed, error= 由于目标计算机积极拒绝，无法连接。, this = 0xff99cce0
[2023-11-06 15:58:17.635] [pxr_streamer] [error] rpc_terminal.cpp:37 operator (): connect failed, error= 由于目标计算机积极拒绝，无法连接。, this = 0xff99cce0
[2023-11-06 15:58:20.676] [pxr_streamer] [error] rpc_terminal.cpp:37 operator (): connect failed, error= 由于目标计算机积极拒绝，无法连接。, this = 0xff99cce0
[2023-11-06 15:58:23.729] [pxr_streamer] [error] rpc_terminal.cpp:37 operator (): connect failed, error= 由于目标计算机积极拒绝，无法连接。, this = 0xff99cce0
[2023-11-06 15:58:26.766] [pxr_streamer] [error] rpc_terminal.cpp:37 operator (): connect failed, error= 由于目标计算机积极拒绝，无法连接。, this = 0xff99cce0
[2023-11-06 15:58:29.784] [pxr_streamer] [error] rpc_terminal.cpp:37 operator (): connect failed, error= 由于目标计算机积极拒绝，无法连接。, this = 0xff99cce0
[2023-11-06 15:58:32.822] [pxr_streamer] [error] rpc_terminal.cpp:37 operator (): connect failed, error= 由于目标计算机积极拒绝，无法连接。, this = 0xff99cce0
[2023-11-06 15:58:35.871] [pxr_streamer] [error] rpc_terminal.cpp:37 operator (): connect failed, error= 由于目标计算机积极拒绝，无法连接。, this = 0xff99cce0
[2023-11-06 15:58:38.919] [pxr_streamer] [error] rpc_terminal.cpp:37 operator (): connect failed, error= 由于目标计算机积极拒绝，无法连接。, this = 0xff99cce0
[2023-11-06 15:58:41.958] [pxr_streamer] [error] rpc_terminal.cpp:37 operator (): connect failed, error= 由于目标计算机积极拒绝，无法连接。, this = 0xff99cce0
[2023-11-06 15:58:45.003] [pxr_streamer] [error] rpc_terminal.cpp:37 operator (): connect failed, error= 由于目标计算机积极拒绝，无法连接。, this = 0xff99cce0
[2023-11-06 15:58:48.034] [pxr_streamer] [error] rpc_terminal.cpp:37 operator (): connect failed, error= 由于目标计算机积极拒绝，无法连接。, this = 0xff99cce0
[2023-11-06 15:58:51.072] [pxr_streamer] [error] rpc_terminal.cpp:37 operator (): connect failed, error= 由于目标计算机积极拒绝，无法连接。, this = 0xff99cce0
[2023-11-06 15:58:54.117] [pxr_streamer] [error] rpc_terminal.cpp:37 operator (): connect failed, error= 由于目标计算机积极拒绝，无法连接。, this = 0xff99cce0
[2023-11-06 15:58:57.162] [pxr_streamer] [error] rpc_terminal.cpp:37 operator (): connect failed, error= 由于目标计算机积极拒绝，无法连接。, this = 0xff99cce0
[2023-11-06 15:59:00.205] [pxr_streamer] [error] rpc_terminal.cpp:37 operator (): connect failed, error= 由于目标计算机积极拒绝，无法连接。, this = 0xff99cce0
[2023-11-06 15:59:03.253] [pxr_streamer] [error] rpc_terminal.cpp:37 operator (): connect failed, error= 由于目标计算机积极拒绝，无法连接。, this = 0xff99cce0
[2023-11-06 15:59:06.304] [pxr_streamer] [error] rpc_terminal.cpp:37 operator (): connect failed, error= 由于目标计算机积极拒绝，无法连接。, this = 0xff99cce0
[2023-11-06 15:59:09.349] [pxr_streamer] [error] rpc_terminal.cpp:37 operator (): connect failed, error= 由于目标计算机积极拒绝，无法连接。, this = 0xff99cce0
[2023-11-06 15:59:12.399] [pxr_streamer] [error] rpc_terminal.cpp:37 operator (): connect failed, error= 由于目标计算机积极拒绝，无法连接。, this = 0xff99cce0
[2023-11-06 15:59:15.449] [pxr_streamer] [error] rpc_terminal.cpp:37 operator (): connect failed, error= 由于目标计算机积极拒绝，无法连接。, this = 0xff99cce0
[2023-11-06 15:59:18.499] [pxr_streamer] [error] rpc_terminal.cpp:37 operator (): connect failed, error= 由于目标计算机积极拒绝，无法连接。, this = 0xff99cce0
[2023-11-06 15:59:21.532] [pxr_streamer] [error] rpc_terminal.cpp:37 operator (): connect failed, error= 由于目标计算机积极拒绝，无法连接。, this = 0xff99cce0
[2023-11-06 15:59:24.576] [pxr_streamer] [error] rpc_terminal.cpp:37 operator (): connect failed, error= 由于目标计算机积极拒绝，无法连接。, this = 0xff99cce0
[2023-11-06 15:59:27.594] [pxr_streamer] [error] rpc_terminal.cpp:37 operator (): connect failed, error= 由于目标计算机积极拒绝，无法连接。, this = 0xff99cce0
[2023-11-06 15:59:30.638] [pxr_streamer] [error] rpc_terminal.cpp:37 operator (): connect failed, error= 由于目标计算机积极拒绝，无法连接。, this = 0xff99cce0
[2023-11-06 15:59:33.675] [pxr_streamer] [error] rpc_terminal.cpp:37 operator (): connect failed, error= 由于目标计算机积极拒绝，无法连接。, this = 0xff99cce0
[2023-11-06 15:59:36.712] [pxr_streamer] [error] rpc_terminal.cpp:37 operator (): connect failed, error= 由于目标计算机积极拒绝，无法连接。, this = 0xff99cce0
[2023-11-06 15:59:39.759] [pxr_streamer] [error] rpc_terminal.cpp:37 operator (): connect failed, error= 由于目标计算机积极拒绝，无法连接。, this = 0xff99cce0
[2023-11-06 15:59:42.804] [pxr_streamer] [error] rpc_terminal.cpp:37 operator (): connect failed, error= 由于目标计算机积极拒绝，无法连接。, this = 0xff99cce0
[2023-11-06 15:59:45.853] [pxr_streamer] [error] rpc_terminal.cpp:37 operator (): connect failed, error= 由于目标计算机积极拒绝，无法连接。, this = 0xff99cce0
[2023-11-06 15:59:48.885] [pxr_streamer] [error] rpc_terminal.cpp:37 operator (): connect failed, error= 由于目标计算机积极拒绝，无法连接。, this = 0xff99cce0
[2023-11-06 15:59:51.938] [pxr_streamer] [error] rpc_terminal.cpp:37 operator (): connect failed, error= 由于目标计算机积极拒绝，无法连接。, this = 0xff99cce0
[2023-11-06 15:59:54.972] [pxr_streamer] [error] rpc_terminal.cpp:37 operator (): connect failed, error= 由于目标计算机积极拒绝，无法连接。, this = 0xff99cce0
[2023-11-06 15:59:57.999] [pxr_streamer] [error] rpc_terminal.cpp:37 operator (): connect failed, error= 由于目标计算机积极拒绝，无法连接。, this = 0xff99cce0
[2023-11-06 16:00:01.048] [pxr_streamer] [error] rpc_terminal.cpp:37 operator (): connect failed, error= 由于目标计算机积极拒绝，无法连接。, this = 0xff99cce0
[2023-11-06 16:00:04.087] [pxr_streamer] [error] rpc_terminal.cpp:37 operator (): connect failed, error= 由于目标计算机积极拒绝，无法连接。, this = 0xff99cce0
[2023-11-06 16:00:07.130] [pxr_streamer] [error] rpc_terminal.cpp:37 operator (): connect failed, error= 由于目标计算机积极拒绝，无法连接。, this = 0xff99cce0
[2023-11-06 16:00:10.180] [pxr_streamer] [error] rpc_terminal.cpp:37 operator (): connect failed, error= 由于目标计算机积极拒绝，无法连接。, this = 0xff99cce0
[2023-11-06 16:00:13.206] [pxr_streamer] [error] rpc_terminal.cpp:37 operator (): connect failed, error= 由于目标计算机积极拒绝，无法连接。, this = 0xff99cce0
[2023-11-06 16:00:16.258] [pxr_streamer] [error] rpc_terminal.cpp:37 operator (): connect failed, error= 由于目标计算机积极拒绝，无法连接。, this = 0xff99cce0
[2023-11-06 16:00:19.296] [pxr_streamer] [error] rpc_terminal.cpp:37 operator (): connect failed, error= 由于目标计算机积极拒绝，无法连接。, this = 0xff99cce0
[2023-11-06 16:00:22.350] [pxr_streamer] [error] rpc_terminal.cpp:37 operator (): connect failed, error= 由于目标计算机积极拒绝，无法连接。, this = 0xff99cce0
[2023-11-06 16:00:25.387] [pxr_streamer] [error] rpc_terminal.cpp:37 operator (): connect failed, error= 由于目标计算机积极拒绝，无法连接。, this = 0xff99cce0
[2023-11-06 16:00:28.437] [pxr_streamer] [error] rpc_terminal.cpp:37 operator (): connect failed, error= 由于目标计算机积极拒绝，无法连接。, this = 0xff99cce0
[2023-11-06 16:00:31.482] [pxr_streamer] [error] rpc_terminal.cpp:37 operator (): connect failed, error= 由于目标计算机积极拒绝，无法连接。, this = 0xff99cce0
[2023-11-06 16:00:34.537] [pxr_streamer] [error] rpc_terminal.cpp:37 operator (): connect failed, error= 由于目标计算机积极拒绝，无法连接。, this = 0xff99cce0
[2023-11-06 16:00:37.575] [pxr_streamer] [error] rpc_terminal.cpp:37 operator (): connect failed, error= 由于目标计算机积极拒绝，无法连接。, this = 0xff99cce0
[2023-11-06 16:00:40.613] [pxr_streamer] [error] rpc_terminal.cpp:37 operator (): connect failed, error= 由于目标计算机积极拒绝，无法连接。, this = 0xff99cce0
[2023-11-06 16:00:43.671] [pxr_streamer] [error] rpc_terminal.cpp:37 operator (): connect failed, error= 由于目标计算机积极拒绝，无法连接。, this = 0xff99cce0
[2023-11-06 16:00:46.717] [pxr_streamer] [error] rpc_terminal.cpp:37 operator (): connect failed, error= 由于目标计算机积极拒绝，无法连接。, this = 0xff99cce0
[2023-11-06 16:00:49.752] [pxr_streamer] [error] rpc_terminal.cpp:37 operator (): connect failed, error= 由于目标计算机积极拒绝，无法连接。, this = 0xff99cce0
[2023-11-06 16:00:52.794] [pxr_streamer] [error] rpc_terminal.cpp:37 operator (): connect failed, error= 由于目标计算机积极拒绝，无法连接。, this = 0xff99cce0
[2023-11-06 16:00:55.832] [pxr_streamer] [error] rpc_terminal.cpp:37 operator (): connect failed, error= 由于目标计算机积极拒绝，无法连接。, this = 0xff99cce0
[2023-11-06 16:00:58.875] [pxr_streamer] [error] rpc_terminal.cpp:37 operator (): connect failed, error= 由于目标计算机积极拒绝，无法连接。, this = 0xff99cce0
[2023-11-06 16:01:01.916] [pxr_streamer] [error] rpc_terminal.cpp:37 operator (): connect failed, error= 由于目标计算机积极拒绝，无法连接。, this = 0xff99cce0
[2023-11-06 16:01:04.938] [pxr_streamer] [error] rpc_terminal.cpp:37 operator (): connect failed, error= 由于目标计算机积极拒绝，无法连接。, this = 0xff99cce0
[2023-11-06 16:01:07.976] [pxr_streamer] [error] rpc_terminal.cpp:37 operator (): connect failed, error= 由于目标计算机积极拒绝，无法连接。, this = 0xff99cce0
[2023-11-06 16:01:11.001] [pxr_streamer] [error] rpc_terminal.cpp:37 operator (): connect failed, error= 由于目标计算机积极拒绝，无法连接。, this = 0xff99cce0
[2023-11-06 16:01:14.050] [pxr_streamer] [error] rpc_terminal.cpp:37 operator (): connect failed, error= 由于目标计算机积极拒绝，无法连接。, this = 0xff99cce0
[2023-11-06 16:01:17.083] [pxr_streamer] [error] rpc_terminal.cpp:37 operator (): connect failed, error= 由于目标计算机积极拒绝，无法连接。, this = 0xff99cce0
[2023-11-06 16:01:20.125] [pxr_streamer] [error] rpc_terminal.cpp:37 operator (): connect failed, error= 由于目标计算机积极拒绝，无法连接。, this = 0xff99cce0
[2023-11-06 16:01:23.167] [pxr_streamer] [error] rpc_terminal.cpp:37 operator (): connect failed, error= 由于目标计算机积极拒绝，无法连接。, this = 0xff99cce0
[2023-11-06 16:01:26.223] [pxr_streamer] [error] rpc_terminal.cpp:37 operator (): connect failed, error= 由于目标计算机积极拒绝，无法连接。, this = 0xff99cce0
[2023-11-06 16:01:29.254] [pxr_streamer] [error] rpc_terminal.cpp:37 operator (): connect failed, error= 由于目标计算机积极拒绝，无法连接。, this = 0xff99cce0
[2023-11-06 16:01:32.305] [pxr_streamer] [error] rpc_terminal.cpp:37 operator (): connect failed, error= 由于目标计算机积极拒绝，无法连接。, this = 0xff99cce0
[2023-11-06 16:01:35.340] [pxr_streamer] [error] rpc_terminal.cpp:37 operator (): connect failed, error= 由于目标计算机积极拒绝，无法连接。, this = 0xff99cce0
[2023-11-06 16:01:38.388] [pxr_streamer] [error] rpc_terminal.cpp:37 operator (): connect failed, error= 由于目标计算机积极拒绝，无法连接。, this = 0xff99cce0
[2023-11-06 16:01:41.419] [pxr_streamer] [error] rpc_terminal.cpp:37 operator (): connect failed, error= 由于目标计算机积极拒绝，无法连接。, this = 0xff99cce0
[2023-11-06 16:01:44.468] [pxr_streamer] [error] rpc_terminal.cpp:37 operator (): connect failed, error= 由于目标计算机积极拒绝，无法连接。, this = 0xff99cce0
[2023-11-06 16:01:47.533] [pxr_streamer] [error] rpc_terminal.cpp:37 operator (): connect failed, error= 由于目标计算机积极拒绝，无法连接。, this = 0xff99cce0
[2023-11-06 16:01:50.579] [pxr_streamer] [error] rpc_terminal.cpp:37 operator (): connect failed, error= 由于目标计算机积极拒绝，无法连接。, this = 0xff99cce0
[2023-11-06 16:01:53.629] [pxr_streamer] [error] rpc_terminal.cpp:37 operator (): connect failed, error= 由于目标计算机积极拒绝，无法连接。, this = 0xff99cce0
[2023-11-06 16:01:56.685] [pxr_streamer] [error] rpc_terminal.cpp:37 operator (): connect failed, error= 由于目标计算机积极拒绝，无法连接。, this = 0xff99cce0
[2023-11-06 16:01:59.708] [pxr_streamer] [error] rpc_terminal.cpp:37 operator (): connect failed, error= 由于目标计算机积极拒绝，无法连接。, this = 0xff99cce0
[2023-11-06 16:02:02.716] [pxr_streamer] [error] rpc_terminal.cpp:37 operator (): connect failed, error= 由于目标计算机积极拒绝，无法连接。, this = 0xff99cce0
[2023-11-06 16:02:05.755] [pxr_streamer] [error] rpc_terminal.cpp:37 operator (): connect failed, error= 由于目标计算机积极拒绝，无法连接。, this = 0xff99cce0
[2023-11-06 16:02:08.791] [pxr_streamer] [error] rpc_terminal.cpp:37 operator (): connect failed, error= 由于目标计算机积极拒绝，无法连接。, this = 0xff99cce0
[2023-11-06 16:02:11.809] [pxr_streamer] [error] rpc_terminal.cpp:37 operator (): connect failed, error= 由于目标计算机积极拒绝，无法连接。, this = 0xff99cce0
[2023-11-06 16:02:14.846] [pxr_streamer] [error] rpc_terminal.cpp:37 operator (): connect failed, error= 由于目标计算机积极拒绝，无法连接。, this = 0xff99cce0
[2023-11-06 16:02:17.877] [pxr_streamer] [error] rpc_terminal.cpp:37 operator (): connect failed, error= 由于目标计算机积极拒绝，无法连接。, this = 0xff99cce0
[2023-11-06 16:02:20.932] [pxr_streamer] [error] rpc_terminal.cpp:37 operator (): connect failed, error= 由于目标计算机积极拒绝，无法连接。, this = 0xff99cce0
[2023-11-06 16:02:23.968] [pxr_streamer] [error] rpc_terminal.cpp:37 operator (): connect failed, error= 由于目标计算机积极拒绝，无法连接。, this = 0xff99cce0
[2023-11-06 16:02:27.022] [pxr_streamer] [error] rpc_terminal.cpp:37 operator (): connect failed, error= 由于目标计算机积极拒绝，无法连接。, this = 0xff99cce0
[2023-11-06 16:02:30.059] [pxr_streamer] [error] rpc_terminal.cpp:37 operator (): connect failed, error= 由于目标计算机积极拒绝，无法连接。, this = 0xff99cce0
[2023-11-06 16:02:33.095] [pxr_streamer] [error] rpc_terminal.cpp:37 operator (): connect failed, error= 由于目标计算机积极拒绝，无法连接。, this = 0xff99cce0
[2023-11-06 16:02:36.131] [pxr_streamer] [error] rpc_terminal.cpp:37 operator (): connect failed, error= 由于目标计算机积极拒绝，无法连接。, this = 0xff99cce0
[2023-11-06 16:02:39.192] [pxr_streamer] [error] rpc_terminal.cpp:37 operator (): connect failed, error= 由于目标计算机积极拒绝，无法连接。, this = 0xff99cce0
[2023-11-06 16:02:42.222] [pxr_streamer] [error] rpc_terminal.cpp:37 operator (): connect failed, error= 由于目标计算机积极拒绝，无法连接。, this = 0xff99cce0
[2023-11-06 16:02:45.253] [pxr_streamer] [error] rpc_terminal.cpp:37 operator (): connect failed, error= 由于目标计算机积极拒绝，无法连接。, this = 0xff99cce0
[2023-11-06 16:02:48.287] [pxr_streamer] [error] rpc_terminal.cpp:37 operator (): connect failed, error= 由于目标计算机积极拒绝，无法连接。, this = 0xff99cce0
[2023-11-06 16:02:51.331] [pxr_streamer] [error] rpc_terminal.cpp:37 operator (): connect failed, error= 由于目标计算机积极拒绝，无法连接。, this = 0xff99cce0
[2023-11-06 16:02:54.371] [pxr_streamer] [error] rpc_terminal.cpp:37 operator (): connect failed, error= 由于目标计算机积极拒绝，无法连接。, this = 0xff99cce0
[2023-11-06 16:02:57.399] [pxr_streamer] [error] rpc_terminal.cpp:37 operator (): connect failed, error= 由于目标计算机积极拒绝，无法连接。, this = 0xff99cce0
[2023-11-06 16:03:00.431] [pxr_streamer] [error] rpc_terminal.cpp:37 operator (): connect failed, error= 由于目标计算机积极拒绝，无法连接。, this = 0xff99cce0
[2023-11-06 16:03:03.479] [pxr_streamer] [error] rpc_terminal.cpp:37 operator (): connect failed, error= 由于目标计算机积极拒绝，无法连接。, this = 0xff99cce0
[2023-11-06 16:03:06.519] [pxr_streamer] [error] rpc_terminal.cpp:37 operator (): connect failed, error= 由于目标计算机积极拒绝，无法连接。, this = 0xff99cce0
[2023-11-06 16:03:09.562] [pxr_streamer] [error] rpc_terminal.cpp:37 operator (): connect failed, error= 由于目标计算机积极拒绝，无法连接。, this = 0xff99cce0
[2023-11-06 16:03:12.595] [pxr_streamer] [error] rpc_terminal.cpp:37 operator (): connect failed, error= 由于目标计算机积极拒绝，无法连接。, this = 0xff99cce0
[2023-11-06 16:03:15.640] [pxr_streamer] [error] rpc_terminal.cpp:37 operator (): connect failed, error= 由于目标计算机积极拒绝，无法连接。, this = 0xff99cce0
[2023-11-06 16:03:18.691] [pxr_streamer] [error] rpc_terminal.cpp:37 operator (): connect failed, error= 由于目标计算机积极拒绝，无法连接。, this = 0xff99cce0
[2023-11-06 16:03:21.727] [pxr_streamer] [error] rpc_terminal.cpp:37 operator (): connect failed, error= 由于目标计算机积极拒绝，无法连接。, this = 0xff99cce0
[2023-11-06 16:03:24.756] [pxr_streamer] [error] rpc_terminal.cpp:37 operator (): connect failed, error= 由于目标计算机积极拒绝，无法连接。, this = 0xff99cce0
[2023-11-06 16:03:27.782] [pxr_streamer] [error] rpc_terminal.cpp:37 operator (): connect failed, error= 由于目标计算机积极拒绝，无法连接。, this = 0xff99cce0
[2023-11-06 16:03:30.802] [pxr_streamer] [error] rpc_terminal.cpp:37 operator (): connect failed, error= 由于目标计算机积极拒绝，无法连接。, this = 0xff99cce0
[2023-11-06 16:03:33.846] [pxr_streamer] [error] rpc_terminal.cpp:37 operator (): connect failed, error= 由于目标计算机积极拒绝，无法连接。, this = 0xff99cce0
[2023-11-06 16:03:36.874] [pxr_streamer] [error] rpc_terminal.cpp:37 operator (): connect failed, error= 由于目标计算机积极拒绝，无法连接。, this = 0xff99cce0
[2023-11-06 16:03:39.890] [pxr_streamer] [error] rpc_terminal.cpp:37 operator (): connect failed, error= 由于目标计算机积极拒绝，无法连接。, this = 0xff99cce0
[2023-11-06 16:03:42.919] [pxr_streamer] [error] rpc_terminal.cpp:37 operator (): connect failed, error= 由于目标计算机积极拒绝，无法连接。, this = 0xff99cce0
[2023-11-06 16:03:45.971] [pxr_streamer] [error] rpc_terminal.cpp:37 operator (): connect failed, error= 由于目标计算机积极拒绝，无法连接。, this = 0xff99cce0
[2023-11-06 16:03:49.026] [pxr_streamer] [error] rpc_terminal.cpp:37 operator (): connect failed, error= 由于目标计算机积极拒绝，无法连接。, this = 0xff99cce0
[2023-11-06 16:03:52.060] [pxr_streamer] [error] rpc_terminal.cpp:37 operator (): connect failed, error= 由于目标计算机积极拒绝，无法连接。, this = 0xff99cce0
[2023-11-06 16:03:55.101] [pxr_streamer] [error] rpc_terminal.cpp:37 operator (): connect failed, error= 由于目标计算机积极拒绝，无法连接。, this = 0xff99cce0
[2023-11-06 16:03:58.172] [pxr_streamer] [error] rpc_terminal.cpp:37 operator (): connect failed, error= 由于目标计算机积极拒绝，无法连接。, this = 0xff99cce0
[2023-11-06 16:04:01.226] [pxr_streamer] [error] rpc_terminal.cpp:37 operator (): connect failed, error= 由于目标计算机积极拒绝，无法连接。, this = 0xff99cce0
[2023-11-06 16:04:04.280] [pxr_streamer] [error] rpc_terminal.cpp:37 operator (): connect failed, error= 由于目标计算机积极拒绝，无法连接。, this = 0xff99cce0
[2023-11-06 16:04:07.336] [pxr_streamer] [error] rpc_terminal.cpp:37 operator (): connect failed, error= 由于目标计算机积极拒绝，无法连接。, this = 0xff99cce0
[2023-11-06 16:04:10.389] [pxr_streamer] [error] rpc_terminal.cpp:37 operator (): connect failed, error= 由于目标计算机积极拒绝，无法连接。, this = 0xff99cce0
[2023-11-06 16:04:13.439] [pxr_streamer] [error] rpc_terminal.cpp:37 operator (): connect failed, error= 由于目标计算机积极拒绝，无法连接。, this = 0xff99cce0
[2023-11-06 16:04:16.492] [pxr_streamer] [error] rpc_terminal.cpp:37 operator (): connect failed, error= 由于目标计算机积极拒绝，无法连接。, this = 0xff99cce0
[2023-11-06 16:04:19.550] [pxr_streamer] [error] rpc_terminal.cpp:37 operator (): connect failed, error= 由于目标计算机积极拒绝，无法连接。, this = 0xff99cce0
[2023-11-06 16:04:22.611] [pxr_streamer] [error] rpc_terminal.cpp:37 operator (): connect failed, error= 由于目标计算机积极拒绝，无法连接。, this = 0xff99cce0
[2023-11-06 16:04:25.668] [pxr_streamer] [error] rpc_terminal.cpp:37 operator (): connect failed, error= 由于目标计算机积极拒绝，无法连接。, this = 0xff99cce0
[2023-11-06 16:04:28.725] [pxr_streamer] [error] rpc_terminal.cpp:37 operator (): connect failed, error= 由于目标计算机积极拒绝，无法连接。, this = 0xff99cce0
[2023-11-06 16:04:31.780] [pxr_streamer] [error] rpc_terminal.cpp:37 operator (): connect failed, error= 由于目标计算机积极拒绝，无法连接。, this = 0xff99cce0
[2023-11-06 16:04:34.830] [pxr_streamer] [error] rpc_terminal.cpp:37 operator (): connect failed, error= 由于目标计算机积极拒绝，无法连接。, this = 0xff99cce0
[2023-11-06 16:04:37.884] [pxr_streamer] [error] rpc_terminal.cpp:37 operator (): connect failed, error= 由于目标计算机积极拒绝，无法连接。, this = 0xff99cce0
[2023-11-06 16:04:40.944] [pxr_streamer] [error] rpc_terminal.cpp:37 operator (): connect failed, error= 由于目标计算机积极拒绝，无法连接。, this = 0xff99cce0
[2023-11-06 16:04:43.996] [pxr_streamer] [error] rpc_terminal.cpp:37 operator (): connect failed, error= 由于目标计算机积极拒绝，无法连接。, this = 0xff99cce0
[2023-11-06 16:04:47.056] [pxr_streamer] [error] rpc_terminal.cpp:37 operator (): connect failed, error= 由于目标计算机积极拒绝，无法连接。, this = 0xff99cce0
[2023-11-06 16:04:50.112] [pxr_streamer] [error] rpc_terminal.cpp:37 operator (): connect failed, error= 由于目标计算机积极拒绝，无法连接。, this = 0xff99cce0
[2023-11-06 16:04:53.171] [pxr_streamer] [error] rpc_terminal.cpp:37 operator (): connect failed, error= 由于目标计算机积极拒绝，无法连接。, this = 0xff99cce0
[2023-11-06 16:04:56.227] [pxr_streamer] [error] rpc_terminal.cpp:37 operator (): connect failed, error= 由于目标计算机积极拒绝，无法连接。, this = 0xff99cce0
[2023-11-06 16:04:59.287] [pxr_streamer] [error] rpc_terminal.cpp:37 operator (): connect failed, error= 由于目标计算机积极拒绝，无法连接。, this = 0xff99cce0
[2023-11-06 16:05:02.341] [pxr_streamer] [error] rpc_terminal.cpp:37 operator (): connect failed, error= 由于目标计算机积极拒绝，无法连接。, this = 0xff99cce0
[2023-11-06 16:05:05.392] [pxr_streamer] [error] rpc_terminal.cpp:37 operator (): connect failed, error= 由于目标计算机积极拒绝，无法连接。, this = 0xff99cce0
[2023-11-06 16:05:08.442] [pxr_streamer] [error] rpc_terminal.cpp:37 operator (): connect failed, error= 由于目标计算机积极拒绝，无法连接。, this = 0xff99cce0
[2023-11-06 16:05:11.485] [pxr_streamer] [error] rpc_terminal.cpp:37 operator (): connect failed, error= 由于目标计算机积极拒绝，无法连接。, this = 0xff99cce0
[2023-11-06 16:05:14.534] [pxr_streamer] [error] rpc_terminal.cpp:37 operator (): connect failed, error= 由于目标计算机积极拒绝，无法连接。, this = 0xff99cce0
[2023-11-06 16:05:17.591] [pxr_streamer] [error] rpc_terminal.cpp:37 operator (): connect failed, error= 由于目标计算机积极拒绝，无法连接。, this = 0xff99cce0
[2023-11-06 16:05:20.651] [pxr_streamer] [error] rpc_terminal.cpp:37 operator (): connect failed, error= 由于目标计算机积极拒绝，无法连接。, this = 0xff99cce0
[2023-11-06 16:05:23.710] [pxr_streamer] [error] rpc_terminal.cpp:37 operator (): connect failed, error= 由于目标计算机积极拒绝，无法连接。, this = 0xff99cce0
[2023-11-06 16:05:26.766] [pxr_streamer] [error] rpc_terminal.cpp:37 operator (): connect failed, error= 由于目标计算机积极拒绝，无法连接。, this = 0xff99cce0
[2023-11-06 16:05:29.811] [pxr_streamer] [error] rpc_terminal.cpp:37 operator (): connect failed, error= 由于目标计算机积极拒绝，无法连接。, this = 0xff99cce0
[2023-11-06 16:05:32.874] [pxr_streamer] [error] rpc_terminal.cpp:37 operator (): connect failed, error= 由于目标计算机积极拒绝，无法连接。, this = 0xff99cce0
[2023-11-06 16:05:35.920] [pxr_streamer] [error] rpc_terminal.cpp:37 operator (): connect failed, error= 由于目标计算机积极拒绝，无法连接。, this = 0xff99cce0
[2023-11-06 16:05:38.969] [pxr_streamer] [error] rpc_terminal.cpp:37 operator (): connect failed, error= 由于目标计算机积极拒绝，无法连接。, this = 0xff99cce0
[2023-11-06 16:05:42.036] [pxr_streamer] [error] rpc_terminal.cpp:37 operator (): connect failed, error= 由于目标计算机积极拒绝，无法连接。, this = 0xff99cce0
[2023-11-06 16:05:45.096] [pxr_streamer] [error] rpc_terminal.cpp:37 operator (): connect failed, error= 由于目标计算机积极拒绝，无法连接。, this = 0xff99cce0
[2023-11-06 16:05:48.151] [pxr_streamer] [error] rpc_terminal.cpp:37 operator (): connect failed, error= 由于目标计算机积极拒绝，无法连接。, this = 0xff99cce0
[2023-11-06 16:05:51.214] [pxr_streamer] [error] rpc_terminal.cpp:37 operator (): connect failed, error= 由于目标计算机积极拒绝，无法连接。, this = 0xff99cce0
[2023-11-06 16:05:54.262] [pxr_streamer] [error] rpc_terminal.cpp:37 operator (): connect failed, error= 由于目标计算机积极拒绝，无法连接。, this = 0xff99cce0
[2023-11-06 16:05:57.323] [pxr_streamer] [error] rpc_terminal.cpp:37 operator (): connect failed, error= 由于目标计算机积极拒绝，无法连接。, this = 0xff99cce0
[2023-11-06 16:06:00.372] [pxr_streamer] [error] rpc_terminal.cpp:37 operator (): connect failed, error= 由于目标计算机积极拒绝，无法连接。, this = 0xff99cce0
[2023-11-06 16:06:03.439] [pxr_streamer] [error] rpc_terminal.cpp:37 operator (): connect failed, error= 由于目标计算机积极拒绝，无法连接。, this = 0xff99cce0
[2023-11-06 16:06:06.501] [pxr_streamer] [error] rpc_terminal.cpp:37 operator (): connect failed, error= 由于目标计算机积极拒绝，无法连接。, this = 0xff99cce0
[2023-11-06 16:06:09.542] [pxr_streamer] [error] rpc_terminal.cpp:37 operator (): connect failed, error= 由于目标计算机积极拒绝，无法连接。, this = 0xff99cce0
[2023-11-06 16:06:12.604] [pxr_streamer] [error] rpc_terminal.cpp:37 operator (): connect failed, error= 由于目标计算机积极拒绝，无法连接。, this = 0xff99cce0
[2023-11-06 16:06:15.668] [pxr_streamer] [error] rpc_terminal.cpp:37 operator (): connect failed, error= 由于目标计算机积极拒绝，无法连接。, this = 0xff99cce0
[2023-11-06 16:06:18.722] [pxr_streamer] [error] rpc_terminal.cpp:37 operator (): connect failed, error= 由于目标计算机积极拒绝，无法连接。, this = 0xff99cce0
[2023-11-06 16:06:21.786] [pxr_streamer] [error] rpc_terminal.cpp:37 operator (): connect failed, error= 由于目标计算机积极拒绝，无法连接。, this = 0xff99cce0
[2023-11-06 16:06:24.844] [pxr_streamer] [error] rpc_terminal.cpp:37 operator (): connect failed, error= 由于目标计算机积极拒绝，无法连接。, this = 0xff99cce0
[2023-11-06 16:06:27.895] [pxr_streamer] [error] rpc_terminal.cpp:37 operator (): connect failed, error= 由于目标计算机积极拒绝，无法连接。, this = 0xff99cce0
[2023-11-06 16:06:30.947] [pxr_streamer] [error] rpc_terminal.cpp:37 operator (): connect failed, error= 由于目标计算机积极拒绝，无法连接。, this = 0xff99cce0
[2023-11-06 16:06:34.011] [pxr_streamer] [error] rpc_terminal.cpp:37 operator (): connect failed, error= 由于目标计算机积极拒绝，无法连接。, this = 0xff99cce0
[2023-11-06 16:06:37.064] [pxr_streamer] [error] rpc_terminal.cpp:37 operator (): connect failed, error= 由于目标计算机积极拒绝，无法连接。, this = 0xff99cce0
[2023-11-06 16:06:40.121] [pxr_streamer] [error] rpc_terminal.cpp:37 operator (): connect failed, error= 由于目标计算机积极拒绝，无法连接。, this = 0xff99cce0
[2023-11-06 16:06:43.169] [pxr_streamer] [error] rpc_terminal.cpp:37 operator (): connect failed, error= 由于目标计算机积极拒绝，无法连接。, this = 0xff99cce0
[2023-11-06 16:06:46.226] [pxr_streamer] [error] rpc_terminal.cpp:37 operator (): connect failed, error= 由于目标计算机积极拒绝，无法连接。, this = 0xff99cce0
[2023-11-06 16:06:49.291] [pxr_streamer] [error] rpc_terminal.cpp:37 operator (): connect failed, error= 由于目标计算机积极拒绝，无法连接。, this = 0xff99cce0
[2023-11-06 16:06:52.348] [pxr_streamer] [error] rpc_terminal.cpp:37 operator (): connect failed, error= 由于目标计算机积极拒绝，无法连接。, this = 0xff99cce0
[2023-11-06 16:06:55.414] [pxr_streamer] [error] rpc_terminal.cpp:37 operator (): connect failed, error= 由于目标计算机积极拒绝，无法连接。, this = 0xff99cce0
[2023-11-06 16:06:58.471] [pxr_streamer] [error] rpc_terminal.cpp:37 operator (): connect failed, error= 由于目标计算机积极拒绝，无法连接。, this = 0xff99cce0
[2023-11-06 16:07:01.517] [pxr_streamer] [error] rpc_terminal.cpp:37 operator (): connect failed, error= 由于目标计算机积极拒绝，无法连接。, this = 0xff99cce0
[2023-11-06 16:07:04.574] [pxr_streamer] [error] rpc_terminal.cpp:37 operator (): connect failed, error= 由于目标计算机积极拒绝，无法连接。, this = 0xff99cce0
[2023-11-06 16:07:07.625] [pxr_streamer] [error] rpc_terminal.cpp:37 operator (): connect failed, error= 由于目标计算机积极拒绝，无法连接。, this = 0xff99cce0
[2023-11-06 16:07:10.683] [pxr_streamer] [error] rpc_terminal.cpp:37 operator (): connect failed, error= 由于目标计算机积极拒绝，无法连接。, this = 0xff99cce0
[2023-11-06 16:07:13.741] [pxr_streamer] [error] rpc_terminal.cpp:37 operator (): connect failed, error= 由于目标计算机积极拒绝，无法连接。, this = 0xff99cce0
[2023-11-06 16:07:16.802] [pxr_streamer] [error] rpc_terminal.cpp:37 operator (): connect failed, error= 由于目标计算机积极拒绝，无法连接。, this = 0xff99cce0
[2023-11-06 16:07:19.861] [pxr_streamer] [error] rpc_terminal.cpp:37 operator (): connect failed, error= 由于目标计算机积极拒绝，无法连接。, this = 0xff99cce0
[2023-11-06 16:07:22.909] [pxr_streamer] [error] rpc_terminal.cpp:37 operator (): connect failed, error= 由于目标计算机积极拒绝，无法连接。, this = 0xff99cce0
[2023-11-06 16:07:25.958] [pxr_streamer] [error] rpc_terminal.cpp:37 operator (): connect failed, error= 由于目标计算机积极拒绝，无法连接。, this = 0xff99cce0
[2023-11-06 16:07:29.011] [pxr_streamer] [error] rpc_terminal.cpp:37 operator (): connect failed, error= 由于目标计算机积极拒绝，无法连接。, this = 0xff99cce0
[2023-11-06 16:07:32.067] [pxr_streamer] [error] rpc_terminal.cpp:37 operator (): connect failed, error= 由于目标计算机积极拒绝，无法连接。, this = 0xff99cce0
[2023-11-06 16:07:35.126] [pxr_streamer] [error] rpc_terminal.cpp:37 operator (): connect failed, error= 由于目标计算机积极拒绝，无法连接。, this = 0xff99cce0
[2023-11-06 16:07:38.189] [pxr_streamer] [error] rpc_terminal.cpp:37 operator (): connect failed, error= 由于目标计算机积极拒绝，无法连接。, this = 0xff99cce0
[2023-11-06 16:07:41.254] [pxr_streamer] [error] rpc_terminal.cpp:37 operator (): connect failed, error= 由于目标计算机积极拒绝，无法连接。, this = 0xff99cce0
[2023-11-06 16:07:44.291] [pxr_streamer] [error] rpc_terminal.cpp:37 operator (): connect failed, error= 由于目标计算机积极拒绝，无法连接。, this = 0xff99cce0
[2023-11-06 16:07:47.362] [pxr_streamer] [error] rpc_terminal.cpp:37 operator (): connect failed, error= 由于目标计算机积极拒绝，无法连接。, this = 0xff99cce0
[2023-11-06 16:07:50.413] [pxr_streamer] [error] rpc_terminal.cpp:37 operator (): connect failed, error= 由于目标计算机积极拒绝，无法连接。, this = 0xff99cce0
[2023-11-06 16:07:53.453] [pxr_streamer] [error] rpc_terminal.cpp:37 operator (): connect failed, error= 由于目标计算机积极拒绝，无法连接。, this = 0xff99cce0
[2023-11-06 16:07:56.490] [pxr_streamer] [error] rpc_terminal.cpp:37 operator (): connect failed, error= 由于目标计算机积极拒绝，无法连接。, this = 0xff99cce0
[2023-11-06 16:07:59.548] [pxr_streamer] [error] rpc_terminal.cpp:37 operator (): connect failed, error= 由于目标计算机积极拒绝，无法连接。, this = 0xff99cce0
[2023-11-06 16:08:02.603] [pxr_streamer] [error] rpc_terminal.cpp:37 operator (): connect failed, error= 由于目标计算机积极拒绝，无法连接。, this = 0xff99cce0
[2023-11-06 16:08:05.648] [pxr_streamer] [error] rpc_terminal.cpp:37 operator (): connect failed, error= 由于目标计算机积极拒绝，无法连接。, this = 0xff99cce0
[2023-11-06 16:08:08.676] [pxr_streamer] [error] rpc_terminal.cpp:37 operator (): connect failed, error= 由于目标计算机积极拒绝，无法连接。, this = 0xff99cce0
[2023-11-06 16:08:11.716] [pxr_streamer] [error] rpc_terminal.cpp:37 operator (): connect failed, error= 由于目标计算机积极拒绝，无法连接。, this = 0xff99cce0
[2023-11-06 16:08:14.733] [pxr_streamer] [error] rpc_terminal.cpp:37 operator (): connect failed, error= 由于目标计算机积极拒绝，无法连接。, this = 0xff99cce0
[2023-11-06 16:08:17.765] [pxr_streamer] [error] rpc_terminal.cpp:37 operator (): connect failed, error= 由于目标计算机积极拒绝，无法连接。, this = 0xff99cce0
[2023-11-06 16:08:20.793] [pxr_streamer] [error] rpc_terminal.cpp:37 operator (): connect failed, error= 由于目标计算机积极拒绝，无法连接。, this = 0xff99cce0
[2023-11-06 16:08:23.841] [pxr_streamer] [error] rpc_terminal.cpp:37 operator (): connect failed, error= 由于目标计算机积极拒绝，无法连接。, this = 0xff99cce0
[2023-11-06 16:08:26.887] [pxr_streamer] [error] rpc_terminal.cpp:37 operator (): connect failed, error= 由于目标计算机积极拒绝，无法连接。, this = 0xff99cce0
[2023-11-06 16:08:29.916] [pxr_streamer] [error] rpc_terminal.cpp:37 operator (): connect failed, error= 由于目标计算机积极拒绝，无法连接。, this = 0xff99cce0
[2023-11-06 16:08:32.943] [pxr_streamer] [error] rpc_terminal.cpp:37 operator (): connect failed, error= 由于目标计算机积极拒绝，无法连接。, this = 0xff99cce0
[2023-11-06 16:08:35.985] [pxr_streamer] [error] rpc_terminal.cpp:37 operator (): connect failed, error= 由于目标计算机积极拒绝，无法连接。, this = 0xff99cce0
[2023-11-06 16:08:39.021] [pxr_streamer] [error] rpc_terminal.cpp:37 operator (): connect failed, error= 由于目标计算机积极拒绝，无法连接。, this = 0xff99cce0
[2023-11-06 16:08:42.077] [pxr_streamer] [error] rpc_terminal.cpp:37 operator (): connect failed, error= 由于目标计算机积极拒绝，无法连接。, this = 0xff99cce0
[2023-11-06 16:08:45.105] [pxr_streamer] [error] rpc_terminal.cpp:37 operator (): connect failed, error= 由于目标计算机积极拒绝，无法连接。, this = 0xff99cce0
[2023-11-06 16:08:48.146] [pxr_streamer] [error] rpc_terminal.cpp:37 operator (): connect failed, error= 由于目标计算机积极拒绝，无法连接。, this = 0xff99cce0
[2023-11-06 16:08:51.174] [pxr_streamer] [error] rpc_terminal.cpp:37 operator (): connect failed, error= 由于目标计算机积极拒绝，无法连接。, this = 0xff99cce0
[2023-11-06 16:08:54.211] [pxr_streamer] [error] rpc_terminal.cpp:37 operator (): connect failed, error= 由于目标计算机积极拒绝，无法连接。, this = 0xff99cce0
[2023-11-06 16:08:57.266] [pxr_streamer] [error] rpc_terminal.cpp:37 operator (): connect failed, error= 由于目标计算机积极拒绝，无法连接。, this = 0xff99cce0
[2023-11-06 16:09:00.300] [pxr_streamer] [error] rpc_terminal.cpp:37 operator (): connect failed, error= 由于目标计算机积极拒绝，无法连接。, this = 0xff99cce0
[2023-11-06 16:09:03.343] [pxr_streamer] [error] rpc_terminal.cpp:37 operator (): connect failed, error= 由于目标计算机积极拒绝，无法连接。, this = 0xff99cce0
[2023-11-06 16:09:06.386] [pxr_streamer] [error] rpc_terminal.cpp:37 operator (): connect failed, error= 由于目标计算机积极拒绝，无法连接。, this = 0xff99cce0
[2023-11-06 16:09:09.403] [pxr_streamer] [error] rpc_terminal.cpp:37 operator (): connect failed, error= 由于目标计算机积极拒绝，无法连接。, this = 0xff99cce0
[2023-11-06 16:09:12.425] [pxr_streamer] [error] rpc_terminal.cpp:37 operator (): connect failed, error= 由于目标计算机积极拒绝，无法连接。, this = 0xff99cce0
[2023-11-06 16:09:15.465] [pxr_streamer] [error] rpc_terminal.cpp:37 operator (): connect failed, error= 由于目标计算机积极拒绝，无法连接。, this = 0xff99cce0
[2023-11-06 16:09:18.518] [pxr_streamer] [error] rpc_terminal.cpp:37 operator (): connect failed, error= 由于目标计算机积极拒绝，无法连接。, this = 0xff99cce0
[2023-11-06 16:09:21.575] [pxr_streamer] [error] rpc_terminal.cpp:37 operator (): connect failed, error= 由于目标计算机积极拒绝，无法连接。, this = 0xff99cce0
[2023-11-06 16:09:24.629] [pxr_streamer] [error] rpc_terminal.cpp:37 operator (): connect failed, error= 由于目标计算机积极拒绝，无法连接。, this = 0xff99cce0
[2023-11-06 16:09:27.673] [pxr_streamer] [error] rpc_terminal.cpp:37 operator (): connect failed, error= 由于目标计算机积极拒绝，无法连接。, this = 0xff99cce0
[2023-11-06 16:09:30.728] [pxr_streamer] [error] rpc_terminal.cpp:37 operator (): connect failed, error= 由于目标计算机积极拒绝，无法连接。, this = 0xff99cce0
[2023-11-06 16:09:33.772] [pxr_streamer] [error] rpc_terminal.cpp:37 operator (): connect failed, error= 由于目标计算机积极拒绝，无法连接。, this = 0xff99cce0
[2023-11-06 16:09:36.812] [pxr_streamer] [error] rpc_terminal.cpp:37 operator (): connect failed, error= 由于目标计算机积极拒绝，无法连接。, this = 0xff99cce0
[2023-11-06 16:09:39.839] [pxr_streamer] [error] rpc_terminal.cpp:37 operator (): connect failed, error= 由于目标计算机积极拒绝，无法连接。, this = 0xff99cce0
[2023-11-06 16:09:42.884] [pxr_streamer] [error] rpc_terminal.cpp:37 operator (): connect failed, error= 由于目标计算机积极拒绝，无法连接。, this = 0xff99cce0
[2023-11-06 16:09:45.927] [pxr_streamer] [error] rpc_terminal.cpp:37 operator (): connect failed, error= 由于目标计算机积极拒绝，无法连接。, this = 0xff99cce0
[2023-11-06 16:09:48.978] [pxr_streamer] [error] rpc_terminal.cpp:37 operator (): connect failed, error= 由于目标计算机积极拒绝，无法连接。, this = 0xff99cce0
[2023-11-06 16:09:52.010] [pxr_streamer] [error] rpc_terminal.cpp:37 operator (): connect failed, error= 由于目标计算机积极拒绝，无法连接。, this = 0xff99cce0
[2023-11-06 16:09:55.065] [pxr_streamer] [error] rpc_terminal.cpp:37 operator (): connect failed, error= 由于目标计算机积极拒绝，无法连接。, this = 0xff99cce0
[2023-11-06 16:09:58.120] [pxr_streamer] [error] rpc_terminal.cpp:37 operator (): connect failed, error= 由于目标计算机积极拒绝，无法连接。, this = 0xff99cce0
[2023-11-06 16:10:01.152] [pxr_streamer] [error] rpc_terminal.cpp:37 operator (): connect failed, error= 由于目标计算机积极拒绝，无法连接。, this = 0xff99cce0
[2023-11-06 16:10:04.180] [pxr_streamer] [error] rpc_terminal.cpp:37 operator (): connect failed, error= 由于目标计算机积极拒绝，无法连接。, this = 0xff99cce0
[2023-11-06 16:10:07.222] [pxr_streamer] [error] rpc_terminal.cpp:37 operator (): connect failed, error= 由于目标计算机积极拒绝，无法连接。, this = 0xff99cce0
[2023-11-06 16:10:10.266] [pxr_streamer] [error] rpc_terminal.cpp:37 operator (): connect failed, error= 由于目标计算机积极拒绝，无法连接。, this = 0xff99cce0
[2023-11-06 16:10:13.279] [pxr_streamer] [error] rpc_terminal.cpp:37 operator (): connect failed, error= 由于目标计算机积极拒绝，无法连接。, this = 0xff99cce0
[2023-11-06 16:10:16.310] [pxr_streamer] [error] rpc_terminal.cpp:37 operator (): connect failed, error= 由于目标计算机积极拒绝，无法连接。, this = 0xff99cce0
[2023-11-06 16:10:19.362] [pxr_streamer] [error] rpc_terminal.cpp:37 operator (): connect failed, error= 由于目标计算机积极拒绝，无法连接。, this = 0xff99cce0
[2023-11-06 16:10:22.406] [pxr_streamer] [error] rpc_terminal.cpp:37 operator (): connect failed, error= 由于目标计算机积极拒绝，无法连接。, this = 0xff99cce0
[2023-11-06 16:10:25.426] [pxr_streamer] [error] rpc_terminal.cpp:37 operator (): connect failed, error= 由于目标计算机积极拒绝，无法连接。, this = 0xff99cce0
[2023-11-06 16:10:28.454] [pxr_streamer] [error] rpc_terminal.cpp:37 operator (): connect failed, error= 由于目标计算机积极拒绝，无法连接。, this = 0xff99cce0
[2023-11-06 16:10:31.497] [pxr_streamer] [error] rpc_terminal.cpp:37 operator (): connect failed, error= 由于目标计算机积极拒绝，无法连接。, this = 0xff99cce0
[2023-11-06 16:10:34.514] [pxr_streamer] [error] rpc_terminal.cpp:37 operator (): connect failed, error= 由于目标计算机积极拒绝，无法连接。, this = 0xff99cce0
[2023-11-06 16:10:37.546] [pxr_streamer] [error] rpc_terminal.cpp:37 operator (): connect failed, error= 由于目标计算机积极拒绝，无法连接。, this = 0xff99cce0
[2023-11-06 16:10:40.593] [pxr_streamer] [error] rpc_terminal.cpp:37 operator (): connect failed, error= 由于目标计算机积极拒绝，无法连接。, this = 0xff99cce0
[2023-11-06 16:10:43.633] [pxr_streamer] [error] rpc_terminal.cpp:37 operator (): connect failed, error= 由于目标计算机积极拒绝，无法连接。, this = 0xff99cce0
[2023-11-06 16:10:46.662] [pxr_streamer] [error] rpc_terminal.cpp:37 operator (): connect failed, error= 由于目标计算机积极拒绝，无法连接。, this = 0xff99cce0
[2023-11-06 16:10:49.679] [pxr_streamer] [error] rpc_terminal.cpp:37 operator (): connect failed, error= 由于目标计算机积极拒绝，无法连接。, this = 0xff99cce0
[2023-11-06 16:10:52.718] [pxr_streamer] [error] rpc_terminal.cpp:37 operator (): connect failed, error= 由于目标计算机积极拒绝，无法连接。, this = 0xff99cce0
[2023-11-06 16:10:55.762] [pxr_streamer] [error] rpc_terminal.cpp:37 operator (): connect failed, error= 由于目标计算机积极拒绝，无法连接。, this = 0xff99cce0
[2023-11-06 16:10:58.791] [pxr_streamer] [error] rpc_terminal.cpp:37 operator (): connect failed, error= 由于目标计算机积极拒绝，无法连接。, this = 0xff99cce0
[2023-11-06 16:11:01.825] [pxr_streamer] [error] rpc_terminal.cpp:37 operator (): connect failed, error= 由于目标计算机积极拒绝，无法连接。, this = 0xff99cce0
[2023-11-06 16:11:04.870] [pxr_streamer] [error] rpc_terminal.cpp:37 operator (): connect failed, error= 由于目标计算机积极拒绝，无法连接。, this = 0xff99cce0
[2023-11-06 16:11:07.888] [pxr_streamer] [error] rpc_terminal.cpp:37 operator (): connect failed, error= 由于目标计算机积极拒绝，无法连接。, this = 0xff99cce0
[2023-11-06 16:11:10.932] [pxr_streamer] [error] rpc_terminal.cpp:37 operator (): connect failed, error= 由于目标计算机积极拒绝，无法连接。, this = 0xff99cce0
[2023-11-06 16:11:13.986] [pxr_streamer] [error] rpc_terminal.cpp:37 operator (): connect failed, error= 由于目标计算机积极拒绝，无法连接。, this = 0xff99cce0
[2023-11-06 16:11:17.038] [pxr_streamer] [error] rpc_terminal.cpp:37 operator (): connect failed, error= 由于目标计算机积极拒绝，无法连接。, this = 0xff99cce0
[2023-11-06 16:11:20.081] [pxr_streamer] [error] rpc_terminal.cpp:37 operator (): connect failed, error= 由于目标计算机积极拒绝，无法连接。, this = 0xff99cce0
[2023-11-06 16:11:23.148] [pxr_streamer] [error] rpc_terminal.cpp:37 operator (): connect failed, error= 由于目标计算机积极拒绝，无法连接。, this = 0xff99cce0
[2023-11-06 16:11:26.187] [pxr_streamer] [error] rpc_terminal.cpp:37 operator (): connect failed, error= 由于目标计算机积极拒绝，无法连接。, this = 0xff99cce0
[2023-11-06 16:11:29.234] [pxr_streamer] [error] rpc_terminal.cpp:37 operator (): connect failed, error= 由于目标计算机积极拒绝，无法连接。, this = 0xff99cce0
[2023-11-06 16:11:32.284] [pxr_streamer] [error] rpc_terminal.cpp:37 operator (): connect failed, error= 由于目标计算机积极拒绝，无法连接。, this = 0xff99cce0
[2023-11-06 16:11:35.333] [pxr_streamer] [error] rpc_terminal.cpp:37 operator (): connect failed, error= 由于目标计算机积极拒绝，无法连接。, this = 0xff99cce0
[2023-11-06 16:11:38.371] [pxr_streamer] [error] rpc_terminal.cpp:37 operator (): connect failed, error= 由于目标计算机积极拒绝，无法连接。, this = 0xff99cce0
[2023-11-06 16:11:41.412] [pxr_streamer] [error] rpc_terminal.cpp:37 operator (): connect failed, error= 由于目标计算机积极拒绝，无法连接。, this = 0xff99cce0
[2023-11-06 16:11:44.453] [pxr_streamer] [error] rpc_terminal.cpp:37 operator (): connect failed, error= 由于目标计算机积极拒绝，无法连接。, this = 0xff99cce0
[2023-11-06 16:11:47.507] [pxr_streamer] [error] rpc_terminal.cpp:37 operator (): connect failed, error= 由于目标计算机积极拒绝，无法连接。, this = 0xff99cce0
[2023-11-06 16:11:50.540] [pxr_streamer] [error] rpc_terminal.cpp:37 operator (): connect failed, error= 由于目标计算机积极拒绝，无法连接。, this = 0xff99cce0
[2023-11-06 16:11:53.575] [pxr_streamer] [error] rpc_terminal.cpp:37 operator (): connect failed, error= 由于目标计算机积极拒绝，无法连接。, this = 0xff99cce0
[2023-11-06 16:11:56.609] [pxr_streamer] [error] rpc_terminal.cpp:37 operator (): connect failed, error= 由于目标计算机积极拒绝，无法连接。, this = 0xff99cce0
[2023-11-06 16:11:59.662] [pxr_streamer] [error] rpc_terminal.cpp:37 operator (): connect failed, error= 由于目标计算机积极拒绝，无法连接。, this = 0xff99cce0
[2023-11-06 16:12:02.728] [pxr_streamer] [error] rpc_terminal.cpp:37 operator (): connect failed, error= 由于目标计算机积极拒绝，无法连接。, this = 0xff99cce0
[2023-11-06 16:12:05.772] [pxr_streamer] [error] rpc_terminal.cpp:37 operator (): connect failed, error= 由于目标计算机积极拒绝，无法连接。, this = 0xff99cce0
[2023-11-06 16:12:08.800] [pxr_streamer] [error] rpc_terminal.cpp:37 operator (): connect failed, error= 由于目标计算机积极拒绝，无法连接。, this = 0xff99cce0
[2023-11-06 16:12:11.838] [pxr_streamer] [error] rpc_terminal.cpp:37 operator (): connect failed, error= 由于目标计算机积极拒绝，无法连接。, this = 0xff99cce0
[2023-11-06 16:12:14.870] [pxr_streamer] [error] rpc_terminal.cpp:37 operator (): connect failed, error= 由于目标计算机积极拒绝，无法连接。, this = 0xff99cce0
[2023-11-06 16:12:17.911] [pxr_streamer] [error] rpc_terminal.cpp:37 operator (): connect failed, error= 由于目标计算机积极拒绝，无法连接。, this = 0xff99cce0
[2023-11-06 16:12:20.949] [pxr_streamer] [error] rpc_terminal.cpp:37 operator (): connect failed, error= 由于目标计算机积极拒绝，无法连接。, this = 0xff99cce0
[2023-11-06 16:12:23.982] [pxr_streamer] [error] rpc_terminal.cpp:37 operator (): connect failed, error= 由于目标计算机积极拒绝，无法连接。, this = 0xff99cce0
[2023-11-06 16:12:27.045] [pxr_streamer] [error] rpc_terminal.cpp:37 operator (): connect failed, error= 由于目标计算机积极拒绝，无法连接。, this = 0xff99cce0
[2023-11-06 16:12:30.108] [pxr_streamer] [error] rpc_terminal.cpp:37 operator (): connect failed, error= 由于目标计算机积极拒绝，无法连接。, this = 0xff99cce0
[2023-11-06 16:12:33.166] [pxr_streamer] [error] rpc_terminal.cpp:37 operator (): connect failed, error= 由于目标计算机积极拒绝，无法连接。, this = 0xff99cce0
[2023-11-06 16:12:36.224] [pxr_streamer] [error] rpc_terminal.cpp:37 operator (): connect failed, error= 由于目标计算机积极拒绝，无法连接。, this = 0xff99cce0
[2023-11-06 16:12:39.283] [pxr_streamer] [error] rpc_terminal.cpp:37 operator (): connect failed, error= 由于目标计算机积极拒绝，无法连接。, this = 0xff99cce0
[2023-11-06 16:12:42.342] [pxr_streamer] [error] rpc_terminal.cpp:37 operator (): connect failed, error= 由于目标计算机积极拒绝，无法连接。, this = 0xff99cce0
[2023-11-06 16:12:45.399] [pxr_streamer] [error] rpc_terminal.cpp:37 operator (): connect failed, error= 由于目标计算机积极拒绝，无法连接。, this = 0xff99cce0
[2023-11-06 16:12:48.440] [pxr_streamer] [error] rpc_terminal.cpp:37 operator (): connect failed, error= 由于目标计算机积极拒绝，无法连接。, this = 0xff99cce0
[2023-11-06 16:12:51.481] [pxr_streamer] [error] rpc_terminal.cpp:37 operator (): connect failed, error= 由于目标计算机积极拒绝，无法连接。, this = 0xff99cce0
[2023-11-06 16:12:54.527] [pxr_streamer] [error] rpc_terminal.cpp:37 operator (): connect failed, error= 由于目标计算机积极拒绝，无法连接。, this = 0xff99cce0
[2023-11-06 16:12:57.577] [pxr_streamer] [error] rpc_terminal.cpp:37 operator (): connect failed, error= 由于目标计算机积极拒绝，无法连接。, this = 0xff99cce0
[2023-11-06 16:13:00.613] [pxr_streamer] [error] rpc_terminal.cpp:37 operator (): connect failed, error= 由于目标计算机积极拒绝，无法连接。, this = 0xff99cce0
[2023-11-06 16:13:03.664] [pxr_streamer] [error] rpc_terminal.cpp:37 operator (): connect failed, error= 由于目标计算机积极拒绝，无法连接。, this = 0xff99cce0
[2023-11-06 16:13:06.714] [pxr_streamer] [error] rpc_terminal.cpp:37 operator (): connect failed, error= 由于目标计算机积极拒绝，无法连接。, this = 0xff99cce0
[2023-11-06 16:13:09.759] [pxr_streamer] [error] rpc_terminal.cpp:37 operator (): connect failed, error= 由于目标计算机积极拒绝，无法连接。, this = 0xff99cce0
[2023-11-06 16:13:12.821] [pxr_streamer] [error] rpc_terminal.cpp:37 operator (): connect failed, error= 由于目标计算机积极拒绝，无法连接。, this = 0xff99cce0
[2023-11-06 16:13:15.883] [pxr_streamer] [error] rpc_terminal.cpp:37 operator (): connect failed, error= 由于目标计算机积极拒绝，无法连接。, this = 0xff99cce0
[2023-11-06 16:13:18.929] [pxr_streamer] [error] rpc_terminal.cpp:37 operator (): connect failed, error= 由于目标计算机积极拒绝，无法连接。, this = 0xff99cce0
[2023-11-06 16:13:21.985] [pxr_streamer] [error] rpc_terminal.cpp:37 operator (): connect failed, error= 由于目标计算机积极拒绝，无法连接。, this = 0xff99cce0
[2023-11-06 16:13:25.037] [pxr_streamer] [error] rpc_terminal.cpp:37 operator (): connect failed, error= 由于目标计算机积极拒绝，无法连接。, this = 0xff99cce0
[2023-11-06 16:13:28.104] [pxr_streamer] [error] rpc_terminal.cpp:37 operator (): connect failed, error= 由于目标计算机积极拒绝，无法连接。, this = 0xff99cce0
[2023-11-06 16:13:31.139] [pxr_streamer] [error] rpc_terminal.cpp:37 operator (): connect failed, error= 由于目标计算机积极拒绝，无法连接。, this = 0xff99cce0
[2023-11-06 16:13:34.188] [pxr_streamer] [error] rpc_terminal.cpp:37 operator (): connect failed, error= 由于目标计算机积极拒绝，无法连接。, this = 0xff99cce0
[2023-11-06 16:13:37.232] [pxr_streamer] [error] rpc_terminal.cpp:37 operator (): connect failed, error= 由于目标计算机积极拒绝，无法连接。, this = 0xff99cce0
[2023-11-06 16:13:40.282] [pxr_streamer] [error] rpc_terminal.cpp:37 operator (): connect failed, error= 由于目标计算机积极拒绝，无法连接。, this = 0xff99cce0
[2023-11-06 16:13:43.338] [pxr_streamer] [error] rpc_terminal.cpp:37 operator (): connect failed, error= 由于目标计算机积极拒绝，无法连接。, this = 0xff99cce0
[2023-11-06 16:13:46.386] [pxr_streamer] [error] rpc_terminal.cpp:37 operator (): connect failed, error= 由于目标计算机积极拒绝，无法连接。, this = 0xff99cce0
[2023-11-06 16:13:49.430] [pxr_streamer] [error] rpc_terminal.cpp:37 operator (): connect failed, error= 由于目标计算机积极拒绝，无法连接。, this = 0xff99cce0
[2023-11-06 16:13:52.484] [pxr_streamer] [error] rpc_terminal.cpp:37 operator (): connect failed, error= 由于目标计算机积极拒绝，无法连接。, this = 0xff99cce0
[2023-11-06 16:13:55.524] [pxr_streamer] [error] rpc_terminal.cpp:37 operator (): connect failed, error= 由于目标计算机积极拒绝，无法连接。, this = 0xff99cce0
[2023-11-06 16:13:58.555] [pxr_streamer] [error] rpc_terminal.cpp:37 operator (): connect failed, error= 由于目标计算机积极拒绝，无法连接。, this = 0xff99cce0
[2023-11-06 16:14:01.619] [pxr_streamer] [error] rpc_terminal.cpp:37 operator (): connect failed, error= 由于目标计算机积极拒绝，无法连接。, this = 0xff99cce0
[2023-11-06 16:14:04.664] [pxr_streamer] [error] rpc_terminal.cpp:37 operator (): connect failed, error= 由于目标计算机积极拒绝，无法连接。, this = 0xff99cce0
[2023-11-06 16:14:07.728] [pxr_streamer] [error] rpc_terminal.cpp:37 operator (): connect failed, error= 由于目标计算机积极拒绝，无法连接。, this = 0xff99cce0
[2023-11-06 16:14:10.789] [pxr_streamer] [error] rpc_terminal.cpp:37 operator (): connect failed, error= 由于目标计算机积极拒绝，无法连接。, this = 0xff99cce0
[2023-11-06 16:14:13.841] [pxr_streamer] [error] rpc_terminal.cpp:37 operator (): connect failed, error= 由于目标计算机积极拒绝，无法连接。, this = 0xff99cce0
[2023-11-06 16:14:16.898] [pxr_streamer] [error] rpc_terminal.cpp:37 operator (): connect failed, error= 由于目标计算机积极拒绝，无法连接。, this = 0xff99cce0
[2023-11-06 16:14:19.973] [pxr_streamer] [error] rpc_terminal.cpp:37 operator (): connect failed, error= 由于目标计算机积极拒绝，无法连接。, this = 0xff99cce0
[2023-11-06 16:14:23.038] [pxr_streamer] [error] rpc_terminal.cpp:37 operator (): connect failed, error= 由于目标计算机积极拒绝，无法连接。, this = 0xff99cce0
[2023-11-06 16:14:26.096] [pxr_streamer] [error] rpc_terminal.cpp:37 operator (): connect failed, error= 由于目标计算机积极拒绝，无法连接。, this = 0xff99cce0
[2023-11-06 16:14:29.134] [pxr_streamer] [error] rpc_terminal.cpp:37 operator (): connect failed, error= 由于目标计算机积极拒绝，无法连接。, this = 0xff99cce0
