[2023-10-31 21:47:38.883] [pxr_streamer] [info] ***********  Log Begin **********
[2023-10-31 21:47:38.883] [pxr_streamer] [info] process id= 28808
[2023-10-31 21:47:38.883] [pxr_streamer] [error] rpc_terminal.cpp:37 operator (): connect failed, error= 由于目标计算机积极拒绝，无法连接。, this = 0x2c9f1af0
[2023-10-31 21:47:38.885] [pxr_streamer] [error] rpc_terminal.h:50 Call: invalid rpc_client_, msg = Hello, this = 0x2c9f1af0
[2023-10-31 21:47:38.885] [pxr_streamer] [error] rpc_terminal.h:50 Call: invalid rpc_client_, msg = QueryRemoteTerminals, this = 0x2c9f1af0
[2023-10-31 21:47:41.910] [pxr_streamer] [error] rpc_terminal.cpp:37 operator (): connect failed, error= 由于目标计算机积极拒绝，无法连接。, this = 0x2c9f1af0
[2023-10-31 21:47:44.931] [pxr_streamer] [error] rpc_terminal.cpp:37 operator (): connect failed, error= 由于目标计算机积极拒绝，无法连接。, this = 0x2c9f1af0
[2023-10-31 21:47:47.959] [pxr_streamer] [error] rpc_terminal.cpp:37 operator (): connect failed, error= 由于目标计算机积极拒绝，无法连接。, this = 0x2c9f1af0
[2023-10-31 21:47:51.011] [pxr_streamer] [error] rpc_terminal.cpp:37 operator (): connect failed, error= 由于目标计算机积极拒绝，无法连接。, this = 0x2c9f1af0
[2023-10-31 21:47:54.054] [pxr_streamer] [error] rpc_terminal.cpp:37 operator (): connect failed, error= 由于目标计算机积极拒绝，无法连接。, this = 0x2c9f1af0
[2023-10-31 21:47:57.090] [pxr_streamer] [error] rpc_terminal.cpp:37 operator (): connect failed, error= 由于目标计算机积极拒绝，无法连接。, this = 0x2c9f1af0
[2023-10-31 21:48:00.111] [pxr_streamer] [error] rpc_terminal.cpp:37 operator (): connect failed, error= 由于目标计算机积极拒绝，无法连接。, this = 0x2c9f1af0
[2023-10-31 21:48:03.147] [pxr_streamer] [error] rpc_terminal.cpp:37 operator (): connect failed, error= 由于目标计算机积极拒绝，无法连接。, this = 0x2c9f1af0
[2023-10-31 21:48:06.176] [pxr_streamer] [error] rpc_terminal.cpp:37 operator (): connect failed, error= 由于目标计算机积极拒绝，无法连接。, this = 0x2c9f1af0
[2023-10-31 21:48:09.213] [pxr_streamer] [error] rpc_terminal.cpp:37 operator (): connect failed, error= 由于目标计算机积极拒绝，无法连接。, this = 0x2c9f1af0
[2023-10-31 21:48:12.242] [pxr_streamer] [error] rpc_terminal.cpp:37 operator (): connect failed, error= 由于目标计算机积极拒绝，无法连接。, this = 0x2c9f1af0
[2023-10-31 21:48:15.280] [pxr_streamer] [error] rpc_terminal.cpp:37 operator (): connect failed, error= 由于目标计算机积极拒绝，无法连接。, this = 0x2c9f1af0
[2023-10-31 21:48:18.312] [pxr_streamer] [error] rpc_terminal.cpp:37 operator (): connect failed, error= 由于目标计算机积极拒绝，无法连接。, this = 0x2c9f1af0
[2023-10-31 21:48:21.346] [pxr_streamer] [error] rpc_terminal.cpp:37 operator (): connect failed, error= 由于目标计算机积极拒绝，无法连接。, this = 0x2c9f1af0
[2023-10-31 21:48:24.365] [pxr_streamer] [error] rpc_terminal.cpp:37 operator (): connect failed, error= 由于目标计算机积极拒绝，无法连接。, this = 0x2c9f1af0
[2023-10-31 21:48:27.400] [pxr_streamer] [error] rpc_terminal.cpp:37 operator (): connect failed, error= 由于目标计算机积极拒绝，无法连接。, this = 0x2c9f1af0
[2023-10-31 21:48:30.433] [pxr_streamer] [error] rpc_terminal.cpp:37 operator (): connect failed, error= 由于目标计算机积极拒绝，无法连接。, this = 0x2c9f1af0
[2023-10-31 21:48:33.462] [pxr_streamer] [error] rpc_terminal.cpp:37 operator (): connect failed, error= 由于目标计算机积极拒绝，无法连接。, this = 0x2c9f1af0
[2023-10-31 21:48:36.490] [pxr_streamer] [error] rpc_terminal.cpp:37 operator (): connect failed, error= 由于目标计算机积极拒绝，无法连接。, this = 0x2c9f1af0
[2023-10-31 21:48:39.518] [pxr_streamer] [error] rpc_terminal.cpp:37 operator (): connect failed, error= 由于目标计算机积极拒绝，无法连接。, this = 0x2c9f1af0
[2023-10-31 21:48:42.557] [pxr_streamer] [error] rpc_terminal.cpp:37 operator (): connect failed, error= 由于目标计算机积极拒绝，无法连接。, this = 0x2c9f1af0
[2023-10-31 21:48:45.603] [pxr_streamer] [error] rpc_terminal.cpp:37 operator (): connect failed, error= 由于目标计算机积极拒绝，无法连接。, this = 0x2c9f1af0
[2023-10-31 21:48:48.645] [pxr_streamer] [error] rpc_terminal.cpp:37 operator (): connect failed, error= 由于目标计算机积极拒绝，无法连接。, this = 0x2c9f1af0
[2023-10-31 21:48:51.690] [pxr_streamer] [error] rpc_terminal.cpp:37 operator (): connect failed, error= 由于目标计算机积极拒绝，无法连接。, this = 0x2c9f1af0
[2023-10-31 21:48:54.719] [pxr_streamer] [error] rpc_terminal.cpp:37 operator (): connect failed, error= 由于目标计算机积极拒绝，无法连接。, this = 0x2c9f1af0
[2023-10-31 21:48:57.762] [pxr_streamer] [error] rpc_terminal.cpp:37 operator (): connect failed, error= 由于目标计算机积极拒绝，无法连接。, this = 0x2c9f1af0
[2023-10-31 21:49:00.789] [pxr_streamer] [error] rpc_terminal.cpp:37 operator (): connect failed, error= 由于目标计算机积极拒绝，无法连接。, this = 0x2c9f1af0
[2023-10-31 21:49:03.815] [pxr_streamer] [error] rpc_terminal.cpp:37 operator (): connect failed, error= 由于目标计算机积极拒绝，无法连接。, this = 0x2c9f1af0
[2023-10-31 21:49:06.841] [pxr_streamer] [error] rpc_terminal.cpp:37 operator (): connect failed, error= 由于目标计算机积极拒绝，无法连接。, this = 0x2c9f1af0
[2023-10-31 21:49:09.875] [pxr_streamer] [error] rpc_terminal.cpp:37 operator (): connect failed, error= 由于目标计算机积极拒绝，无法连接。, this = 0x2c9f1af0
[2023-10-31 21:49:12.914] [pxr_streamer] [error] rpc_terminal.cpp:37 operator (): connect failed, error= 由于目标计算机积极拒绝，无法连接。, this = 0x2c9f1af0
[2023-10-31 21:49:15.943] [pxr_streamer] [error] rpc_terminal.cpp:37 operator (): connect failed, error= 由于目标计算机积极拒绝，无法连接。, this = 0x2c9f1af0
[2023-10-31 21:49:18.990] [pxr_streamer] [error] rpc_terminal.cpp:37 operator (): connect failed, error= 由于目标计算机积极拒绝，无法连接。, this = 0x2c9f1af0
[2023-10-31 21:49:22.026] [pxr_streamer] [error] rpc_terminal.cpp:37 operator (): connect failed, error= 由于目标计算机积极拒绝，无法连接。, this = 0x2c9f1af0
[2023-10-31 21:49:25.054] [pxr_streamer] [error] rpc_terminal.cpp:37 operator (): connect failed, error= 由于目标计算机积极拒绝，无法连接。, this = 0x2c9f1af0
[2023-10-31 21:49:28.077] [pxr_streamer] [error] rpc_terminal.cpp:37 operator (): connect failed, error= 由于目标计算机积极拒绝，无法连接。, this = 0x2c9f1af0
[2023-10-31 21:49:31.098] [pxr_streamer] [error] rpc_terminal.cpp:37 operator (): connect failed, error= 由于目标计算机积极拒绝，无法连接。, this = 0x2c9f1af0
[2023-10-31 21:49:34.122] [pxr_streamer] [error] rpc_terminal.cpp:37 operator (): connect failed, error= 由于目标计算机积极拒绝，无法连接。, this = 0x2c9f1af0
[2023-10-31 21:49:37.159] [pxr_streamer] [error] rpc_terminal.cpp:37 operator (): connect failed, error= 由于目标计算机积极拒绝，无法连接。, this = 0x2c9f1af0
[2023-10-31 21:49:40.206] [pxr_streamer] [error] rpc_terminal.cpp:37 operator (): connect failed, error= 由于目标计算机积极拒绝，无法连接。, this = 0x2c9f1af0
[2023-10-31 21:49:43.234] [pxr_streamer] [error] rpc_terminal.cpp:37 operator (): connect failed, error= 由于目标计算机积极拒绝，无法连接。, this = 0x2c9f1af0
[2023-10-31 21:49:46.275] [pxr_streamer] [error] rpc_terminal.cpp:37 operator (): connect failed, error= 由于目标计算机积极拒绝，无法连接。, this = 0x2c9f1af0
[2023-10-31 21:49:49.301] [pxr_streamer] [error] rpc_terminal.cpp:37 operator (): connect failed, error= 由于目标计算机积极拒绝，无法连接。, this = 0x2c9f1af0
[2023-10-31 21:49:52.334] [pxr_streamer] [error] rpc_terminal.cpp:37 operator (): connect failed, error= 由于目标计算机积极拒绝，无法连接。, this = 0x2c9f1af0
[2023-10-31 21:49:55.375] [pxr_streamer] [error] rpc_terminal.cpp:37 operator (): connect failed, error= 由于目标计算机积极拒绝，无法连接。, this = 0x2c9f1af0
[2023-10-31 21:49:58.417] [pxr_streamer] [error] rpc_terminal.cpp:37 operator (): connect failed, error= 由于目标计算机积极拒绝，无法连接。, this = 0x2c9f1af0
[2023-10-31 21:50:01.445] [pxr_streamer] [error] rpc_terminal.cpp:37 operator (): connect failed, error= 由于目标计算机积极拒绝，无法连接。, this = 0x2c9f1af0
[2023-10-31 21:50:04.473] [pxr_streamer] [error] rpc_terminal.cpp:37 operator (): connect failed, error= 由于目标计算机积极拒绝，无法连接。, this = 0x2c9f1af0
[2023-10-31 21:50:07.503] [pxr_streamer] [error] rpc_terminal.cpp:37 operator (): connect failed, error= 由于目标计算机积极拒绝，无法连接。, this = 0x2c9f1af0
[2023-10-31 21:50:10.544] [pxr_streamer] [error] rpc_terminal.cpp:37 operator (): connect failed, error= 由于目标计算机积极拒绝，无法连接。, this = 0x2c9f1af0
[2023-10-31 21:50:13.583] [pxr_streamer] [error] rpc_terminal.cpp:37 operator (): connect failed, error= 由于目标计算机积极拒绝，无法连接。, this = 0x2c9f1af0
[2023-10-31 21:50:16.612] [pxr_streamer] [error] rpc_terminal.cpp:37 operator (): connect failed, error= 由于目标计算机积极拒绝，无法连接。, this = 0x2c9f1af0
[2023-10-31 21:50:19.657] [pxr_streamer] [error] rpc_terminal.cpp:37 operator (): connect failed, error= 由于目标计算机积极拒绝，无法连接。, this = 0x2c9f1af0
[2023-10-31 21:50:22.692] [pxr_streamer] [error] rpc_terminal.cpp:37 operator (): connect failed, error= 由于目标计算机积极拒绝，无法连接。, this = 0x2c9f1af0
[2023-10-31 21:50:25.736] [pxr_streamer] [error] rpc_terminal.cpp:37 operator (): connect failed, error= 由于目标计算机积极拒绝，无法连接。, this = 0x2c9f1af0
[2023-10-31 21:50:28.775] [pxr_streamer] [error] rpc_terminal.cpp:37 operator (): connect failed, error= 由于目标计算机积极拒绝，无法连接。, this = 0x2c9f1af0
[2023-10-31 21:50:31.818] [pxr_streamer] [error] rpc_terminal.cpp:37 operator (): connect failed, error= 由于目标计算机积极拒绝，无法连接。, this = 0x2c9f1af0
[2023-10-31 21:50:34.866] [pxr_streamer] [error] rpc_terminal.cpp:37 operator (): connect failed, error= 由于目标计算机积极拒绝，无法连接。, this = 0x2c9f1af0
[2023-10-31 21:50:37.904] [pxr_streamer] [error] rpc_terminal.cpp:37 operator (): connect failed, error= 由于目标计算机积极拒绝，无法连接。, this = 0x2c9f1af0
[2023-10-31 21:50:40.950] [pxr_streamer] [error] rpc_terminal.cpp:37 operator (): connect failed, error= 由于目标计算机积极拒绝，无法连接。, this = 0x2c9f1af0
[2023-10-31 21:50:43.977] [pxr_streamer] [error] rpc_terminal.cpp:37 operator (): connect failed, error= 由于目标计算机积极拒绝，无法连接。, this = 0x2c9f1af0
[2023-10-31 21:50:47.018] [pxr_streamer] [error] rpc_terminal.cpp:37 operator (): connect failed, error= 由于目标计算机积极拒绝，无法连接。, this = 0x2c9f1af0
[2023-10-31 21:50:50.050] [pxr_streamer] [error] rpc_terminal.cpp:37 operator (): connect failed, error= 由于目标计算机积极拒绝，无法连接。, this = 0x2c9f1af0
[2023-10-31 21:50:53.072] [pxr_streamer] [error] rpc_terminal.cpp:37 operator (): connect failed, error= 由于目标计算机积极拒绝，无法连接。, this = 0x2c9f1af0
[2023-10-31 21:50:56.127] [pxr_streamer] [error] rpc_terminal.cpp:37 operator (): connect failed, error= 由于目标计算机积极拒绝，无法连接。, this = 0x2c9f1af0
[2023-10-31 21:50:59.162] [pxr_streamer] [error] rpc_terminal.cpp:37 operator (): connect failed, error= 由于目标计算机积极拒绝，无法连接。, this = 0x2c9f1af0
[2023-10-31 21:51:02.193] [pxr_streamer] [error] rpc_terminal.cpp:37 operator (): connect failed, error= 由于目标计算机积极拒绝，无法连接。, this = 0x2c9f1af0
[2023-10-31 21:51:05.238] [pxr_streamer] [error] rpc_terminal.cpp:37 operator (): connect failed, error= 由于目标计算机积极拒绝，无法连接。, this = 0x2c9f1af0
[2023-10-31 21:51:08.272] [pxr_streamer] [error] rpc_terminal.cpp:37 operator (): connect failed, error= 由于目标计算机积极拒绝，无法连接。, this = 0x2c9f1af0
[2023-10-31 21:51:11.284] [pxr_streamer] [error] rpc_terminal.cpp:37 operator (): connect failed, error= 由于目标计算机积极拒绝，无法连接。, this = 0x2c9f1af0
[2023-10-31 21:51:14.312] [pxr_streamer] [error] rpc_terminal.cpp:37 operator (): connect failed, error= 由于目标计算机积极拒绝，无法连接。, this = 0x2c9f1af0
[2023-10-31 21:51:17.329] [pxr_streamer] [error] rpc_terminal.cpp:37 operator (): connect failed, error= 由于目标计算机积极拒绝，无法连接。, this = 0x2c9f1af0
[2023-10-31 21:51:20.369] [pxr_streamer] [error] rpc_terminal.cpp:37 operator (): connect failed, error= 由于目标计算机积极拒绝，无法连接。, this = 0x2c9f1af0
[2023-10-31 21:51:23.399] [pxr_streamer] [error] rpc_terminal.cpp:37 operator (): connect failed, error= 由于目标计算机积极拒绝，无法连接。, this = 0x2c9f1af0
[2023-10-31 21:51:26.434] [pxr_streamer] [error] rpc_terminal.cpp:37 operator (): connect failed, error= 由于目标计算机积极拒绝，无法连接。, this = 0x2c9f1af0
[2023-10-31 21:51:29.482] [pxr_streamer] [error] rpc_terminal.cpp:37 operator (): connect failed, error= 由于目标计算机积极拒绝，无法连接。, this = 0x2c9f1af0
[2023-10-31 21:51:32.515] [pxr_streamer] [error] rpc_terminal.cpp:37 operator (): connect failed, error= 由于目标计算机积极拒绝，无法连接。, this = 0x2c9f1af0
[2023-10-31 21:51:35.558] [pxr_streamer] [error] rpc_terminal.cpp:37 operator (): connect failed, error= 由于目标计算机积极拒绝，无法连接。, this = 0x2c9f1af0
[2023-10-31 21:51:38.595] [pxr_streamer] [error] rpc_terminal.cpp:37 operator (): connect failed, error= 由于目标计算机积极拒绝，无法连接。, this = 0x2c9f1af0
[2023-10-31 21:51:41.630] [pxr_streamer] [error] rpc_terminal.cpp:37 operator (): connect failed, error= 由于目标计算机积极拒绝，无法连接。, this = 0x2c9f1af0
[2023-10-31 21:51:44.657] [pxr_streamer] [error] rpc_terminal.cpp:37 operator (): connect failed, error= 由于目标计算机积极拒绝，无法连接。, this = 0x2c9f1af0
[2023-10-31 21:51:47.700] [pxr_streamer] [error] rpc_terminal.cpp:37 operator (): connect failed, error= 由于目标计算机积极拒绝，无法连接。, this = 0x2c9f1af0
[2023-10-31 21:51:50.749] [pxr_streamer] [error] rpc_terminal.cpp:37 operator (): connect failed, error= 由于目标计算机积极拒绝，无法连接。, this = 0x2c9f1af0
[2023-10-31 21:51:53.788] [pxr_streamer] [error] rpc_terminal.cpp:37 operator (): connect failed, error= 由于目标计算机积极拒绝，无法连接。, this = 0x2c9f1af0
[2023-10-31 21:51:56.815] [pxr_streamer] [error] rpc_terminal.cpp:37 operator (): connect failed, error= 由于目标计算机积极拒绝，无法连接。, this = 0x2c9f1af0
[2023-10-31 21:51:59.859] [pxr_streamer] [error] rpc_terminal.cpp:37 operator (): connect failed, error= 由于目标计算机积极拒绝，无法连接。, this = 0x2c9f1af0
[2023-10-31 21:52:02.901] [pxr_streamer] [error] rpc_terminal.cpp:37 operator (): connect failed, error= 由于目标计算机积极拒绝，无法连接。, this = 0x2c9f1af0
[2023-10-31 21:52:05.944] [pxr_streamer] [error] rpc_terminal.cpp:37 operator (): connect failed, error= 由于目标计算机积极拒绝，无法连接。, this = 0x2c9f1af0
[2023-10-31 21:52:08.981] [pxr_streamer] [error] rpc_terminal.cpp:37 operator (): connect failed, error= 由于目标计算机积极拒绝，无法连接。, this = 0x2c9f1af0
[2023-10-31 21:52:12.009] [pxr_streamer] [error] rpc_terminal.cpp:37 operator (): connect failed, error= 由于目标计算机积极拒绝，无法连接。, this = 0x2c9f1af0
[2023-10-31 21:52:15.046] [pxr_streamer] [error] rpc_terminal.cpp:37 operator (): connect failed, error= 由于目标计算机积极拒绝，无法连接。, this = 0x2c9f1af0
[2023-10-31 21:52:18.083] [pxr_streamer] [error] rpc_terminal.cpp:37 operator (): connect failed, error= 由于目标计算机积极拒绝，无法连接。, this = 0x2c9f1af0
[2023-10-31 21:52:21.112] [pxr_streamer] [error] rpc_terminal.cpp:37 operator (): connect failed, error= 由于目标计算机积极拒绝，无法连接。, this = 0x2c9f1af0
[2023-10-31 21:52:24.155] [pxr_streamer] [error] rpc_terminal.cpp:37 operator (): connect failed, error= 由于目标计算机积极拒绝，无法连接。, this = 0x2c9f1af0
[2023-10-31 21:52:27.186] [pxr_streamer] [error] rpc_terminal.cpp:37 operator (): connect failed, error= 由于目标计算机积极拒绝，无法连接。, this = 0x2c9f1af0
[2023-10-31 21:52:30.225] [pxr_streamer] [error] rpc_terminal.cpp:37 operator (): connect failed, error= 由于目标计算机积极拒绝，无法连接。, this = 0x2c9f1af0
[2023-10-31 21:52:33.253] [pxr_streamer] [error] rpc_terminal.cpp:37 operator (): connect failed, error= 由于目标计算机积极拒绝，无法连接。, this = 0x2c9f1af0
[2023-10-31 21:52:36.290] [pxr_streamer] [error] rpc_terminal.cpp:37 operator (): connect failed, error= 由于目标计算机积极拒绝，无法连接。, this = 0x2c9f1af0
[2023-10-31 21:52:39.311] [pxr_streamer] [error] rpc_terminal.cpp:37 operator (): connect failed, error= 由于目标计算机积极拒绝，无法连接。, this = 0x2c9f1af0
[2023-10-31 21:52:42.335] [pxr_streamer] [error] rpc_terminal.cpp:37 operator (): connect failed, error= 由于目标计算机积极拒绝，无法连接。, this = 0x2c9f1af0
[2023-10-31 21:52:45.368] [pxr_streamer] [error] rpc_terminal.cpp:37 operator (): connect failed, error= 由于目标计算机积极拒绝，无法连接。, this = 0x2c9f1af0
[2023-10-31 21:52:48.393] [pxr_streamer] [error] rpc_terminal.cpp:37 operator (): connect failed, error= 由于目标计算机积极拒绝，无法连接。, this = 0x2c9f1af0
[2023-10-31 21:52:51.425] [pxr_streamer] [error] rpc_terminal.cpp:37 operator (): connect failed, error= 由于目标计算机积极拒绝，无法连接。, this = 0x2c9f1af0
[2023-10-31 21:52:54.462] [pxr_streamer] [error] rpc_terminal.cpp:37 operator (): connect failed, error= 由于目标计算机积极拒绝，无法连接。, this = 0x2c9f1af0
[2023-10-31 21:52:57.484] [pxr_streamer] [error] rpc_terminal.cpp:37 operator (): connect failed, error= 由于目标计算机积极拒绝，无法连接。, this = 0x2c9f1af0
[2023-10-31 21:53:00.506] [pxr_streamer] [error] rpc_terminal.cpp:37 operator (): connect failed, error= 由于目标计算机积极拒绝，无法连接。, this = 0x2c9f1af0
[2023-10-31 21:53:03.545] [pxr_streamer] [error] rpc_terminal.cpp:37 operator (): connect failed, error= 由于目标计算机积极拒绝，无法连接。, this = 0x2c9f1af0
[2023-10-31 21:53:06.573] [pxr_streamer] [error] rpc_terminal.cpp:37 operator (): connect failed, error= 由于目标计算机积极拒绝，无法连接。, this = 0x2c9f1af0
[2023-10-31 21:53:09.604] [pxr_streamer] [error] rpc_terminal.cpp:37 operator (): connect failed, error= 由于目标计算机积极拒绝，无法连接。, this = 0x2c9f1af0
[2023-10-31 21:53:12.633] [pxr_streamer] [error] rpc_terminal.cpp:37 operator (): connect failed, error= 由于目标计算机积极拒绝，无法连接。, this = 0x2c9f1af0
[2023-10-31 21:53:15.664] [pxr_streamer] [error] rpc_terminal.cpp:37 operator (): connect failed, error= 由于目标计算机积极拒绝，无法连接。, this = 0x2c9f1af0
[2023-10-31 21:53:18.701] [pxr_streamer] [error] rpc_terminal.cpp:37 operator (): connect failed, error= 由于目标计算机积极拒绝，无法连接。, this = 0x2c9f1af0
[2023-10-31 21:53:21.743] [pxr_streamer] [error] rpc_terminal.cpp:37 operator (): connect failed, error= 由于目标计算机积极拒绝，无法连接。, this = 0x2c9f1af0
[2023-10-31 21:53:24.771] [pxr_streamer] [error] rpc_terminal.cpp:37 operator (): connect failed, error= 由于目标计算机积极拒绝，无法连接。, this = 0x2c9f1af0
[2023-10-31 21:53:27.794] [pxr_streamer] [error] rpc_terminal.cpp:37 operator (): connect failed, error= 由于目标计算机积极拒绝，无法连接。, this = 0x2c9f1af0
[2023-10-31 21:53:30.825] [pxr_streamer] [error] rpc_terminal.cpp:37 operator (): connect failed, error= 由于目标计算机积极拒绝，无法连接。, this = 0x2c9f1af0
[2023-10-31 21:53:33.857] [pxr_streamer] [error] rpc_terminal.cpp:37 operator (): connect failed, error= 由于目标计算机积极拒绝，无法连接。, this = 0x2c9f1af0
[2023-10-31 21:53:36.899] [pxr_streamer] [error] rpc_terminal.cpp:37 operator (): connect failed, error= 由于目标计算机积极拒绝，无法连接。, this = 0x2c9f1af0
[2023-10-31 21:53:39.952] [pxr_streamer] [error] rpc_terminal.cpp:37 operator (): connect failed, error= 由于目标计算机积极拒绝，无法连接。, this = 0x2c9f1af0
[2023-10-31 21:53:43.000] [pxr_streamer] [error] rpc_terminal.cpp:37 operator (): connect failed, error= 由于目标计算机积极拒绝，无法连接。, this = 0x2c9f1af0
[2023-10-31 21:53:46.028] [pxr_streamer] [error] rpc_terminal.cpp:37 operator (): connect failed, error= 由于目标计算机积极拒绝，无法连接。, this = 0x2c9f1af0
[2023-10-31 21:53:49.063] [pxr_streamer] [error] rpc_terminal.cpp:37 operator (): connect failed, error= 由于目标计算机积极拒绝，无法连接。, this = 0x2c9f1af0
[2023-10-31 21:53:52.097] [pxr_streamer] [error] rpc_terminal.cpp:37 operator (): connect failed, error= 由于目标计算机积极拒绝，无法连接。, this = 0x2c9f1af0
[2023-10-31 21:53:55.144] [pxr_streamer] [error] rpc_terminal.cpp:37 operator (): connect failed, error= 由于目标计算机积极拒绝，无法连接。, this = 0x2c9f1af0
[2023-10-31 21:53:58.177] [pxr_streamer] [error] rpc_terminal.cpp:37 operator (): connect failed, error= 由于目标计算机积极拒绝，无法连接。, this = 0x2c9f1af0
[2023-10-31 21:54:01.216] [pxr_streamer] [error] rpc_terminal.cpp:37 operator (): connect failed, error= 由于目标计算机积极拒绝，无法连接。, this = 0x2c9f1af0
[2023-10-31 21:54:04.272] [pxr_streamer] [error] rpc_terminal.cpp:37 operator (): connect failed, error= 由于目标计算机积极拒绝，无法连接。, this = 0x2c9f1af0
[2023-10-31 21:54:07.318] [pxr_streamer] [error] rpc_terminal.cpp:37 operator (): connect failed, error= 由于目标计算机积极拒绝，无法连接。, this = 0x2c9f1af0
[2023-10-31 21:54:10.347] [pxr_streamer] [error] rpc_terminal.cpp:37 operator (): connect failed, error= 由于目标计算机积极拒绝，无法连接。, this = 0x2c9f1af0
[2023-10-31 21:54:13.379] [pxr_streamer] [error] rpc_terminal.cpp:37 operator (): connect failed, error= 由于目标计算机积极拒绝，无法连接。, this = 0x2c9f1af0
[2023-10-31 21:54:16.415] [pxr_streamer] [error] rpc_terminal.cpp:37 operator (): connect failed, error= 由于目标计算机积极拒绝，无法连接。, this = 0x2c9f1af0
[2023-10-31 21:54:19.459] [pxr_streamer] [error] rpc_terminal.cpp:37 operator (): connect failed, error= 由于目标计算机积极拒绝，无法连接。, this = 0x2c9f1af0
[2023-10-31 21:54:22.496] [pxr_streamer] [error] rpc_terminal.cpp:37 operator (): connect failed, error= 由于目标计算机积极拒绝，无法连接。, this = 0x2c9f1af0
[2023-10-31 21:54:25.531] [pxr_streamer] [error] rpc_terminal.cpp:37 operator (): connect failed, error= 由于目标计算机积极拒绝，无法连接。, this = 0x2c9f1af0
[2023-10-31 21:54:28.567] [pxr_streamer] [error] rpc_terminal.cpp:37 operator (): connect failed, error= 由于目标计算机积极拒绝，无法连接。, this = 0x2c9f1af0
[2023-10-31 21:54:31.593] [pxr_streamer] [error] rpc_terminal.cpp:37 operator (): connect failed, error= 由于目标计算机积极拒绝，无法连接。, this = 0x2c9f1af0
[2023-10-31 21:54:34.644] [pxr_streamer] [error] rpc_terminal.cpp:37 operator (): connect failed, error= 由于目标计算机积极拒绝，无法连接。, this = 0x2c9f1af0
[2023-10-31 21:54:37.673] [pxr_streamer] [error] rpc_terminal.cpp:37 operator (): connect failed, error= 由于目标计算机积极拒绝，无法连接。, this = 0x2c9f1af0
[2023-10-31 21:54:40.710] [pxr_streamer] [error] rpc_terminal.cpp:37 operator (): connect failed, error= 由于目标计算机积极拒绝，无法连接。, this = 0x2c9f1af0
[2023-10-31 21:54:43.747] [pxr_streamer] [error] rpc_terminal.cpp:37 operator (): connect failed, error= 由于目标计算机积极拒绝，无法连接。, this = 0x2c9f1af0
[2023-10-31 21:54:46.782] [pxr_streamer] [error] rpc_terminal.cpp:37 operator (): connect failed, error= 由于目标计算机积极拒绝，无法连接。, this = 0x2c9f1af0
[2023-10-31 21:54:49.813] [pxr_streamer] [error] rpc_terminal.cpp:37 operator (): connect failed, error= 由于目标计算机积极拒绝，无法连接。, this = 0x2c9f1af0
[2023-10-31 21:54:52.843] [pxr_streamer] [error] rpc_terminal.cpp:37 operator (): connect failed, error= 由于目标计算机积极拒绝，无法连接。, this = 0x2c9f1af0
[2023-10-31 21:54:55.876] [pxr_streamer] [error] rpc_terminal.cpp:37 operator (): connect failed, error= 由于目标计算机积极拒绝，无法连接。, this = 0x2c9f1af0
[2023-10-31 21:54:58.920] [pxr_streamer] [error] rpc_terminal.cpp:37 operator (): connect failed, error= 由于目标计算机积极拒绝，无法连接。, this = 0x2c9f1af0
[2023-10-31 21:55:01.948] [pxr_streamer] [error] rpc_terminal.cpp:37 operator (): connect failed, error= 由于目标计算机积极拒绝，无法连接。, this = 0x2c9f1af0
[2023-10-31 21:55:04.978] [pxr_streamer] [error] rpc_terminal.cpp:37 operator (): connect failed, error= 由于目标计算机积极拒绝，无法连接。, this = 0x2c9f1af0
[2023-10-31 21:55:08.012] [pxr_streamer] [error] rpc_terminal.cpp:37 operator (): connect failed, error= 由于目标计算机积极拒绝，无法连接。, this = 0x2c9f1af0
[2023-10-31 21:55:11.051] [pxr_streamer] [error] rpc_terminal.cpp:37 operator (): connect failed, error= 由于目标计算机积极拒绝，无法连接。, this = 0x2c9f1af0
[2023-10-31 21:55:14.086] [pxr_streamer] [error] rpc_terminal.cpp:37 operator (): connect failed, error= 由于目标计算机积极拒绝，无法连接。, this = 0x2c9f1af0
[2023-10-31 21:55:17.112] [pxr_streamer] [error] rpc_terminal.cpp:37 operator (): connect failed, error= 由于目标计算机积极拒绝，无法连接。, this = 0x2c9f1af0
[2023-10-31 21:55:20.151] [pxr_streamer] [error] rpc_terminal.cpp:37 operator (): connect failed, error= 由于目标计算机积极拒绝，无法连接。, this = 0x2c9f1af0
[2023-10-31 21:55:23.184] [pxr_streamer] [error] rpc_terminal.cpp:37 operator (): connect failed, error= 由于目标计算机积极拒绝，无法连接。, this = 0x2c9f1af0
[2023-10-31 21:55:26.228] [pxr_streamer] [error] rpc_terminal.cpp:37 operator (): connect failed, error= 由于目标计算机积极拒绝，无法连接。, this = 0x2c9f1af0
[2023-10-31 21:55:29.277] [pxr_streamer] [error] rpc_terminal.cpp:37 operator (): connect failed, error= 由于目标计算机积极拒绝，无法连接。, this = 0x2c9f1af0
[2023-10-31 21:55:32.328] [pxr_streamer] [error] rpc_terminal.cpp:37 operator (): connect failed, error= 由于目标计算机积极拒绝，无法连接。, this = 0x2c9f1af0
[2023-10-31 21:55:35.368] [pxr_streamer] [error] rpc_terminal.cpp:37 operator (): connect failed, error= 由于目标计算机积极拒绝，无法连接。, this = 0x2c9f1af0
[2023-10-31 21:55:38.397] [pxr_streamer] [error] rpc_terminal.cpp:37 operator (): connect failed, error= 由于目标计算机积极拒绝，无法连接。, this = 0x2c9f1af0
[2023-10-31 21:55:41.445] [pxr_streamer] [error] rpc_terminal.cpp:37 operator (): connect failed, error= 由于目标计算机积极拒绝，无法连接。, this = 0x2c9f1af0
[2023-10-31 21:55:44.470] [pxr_streamer] [error] rpc_terminal.cpp:37 operator (): connect failed, error= 由于目标计算机积极拒绝，无法连接。, this = 0x2c9f1af0
[2023-10-31 21:55:47.504] [pxr_streamer] [error] rpc_terminal.cpp:37 operator (): connect failed, error= 由于目标计算机积极拒绝，无法连接。, this = 0x2c9f1af0
[2023-10-31 21:55:50.542] [pxr_streamer] [error] rpc_terminal.cpp:37 operator (): connect failed, error= 由于目标计算机积极拒绝，无法连接。, this = 0x2c9f1af0
[2023-10-31 21:55:53.588] [pxr_streamer] [error] rpc_terminal.cpp:37 operator (): connect failed, error= 由于目标计算机积极拒绝，无法连接。, this = 0x2c9f1af0
[2023-10-31 21:55:56.613] [pxr_streamer] [error] rpc_terminal.cpp:37 operator (): connect failed, error= 由于目标计算机积极拒绝，无法连接。, this = 0x2c9f1af0
[2023-10-31 21:55:59.654] [pxr_streamer] [error] rpc_terminal.cpp:37 operator (): connect failed, error= 由于目标计算机积极拒绝，无法连接。, this = 0x2c9f1af0
[2023-10-31 21:56:02.676] [pxr_streamer] [error] rpc_terminal.cpp:37 operator (): connect failed, error= 由于目标计算机积极拒绝，无法连接。, this = 0x2c9f1af0
[2023-10-31 21:56:05.728] [pxr_streamer] [error] rpc_terminal.cpp:37 operator (): connect failed, error= 由于目标计算机积极拒绝，无法连接。, this = 0x2c9f1af0
[2023-10-31 21:56:08.766] [pxr_streamer] [error] rpc_terminal.cpp:37 operator (): connect failed, error= 由于目标计算机积极拒绝，无法连接。, this = 0x2c9f1af0
[2023-10-31 21:56:11.785] [pxr_streamer] [error] rpc_terminal.cpp:37 operator (): connect failed, error= 由于目标计算机积极拒绝，无法连接。, this = 0x2c9f1af0
[2023-10-31 21:56:14.823] [pxr_streamer] [error] rpc_terminal.cpp:37 operator (): connect failed, error= 由于目标计算机积极拒绝，无法连接。, this = 0x2c9f1af0
[2023-10-31 21:56:17.852] [pxr_streamer] [error] rpc_terminal.cpp:37 operator (): connect failed, error= 由于目标计算机积极拒绝，无法连接。, this = 0x2c9f1af0
[2023-10-31 21:56:20.884] [pxr_streamer] [error] rpc_terminal.cpp:37 operator (): connect failed, error= 由于目标计算机积极拒绝，无法连接。, this = 0x2c9f1af0
[2023-10-31 21:56:23.907] [pxr_streamer] [error] rpc_terminal.cpp:37 operator (): connect failed, error= 由于目标计算机积极拒绝，无法连接。, this = 0x2c9f1af0
[2023-10-31 21:56:26.952] [pxr_streamer] [error] rpc_terminal.cpp:37 operator (): connect failed, error= 由于目标计算机积极拒绝，无法连接。, this = 0x2c9f1af0
[2023-10-31 21:56:29.991] [pxr_streamer] [error] rpc_terminal.cpp:37 operator (): connect failed, error= 由于目标计算机积极拒绝，无法连接。, this = 0x2c9f1af0
[2023-10-31 21:56:33.042] [pxr_streamer] [error] rpc_terminal.cpp:37 operator (): connect failed, error= 由于目标计算机积极拒绝，无法连接。, this = 0x2c9f1af0
[2023-10-31 21:56:36.073] [pxr_streamer] [error] rpc_terminal.cpp:37 operator (): connect failed, error= 由于目标计算机积极拒绝，无法连接。, this = 0x2c9f1af0
[2023-10-31 21:56:39.107] [pxr_streamer] [error] rpc_terminal.cpp:37 operator (): connect failed, error= 由于目标计算机积极拒绝，无法连接。, this = 0x2c9f1af0
[2023-10-31 21:56:42.138] [pxr_streamer] [error] rpc_terminal.cpp:37 operator (): connect failed, error= 由于目标计算机积极拒绝，无法连接。, this = 0x2c9f1af0
[2023-10-31 21:56:45.182] [pxr_streamer] [error] rpc_terminal.cpp:37 operator (): connect failed, error= 由于目标计算机积极拒绝，无法连接。, this = 0x2c9f1af0
[2023-10-31 21:56:48.220] [pxr_streamer] [error] rpc_terminal.cpp:37 operator (): connect failed, error= 由于目标计算机积极拒绝，无法连接。, this = 0x2c9f1af0
[2023-10-31 21:56:51.260] [pxr_streamer] [error] rpc_terminal.cpp:37 operator (): connect failed, error= 由于目标计算机积极拒绝，无法连接。, this = 0x2c9f1af0
[2023-10-31 21:56:54.286] [pxr_streamer] [error] rpc_terminal.cpp:37 operator (): connect failed, error= 由于目标计算机积极拒绝，无法连接。, this = 0x2c9f1af0
[2023-10-31 21:56:57.334] [pxr_streamer] [error] rpc_terminal.cpp:37 operator (): connect failed, error= 由于目标计算机积极拒绝，无法连接。, this = 0x2c9f1af0
[2023-10-31 21:57:00.373] [pxr_streamer] [error] rpc_terminal.cpp:37 operator (): connect failed, error= 由于目标计算机积极拒绝，无法连接。, this = 0x2c9f1af0
[2023-10-31 21:57:03.425] [pxr_streamer] [error] rpc_terminal.cpp:37 operator (): connect failed, error= 由于目标计算机积极拒绝，无法连接。, this = 0x2c9f1af0
[2023-10-31 21:57:06.488] [pxr_streamer] [error] rpc_terminal.cpp:37 operator (): connect failed, error= 由于目标计算机积极拒绝，无法连接。, this = 0x2c9f1af0
[2023-10-31 21:57:09.521] [pxr_streamer] [error] rpc_terminal.cpp:37 operator (): connect failed, error= 由于目标计算机积极拒绝，无法连接。, this = 0x2c9f1af0
[2023-10-31 21:57:12.545] [pxr_streamer] [error] rpc_terminal.cpp:37 operator (): connect failed, error= 由于目标计算机积极拒绝，无法连接。, this = 0x2c9f1af0
[2023-10-31 21:57:15.578] [pxr_streamer] [error] rpc_terminal.cpp:37 operator (): connect failed, error= 由于目标计算机积极拒绝，无法连接。, this = 0x2c9f1af0
[2023-10-31 21:57:18.623] [pxr_streamer] [error] rpc_terminal.cpp:37 operator (): connect failed, error= 由于目标计算机积极拒绝，无法连接。, this = 0x2c9f1af0
[2023-10-31 21:57:21.672] [pxr_streamer] [error] rpc_terminal.cpp:37 operator (): connect failed, error= 由于目标计算机积极拒绝，无法连接。, this = 0x2c9f1af0
[2023-10-31 21:57:24.705] [pxr_streamer] [error] rpc_terminal.cpp:37 operator (): connect failed, error= 由于目标计算机积极拒绝，无法连接。, this = 0x2c9f1af0
[2023-10-31 21:57:27.751] [pxr_streamer] [error] rpc_terminal.cpp:37 operator (): connect failed, error= 由于目标计算机积极拒绝，无法连接。, this = 0x2c9f1af0
[2023-10-31 21:57:30.771] [pxr_streamer] [error] rpc_terminal.cpp:37 operator (): connect failed, error= 由于目标计算机积极拒绝，无法连接。, this = 0x2c9f1af0
[2023-10-31 21:57:33.795] [pxr_streamer] [error] rpc_terminal.cpp:37 operator (): connect failed, error= 由于目标计算机积极拒绝，无法连接。, this = 0x2c9f1af0
[2023-10-31 21:57:36.822] [pxr_streamer] [error] rpc_terminal.cpp:37 operator (): connect failed, error= 由于目标计算机积极拒绝，无法连接。, this = 0x2c9f1af0
[2023-10-31 21:57:39.862] [pxr_streamer] [error] rpc_terminal.cpp:37 operator (): connect failed, error= 由于目标计算机积极拒绝，无法连接。, this = 0x2c9f1af0
[2023-10-31 21:57:42.895] [pxr_streamer] [error] rpc_terminal.cpp:37 operator (): connect failed, error= 由于目标计算机积极拒绝，无法连接。, this = 0x2c9f1af0
[2023-10-31 21:57:45.932] [pxr_streamer] [error] rpc_terminal.cpp:37 operator (): connect failed, error= 由于目标计算机积极拒绝，无法连接。, this = 0x2c9f1af0
[2023-10-31 21:57:48.973] [pxr_streamer] [error] rpc_terminal.cpp:37 operator (): connect failed, error= 由于目标计算机积极拒绝，无法连接。, this = 0x2c9f1af0
[2023-10-31 21:57:52.002] [pxr_streamer] [error] rpc_terminal.cpp:37 operator (): connect failed, error= 由于目标计算机积极拒绝，无法连接。, this = 0x2c9f1af0
[2023-10-31 21:57:55.039] [pxr_streamer] [error] rpc_terminal.cpp:37 operator (): connect failed, error= 由于目标计算机积极拒绝，无法连接。, this = 0x2c9f1af0
[2023-10-31 21:57:58.079] [pxr_streamer] [error] rpc_terminal.cpp:37 operator (): connect failed, error= 由于目标计算机积极拒绝，无法连接。, this = 0x2c9f1af0
[2023-10-31 21:58:01.122] [pxr_streamer] [error] rpc_terminal.cpp:37 operator (): connect failed, error= 由于目标计算机积极拒绝，无法连接。, this = 0x2c9f1af0
[2023-10-31 21:58:04.154] [pxr_streamer] [error] rpc_terminal.cpp:37 operator (): connect failed, error= 由于目标计算机积极拒绝，无法连接。, this = 0x2c9f1af0
[2023-10-31 21:58:07.189] [pxr_streamer] [error] rpc_terminal.cpp:37 operator (): connect failed, error= 由于目标计算机积极拒绝，无法连接。, this = 0x2c9f1af0
[2023-10-31 21:58:10.231] [pxr_streamer] [error] rpc_terminal.cpp:37 operator (): connect failed, error= 由于目标计算机积极拒绝，无法连接。, this = 0x2c9f1af0
[2023-10-31 21:58:13.270] [pxr_streamer] [error] rpc_terminal.cpp:37 operator (): connect failed, error= 由于目标计算机积极拒绝，无法连接。, this = 0x2c9f1af0
[2023-10-31 21:58:16.305] [pxr_streamer] [error] rpc_terminal.cpp:37 operator (): connect failed, error= 由于目标计算机积极拒绝，无法连接。, this = 0x2c9f1af0
[2023-10-31 21:58:19.343] [pxr_streamer] [error] rpc_terminal.cpp:37 operator (): connect failed, error= 由于目标计算机积极拒绝，无法连接。, this = 0x2c9f1af0
[2023-10-31 21:58:22.386] [pxr_streamer] [error] rpc_terminal.cpp:37 operator (): connect failed, error= 由于目标计算机积极拒绝，无法连接。, this = 0x2c9f1af0
[2023-10-31 21:58:25.416] [pxr_streamer] [error] rpc_terminal.cpp:37 operator (): connect failed, error= 由于目标计算机积极拒绝，无法连接。, this = 0x2c9f1af0
[2023-10-31 21:58:28.448] [pxr_streamer] [error] rpc_terminal.cpp:37 operator (): connect failed, error= 由于目标计算机积极拒绝，无法连接。, this = 0x2c9f1af0
[2023-10-31 21:58:31.480] [pxr_streamer] [error] rpc_terminal.cpp:37 operator (): connect failed, error= 由于目标计算机积极拒绝，无法连接。, this = 0x2c9f1af0
[2023-10-31 21:58:34.513] [pxr_streamer] [error] rpc_terminal.cpp:37 operator (): connect failed, error= 由于目标计算机积极拒绝，无法连接。, this = 0x2c9f1af0
[2023-10-31 21:58:37.551] [pxr_streamer] [error] rpc_terminal.cpp:37 operator (): connect failed, error= 由于目标计算机积极拒绝，无法连接。, this = 0x2c9f1af0
[2023-10-31 21:58:40.587] [pxr_streamer] [error] rpc_terminal.cpp:37 operator (): connect failed, error= 由于目标计算机积极拒绝，无法连接。, this = 0x2c9f1af0
[2023-10-31 21:58:43.619] [pxr_streamer] [error] rpc_terminal.cpp:37 operator (): connect failed, error= 由于目标计算机积极拒绝，无法连接。, this = 0x2c9f1af0
[2023-10-31 21:58:46.642] [pxr_streamer] [error] rpc_terminal.cpp:37 operator (): connect failed, error= 由于目标计算机积极拒绝，无法连接。, this = 0x2c9f1af0
[2023-10-31 21:58:49.682] [pxr_streamer] [error] rpc_terminal.cpp:37 operator (): connect failed, error= 由于目标计算机积极拒绝，无法连接。, this = 0x2c9f1af0
[2023-10-31 21:58:52.731] [pxr_streamer] [error] rpc_terminal.cpp:37 operator (): connect failed, error= 由于目标计算机积极拒绝，无法连接。, this = 0x2c9f1af0
[2023-10-31 21:58:55.755] [pxr_streamer] [error] rpc_terminal.cpp:37 operator (): connect failed, error= 由于目标计算机积极拒绝，无法连接。, this = 0x2c9f1af0
[2023-10-31 21:58:58.784] [pxr_streamer] [error] rpc_terminal.cpp:37 operator (): connect failed, error= 由于目标计算机积极拒绝，无法连接。, this = 0x2c9f1af0
[2023-10-31 21:59:01.821] [pxr_streamer] [error] rpc_terminal.cpp:37 operator (): connect failed, error= 由于目标计算机积极拒绝，无法连接。, this = 0x2c9f1af0
[2023-10-31 21:59:04.863] [pxr_streamer] [error] rpc_terminal.cpp:37 operator (): connect failed, error= 由于目标计算机积极拒绝，无法连接。, this = 0x2c9f1af0
[2023-10-31 21:59:07.896] [pxr_streamer] [error] rpc_terminal.cpp:37 operator (): connect failed, error= 由于目标计算机积极拒绝，无法连接。, this = 0x2c9f1af0
[2023-10-31 21:59:10.939] [pxr_streamer] [error] rpc_terminal.cpp:37 operator (): connect failed, error= 由于目标计算机积极拒绝，无法连接。, this = 0x2c9f1af0
[2023-10-31 21:59:13.967] [pxr_streamer] [error] rpc_terminal.cpp:37 operator (): connect failed, error= 由于目标计算机积极拒绝，无法连接。, this = 0x2c9f1af0
[2023-10-31 21:59:16.992] [pxr_streamer] [error] rpc_terminal.cpp:37 operator (): connect failed, error= 由于目标计算机积极拒绝，无法连接。, this = 0x2c9f1af0
[2023-10-31 21:59:20.021] [pxr_streamer] [error] rpc_terminal.cpp:37 operator (): connect failed, error= 由于目标计算机积极拒绝，无法连接。, this = 0x2c9f1af0
[2023-10-31 21:59:23.055] [pxr_streamer] [error] rpc_terminal.cpp:37 operator (): connect failed, error= 由于目标计算机积极拒绝，无法连接。, this = 0x2c9f1af0
[2023-10-31 21:59:26.079] [pxr_streamer] [error] rpc_terminal.cpp:37 operator (): connect failed, error= 由于目标计算机积极拒绝，无法连接。, this = 0x2c9f1af0
[2023-10-31 21:59:29.100] [pxr_streamer] [error] rpc_terminal.cpp:37 operator (): connect failed, error= 由于目标计算机积极拒绝，无法连接。, this = 0x2c9f1af0
[2023-10-31 21:59:32.127] [pxr_streamer] [error] rpc_terminal.cpp:37 operator (): connect failed, error= 由于目标计算机积极拒绝，无法连接。, this = 0x2c9f1af0
[2023-10-31 21:59:35.165] [pxr_streamer] [error] rpc_terminal.cpp:37 operator (): connect failed, error= 由于目标计算机积极拒绝，无法连接。, this = 0x2c9f1af0
[2023-10-31 21:59:38.212] [pxr_streamer] [error] rpc_terminal.cpp:37 operator (): connect failed, error= 由于目标计算机积极拒绝，无法连接。, this = 0x2c9f1af0
[2023-10-31 21:59:41.255] [pxr_streamer] [error] rpc_terminal.cpp:37 operator (): connect failed, error= 由于目标计算机积极拒绝，无法连接。, this = 0x2c9f1af0
[2023-10-31 21:59:44.310] [pxr_streamer] [error] rpc_terminal.cpp:37 operator (): connect failed, error= 由于目标计算机积极拒绝，无法连接。, this = 0x2c9f1af0
[2023-10-31 21:59:47.339] [pxr_streamer] [error] rpc_terminal.cpp:37 operator (): connect failed, error= 由于目标计算机积极拒绝，无法连接。, this = 0x2c9f1af0
[2023-10-31 21:59:50.383] [pxr_streamer] [error] rpc_terminal.cpp:37 operator (): connect failed, error= 由于目标计算机积极拒绝，无法连接。, this = 0x2c9f1af0
[2023-10-31 21:59:53.416] [pxr_streamer] [error] rpc_terminal.cpp:37 operator (): connect failed, error= 由于目标计算机积极拒绝，无法连接。, this = 0x2c9f1af0
[2023-10-31 21:59:56.447] [pxr_streamer] [error] rpc_terminal.cpp:37 operator (): connect failed, error= 由于目标计算机积极拒绝，无法连接。, this = 0x2c9f1af0
[2023-10-31 21:59:59.479] [pxr_streamer] [error] rpc_terminal.cpp:37 operator (): connect failed, error= 由于目标计算机积极拒绝，无法连接。, this = 0x2c9f1af0
[2023-10-31 22:00:02.517] [pxr_streamer] [error] rpc_terminal.cpp:37 operator (): connect failed, error= 由于目标计算机积极拒绝，无法连接。, this = 0x2c9f1af0
[2023-10-31 22:00:05.555] [pxr_streamer] [error] rpc_terminal.cpp:37 operator (): connect failed, error= 由于目标计算机积极拒绝，无法连接。, this = 0x2c9f1af0
[2023-10-31 22:00:08.589] [pxr_streamer] [error] rpc_terminal.cpp:37 operator (): connect failed, error= 由于目标计算机积极拒绝，无法连接。, this = 0x2c9f1af0
[2023-10-31 22:00:11.627] [pxr_streamer] [error] rpc_terminal.cpp:37 operator (): connect failed, error= 由于目标计算机积极拒绝，无法连接。, this = 0x2c9f1af0
[2023-10-31 22:00:14.671] [pxr_streamer] [error] rpc_terminal.cpp:37 operator (): connect failed, error= 由于目标计算机积极拒绝，无法连接。, this = 0x2c9f1af0
[2023-10-31 22:00:17.717] [pxr_streamer] [error] rpc_terminal.cpp:37 operator (): connect failed, error= 由于目标计算机积极拒绝，无法连接。, this = 0x2c9f1af0
[2023-10-31 22:00:20.739] [pxr_streamer] [error] rpc_terminal.cpp:37 operator (): connect failed, error= 由于目标计算机积极拒绝，无法连接。, this = 0x2c9f1af0
[2023-10-31 22:00:23.775] [pxr_streamer] [error] rpc_terminal.cpp:37 operator (): connect failed, error= 由于目标计算机积极拒绝，无法连接。, this = 0x2c9f1af0
[2023-10-31 22:00:26.815] [pxr_streamer] [error] rpc_terminal.cpp:37 operator (): connect failed, error= 由于目标计算机积极拒绝，无法连接。, this = 0x2c9f1af0
[2023-10-31 22:00:29.854] [pxr_streamer] [error] rpc_terminal.cpp:37 operator (): connect failed, error= 由于目标计算机积极拒绝，无法连接。, this = 0x2c9f1af0
[2023-10-31 22:00:32.876] [pxr_streamer] [error] rpc_terminal.cpp:37 operator (): connect failed, error= 由于目标计算机积极拒绝，无法连接。, this = 0x2c9f1af0
[2023-10-31 22:00:35.914] [pxr_streamer] [error] rpc_terminal.cpp:37 operator (): connect failed, error= 由于目标计算机积极拒绝，无法连接。, this = 0x2c9f1af0
[2023-10-31 22:00:38.953] [pxr_streamer] [error] rpc_terminal.cpp:37 operator (): connect failed, error= 由于目标计算机积极拒绝，无法连接。, this = 0x2c9f1af0
[2023-10-31 22:00:41.989] [pxr_streamer] [error] rpc_terminal.cpp:37 operator (): connect failed, error= 由于目标计算机积极拒绝，无法连接。, this = 0x2c9f1af0
[2023-10-31 22:00:45.012] [pxr_streamer] [error] rpc_terminal.cpp:37 operator (): connect failed, error= 由于目标计算机积极拒绝，无法连接。, this = 0x2c9f1af0
[2023-10-31 22:00:48.035] [pxr_streamer] [error] rpc_terminal.cpp:37 operator (): connect failed, error= 由于目标计算机积极拒绝，无法连接。, this = 0x2c9f1af0
[2023-10-31 22:00:51.076] [pxr_streamer] [error] rpc_terminal.cpp:37 operator (): connect failed, error= 由于目标计算机积极拒绝，无法连接。, this = 0x2c9f1af0
[2023-10-31 22:00:54.110] [pxr_streamer] [error] rpc_terminal.cpp:37 operator (): connect failed, error= 由于目标计算机积极拒绝，无法连接。, this = 0x2c9f1af0
[2023-10-31 22:00:57.152] [pxr_streamer] [error] rpc_terminal.cpp:37 operator (): connect failed, error= 由于目标计算机积极拒绝，无法连接。, this = 0x2c9f1af0
[2023-10-31 22:01:00.189] [pxr_streamer] [error] rpc_terminal.cpp:37 operator (): connect failed, error= 由于目标计算机积极拒绝，无法连接。, this = 0x2c9f1af0
[2023-10-31 22:01:03.217] [pxr_streamer] [error] rpc_terminal.cpp:37 operator (): connect failed, error= 由于目标计算机积极拒绝，无法连接。, this = 0x2c9f1af0
[2023-10-31 22:01:06.248] [pxr_streamer] [error] rpc_terminal.cpp:37 operator (): connect failed, error= 由于目标计算机积极拒绝，无法连接。, this = 0x2c9f1af0
[2023-10-31 22:01:09.284] [pxr_streamer] [error] rpc_terminal.cpp:37 operator (): connect failed, error= 由于目标计算机积极拒绝，无法连接。, this = 0x2c9f1af0
[2023-10-31 22:01:12.329] [pxr_streamer] [error] rpc_terminal.cpp:37 operator (): connect failed, error= 由于目标计算机积极拒绝，无法连接。, this = 0x2c9f1af0
[2023-10-31 22:01:15.354] [pxr_streamer] [error] rpc_terminal.cpp:37 operator (): connect failed, error= 由于目标计算机积极拒绝，无法连接。, this = 0x2c9f1af0
[2023-10-31 22:01:18.389] [pxr_streamer] [error] rpc_terminal.cpp:37 operator (): connect failed, error= 由于目标计算机积极拒绝，无法连接。, this = 0x2c9f1af0
[2023-10-31 22:01:21.429] [pxr_streamer] [error] rpc_terminal.cpp:37 operator (): connect failed, error= 由于目标计算机积极拒绝，无法连接。, this = 0x2c9f1af0
[2023-10-31 22:01:24.464] [pxr_streamer] [error] rpc_terminal.cpp:37 operator (): connect failed, error= 由于目标计算机积极拒绝，无法连接。, this = 0x2c9f1af0
[2023-10-31 22:01:27.493] [pxr_streamer] [error] rpc_terminal.cpp:37 operator (): connect failed, error= 由于目标计算机积极拒绝，无法连接。, this = 0x2c9f1af0
[2023-10-31 22:01:30.510] [pxr_streamer] [error] rpc_terminal.cpp:37 operator (): connect failed, error= 由于目标计算机积极拒绝，无法连接。, this = 0x2c9f1af0
[2023-10-31 22:01:33.550] [pxr_streamer] [error] rpc_terminal.cpp:37 operator (): connect failed, error= 由于目标计算机积极拒绝，无法连接。, this = 0x2c9f1af0
[2023-10-31 22:01:36.589] [pxr_streamer] [error] rpc_terminal.cpp:37 operator (): connect failed, error= 由于目标计算机积极拒绝，无法连接。, this = 0x2c9f1af0
[2023-10-31 22:01:39.625] [pxr_streamer] [error] rpc_terminal.cpp:37 operator (): connect failed, error= 由于目标计算机积极拒绝，无法连接。, this = 0x2c9f1af0
[2023-10-31 22:01:42.665] [pxr_streamer] [error] rpc_terminal.cpp:37 operator (): connect failed, error= 由于目标计算机积极拒绝，无法连接。, this = 0x2c9f1af0
[2023-10-31 22:01:45.691] [pxr_streamer] [error] rpc_terminal.cpp:37 operator (): connect failed, error= 由于目标计算机积极拒绝，无法连接。, this = 0x2c9f1af0
[2023-10-31 22:01:48.717] [pxr_streamer] [error] rpc_terminal.cpp:37 operator (): connect failed, error= 由于目标计算机积极拒绝，无法连接。, this = 0x2c9f1af0
[2023-10-31 22:01:51.759] [pxr_streamer] [error] rpc_terminal.cpp:37 operator (): connect failed, error= 由于目标计算机积极拒绝，无法连接。, this = 0x2c9f1af0
[2023-10-31 22:01:54.780] [pxr_streamer] [error] rpc_terminal.cpp:37 operator (): connect failed, error= 由于目标计算机积极拒绝，无法连接。, this = 0x2c9f1af0
[2023-10-31 22:01:57.825] [pxr_streamer] [error] rpc_terminal.cpp:37 operator (): connect failed, error= 由于目标计算机积极拒绝，无法连接。, this = 0x2c9f1af0
[2023-10-31 22:02:00.850] [pxr_streamer] [error] rpc_terminal.cpp:37 operator (): connect failed, error= 由于目标计算机积极拒绝，无法连接。, this = 0x2c9f1af0
[2023-10-31 22:02:03.881] [pxr_streamer] [error] rpc_terminal.cpp:37 operator (): connect failed, error= 由于目标计算机积极拒绝，无法连接。, this = 0x2c9f1af0
[2023-10-31 22:02:06.918] [pxr_streamer] [error] rpc_terminal.cpp:37 operator (): connect failed, error= 由于目标计算机积极拒绝，无法连接。, this = 0x2c9f1af0
[2023-10-31 22:02:09.954] [pxr_streamer] [error] rpc_terminal.cpp:37 operator (): connect failed, error= 由于目标计算机积极拒绝，无法连接。, this = 0x2c9f1af0
[2023-10-31 22:02:12.993] [pxr_streamer] [error] rpc_terminal.cpp:37 operator (): connect failed, error= 由于目标计算机积极拒绝，无法连接。, this = 0x2c9f1af0
[2023-10-31 22:02:16.028] [pxr_streamer] [error] rpc_terminal.cpp:37 operator (): connect failed, error= 由于目标计算机积极拒绝，无法连接。, this = 0x2c9f1af0
[2023-10-31 22:02:19.061] [pxr_streamer] [error] rpc_terminal.cpp:37 operator (): connect failed, error= 由于目标计算机积极拒绝，无法连接。, this = 0x2c9f1af0
[2023-10-31 22:02:22.105] [pxr_streamer] [error] rpc_terminal.cpp:37 operator (): connect failed, error= 由于目标计算机积极拒绝，无法连接。, this = 0x2c9f1af0
[2023-10-31 22:02:25.131] [pxr_streamer] [error] rpc_terminal.cpp:37 operator (): connect failed, error= 由于目标计算机积极拒绝，无法连接。, this = 0x2c9f1af0
[2023-10-31 22:02:28.162] [pxr_streamer] [error] rpc_terminal.cpp:37 operator (): connect failed, error= 由于目标计算机积极拒绝，无法连接。, this = 0x2c9f1af0
[2023-10-31 22:02:31.206] [pxr_streamer] [error] rpc_terminal.cpp:37 operator (): connect failed, error= 由于目标计算机积极拒绝，无法连接。, this = 0x2c9f1af0
[2023-10-31 22:02:34.252] [pxr_streamer] [error] rpc_terminal.cpp:37 operator (): connect failed, error= 由于目标计算机积极拒绝，无法连接。, this = 0x2c9f1af0
[2023-10-31 22:02:37.289] [pxr_streamer] [error] rpc_terminal.cpp:37 operator (): connect failed, error= 由于目标计算机积极拒绝，无法连接。, this = 0x2c9f1af0
[2023-10-31 22:02:40.326] [pxr_streamer] [error] rpc_terminal.cpp:37 operator (): connect failed, error= 由于目标计算机积极拒绝，无法连接。, this = 0x2c9f1af0
[2023-10-31 22:02:43.357] [pxr_streamer] [error] rpc_terminal.cpp:37 operator (): connect failed, error= 由于目标计算机积极拒绝，无法连接。, this = 0x2c9f1af0
[2023-10-31 22:02:46.375] [pxr_streamer] [error] rpc_terminal.cpp:37 operator (): connect failed, error= 由于目标计算机积极拒绝，无法连接。, this = 0x2c9f1af0
[2023-10-31 22:02:49.415] [pxr_streamer] [error] rpc_terminal.cpp:37 operator (): connect failed, error= 由于目标计算机积极拒绝，无法连接。, this = 0x2c9f1af0
[2023-10-31 22:02:52.435] [pxr_streamer] [error] rpc_terminal.cpp:37 operator (): connect failed, error= 由于目标计算机积极拒绝，无法连接。, this = 0x2c9f1af0
[2023-10-31 22:02:55.454] [pxr_streamer] [error] rpc_terminal.cpp:37 operator (): connect failed, error= 由于目标计算机积极拒绝，无法连接。, this = 0x2c9f1af0
[2023-10-31 22:02:58.487] [pxr_streamer] [error] rpc_terminal.cpp:37 operator (): connect failed, error= 由于目标计算机积极拒绝，无法连接。, this = 0x2c9f1af0
[2023-10-31 22:03:01.512] [pxr_streamer] [error] rpc_terminal.cpp:37 operator (): connect failed, error= 由于目标计算机积极拒绝，无法连接。, this = 0x2c9f1af0
[2023-10-31 22:03:04.540] [pxr_streamer] [error] rpc_terminal.cpp:37 operator (): connect failed, error= 由于目标计算机积极拒绝，无法连接。, this = 0x2c9f1af0
[2023-10-31 22:03:07.583] [pxr_streamer] [error] rpc_terminal.cpp:37 operator (): connect failed, error= 由于目标计算机积极拒绝，无法连接。, this = 0x2c9f1af0
[2023-10-31 22:03:10.602] [pxr_streamer] [error] rpc_terminal.cpp:37 operator (): connect failed, error= 由于目标计算机积极拒绝，无法连接。, this = 0x2c9f1af0
[2023-10-31 22:03:13.640] [pxr_streamer] [error] rpc_terminal.cpp:37 operator (): connect failed, error= 由于目标计算机积极拒绝，无法连接。, this = 0x2c9f1af0
[2023-10-31 22:03:16.669] [pxr_streamer] [error] rpc_terminal.cpp:37 operator (): connect failed, error= 由于目标计算机积极拒绝，无法连接。, this = 0x2c9f1af0
[2023-10-31 22:03:19.705] [pxr_streamer] [error] rpc_terminal.cpp:37 operator (): connect failed, error= 由于目标计算机积极拒绝，无法连接。, this = 0x2c9f1af0
[2023-10-31 22:03:22.729] [pxr_streamer] [error] rpc_terminal.cpp:37 operator (): connect failed, error= 由于目标计算机积极拒绝，无法连接。, this = 0x2c9f1af0
[2023-10-31 22:03:25.769] [pxr_streamer] [error] rpc_terminal.cpp:37 operator (): connect failed, error= 由于目标计算机积极拒绝，无法连接。, this = 0x2c9f1af0
[2023-10-31 22:03:28.789] [pxr_streamer] [error] rpc_terminal.cpp:37 operator (): connect failed, error= 由于目标计算机积极拒绝，无法连接。, this = 0x2c9f1af0
[2023-10-31 22:03:31.819] [pxr_streamer] [error] rpc_terminal.cpp:37 operator (): connect failed, error= 由于目标计算机积极拒绝，无法连接。, this = 0x2c9f1af0
[2023-10-31 22:03:34.848] [pxr_streamer] [error] rpc_terminal.cpp:37 operator (): connect failed, error= 由于目标计算机积极拒绝，无法连接。, this = 0x2c9f1af0
[2023-10-31 22:03:37.886] [pxr_streamer] [error] rpc_terminal.cpp:37 operator (): connect failed, error= 由于目标计算机积极拒绝，无法连接。, this = 0x2c9f1af0
[2023-10-31 22:03:40.915] [pxr_streamer] [error] rpc_terminal.cpp:37 operator (): connect failed, error= 由于目标计算机积极拒绝，无法连接。, this = 0x2c9f1af0
[2023-10-31 22:03:43.954] [pxr_streamer] [error] rpc_terminal.cpp:37 operator (): connect failed, error= 由于目标计算机积极拒绝，无法连接。, this = 0x2c9f1af0
[2023-10-31 22:03:46.983] [pxr_streamer] [error] rpc_terminal.cpp:37 operator (): connect failed, error= 由于目标计算机积极拒绝，无法连接。, this = 0x2c9f1af0
[2023-10-31 22:03:50.028] [pxr_streamer] [error] rpc_terminal.cpp:37 operator (): connect failed, error= 由于目标计算机积极拒绝，无法连接。, this = 0x2c9f1af0
[2023-10-31 22:03:53.072] [pxr_streamer] [error] rpc_terminal.cpp:37 operator (): connect failed, error= 由于目标计算机积极拒绝，无法连接。, this = 0x2c9f1af0
[2023-10-31 22:03:56.111] [pxr_streamer] [error] rpc_terminal.cpp:37 operator (): connect failed, error= 由于目标计算机积极拒绝，无法连接。, this = 0x2c9f1af0
[2023-10-31 22:03:59.146] [pxr_streamer] [error] rpc_terminal.cpp:37 operator (): connect failed, error= 由于目标计算机积极拒绝，无法连接。, this = 0x2c9f1af0
[2023-10-31 22:04:02.174] [pxr_streamer] [error] rpc_terminal.cpp:37 operator (): connect failed, error= 由于目标计算机积极拒绝，无法连接。, this = 0x2c9f1af0
[2023-10-31 22:04:05.203] [pxr_streamer] [error] rpc_terminal.cpp:37 operator (): connect failed, error= 由于目标计算机积极拒绝，无法连接。, this = 0x2c9f1af0
[2023-10-31 22:04:08.235] [pxr_streamer] [error] rpc_terminal.cpp:37 operator (): connect failed, error= 由于目标计算机积极拒绝，无法连接。, this = 0x2c9f1af0
[2023-10-31 22:04:11.256] [pxr_streamer] [error] rpc_terminal.cpp:37 operator (): connect failed, error= 由于目标计算机积极拒绝，无法连接。, this = 0x2c9f1af0
[2023-10-31 22:04:14.308] [pxr_streamer] [error] rpc_terminal.cpp:37 operator (): connect failed, error= 由于目标计算机积极拒绝，无法连接。, this = 0x2c9f1af0
[2023-10-31 22:04:17.348] [pxr_streamer] [error] rpc_terminal.cpp:37 operator (): connect failed, error= 由于目标计算机积极拒绝，无法连接。, this = 0x2c9f1af0
[2023-10-31 22:04:20.390] [pxr_streamer] [error] rpc_terminal.cpp:37 operator (): connect failed, error= 由于目标计算机积极拒绝，无法连接。, this = 0x2c9f1af0
[2023-10-31 22:04:23.426] [pxr_streamer] [error] rpc_terminal.cpp:37 operator (): connect failed, error= 由于目标计算机积极拒绝，无法连接。, this = 0x2c9f1af0
[2023-10-31 22:04:26.468] [pxr_streamer] [error] rpc_terminal.cpp:37 operator (): connect failed, error= 由于目标计算机积极拒绝，无法连接。, this = 0x2c9f1af0
[2023-10-31 22:04:29.491] [pxr_streamer] [error] rpc_terminal.cpp:37 operator (): connect failed, error= 由于目标计算机积极拒绝，无法连接。, this = 0x2c9f1af0
[2023-10-31 22:04:32.528] [pxr_streamer] [error] rpc_terminal.cpp:37 operator (): connect failed, error= 由于目标计算机积极拒绝，无法连接。, this = 0x2c9f1af0
[2023-10-31 22:04:35.558] [pxr_streamer] [error] rpc_terminal.cpp:37 operator (): connect failed, error= 由于目标计算机积极拒绝，无法连接。, this = 0x2c9f1af0
[2023-10-31 22:04:38.591] [pxr_streamer] [error] rpc_terminal.cpp:37 operator (): connect failed, error= 由于目标计算机积极拒绝，无法连接。, this = 0x2c9f1af0
[2023-10-31 22:04:41.629] [pxr_streamer] [error] rpc_terminal.cpp:37 operator (): connect failed, error= 由于目标计算机积极拒绝，无法连接。, this = 0x2c9f1af0
[2023-10-31 22:04:44.657] [pxr_streamer] [error] rpc_terminal.cpp:37 operator (): connect failed, error= 由于目标计算机积极拒绝，无法连接。, this = 0x2c9f1af0
[2023-10-31 22:04:47.688] [pxr_streamer] [error] rpc_terminal.cpp:37 operator (): connect failed, error= 由于目标计算机积极拒绝，无法连接。, this = 0x2c9f1af0
[2023-10-31 22:04:50.727] [pxr_streamer] [error] rpc_terminal.cpp:37 operator (): connect failed, error= 由于目标计算机积极拒绝，无法连接。, this = 0x2c9f1af0
[2023-10-31 22:04:53.760] [pxr_streamer] [error] rpc_terminal.cpp:37 operator (): connect failed, error= 由于目标计算机积极拒绝，无法连接。, this = 0x2c9f1af0
[2023-10-31 22:04:56.789] [pxr_streamer] [error] rpc_terminal.cpp:37 operator (): connect failed, error= 由于目标计算机积极拒绝，无法连接。, this = 0x2c9f1af0
[2023-10-31 22:04:59.822] [pxr_streamer] [error] rpc_terminal.cpp:37 operator (): connect failed, error= 由于目标计算机积极拒绝，无法连接。, this = 0x2c9f1af0
[2023-10-31 22:05:02.862] [pxr_streamer] [error] rpc_terminal.cpp:37 operator (): connect failed, error= 由于目标计算机积极拒绝，无法连接。, this = 0x2c9f1af0
[2023-10-31 22:05:05.894] [pxr_streamer] [error] rpc_terminal.cpp:37 operator (): connect failed, error= 由于目标计算机积极拒绝，无法连接。, this = 0x2c9f1af0
[2023-10-31 22:05:08.925] [pxr_streamer] [error] rpc_terminal.cpp:37 operator (): connect failed, error= 由于目标计算机积极拒绝，无法连接。, this = 0x2c9f1af0
[2023-10-31 22:05:11.963] [pxr_streamer] [error] rpc_terminal.cpp:37 operator (): connect failed, error= 由于目标计算机积极拒绝，无法连接。, this = 0x2c9f1af0
[2023-10-31 22:05:14.996] [pxr_streamer] [error] rpc_terminal.cpp:37 operator (): connect failed, error= 由于目标计算机积极拒绝，无法连接。, this = 0x2c9f1af0
[2023-10-31 22:05:18.021] [pxr_streamer] [error] rpc_terminal.cpp:37 operator (): connect failed, error= 由于目标计算机积极拒绝，无法连接。, this = 0x2c9f1af0
[2023-10-31 22:05:21.057] [pxr_streamer] [error] rpc_terminal.cpp:37 operator (): connect failed, error= 由于目标计算机积极拒绝，无法连接。, this = 0x2c9f1af0
[2023-10-31 22:05:24.081] [pxr_streamer] [error] rpc_terminal.cpp:37 operator (): connect failed, error= 由于目标计算机积极拒绝，无法连接。, this = 0x2c9f1af0
[2023-10-31 22:05:27.107] [pxr_streamer] [error] rpc_terminal.cpp:37 operator (): connect failed, error= 由于目标计算机积极拒绝，无法连接。, this = 0x2c9f1af0
[2023-10-31 22:05:30.147] [pxr_streamer] [error] rpc_terminal.cpp:37 operator (): connect failed, error= 由于目标计算机积极拒绝，无法连接。, this = 0x2c9f1af0
[2023-10-31 22:05:33.181] [pxr_streamer] [error] rpc_terminal.cpp:37 operator (): connect failed, error= 由于目标计算机积极拒绝，无法连接。, this = 0x2c9f1af0
[2023-10-31 22:05:36.211] [pxr_streamer] [error] rpc_terminal.cpp:37 operator (): connect failed, error= 由于目标计算机积极拒绝，无法连接。, this = 0x2c9f1af0
[2023-10-31 22:05:39.246] [pxr_streamer] [error] rpc_terminal.cpp:37 operator (): connect failed, error= 由于目标计算机积极拒绝，无法连接。, this = 0x2c9f1af0
[2023-10-31 22:05:42.285] [pxr_streamer] [error] rpc_terminal.cpp:37 operator (): connect failed, error= 由于目标计算机积极拒绝，无法连接。, this = 0x2c9f1af0
[2023-10-31 22:05:45.332] [pxr_streamer] [error] rpc_terminal.cpp:37 operator (): connect failed, error= 由于目标计算机积极拒绝，无法连接。, this = 0x2c9f1af0
[2023-10-31 22:05:48.358] [pxr_streamer] [error] rpc_terminal.cpp:37 operator (): connect failed, error= 由于目标计算机积极拒绝，无法连接。, this = 0x2c9f1af0
[2023-10-31 22:05:51.389] [pxr_streamer] [error] rpc_terminal.cpp:37 operator (): connect failed, error= 由于目标计算机积极拒绝，无法连接。, this = 0x2c9f1af0
[2023-10-31 22:05:54.418] [pxr_streamer] [error] rpc_terminal.cpp:37 operator (): connect failed, error= 由于目标计算机积极拒绝，无法连接。, this = 0x2c9f1af0
[2023-10-31 22:05:57.426] [pxr_streamer] [error] rpc_terminal.cpp:37 operator (): connect failed, error= 由于目标计算机积极拒绝，无法连接。, this = 0x2c9f1af0
[2023-10-31 22:06:00.464] [pxr_streamer] [error] rpc_terminal.cpp:37 operator (): connect failed, error= 由于目标计算机积极拒绝，无法连接。, this = 0x2c9f1af0
[2023-10-31 22:06:03.482] [pxr_streamer] [error] rpc_terminal.cpp:37 operator (): connect failed, error= 由于目标计算机积极拒绝，无法连接。, this = 0x2c9f1af0
[2023-10-31 22:06:06.498] [pxr_streamer] [error] rpc_terminal.cpp:37 operator (): connect failed, error= 由于目标计算机积极拒绝，无法连接。, this = 0x2c9f1af0
[2023-10-31 22:06:09.528] [pxr_streamer] [error] rpc_terminal.cpp:37 operator (): connect failed, error= 由于目标计算机积极拒绝，无法连接。, this = 0x2c9f1af0
[2023-10-31 22:06:12.558] [pxr_streamer] [error] rpc_terminal.cpp:37 operator (): connect failed, error= 由于目标计算机积极拒绝，无法连接。, this = 0x2c9f1af0
[2023-10-31 22:06:15.611] [pxr_streamer] [error] rpc_terminal.cpp:37 operator (): connect failed, error= 由于目标计算机积极拒绝，无法连接。, this = 0x2c9f1af0
[2023-10-31 22:06:18.647] [pxr_streamer] [error] rpc_terminal.cpp:37 operator (): connect failed, error= 由于目标计算机积极拒绝，无法连接。, this = 0x2c9f1af0
[2023-10-31 22:06:21.680] [pxr_streamer] [error] rpc_terminal.cpp:37 operator (): connect failed, error= 由于目标计算机积极拒绝，无法连接。, this = 0x2c9f1af0
[2023-10-31 22:06:24.699] [pxr_streamer] [error] rpc_terminal.cpp:37 operator (): connect failed, error= 由于目标计算机积极拒绝，无法连接。, this = 0x2c9f1af0
[2023-10-31 22:06:27.727] [pxr_streamer] [error] rpc_terminal.cpp:37 operator (): connect failed, error= 由于目标计算机积极拒绝，无法连接。, this = 0x2c9f1af0
[2023-10-31 22:06:30.777] [pxr_streamer] [error] rpc_terminal.cpp:37 operator (): connect failed, error= 由于目标计算机积极拒绝，无法连接。, this = 0x2c9f1af0
[2023-10-31 22:06:33.808] [pxr_streamer] [error] rpc_terminal.cpp:37 operator (): connect failed, error= 由于目标计算机积极拒绝，无法连接。, this = 0x2c9f1af0
[2023-10-31 22:06:36.853] [pxr_streamer] [error] rpc_terminal.cpp:37 operator (): connect failed, error= 由于目标计算机积极拒绝，无法连接。, this = 0x2c9f1af0
[2023-10-31 22:06:39.879] [pxr_streamer] [error] rpc_terminal.cpp:37 operator (): connect failed, error= 由于目标计算机积极拒绝，无法连接。, this = 0x2c9f1af0
[2023-10-31 22:06:42.923] [pxr_streamer] [error] rpc_terminal.cpp:37 operator (): connect failed, error= 由于目标计算机积极拒绝，无法连接。, this = 0x2c9f1af0
[2023-10-31 22:06:45.950] [pxr_streamer] [error] rpc_terminal.cpp:37 operator (): connect failed, error= 由于目标计算机积极拒绝，无法连接。, this = 0x2c9f1af0
[2023-10-31 22:06:48.982] [pxr_streamer] [error] rpc_terminal.cpp:37 operator (): connect failed, error= 由于目标计算机积极拒绝，无法连接。, this = 0x2c9f1af0
[2023-10-31 22:06:52.025] [pxr_streamer] [error] rpc_terminal.cpp:37 operator (): connect failed, error= 由于目标计算机积极拒绝，无法连接。, this = 0x2c9f1af0
[2023-10-31 22:06:55.070] [pxr_streamer] [error] rpc_terminal.cpp:37 operator (): connect failed, error= 由于目标计算机积极拒绝，无法连接。, this = 0x2c9f1af0
[2023-10-31 22:06:58.119] [pxr_streamer] [error] rpc_terminal.cpp:37 operator (): connect failed, error= 由于目标计算机积极拒绝，无法连接。, this = 0x2c9f1af0
[2023-10-31 22:07:01.164] [pxr_streamer] [error] rpc_terminal.cpp:37 operator (): connect failed, error= 由于目标计算机积极拒绝，无法连接。, this = 0x2c9f1af0
[2023-10-31 22:07:04.202] [pxr_streamer] [error] rpc_terminal.cpp:37 operator (): connect failed, error= 由于目标计算机积极拒绝，无法连接。, this = 0x2c9f1af0
[2023-10-31 22:07:07.224] [pxr_streamer] [error] rpc_terminal.cpp:37 operator (): connect failed, error= 由于目标计算机积极拒绝，无法连接。, this = 0x2c9f1af0
[2023-10-31 22:07:10.257] [pxr_streamer] [error] rpc_terminal.cpp:37 operator (): connect failed, error= 由于目标计算机积极拒绝，无法连接。, this = 0x2c9f1af0
[2023-10-31 22:07:13.295] [pxr_streamer] [error] rpc_terminal.cpp:37 operator (): connect failed, error= 由于目标计算机积极拒绝，无法连接。, this = 0x2c9f1af0
[2023-10-31 22:07:16.332] [pxr_streamer] [error] rpc_terminal.cpp:37 operator (): connect failed, error= 由于目标计算机积极拒绝，无法连接。, this = 0x2c9f1af0
[2023-10-31 22:07:19.375] [pxr_streamer] [error] rpc_terminal.cpp:37 operator (): connect failed, error= 由于目标计算机积极拒绝，无法连接。, this = 0x2c9f1af0
[2023-10-31 22:07:22.407] [pxr_streamer] [error] rpc_terminal.cpp:37 operator (): connect failed, error= 由于目标计算机积极拒绝，无法连接。, this = 0x2c9f1af0
[2023-10-31 22:07:25.447] [pxr_streamer] [error] rpc_terminal.cpp:37 operator (): connect failed, error= 由于目标计算机积极拒绝，无法连接。, this = 0x2c9f1af0
[2023-10-31 22:07:28.472] [pxr_streamer] [error] rpc_terminal.cpp:37 operator (): connect failed, error= 由于目标计算机积极拒绝，无法连接。, this = 0x2c9f1af0
[2023-10-31 22:07:31.511] [pxr_streamer] [error] rpc_terminal.cpp:37 operator (): connect failed, error= 由于目标计算机积极拒绝，无法连接。, this = 0x2c9f1af0
[2023-10-31 22:07:34.544] [pxr_streamer] [error] rpc_terminal.cpp:37 operator (): connect failed, error= 由于目标计算机积极拒绝，无法连接。, this = 0x2c9f1af0
[2023-10-31 22:07:37.579] [pxr_streamer] [error] rpc_terminal.cpp:37 operator (): connect failed, error= 由于目标计算机积极拒绝，无法连接。, this = 0x2c9f1af0
[2023-10-31 22:07:40.605] [pxr_streamer] [error] rpc_terminal.cpp:37 operator (): connect failed, error= 由于目标计算机积极拒绝，无法连接。, this = 0x2c9f1af0
[2023-10-31 22:07:43.653] [pxr_streamer] [error] rpc_terminal.cpp:37 operator (): connect failed, error= 由于目标计算机积极拒绝，无法连接。, this = 0x2c9f1af0
[2023-10-31 22:07:46.696] [pxr_streamer] [error] rpc_terminal.cpp:37 operator (): connect failed, error= 由于目标计算机积极拒绝，无法连接。, this = 0x2c9f1af0
[2023-10-31 22:07:49.730] [pxr_streamer] [error] rpc_terminal.cpp:37 operator (): connect failed, error= 由于目标计算机积极拒绝，无法连接。, this = 0x2c9f1af0
[2023-10-31 22:07:52.775] [pxr_streamer] [error] rpc_terminal.cpp:37 operator (): connect failed, error= 由于目标计算机积极拒绝，无法连接。, this = 0x2c9f1af0
[2023-10-31 22:07:55.813] [pxr_streamer] [error] rpc_terminal.cpp:37 operator (): connect failed, error= 由于目标计算机积极拒绝，无法连接。, this = 0x2c9f1af0
[2023-10-31 22:07:58.847] [pxr_streamer] [error] rpc_terminal.cpp:37 operator (): connect failed, error= 由于目标计算机积极拒绝，无法连接。, this = 0x2c9f1af0
[2023-10-31 22:08:01.881] [pxr_streamer] [error] rpc_terminal.cpp:37 operator (): connect failed, error= 由于目标计算机积极拒绝，无法连接。, this = 0x2c9f1af0
[2023-10-31 22:08:04.913] [pxr_streamer] [error] rpc_terminal.cpp:37 operator (): connect failed, error= 由于目标计算机积极拒绝，无法连接。, this = 0x2c9f1af0
[2023-10-31 22:08:07.950] [pxr_streamer] [error] rpc_terminal.cpp:37 operator (): connect failed, error= 由于目标计算机积极拒绝，无法连接。, this = 0x2c9f1af0
[2023-10-31 22:08:10.990] [pxr_streamer] [error] rpc_terminal.cpp:37 operator (): connect failed, error= 由于目标计算机积极拒绝，无法连接。, this = 0x2c9f1af0
[2023-10-31 22:08:14.031] [pxr_streamer] [error] rpc_terminal.cpp:37 operator (): connect failed, error= 由于目标计算机积极拒绝，无法连接。, this = 0x2c9f1af0
[2023-10-31 22:08:17.067] [pxr_streamer] [error] rpc_terminal.cpp:37 operator (): connect failed, error= 由于目标计算机积极拒绝，无法连接。, this = 0x2c9f1af0
[2023-10-31 22:08:20.096] [pxr_streamer] [error] rpc_terminal.cpp:37 operator (): connect failed, error= 由于目标计算机积极拒绝，无法连接。, this = 0x2c9f1af0
[2023-10-31 22:08:23.128] [pxr_streamer] [error] rpc_terminal.cpp:37 operator (): connect failed, error= 由于目标计算机积极拒绝，无法连接。, this = 0x2c9f1af0
[2023-10-31 22:08:26.169] [pxr_streamer] [error] rpc_terminal.cpp:37 operator (): connect failed, error= 由于目标计算机积极拒绝，无法连接。, this = 0x2c9f1af0
[2023-10-31 22:08:29.207] [pxr_streamer] [error] rpc_terminal.cpp:37 operator (): connect failed, error= 由于目标计算机积极拒绝，无法连接。, this = 0x2c9f1af0
[2023-10-31 22:08:32.243] [pxr_streamer] [error] rpc_terminal.cpp:37 operator (): connect failed, error= 由于目标计算机积极拒绝，无法连接。, this = 0x2c9f1af0
[2023-10-31 22:08:35.284] [pxr_streamer] [error] rpc_terminal.cpp:37 operator (): connect failed, error= 由于目标计算机积极拒绝，无法连接。, this = 0x2c9f1af0
[2023-10-31 22:08:38.332] [pxr_streamer] [error] rpc_terminal.cpp:37 operator (): connect failed, error= 由于目标计算机积极拒绝，无法连接。, this = 0x2c9f1af0
[2023-10-31 22:08:41.362] [pxr_streamer] [error] rpc_terminal.cpp:37 operator (): connect failed, error= 由于目标计算机积极拒绝，无法连接。, this = 0x2c9f1af0
[2023-10-31 22:08:44.403] [pxr_streamer] [error] rpc_terminal.cpp:37 operator (): connect failed, error= 由于目标计算机积极拒绝，无法连接。, this = 0x2c9f1af0
[2023-10-31 22:08:47.434] [pxr_streamer] [error] rpc_terminal.cpp:37 operator (): connect failed, error= 由于目标计算机积极拒绝，无法连接。, this = 0x2c9f1af0
[2023-10-31 22:08:50.476] [pxr_streamer] [error] rpc_terminal.cpp:37 operator (): connect failed, error= 由于目标计算机积极拒绝，无法连接。, this = 0x2c9f1af0
[2023-10-31 22:08:53.512] [pxr_streamer] [error] rpc_terminal.cpp:37 operator (): connect failed, error= 由于目标计算机积极拒绝，无法连接。, this = 0x2c9f1af0
[2023-10-31 22:08:56.547] [pxr_streamer] [error] rpc_terminal.cpp:37 operator (): connect failed, error= 由于目标计算机积极拒绝，无法连接。, this = 0x2c9f1af0
[2023-10-31 22:08:59.583] [pxr_streamer] [error] rpc_terminal.cpp:37 operator (): connect failed, error= 由于目标计算机积极拒绝，无法连接。, this = 0x2c9f1af0
[2023-10-31 22:09:02.619] [pxr_streamer] [error] rpc_terminal.cpp:37 operator (): connect failed, error= 由于目标计算机积极拒绝，无法连接。, this = 0x2c9f1af0
[2023-10-31 22:09:05.664] [pxr_streamer] [error] rpc_terminal.cpp:37 operator (): connect failed, error= 由于目标计算机积极拒绝，无法连接。, this = 0x2c9f1af0
[2023-10-31 22:09:08.702] [pxr_streamer] [error] rpc_terminal.cpp:37 operator (): connect failed, error= 由于目标计算机积极拒绝，无法连接。, this = 0x2c9f1af0
[2023-10-31 22:09:11.735] [pxr_streamer] [error] rpc_terminal.cpp:37 operator (): connect failed, error= 由于目标计算机积极拒绝，无法连接。, this = 0x2c9f1af0
[2023-10-31 22:09:14.769] [pxr_streamer] [error] rpc_terminal.cpp:37 operator (): connect failed, error= 由于目标计算机积极拒绝，无法连接。, this = 0x2c9f1af0
[2023-10-31 22:09:17.795] [pxr_streamer] [error] rpc_terminal.cpp:37 operator (): connect failed, error= 由于目标计算机积极拒绝，无法连接。, this = 0x2c9f1af0
[2023-10-31 22:09:20.829] [pxr_streamer] [error] rpc_terminal.cpp:37 operator (): connect failed, error= 由于目标计算机积极拒绝，无法连接。, this = 0x2c9f1af0
[2023-10-31 22:09:23.849] [pxr_streamer] [error] rpc_terminal.cpp:37 operator (): connect failed, error= 由于目标计算机积极拒绝，无法连接。, this = 0x2c9f1af0
[2023-10-31 22:09:26.896] [pxr_streamer] [error] rpc_terminal.cpp:37 operator (): connect failed, error= 由于目标计算机积极拒绝，无法连接。, this = 0x2c9f1af0
[2023-10-31 22:09:29.938] [pxr_streamer] [error] rpc_terminal.cpp:37 operator (): connect failed, error= 由于目标计算机积极拒绝，无法连接。, this = 0x2c9f1af0
[2023-10-31 22:09:32.968] [pxr_streamer] [error] rpc_terminal.cpp:37 operator (): connect failed, error= 由于目标计算机积极拒绝，无法连接。, this = 0x2c9f1af0
[2023-10-31 22:09:36.000] [pxr_streamer] [error] rpc_terminal.cpp:37 operator (): connect failed, error= 由于目标计算机积极拒绝，无法连接。, this = 0x2c9f1af0
[2023-10-31 22:09:39.040] [pxr_streamer] [error] rpc_terminal.cpp:37 operator (): connect failed, error= 由于目标计算机积极拒绝，无法连接。, this = 0x2c9f1af0
[2023-10-31 22:09:42.073] [pxr_streamer] [error] rpc_terminal.cpp:37 operator (): connect failed, error= 由于目标计算机积极拒绝，无法连接。, this = 0x2c9f1af0
[2023-10-31 22:09:45.106] [pxr_streamer] [error] rpc_terminal.cpp:37 operator (): connect failed, error= 由于目标计算机积极拒绝，无法连接。, this = 0x2c9f1af0
[2023-10-31 22:09:48.132] [pxr_streamer] [error] rpc_terminal.cpp:37 operator (): connect failed, error= 由于目标计算机积极拒绝，无法连接。, this = 0x2c9f1af0
[2023-10-31 22:09:51.185] [pxr_streamer] [error] rpc_terminal.cpp:37 operator (): connect failed, error= 由于目标计算机积极拒绝，无法连接。, this = 0x2c9f1af0
[2023-10-31 22:09:54.217] [pxr_streamer] [error] rpc_terminal.cpp:37 operator (): connect failed, error= 由于目标计算机积极拒绝，无法连接。, this = 0x2c9f1af0
[2023-10-31 22:09:57.254] [pxr_streamer] [error] rpc_terminal.cpp:37 operator (): connect failed, error= 由于目标计算机积极拒绝，无法连接。, this = 0x2c9f1af0
[2023-10-31 22:10:00.280] [pxr_streamer] [error] rpc_terminal.cpp:37 operator (): connect failed, error= 由于目标计算机积极拒绝，无法连接。, this = 0x2c9f1af0
[2023-10-31 22:10:03.328] [pxr_streamer] [error] rpc_terminal.cpp:37 operator (): connect failed, error= 由于目标计算机积极拒绝，无法连接。, this = 0x2c9f1af0
[2023-10-31 22:10:06.348] [pxr_streamer] [error] rpc_terminal.cpp:37 operator (): connect failed, error= 由于目标计算机积极拒绝，无法连接。, this = 0x2c9f1af0
[2023-10-31 22:10:09.380] [pxr_streamer] [error] rpc_terminal.cpp:37 operator (): connect failed, error= 由于目标计算机积极拒绝，无法连接。, this = 0x2c9f1af0
[2023-10-31 22:10:12.419] [pxr_streamer] [error] rpc_terminal.cpp:37 operator (): connect failed, error= 由于目标计算机积极拒绝，无法连接。, this = 0x2c9f1af0
[2023-10-31 22:10:15.447] [pxr_streamer] [error] rpc_terminal.cpp:37 operator (): connect failed, error= 由于目标计算机积极拒绝，无法连接。, this = 0x2c9f1af0
[2023-10-31 22:10:18.469] [pxr_streamer] [error] rpc_terminal.cpp:37 operator (): connect failed, error= 由于目标计算机积极拒绝，无法连接。, this = 0x2c9f1af0
[2023-10-31 22:10:21.505] [pxr_streamer] [error] rpc_terminal.cpp:37 operator (): connect failed, error= 由于目标计算机积极拒绝，无法连接。, this = 0x2c9f1af0
[2023-10-31 22:10:24.552] [pxr_streamer] [error] rpc_terminal.cpp:37 operator (): connect failed, error= 由于目标计算机积极拒绝，无法连接。, this = 0x2c9f1af0
[2023-10-31 22:10:27.585] [pxr_streamer] [error] rpc_terminal.cpp:37 operator (): connect failed, error= 由于目标计算机积极拒绝，无法连接。, this = 0x2c9f1af0
[2023-10-31 22:10:30.615] [pxr_streamer] [error] rpc_terminal.cpp:37 operator (): connect failed, error= 由于目标计算机积极拒绝，无法连接。, this = 0x2c9f1af0
[2023-10-31 22:10:33.668] [pxr_streamer] [error] rpc_terminal.cpp:37 operator (): connect failed, error= 由于目标计算机积极拒绝，无法连接。, this = 0x2c9f1af0
[2023-10-31 22:10:36.699] [pxr_streamer] [error] rpc_terminal.cpp:37 operator (): connect failed, error= 由于目标计算机积极拒绝，无法连接。, this = 0x2c9f1af0
[2023-10-31 22:10:39.733] [pxr_streamer] [error] rpc_terminal.cpp:37 operator (): connect failed, error= 由于目标计算机积极拒绝，无法连接。, this = 0x2c9f1af0
[2023-10-31 22:10:42.759] [pxr_streamer] [error] rpc_terminal.cpp:37 operator (): connect failed, error= 由于目标计算机积极拒绝，无法连接。, this = 0x2c9f1af0
[2023-10-31 22:10:45.800] [pxr_streamer] [error] rpc_terminal.cpp:37 operator (): connect failed, error= 由于目标计算机积极拒绝，无法连接。, this = 0x2c9f1af0
[2023-10-31 22:10:48.837] [pxr_streamer] [error] rpc_terminal.cpp:37 operator (): connect failed, error= 由于目标计算机积极拒绝，无法连接。, this = 0x2c9f1af0
[2023-10-31 22:10:51.858] [pxr_streamer] [error] rpc_terminal.cpp:37 operator (): connect failed, error= 由于目标计算机积极拒绝，无法连接。, this = 0x2c9f1af0
[2023-10-31 22:10:54.888] [pxr_streamer] [error] rpc_terminal.cpp:37 operator (): connect failed, error= 由于目标计算机积极拒绝，无法连接。, this = 0x2c9f1af0
[2023-10-31 22:10:57.924] [pxr_streamer] [error] rpc_terminal.cpp:37 operator (): connect failed, error= 由于目标计算机积极拒绝，无法连接。, this = 0x2c9f1af0
[2023-10-31 22:11:00.952] [pxr_streamer] [error] rpc_terminal.cpp:37 operator (): connect failed, error= 由于目标计算机积极拒绝，无法连接。, this = 0x2c9f1af0
[2023-10-31 22:11:03.989] [pxr_streamer] [error] rpc_terminal.cpp:37 operator (): connect failed, error= 由于目标计算机积极拒绝，无法连接。, this = 0x2c9f1af0
[2023-10-31 22:11:07.033] [pxr_streamer] [error] rpc_terminal.cpp:37 operator (): connect failed, error= 由于目标计算机积极拒绝，无法连接。, this = 0x2c9f1af0
[2023-10-31 22:11:10.065] [pxr_streamer] [error] rpc_terminal.cpp:37 operator (): connect failed, error= 由于目标计算机积极拒绝，无法连接。, this = 0x2c9f1af0
[2023-10-31 22:11:13.106] [pxr_streamer] [error] rpc_terminal.cpp:37 operator (): connect failed, error= 由于目标计算机积极拒绝，无法连接。, this = 0x2c9f1af0
[2023-10-31 22:11:16.135] [pxr_streamer] [error] rpc_terminal.cpp:37 operator (): connect failed, error= 由于目标计算机积极拒绝，无法连接。, this = 0x2c9f1af0
[2023-10-31 22:11:19.173] [pxr_streamer] [error] rpc_terminal.cpp:37 operator (): connect failed, error= 由于目标计算机积极拒绝，无法连接。, this = 0x2c9f1af0
[2023-10-31 22:11:22.225] [pxr_streamer] [error] rpc_terminal.cpp:37 operator (): connect failed, error= 由于目标计算机积极拒绝，无法连接。, this = 0x2c9f1af0
[2023-10-31 22:11:25.249] [pxr_streamer] [error] rpc_terminal.cpp:37 operator (): connect failed, error= 由于目标计算机积极拒绝，无法连接。, this = 0x2c9f1af0
[2023-10-31 22:11:28.283] [pxr_streamer] [error] rpc_terminal.cpp:37 operator (): connect failed, error= 由于目标计算机积极拒绝，无法连接。, this = 0x2c9f1af0
[2023-10-31 22:11:31.321] [pxr_streamer] [error] rpc_terminal.cpp:37 operator (): connect failed, error= 由于目标计算机积极拒绝，无法连接。, this = 0x2c9f1af0
[2023-10-31 22:11:34.335] [pxr_streamer] [error] rpc_terminal.cpp:37 operator (): connect failed, error= 由于目标计算机积极拒绝，无法连接。, this = 0x2c9f1af0
[2023-10-31 22:11:37.367] [pxr_streamer] [error] rpc_terminal.cpp:37 operator (): connect failed, error= 由于目标计算机积极拒绝，无法连接。, this = 0x2c9f1af0
[2023-10-31 22:11:40.400] [pxr_streamer] [error] rpc_terminal.cpp:37 operator (): connect failed, error= 由于目标计算机积极拒绝，无法连接。, this = 0x2c9f1af0
[2023-10-31 22:11:43.425] [pxr_streamer] [error] rpc_terminal.cpp:37 operator (): connect failed, error= 由于目标计算机积极拒绝，无法连接。, this = 0x2c9f1af0
[2023-10-31 22:11:46.452] [pxr_streamer] [error] rpc_terminal.cpp:37 operator (): connect failed, error= 由于目标计算机积极拒绝，无法连接。, this = 0x2c9f1af0
[2023-10-31 22:11:49.473] [pxr_streamer] [error] rpc_terminal.cpp:37 operator (): connect failed, error= 由于目标计算机积极拒绝，无法连接。, this = 0x2c9f1af0
[2023-10-31 22:11:52.506] [pxr_streamer] [error] rpc_terminal.cpp:37 operator (): connect failed, error= 由于目标计算机积极拒绝，无法连接。, this = 0x2c9f1af0
[2023-10-31 22:11:55.536] [pxr_streamer] [error] rpc_terminal.cpp:37 operator (): connect failed, error= 由于目标计算机积极拒绝，无法连接。, this = 0x2c9f1af0
[2023-10-31 22:11:58.561] [pxr_streamer] [error] rpc_terminal.cpp:37 operator (): connect failed, error= 由于目标计算机积极拒绝，无法连接。, this = 0x2c9f1af0
[2023-10-31 22:12:01.591] [pxr_streamer] [error] rpc_terminal.cpp:37 operator (): connect failed, error= 由于目标计算机积极拒绝，无法连接。, this = 0x2c9f1af0
[2023-10-31 22:12:04.635] [pxr_streamer] [error] rpc_terminal.cpp:37 operator (): connect failed, error= 由于目标计算机积极拒绝，无法连接。, this = 0x2c9f1af0
[2023-10-31 22:12:07.668] [pxr_streamer] [error] rpc_terminal.cpp:37 operator (): connect failed, error= 由于目标计算机积极拒绝，无法连接。, this = 0x2c9f1af0
[2023-10-31 22:12:10.716] [pxr_streamer] [error] rpc_terminal.cpp:37 operator (): connect failed, error= 由于目标计算机积极拒绝，无法连接。, this = 0x2c9f1af0
[2023-10-31 22:12:13.756] [pxr_streamer] [error] rpc_terminal.cpp:37 operator (): connect failed, error= 由于目标计算机积极拒绝，无法连接。, this = 0x2c9f1af0
[2023-10-31 22:12:16.786] [pxr_streamer] [error] rpc_terminal.cpp:37 operator (): connect failed, error= 由于目标计算机积极拒绝，无法连接。, this = 0x2c9f1af0
[2023-10-31 22:12:19.830] [pxr_streamer] [error] rpc_terminal.cpp:37 operator (): connect failed, error= 由于目标计算机积极拒绝，无法连接。, this = 0x2c9f1af0
[2023-10-31 22:12:22.860] [pxr_streamer] [error] rpc_terminal.cpp:37 operator (): connect failed, error= 由于目标计算机积极拒绝，无法连接。, this = 0x2c9f1af0
[2023-10-31 22:12:25.896] [pxr_streamer] [error] rpc_terminal.cpp:37 operator (): connect failed, error= 由于目标计算机积极拒绝，无法连接。, this = 0x2c9f1af0
[2023-10-31 22:12:28.939] [pxr_streamer] [error] rpc_terminal.cpp:37 operator (): connect failed, error= 由于目标计算机积极拒绝，无法连接。, this = 0x2c9f1af0
[2023-10-31 22:12:31.989] [pxr_streamer] [error] rpc_terminal.cpp:37 operator (): connect failed, error= 由于目标计算机积极拒绝，无法连接。, this = 0x2c9f1af0
[2023-10-31 22:12:35.031] [pxr_streamer] [error] rpc_terminal.cpp:37 operator (): connect failed, error= 由于目标计算机积极拒绝，无法连接。, this = 0x2c9f1af0
[2023-10-31 22:12:38.065] [pxr_streamer] [error] rpc_terminal.cpp:37 operator (): connect failed, error= 由于目标计算机积极拒绝，无法连接。, this = 0x2c9f1af0
[2023-10-31 22:12:41.097] [pxr_streamer] [error] rpc_terminal.cpp:37 operator (): connect failed, error= 由于目标计算机积极拒绝，无法连接。, this = 0x2c9f1af0
[2023-10-31 22:12:44.136] [pxr_streamer] [error] rpc_terminal.cpp:37 operator (): connect failed, error= 由于目标计算机积极拒绝，无法连接。, this = 0x2c9f1af0
[2023-10-31 22:12:47.181] [pxr_streamer] [error] rpc_terminal.cpp:37 operator (): connect failed, error= 由于目标计算机积极拒绝，无法连接。, this = 0x2c9f1af0
[2023-10-31 22:12:50.219] [pxr_streamer] [error] rpc_terminal.cpp:37 operator (): connect failed, error= 由于目标计算机积极拒绝，无法连接。, this = 0x2c9f1af0
[2023-10-31 22:12:53.260] [pxr_streamer] [error] rpc_terminal.cpp:37 operator (): connect failed, error= 由于目标计算机积极拒绝，无法连接。, this = 0x2c9f1af0
[2023-10-31 22:12:56.299] [pxr_streamer] [error] rpc_terminal.cpp:37 operator (): connect failed, error= 由于目标计算机积极拒绝，无法连接。, this = 0x2c9f1af0
[2023-10-31 22:12:59.337] [pxr_streamer] [error] rpc_terminal.cpp:37 operator (): connect failed, error= 由于目标计算机积极拒绝，无法连接。, this = 0x2c9f1af0
[2023-10-31 22:13:02.379] [pxr_streamer] [error] rpc_terminal.cpp:37 operator (): connect failed, error= 由于目标计算机积极拒绝，无法连接。, this = 0x2c9f1af0
[2023-10-31 22:13:05.413] [pxr_streamer] [error] rpc_terminal.cpp:37 operator (): connect failed, error= 由于目标计算机积极拒绝，无法连接。, this = 0x2c9f1af0
[2023-10-31 22:13:08.461] [pxr_streamer] [error] rpc_terminal.cpp:37 operator (): connect failed, error= 由于目标计算机积极拒绝，无法连接。, this = 0x2c9f1af0
[2023-10-31 22:13:11.510] [pxr_streamer] [error] rpc_terminal.cpp:37 operator (): connect failed, error= 由于目标计算机积极拒绝，无法连接。, this = 0x2c9f1af0
[2023-10-31 22:13:14.563] [pxr_streamer] [error] rpc_terminal.cpp:37 operator (): connect failed, error= 由于目标计算机积极拒绝，无法连接。, this = 0x2c9f1af0
[2023-10-31 22:13:17.607] [pxr_streamer] [error] rpc_terminal.cpp:37 operator (): connect failed, error= 由于目标计算机积极拒绝，无法连接。, this = 0x2c9f1af0
[2023-10-31 22:13:20.633] [pxr_streamer] [error] rpc_terminal.cpp:37 operator (): connect failed, error= 由于目标计算机积极拒绝，无法连接。, this = 0x2c9f1af0
[2023-10-31 22:13:23.662] [pxr_streamer] [error] rpc_terminal.cpp:37 operator (): connect failed, error= 由于目标计算机积极拒绝，无法连接。, this = 0x2c9f1af0
[2023-10-31 22:13:26.696] [pxr_streamer] [error] rpc_terminal.cpp:37 operator (): connect failed, error= 由于目标计算机积极拒绝，无法连接。, this = 0x2c9f1af0
[2023-10-31 22:13:29.718] [pxr_streamer] [error] rpc_terminal.cpp:37 operator (): connect failed, error= 由于目标计算机积极拒绝，无法连接。, this = 0x2c9f1af0
[2023-10-31 22:13:32.748] [pxr_streamer] [error] rpc_terminal.cpp:37 operator (): connect failed, error= 由于目标计算机积极拒绝，无法连接。, this = 0x2c9f1af0
[2023-10-31 22:13:35.795] [pxr_streamer] [error] rpc_terminal.cpp:37 operator (): connect failed, error= 由于目标计算机积极拒绝，无法连接。, this = 0x2c9f1af0
[2023-10-31 22:13:38.826] [pxr_streamer] [error] rpc_terminal.cpp:37 operator (): connect failed, error= 由于目标计算机积极拒绝，无法连接。, this = 0x2c9f1af0
[2023-10-31 22:13:41.848] [pxr_streamer] [error] rpc_terminal.cpp:37 operator (): connect failed, error= 由于目标计算机积极拒绝，无法连接。, this = 0x2c9f1af0
[2023-10-31 22:13:44.868] [pxr_streamer] [error] rpc_terminal.cpp:37 operator (): connect failed, error= 由于目标计算机积极拒绝，无法连接。, this = 0x2c9f1af0
[2023-10-31 22:13:47.910] [pxr_streamer] [error] rpc_terminal.cpp:37 operator (): connect failed, error= 由于目标计算机积极拒绝，无法连接。, this = 0x2c9f1af0
[2023-10-31 22:13:50.924] [pxr_streamer] [error] rpc_terminal.cpp:37 operator (): connect failed, error= 由于目标计算机积极拒绝，无法连接。, this = 0x2c9f1af0
[2023-10-31 22:13:53.950] [pxr_streamer] [error] rpc_terminal.cpp:37 operator (): connect failed, error= 由于目标计算机积极拒绝，无法连接。, this = 0x2c9f1af0
[2023-10-31 22:13:56.973] [pxr_streamer] [error] rpc_terminal.cpp:37 operator (): connect failed, error= 由于目标计算机积极拒绝，无法连接。, this = 0x2c9f1af0
[2023-10-31 22:13:59.998] [pxr_streamer] [error] rpc_terminal.cpp:37 operator (): connect failed, error= 由于目标计算机积极拒绝，无法连接。, this = 0x2c9f1af0
[2023-10-31 22:14:03.016] [pxr_streamer] [error] rpc_terminal.cpp:37 operator (): connect failed, error= 由于目标计算机积极拒绝，无法连接。, this = 0x2c9f1af0
[2023-10-31 22:14:06.039] [pxr_streamer] [error] rpc_terminal.cpp:37 operator (): connect failed, error= 由于目标计算机积极拒绝，无法连接。, this = 0x2c9f1af0
[2023-10-31 22:14:09.059] [pxr_streamer] [error] rpc_terminal.cpp:37 operator (): connect failed, error= 由于目标计算机积极拒绝，无法连接。, this = 0x2c9f1af0
[2023-10-31 22:14:12.093] [pxr_streamer] [error] rpc_terminal.cpp:37 operator (): connect failed, error= 由于目标计算机积极拒绝，无法连接。, this = 0x2c9f1af0
[2023-10-31 22:14:15.128] [pxr_streamer] [error] rpc_terminal.cpp:37 operator (): connect failed, error= 由于目标计算机积极拒绝，无法连接。, this = 0x2c9f1af0
[2023-10-31 22:14:18.162] [pxr_streamer] [error] rpc_terminal.cpp:37 operator (): connect failed, error= 由于目标计算机积极拒绝，无法连接。, this = 0x2c9f1af0
[2023-10-31 22:14:21.200] [pxr_streamer] [error] rpc_terminal.cpp:37 operator (): connect failed, error= 由于目标计算机积极拒绝，无法连接。, this = 0x2c9f1af0
[2023-10-31 22:14:24.221] [pxr_streamer] [error] rpc_terminal.cpp:37 operator (): connect failed, error= 由于目标计算机积极拒绝，无法连接。, this = 0x2c9f1af0
[2023-10-31 22:14:27.240] [pxr_streamer] [error] rpc_terminal.cpp:37 operator (): connect failed, error= 由于目标计算机积极拒绝，无法连接。, this = 0x2c9f1af0
[2023-10-31 22:14:30.286] [pxr_streamer] [error] rpc_terminal.cpp:37 operator (): connect failed, error= 由于目标计算机积极拒绝，无法连接。, this = 0x2c9f1af0
[2023-10-31 22:14:33.316] [pxr_streamer] [error] rpc_terminal.cpp:37 operator (): connect failed, error= 由于目标计算机积极拒绝，无法连接。, this = 0x2c9f1af0
[2023-10-31 22:14:36.337] [pxr_streamer] [error] rpc_terminal.cpp:37 operator (): connect failed, error= 由于目标计算机积极拒绝，无法连接。, this = 0x2c9f1af0
[2023-10-31 22:14:39.362] [pxr_streamer] [error] rpc_terminal.cpp:37 operator (): connect failed, error= 由于目标计算机积极拒绝，无法连接。, this = 0x2c9f1af0
[2023-10-31 22:14:42.416] [pxr_streamer] [error] rpc_terminal.cpp:37 operator (): connect failed, error= 由于目标计算机积极拒绝，无法连接。, this = 0x2c9f1af0
[2023-10-31 22:14:45.446] [pxr_streamer] [error] rpc_terminal.cpp:37 operator (): connect failed, error= 由于目标计算机积极拒绝，无法连接。, this = 0x2c9f1af0
[2023-10-31 22:14:48.473] [pxr_streamer] [error] rpc_terminal.cpp:37 operator (): connect failed, error= 由于目标计算机积极拒绝，无法连接。, this = 0x2c9f1af0
[2023-10-31 22:14:51.521] [pxr_streamer] [error] rpc_terminal.cpp:37 operator (): connect failed, error= 由于目标计算机积极拒绝，无法连接。, this = 0x2c9f1af0
[2023-10-31 22:14:54.543] [pxr_streamer] [error] rpc_terminal.cpp:37 operator (): connect failed, error= 由于目标计算机积极拒绝，无法连接。, this = 0x2c9f1af0
[2023-10-31 22:14:57.568] [pxr_streamer] [error] rpc_terminal.cpp:37 operator (): connect failed, error= 由于目标计算机积极拒绝，无法连接。, this = 0x2c9f1af0
[2023-10-31 22:15:00.594] [pxr_streamer] [error] rpc_terminal.cpp:37 operator (): connect failed, error= 由于目标计算机积极拒绝，无法连接。, this = 0x2c9f1af0
[2023-10-31 22:15:03.638] [pxr_streamer] [error] rpc_terminal.cpp:37 operator (): connect failed, error= 由于目标计算机积极拒绝，无法连接。, this = 0x2c9f1af0
[2023-10-31 22:15:06.669] [pxr_streamer] [error] rpc_terminal.cpp:37 operator (): connect failed, error= 由于目标计算机积极拒绝，无法连接。, this = 0x2c9f1af0
[2023-10-31 22:15:09.703] [pxr_streamer] [error] rpc_terminal.cpp:37 operator (): connect failed, error= 由于目标计算机积极拒绝，无法连接。, this = 0x2c9f1af0
[2023-10-31 22:15:12.742] [pxr_streamer] [error] rpc_terminal.cpp:37 operator (): connect failed, error= 由于目标计算机积极拒绝，无法连接。, this = 0x2c9f1af0
[2023-10-31 22:15:15.782] [pxr_streamer] [error] rpc_terminal.cpp:37 operator (): connect failed, error= 由于目标计算机积极拒绝，无法连接。, this = 0x2c9f1af0
[2023-10-31 22:15:18.816] [pxr_streamer] [error] rpc_terminal.cpp:37 operator (): connect failed, error= 由于目标计算机积极拒绝，无法连接。, this = 0x2c9f1af0
[2023-10-31 22:15:21.850] [pxr_streamer] [error] rpc_terminal.cpp:37 operator (): connect failed, error= 由于目标计算机积极拒绝，无法连接。, this = 0x2c9f1af0
[2023-10-31 22:15:24.887] [pxr_streamer] [error] rpc_terminal.cpp:37 operator (): connect failed, error= 由于目标计算机积极拒绝，无法连接。, this = 0x2c9f1af0
[2023-10-31 22:15:27.919] [pxr_streamer] [error] rpc_terminal.cpp:37 operator (): connect failed, error= 由于目标计算机积极拒绝，无法连接。, this = 0x2c9f1af0
[2023-10-31 22:15:30.943] [pxr_streamer] [error] rpc_terminal.cpp:37 operator (): connect failed, error= 由于目标计算机积极拒绝，无法连接。, this = 0x2c9f1af0
[2023-10-31 22:15:33.966] [pxr_streamer] [error] rpc_terminal.cpp:37 operator (): connect failed, error= 由于目标计算机积极拒绝，无法连接。, this = 0x2c9f1af0
[2023-10-31 22:15:37.000] [pxr_streamer] [error] rpc_terminal.cpp:37 operator (): connect failed, error= 由于目标计算机积极拒绝，无法连接。, this = 0x2c9f1af0
[2023-10-31 22:15:40.027] [pxr_streamer] [error] rpc_terminal.cpp:37 operator (): connect failed, error= 由于目标计算机积极拒绝，无法连接。, this = 0x2c9f1af0
[2023-10-31 22:15:43.064] [pxr_streamer] [error] rpc_terminal.cpp:37 operator (): connect failed, error= 由于目标计算机积极拒绝，无法连接。, this = 0x2c9f1af0
[2023-10-31 22:15:46.091] [pxr_streamer] [error] rpc_terminal.cpp:37 operator (): connect failed, error= 由于目标计算机积极拒绝，无法连接。, this = 0x2c9f1af0
[2023-10-31 22:15:49.117] [pxr_streamer] [error] rpc_terminal.cpp:37 operator (): connect failed, error= 由于目标计算机积极拒绝，无法连接。, this = 0x2c9f1af0
[2023-10-31 22:15:52.138] [pxr_streamer] [error] rpc_terminal.cpp:37 operator (): connect failed, error= 由于目标计算机积极拒绝，无法连接。, this = 0x2c9f1af0
[2023-10-31 22:15:55.167] [pxr_streamer] [error] rpc_terminal.cpp:37 operator (): connect failed, error= 由于目标计算机积极拒绝，无法连接。, this = 0x2c9f1af0
[2023-10-31 22:15:58.193] [pxr_streamer] [error] rpc_terminal.cpp:37 operator (): connect failed, error= 由于目标计算机积极拒绝，无法连接。, this = 0x2c9f1af0
[2023-10-31 22:16:01.213] [pxr_streamer] [error] rpc_terminal.cpp:37 operator (): connect failed, error= 由于目标计算机积极拒绝，无法连接。, this = 0x2c9f1af0
[2023-10-31 22:16:04.230] [pxr_streamer] [error] rpc_terminal.cpp:37 operator (): connect failed, error= 由于目标计算机积极拒绝，无法连接。, this = 0x2c9f1af0
[2023-10-31 22:16:07.266] [pxr_streamer] [error] rpc_terminal.cpp:37 operator (): connect failed, error= 由于目标计算机积极拒绝，无法连接。, this = 0x2c9f1af0
[2023-10-31 22:16:10.307] [pxr_streamer] [error] rpc_terminal.cpp:37 operator (): connect failed, error= 由于目标计算机积极拒绝，无法连接。, this = 0x2c9f1af0
[2023-10-31 22:16:13.333] [pxr_streamer] [error] rpc_terminal.cpp:37 operator (): connect failed, error= 由于目标计算机积极拒绝，无法连接。, this = 0x2c9f1af0
[2023-10-31 22:16:16.366] [pxr_streamer] [error] rpc_terminal.cpp:37 operator (): connect failed, error= 由于目标计算机积极拒绝，无法连接。, this = 0x2c9f1af0
[2023-10-31 22:16:19.392] [pxr_streamer] [error] rpc_terminal.cpp:37 operator (): connect failed, error= 由于目标计算机积极拒绝，无法连接。, this = 0x2c9f1af0
[2023-10-31 22:16:22.430] [pxr_streamer] [error] rpc_terminal.cpp:37 operator (): connect failed, error= 由于目标计算机积极拒绝，无法连接。, this = 0x2c9f1af0
[2023-10-31 22:16:25.462] [pxr_streamer] [error] rpc_terminal.cpp:37 operator (): connect failed, error= 由于目标计算机积极拒绝，无法连接。, this = 0x2c9f1af0
[2023-10-31 22:16:28.494] [pxr_streamer] [error] rpc_terminal.cpp:37 operator (): connect failed, error= 由于目标计算机积极拒绝，无法连接。, this = 0x2c9f1af0
[2023-10-31 22:16:31.525] [pxr_streamer] [error] rpc_terminal.cpp:37 operator (): connect failed, error= 由于目标计算机积极拒绝，无法连接。, this = 0x2c9f1af0
[2023-10-31 22:16:34.554] [pxr_streamer] [error] rpc_terminal.cpp:37 operator (): connect failed, error= 由于目标计算机积极拒绝，无法连接。, this = 0x2c9f1af0
[2023-10-31 22:16:37.574] [pxr_streamer] [error] rpc_terminal.cpp:37 operator (): connect failed, error= 由于目标计算机积极拒绝，无法连接。, this = 0x2c9f1af0
[2023-10-31 22:16:40.592] [pxr_streamer] [error] rpc_terminal.cpp:37 operator (): connect failed, error= 由于目标计算机积极拒绝，无法连接。, this = 0x2c9f1af0
[2023-10-31 22:16:43.623] [pxr_streamer] [error] rpc_terminal.cpp:37 operator (): connect failed, error= 由于目标计算机积极拒绝，无法连接。, this = 0x2c9f1af0
[2023-10-31 22:16:46.655] [pxr_streamer] [error] rpc_terminal.cpp:37 operator (): connect failed, error= 由于目标计算机积极拒绝，无法连接。, this = 0x2c9f1af0
[2023-10-31 22:16:49.694] [pxr_streamer] [error] rpc_terminal.cpp:37 operator (): connect failed, error= 由于目标计算机积极拒绝，无法连接。, this = 0x2c9f1af0
[2023-10-31 22:16:52.730] [pxr_streamer] [error] rpc_terminal.cpp:37 operator (): connect failed, error= 由于目标计算机积极拒绝，无法连接。, this = 0x2c9f1af0
[2023-10-31 22:16:55.767] [pxr_streamer] [error] rpc_terminal.cpp:37 operator (): connect failed, error= 由于目标计算机积极拒绝，无法连接。, this = 0x2c9f1af0
[2023-10-31 22:16:58.797] [pxr_streamer] [error] rpc_terminal.cpp:37 operator (): connect failed, error= 由于目标计算机积极拒绝，无法连接。, this = 0x2c9f1af0
[2023-10-31 22:17:01.833] [pxr_streamer] [error] rpc_terminal.cpp:37 operator (): connect failed, error= 由于目标计算机积极拒绝，无法连接。, this = 0x2c9f1af0
[2023-10-31 22:17:04.873] [pxr_streamer] [error] rpc_terminal.cpp:37 operator (): connect failed, error= 由于目标计算机积极拒绝，无法连接。, this = 0x2c9f1af0
[2023-10-31 22:17:07.907] [pxr_streamer] [error] rpc_terminal.cpp:37 operator (): connect failed, error= 由于目标计算机积极拒绝，无法连接。, this = 0x2c9f1af0
[2023-10-31 22:17:10.942] [pxr_streamer] [error] rpc_terminal.cpp:37 operator (): connect failed, error= 由于目标计算机积极拒绝，无法连接。, this = 0x2c9f1af0
[2023-10-31 22:17:13.961] [pxr_streamer] [error] rpc_terminal.cpp:37 operator (): connect failed, error= 由于目标计算机积极拒绝，无法连接。, this = 0x2c9f1af0
[2023-10-31 22:17:16.988] [pxr_streamer] [error] rpc_terminal.cpp:37 operator (): connect failed, error= 由于目标计算机积极拒绝，无法连接。, this = 0x2c9f1af0
[2023-10-31 22:17:20.016] [pxr_streamer] [error] rpc_terminal.cpp:37 operator (): connect failed, error= 由于目标计算机积极拒绝，无法连接。, this = 0x2c9f1af0
[2023-10-31 22:17:23.034] [pxr_streamer] [error] rpc_terminal.cpp:37 operator (): connect failed, error= 由于目标计算机积极拒绝，无法连接。, this = 0x2c9f1af0
[2023-10-31 22:17:26.069] [pxr_streamer] [error] rpc_terminal.cpp:37 operator (): connect failed, error= 由于目标计算机积极拒绝，无法连接。, this = 0x2c9f1af0
[2023-10-31 22:17:29.098] [pxr_streamer] [error] rpc_terminal.cpp:37 operator (): connect failed, error= 由于目标计算机积极拒绝，无法连接。, this = 0x2c9f1af0
